#
# There is insufficient memory for the Java Runtime Environment to continue.
# Native memory allocation (mmap) failed to map 291504128 bytes for committing reserved memory.
# Possible reasons:
#   The system is out of physical RAM or swap space
#   In 32 bit mode, the process size limit was hit
# Possible solutions:
#   Reduce memory load on the system
#   Increase physical memory or swap space
#   Check if swap backing store is full
#   Use 64 bit Java on a 64 bit OS
#   Decrease Java heap size (-Xmx/-Xms)
#   Decrease number of Java threads
#   Decrease Java thread stack sizes (-Xss)
#   Set larger code cache with -XX:ReservedCodeCacheSize=
# This output file may be truncated or incomplete.
#
#  Out of Memory Error (os_linux.cpp:2627), pid=7671, tid=0x00007fa2507f7700
#
# JRE version: OpenJDK Runtime Environment (8.0_112-b06) (build 1.8.0_112-release-b06)
# Java VM: OpenJDK 64-Bit Server VM (25.112-b06 mixed mode linux-amd64 compressed oops)
# Failed to write core dump. Core dumps have been disabled. To enable core dumping, try "ulimit -c unlimited" before starting Java again
#

---------------  T H R E A D  ---------------

Current thread (0x00007fa260077800):  VMThread [stack: 0x00007fa2506f7000,0x00007fa2507f8000] [id=7679]

Stack: [0x00007fa2506f7000,0x00007fa2507f8000],  sp=0x00007fa2507f64d0,  free space=1021k
Native frames: (J=compiled Java code, j=interpreted, Vv=VM code, C=native code)
V  [libjvm.so+0x9e465d]  VMError::report_and_die()+0x15d
V  [libjvm.so+0x4b6ada]  report_vm_out_of_memory(char const*, int, unsigned long, VMErrorType, char const*)+0x8a
V  [libjvm.so+0x84c860]  os::pd_commit_memory(char*, unsigned long, unsigned long, bool)+0xf0
V  [libjvm.so+0x84737f]  os::commit_memory(char*, unsigned long, unsigned long, bool)+0x1f
V  [libjvm.so+0x8bd3db]  PSVirtualSpace::expand_by(unsigned long)+0x5b
V  [libjvm.so+0x8ae1bb]  PSOldGen::expand_by(unsigned long) [clone .part.109]+0x1b
V  [libjvm.so+0x8ae37b]  PSOldGen::expand(unsigned long) [clone .part.111]+0xdb
V  [libjvm.so+0x8aec58]  PSOldGen::resize(unsigned long)+0x188
V  [libjvm.so+0x8b426c]  PSParallelCompact::invoke_no_policy(bool)+0x97c
V  [libjvm.so+0x8bb37d]  PSScavenge::invoke()+0x17d
V  [libjvm.so+0x86fcf3]  ParallelScavengeHeap::failed_mem_allocate(unsigned long)+0x63
V  [libjvm.so+0x9e6124]  VM_ParallelGCFailedAllocation::doit()+0x84
V  [libjvm.so+0x9ea537]  VM_Operation::evaluate()+0x47
V  [libjvm.so+0x9e8ff8]  VMThread::evaluate_operation(VM_Operation*)+0x2c8
V  [libjvm.so+0x9e9479]  VMThread::loop()+0x219
V  [libjvm.so+0x9e98c2]  VMThread::run()+0x72
V  [libjvm.so+0x849c82]  java_start(Thread*)+0xf2

VM_Operation (0x00007fa1dd090040): ParallelGCFailedAllocation, mode: safepoint, requested by thread 0x00007fa1d4045000


---------------  P R O C E S S  ---------------

Java Threads: ( => current thread )
  0x00007fa1d4062800 JavaThread "pool-63-thread-4" [_thread_blocked, id=9940, stack(0x00007fa1dd395000,0x00007fa1dd496000)]
  0x00007fa1d4049800 JavaThread "pool-63-thread-3" [_thread_blocked, id=9939, stack(0x00007fa1dd193000,0x00007fa1dd294000)]
  0x00007fa1d4048800 JavaThread "pool-63-thread-2" [_thread_blocked, id=9938, stack(0x00007fa21644c000,0x00007fa21654d000)]
  0x00007fa1d4019800 JavaThread "pool-64-thread-1" [_thread_blocked, id=9937, stack(0x00007fa1dd294000,0x00007fa1dd395000)]
  0x00007fa1d4045000 JavaThread "pool-63-thread-1" [_thread_blocked, id=9936, stack(0x00007fa1dcf91000,0x00007fa1dd092000)]
  0x00007fa200016000 JavaThread "process reaper" daemon [_thread_blocked, id=9917, stack(0x00007fa1ddf46000,0x00007fa1ddf7f000)]
  0x00007fa1fc179000 JavaThread "Cache worker for Java compile cache (/home/sadiq/database/.gradle/3.5/javaCompile)" [_thread_blocked, id=9912, stack(0x00007fa21674f000,0x00007fa216850000)]
  0x00007fa1fc177000 JavaThread "Cache worker for file content cache (/home/sadiq/database/.gradle/3.5/fileContent)" [_thread_blocked, id=9911, stack(0x00007fa21654d000,0x00007fa21664e000)]
  0x00007fa1fc160000 JavaThread "Cache worker for task history cache (/home/sadiq/database/.gradle/3.5/taskHistory)" [_thread_blocked, id=9909, stack(0x00007fa1df3c3000,0x00007fa1df4c4000)]
  0x00007fa1fc00a800 JavaThread "Stdin handler" [_thread_blocked, id=9905, stack(0x00007fa21400f000,0x00007fa214110000)]
  0x00007fa1fc08f000 JavaThread "Asynchronous log dispatcher for DefaultDaemonConnection: socket connection from /127.0.0.1:40485 to /127.0.0.1:34174" [_thread_blocked, id=9904, stack(0x00007fa21664e000,0x00007fa21674f000)]
  0x00007fa20c006000 JavaThread "Daemon worker Thread 14" [_thread_blocked, id=9901, stack(0x00007fa1df6ff000,0x00007fa1df800000)]
  0x00007fa20c007800 JavaThread "Cancel handler" [_thread_blocked, id=9900, stack(0x00007fa1df2c2000,0x00007fa1df3c3000)]
  0x00007fa20c00b000 JavaThread "Handler for socket connection from /127.0.0.1:40485 to /127.0.0.1:34174" [_thread_in_native, id=9899, stack(0x00007fa216850000,0x00007fa216951000)]
  0x00007fa210085800 JavaThread "Daemon Thread 14" [_thread_blocked, id=9898, stack(0x00007fa216951000,0x00007fa216a52000)]
  0x00007fa1d02f0800 JavaThread "pool-38-thread-4" [_thread_blocked, id=9737, stack(0x00007fa1dcd8f000,0x00007fa1dce90000)]
  0x00007fa1fc120800 JavaThread "pool-38-thread-3" [_thread_blocked, id=9660, stack(0x00007fa1de7bf000,0x00007fa1de8c0000)]
  0x00007fa1f9079800 JavaThread "pool-38-thread-2" [_thread_blocked, id=9438, stack(0x00007fa214923000,0x00007fa214a24000)]
  0x00007fa1d020a800 JavaThread "pool-38-thread-1" [_thread_blocked, id=9092, stack(0x00007fa1df1c1000,0x00007fa1df2c2000)]
  0x00007fa1f84cc800 JavaThread "Memory manager" [_thread_blocked, id=7707, stack(0x00007fa214a24000,0x00007fa214b25000)]
  0x00007fa1f8ca9800 JavaThread "Cache worker for Artifact transforms cache (/home/sadiq/.gradle/caches/transforms-1)" [_thread_blocked, id=7700, stack(0x00007fa2154d0000,0x00007fa2155d1000)]
  0x00007fa1f80dc800 JavaThread "File lock request listener" [_thread_in_native, id=7699, stack(0x00007fa21604a000,0x00007fa21614b000)]
  0x00007fa1f80c0800 JavaThread "Cache worker for file hash cache (/home/sadiq/.gradle/caches/3.5/fileHashes)" [_thread_blocked, id=7698, stack(0x00007fa21614b000,0x00007fa21624c000)]
  0x00007fa260d71800 JavaThread "Daemon periodic checks" [_thread_blocked, id=7689, stack(0x00007fa216a52000,0x00007fa216b53000)]
  0x00007fa260d31800 JavaThread "Incoming local TCP Connector on port 40485" [_thread_in_native, id=7688, stack(0x00007fa216d5a000,0x00007fa216e5b000)]
  0x00007fa2600c0800 JavaThread "Service Thread" daemon [_thread_blocked, id=7686, stack(0x00007fa2404f0000,0x00007fa2405f1000)]
  0x00007fa2600bd000 JavaThread "C1 CompilerThread2" daemon [_thread_blocked, id=7685, stack(0x00007fa2500f1000,0x00007fa2501f2000)]
  0x00007fa2600bb800 JavaThread "C2 CompilerThread1" daemon [_thread_blocked, id=7684, stack(0x00007fa2501f2000,0x00007fa2502f3000)]
  0x00007fa2600b8800 JavaThread "C2 CompilerThread0" daemon [_thread_blocked, id=7683, stack(0x00007fa2502f3000,0x00007fa2503f4000)]
  0x00007fa2600b7000 JavaThread "Signal Dispatcher" daemon [_thread_blocked, id=7682, stack(0x00007fa2503f4000,0x00007fa2504f5000)]
  0x00007fa260083800 JavaThread "Finalizer" daemon [_thread_blocked, id=7681, stack(0x00007fa2504f5000,0x00007fa2505f6000)]
  0x00007fa26007f000 JavaThread "Reference Handler" daemon [_thread_blocked, id=7680, stack(0x00007fa2505f6000,0x00007fa2506f7000)]
  0x00007fa26000a000 JavaThread "main" [_thread_blocked, id=7672, stack(0x00007fa26901c000,0x00007fa26911d000)]

Other Threads:
=>0x00007fa260077800 VMThread [stack: 0x00007fa2506f7000,0x00007fa2507f8000] [id=7679]
  0x00007fa2600c3000 WatcherThread [stack: 0x00007fa2403ef000,0x00007fa2404f0000] [id=7687]

VM state:at safepoint (normal execution)

VM Mutex/Monitor currently owned by a thread:  ([mutex/lock_event])
[0x00007fa260005bd0] ExpandHeap_lock - owner thread: 0x00007fa260077800
[0x00007fa260006250] Threads_lock - owner thread: 0x00007fa260077800
[0x00007fa260006750] Heap_lock - owner thread: 0x00007fa1d4045000

Heap:
 PSYoungGen      total 443392K, used 0K [0x00000000e0000000, 0x00000000fff00000, 0x0000000100000000)
  eden space 364544K, 0% used [0x00000000e0000000,0x00000000e0000000,0x00000000f6400000)
  from space 78848K, 0% used [0x00000000fb200000,0x00000000fb200000,0x00000000fff00000)
  to   space 79360K, 0% used [0x00000000f6400000,0x00000000f6400000,0x00000000fb180000)
 ParOldGen       total 396800K, used 357254K [0x00000000a0000000, 0x00000000b8380000, 0x00000000e0000000)
  object space 396800K, 90% used [0x00000000a0000000,0x00000000b5ce1b08,0x00000000b8380000)
 Metaspace       used 74599K, capacity 79610K, committed 80000K, reserved 1120256K
  class space    used 9300K, capacity 9963K, committed 10112K, reserved 1048576K

Card table byte_map: [0x00007fa265bad000,0x00007fa265eae000] byte_map_base: 0x00007fa2656ad000

Marking Bits: (ParMarkBitMap*) 0x00007fa2684ea340
 Begin Bits: [0x00007fa241000000, 0x00007fa242800000)
 End Bits:   [0x00007fa242800000, 0x00007fa244000000)

Polling page: 0x00007fa26913c000

CodeCache: size=245760Kb used=65759Kb max_used=68028Kb free=180000Kb
 bounds [0x00007fa251000000, 0x00007fa2552f0000, 0x00007fa260000000]
 total_blobs=18952 nmethods=18159 adapters=704
 compilation: enabled

Compilation events (10 events):
Event: 8976.140 Thread 0x00007fa2600bb800 nmethod 25758 0x00007fa25381f750 code [0x00007fa25381f920, 0x00007fa2538202b8]
Event: 8976.140 Thread 0x00007fa2600bb800 25814       4       com.android.dx.rop.code.PlainInsn::<init> (73 bytes)
Event: 8976.142 Thread 0x00007fa2600bb800 nmethod 25814 0x00007fa2542f4d50 code [0x00007fa2542f4ea0, 0x00007fa2542f4ff8]
Event: 8976.142 Thread 0x00007fa2600bb800 25676       4       com.android.dx.ssa.Dominators::eval (29 bytes)
Event: 8976.144 Thread 0x00007fa2600bb800 nmethod 25676 0x00007fa254969510 code [0x00007fa254969660, 0x00007fa254969768]
Event: 8976.144 Thread 0x00007fa2600bb800 25698       4       com.android.dx.ssa.NormalSsaInsn::<init> (15 bytes)
Event: 8976.145 Thread 0x00007fa2600bb800 nmethod 25698 0x00007fa2533ed310 code [0x00007fa2533ed460, 0x00007fa2533ed538]
Event: 8976.145 Thread 0x00007fa2600bb800 25728       4       com.android.dx.rop.code.DexTranslationAdvice::requiresSourcesInOrder (30 bytes)
Event: 8976.149 Thread 0x00007fa2600bb800 nmethod 25728 0x00007fa25404e610 code [0x00007fa25404e780, 0x00007fa25404e9d8]
Event: 8976.149 Thread 0x00007fa2600bb800 25706       4       com.android.dx.dex.code.RopTranslator$TranslationVisitor::addOutput (9 bytes)

GC Heap History (10 events):
Event: 8971.743 GC heap after
Heap after GC invocations=115 (full 13):
 PSYoungGen      total 431616K, used 41160K [0x00000000e0000000, 0x00000000ff800000, 0x0000000100000000)
  eden space 355328K, 0% used [0x00000000e0000000,0x00000000e0000000,0x00000000f5b00000)
  from space 76288K, 53% used [0x00000000fad80000,0x00000000fd5b2268,0x00000000ff800000)
  to   space 80384K, 0% used [0x00000000f5b00000,0x00000000f5b00000,0x00000000fa980000)
 ParOldGen       total 396800K, used 176689K [0x00000000a0000000, 0x00000000b8380000, 0x00000000e0000000)
  object space 396800K, 44% used [0x00000000a0000000,0x00000000aac8c738,0x00000000b8380000)
 Metaspace       used 74595K, capacity 79610K, committed 80000K, reserved 1120256K
  class space    used 9300K, capacity 9963K, committed 10112K, reserved 1048576K
}
Event: 8973.073 GC heap before
{Heap before GC invocations=116 (full 13):
 PSYoungGen      total 431616K, used 396488K [0x00000000e0000000, 0x00000000ff800000, 0x0000000100000000)
  eden space 355328K, 100% used [0x00000000e0000000,0x00000000f5b00000,0x00000000f5b00000)
  from space 76288K, 53% used [0x00000000fad80000,0x00000000fd5b2268,0x00000000ff800000)
  to   space 80384K, 0% used [0x00000000f5b00000,0x00000000f5b00000,0x00000000fa980000)
 ParOldGen       total 396800K, used 176689K [0x00000000a0000000, 0x00000000b8380000, 0x00000000e0000000)
  object space 396800K, 44% used [0x00000000a0000000,0x00000000aac8c738,0x00000000b8380000)
 Metaspace       used 74595K, capacity 79610K, committed 80000K, reserved 1120256K
  class space    used 9300K, capacity 9963K, committed 10112K, reserved 1048576K
Event: 8973.178 GC heap after
Heap after GC invocations=116 (full 13):
 PSYoungGen      total 435712K, used 49350K [0x00000000e0000000, 0x0000000100000000, 0x0000000100000000)
  eden space 355328K, 0% used [0x00000000e0000000,0x00000000e0000000,0x00000000f5b00000)
  from space 80384K, 61% used [0x00000000f5b00000,0x00000000f8b31b98,0x00000000fa980000)
  to   space 79360K, 0% used [0x00000000fb280000,0x00000000fb280000,0x0000000100000000)
 ParOldGen       total 396800K, used 215180K [0x00000000a0000000, 0x00000000b8380000, 0x00000000e0000000)
  object space 396800K, 54% used [0x00000000a0000000,0x00000000ad2233c8,0x00000000b8380000)
 Metaspace       used 74595K, capacity 79610K, committed 80000K, reserved 1120256K
  class space    used 9300K, capacity 9963K, committed 10112K, reserved 1048576K
}
Event: 8974.397 GC heap before
{Heap before GC invocations=117 (full 13):
 PSYoungGen      total 435712K, used 404678K [0x00000000e0000000, 0x0000000100000000, 0x0000000100000000)
  eden space 355328K, 100% used [0x00000000e0000000,0x00000000f5b00000,0x00000000f5b00000)
  from space 80384K, 61% used [0x00000000f5b00000,0x00000000f8b31b98,0x00000000fa980000)
  to   space 79360K, 0% used [0x00000000fb280000,0x00000000fb280000,0x0000000100000000)
 ParOldGen       total 396800K, used 215180K [0x00000000a0000000, 0x00000000b8380000, 0x00000000e0000000)
  object space 396800K, 54% used [0x00000000a0000000,0x00000000ad2233c8,0x00000000b8380000)
 Metaspace       used 74595K, capacity 79610K, committed 80000K, reserved 1120256K
  class space    used 9300K, capacity 9963K, committed 10112K, reserved 1048576K
Event: 8974.496 GC heap after
Heap after GC invocations=117 (full 13):
 PSYoungGen      total 443904K, used 54112K [0x00000000e0000000, 0x0000000100000000, 0x0000000100000000)
  eden space 364544K, 0% used [0x00000000e0000000,0x00000000e0000000,0x00000000f6400000)
  from space 79360K, 68% used [0x00000000fb280000,0x00000000fe758008,0x0000000100000000)
  to   space 79872K, 0% used [0x00000000f6400000,0x00000000f6400000,0x00000000fb200000)
 ParOldGen       total 396800K, used 262652K [0x00000000a0000000, 0x00000000b8380000, 0x00000000e0000000)
  object space 396800K, 66% used [0x00000000a0000000,0x00000000b007f3e8,0x00000000b8380000)
 Metaspace       used 74595K, capacity 79610K, committed 80000K, reserved 1120256K
  class space    used 9300K, capacity 9963K, committed 10112K, reserved 1048576K
}
Event: 8975.474 GC heap before
{Heap before GC invocations=118 (full 13):
 PSYoungGen      total 443904K, used 418656K [0x00000000e0000000, 0x0000000100000000, 0x0000000100000000)
  eden space 364544K, 100% used [0x00000000e0000000,0x00000000f6400000,0x00000000f6400000)
  from space 79360K, 68% used [0x00000000fb280000,0x00000000fe758008,0x0000000100000000)
  to   space 79872K, 0% used [0x00000000f6400000,0x00000000f6400000,0x00000000fb200000)
 ParOldGen       total 396800K, used 262652K [0x00000000a0000000, 0x00000000b8380000, 0x00000000e0000000)
  object space 396800K, 66% used [0x00000000a0000000,0x00000000b007f3e8,0x00000000b8380000)
 Metaspace       used 74595K, capacity 79610K, committed 80000K, reserved 1120256K
  class space    used 9300K, capacity 9963K, committed 10112K, reserved 1048576K
Event: 8975.574 GC heap after
Heap after GC invocations=118 (full 13):
 PSYoungGen      total 444416K, used 53910K [0x00000000e0000000, 0x0000000100000000, 0x0000000100000000)
  eden space 364544K, 0% used [0x00000000e0000000,0x00000000e0000000,0x00000000f6400000)
  from space 79872K, 67% used [0x00000000f6400000,0x00000000f98a5a28,0x00000000fb200000)
  to   space 79872K, 0% used [0x00000000fb200000,0x00000000fb200000,0x0000000100000000)
 ParOldGen       total 396800K, used 314235K [0x00000000a0000000, 0x00000000b8380000, 0x00000000e0000000)
  object space 396800K, 79% used [0x00000000a0000000,0x00000000b32dee10,0x00000000b8380000)
 Metaspace       used 74595K, capacity 79610K, committed 80000K, reserved 1120256K
  class space    used 9300K, capacity 9963K, committed 10112K, reserved 1048576K
}
Event: 8976.152 GC heap before
{Heap before GC invocations=119 (full 13):
 PSYoungGen      total 444416K, used 418454K [0x00000000e0000000, 0x0000000100000000, 0x0000000100000000)
  eden space 364544K, 100% used [0x00000000e0000000,0x00000000f6400000,0x00000000f6400000)
  from space 79872K, 67% used [0x00000000f6400000,0x00000000f98a5a28,0x00000000fb200000)
  to   space 79872K, 0% used [0x00000000fb200000,0x00000000fb200000,0x0000000100000000)
 ParOldGen       total 396800K, used 314235K [0x00000000a0000000, 0x00000000b8380000, 0x00000000e0000000)
  object space 396800K, 79% used [0x00000000a0000000,0x00000000b32dee10,0x00000000b8380000)
 Metaspace       used 74599K, capacity 79610K, committed 80000K, reserved 1120256K
  class space    used 9300K, capacity 9963K, committed 10112K, reserved 1048576K
Event: 8976.247 GC heap after
Heap after GC invocations=119 (full 13):
 PSYoungGen      total 443392K, used 51866K [0x00000000e0000000, 0x00000000fff00000, 0x0000000100000000)
  eden space 364544K, 0% used [0x00000000e0000000,0x00000000e0000000,0x00000000f6400000)
  from space 78848K, 65% used [0x00000000fb200000,0x00000000fe4a6968,0x00000000fff00000)
  to   space 79360K, 0% used [0x00000000f6400000,0x00000000f6400000,0x00000000fb180000)
 ParOldGen       total 396800K, used 366206K [0x00000000a0000000, 0x00000000b8380000, 0x00000000e0000000)
  object space 396800K, 92% used [0x00000000a0000000,0x00000000b659fb38,0x00000000b8380000)
 Metaspace       used 74599K, capacity 79610K, committed 80000K, reserved 1120256K
  class space    used 9300K, capacity 9963K, committed 10112K, reserved 1048576K
}
Event: 8976.247 GC heap before
{Heap before GC invocations=120 (full 14):
 PSYoungGen      total 443392K, used 51866K [0x00000000e0000000, 0x00000000fff00000, 0x0000000100000000)
  eden space 364544K, 0% used [0x00000000e0000000,0x00000000e0000000,0x00000000f6400000)
  from space 78848K, 65% used [0x00000000fb200000,0x00000000fe4a6968,0x00000000fff00000)
  to   space 79360K, 0% used [0x00000000f6400000,0x00000000f6400000,0x00000000fb180000)
 ParOldGen       total 396800K, used 366206K [0x00000000a0000000, 0x00000000b8380000, 0x00000000e0000000)
  object space 396800K, 92% used [0x00000000a0000000,0x00000000b659fb38,0x00000000b8380000)
 Metaspace       used 74599K, capacity 79610K, committed 80000K, reserved 1120256K
  class space    used 9300K, capacity 9963K, committed 10112K, reserved 1048576K

Deoptimization events (10 events):
Event: 8577.035 Thread 0x00007fa1e002e000 Uncommon trap: reason=speculate_class_check action=maybe_recompile pc=0x00007fa254b635f4 method=com.android.dx.rop.cst.TypedConstant.getBasicType()I @ 1
Event: 8577.962 Thread 0x00007fa1e000e800 Uncommon trap: reason=array_check action=maybe_recompile pc=0x00007fa254f9ad40 method=java.util.ComparableTimSort.mergeHi(IIII)V @ 171
Event: 8577.971 Thread 0x00007fa1e000e800 Uncommon trap: reason=array_check action=maybe_recompile pc=0x00007fa254f9ad40 method=java.util.ComparableTimSort.mergeHi(IIII)V @ 171
Event: 8579.892 Thread 0x00007fa20c006000 Uncommon trap: reason=unstable_if action=reinterpret pc=0x00007fa252c26fe8 method=java.math.MutableBigInteger.add(Ljava/math/MutableBigInteger;)V @ 171
Event: 8960.898 Thread 0x00007fa20c006000 Uncommon trap: reason=bimorphic action=maybe_recompile pc=0x00007fa2541af578 method=com.google.common.collect.AbstractMapBasedMultimap$Itr.next()Ljava/lang/Object; @ 4
Event: 8965.563 Thread 0x00007fa20c006000 Uncommon trap: reason=array_check action=maybe_recompile pc=0x00007fa2546e2d38 method=java.util.ComparableTimSort.mergeLo(IIII)V @ 371
Event: 8965.564 Thread 0x00007fa20c006000 Uncommon trap: reason=array_check action=maybe_recompile pc=0x00007fa2546e2f54 method=java.util.ComparableTimSort.mergeLo(IIII)V @ 587
Event: 8965.564 Thread 0x00007fa20c006000 Uncommon trap: reason=array_check action=maybe_recompile pc=0x00007fa2546e2d38 method=java.util.ComparableTimSort.mergeLo(IIII)V @ 371
Event: 8968.714 Thread 0x00007fa1d4062800 Uncommon trap: reason=unstable_if action=reinterpret pc=0x00007fa251841144 method=com.android.dx.ssa.SsaMethod.onSourceChanged(Lcom/android/dx/ssa/SsaInsn;Lcom/android/dx/rop/code/RegisterSpec;Lcom/android/dx/rop/code/RegisterSpec;)V @ 4
Event: 8976.011 Thread 0x00007fa1d4049800 Uncommon trap: reason=unstable_if action=reinterpret pc=0x00007fa2533f4cc4 method=com.android.dx.cf.code.Ropper.processBlock(Lcom/android/dx/cf/code/ByteBlock;Lcom/android/dx/cf/code/Frame;[I)V @ 651

Internal exceptions (10 events):
Event: 8958.583 Thread 0x00007fa20c006000 Exception <a 'sun/nio/fs/UnixException'> (0x00000000f3408cc0) thrown at [/ssd/Android/AOSP-openjdk/external/jetbrains/jdk/hotspot/src/share/vm/prims/jni.cpp, line 709]
Event: 8958.595 Thread 0x00007fa20c006000 Exception <a 'sun/nio/fs/UnixException'> (0x00000000f340ba88) thrown at [/ssd/Android/AOSP-openjdk/external/jetbrains/jdk/hotspot/src/share/vm/prims/jni.cpp, line 709]
Event: 8958.595 Thread 0x00007fa20c006000 Exception <a 'sun/nio/fs/UnixException'> (0x00000000f340cd88) thrown at [/ssd/Android/AOSP-openjdk/external/jetbrains/jdk/hotspot/src/share/vm/prims/jni.cpp, line 709]
Event: 8958.596 Thread 0x00007fa20c006000 Exception <a 'sun/nio/fs/UnixException'> (0x00000000f340eae0) thrown at [/ssd/Android/AOSP-openjdk/external/jetbrains/jdk/hotspot/src/share/vm/prims/jni.cpp, line 709]
Event: 8958.596 Thread 0x00007fa20c006000 Exception <a 'sun/nio/fs/UnixException'> (0x00000000f340fe00) thrown at [/ssd/Android/AOSP-openjdk/external/jetbrains/jdk/hotspot/src/share/vm/prims/jni.cpp, line 709]
Event: 8958.596 Thread 0x00007fa20c006000 Exception <a 'sun/nio/fs/UnixException'> (0x00000000f3412088) thrown at [/ssd/Android/AOSP-openjdk/external/jetbrains/jdk/hotspot/src/share/vm/prims/jni.cpp, line 709]
Event: 8958.596 Thread 0x00007fa20c006000 Exception <a 'sun/nio/fs/UnixException'> (0x00000000f3413398) thrown at [/ssd/Android/AOSP-openjdk/external/jetbrains/jdk/hotspot/src/share/vm/prims/jni.cpp, line 709]
Event: 8963.185 Thread 0x00007fa1f84cc800 Exception <a 'java/io/IOException'> (0x00000000ea0f6f38) thrown at [/ssd/Android/AOSP-openjdk/external/jetbrains/jdk/hotspot/src/share/vm/prims/jni.cpp, line 709]
Event: 8968.185 Thread 0x00007fa1f84cc800 Exception <a 'java/io/IOException'> (0x00000000e9ce0cc0) thrown at [/ssd/Android/AOSP-openjdk/external/jetbrains/jdk/hotspot/src/share/vm/prims/jni.cpp, line 709]
Event: 8973.185 Thread 0x00007fa1f84cc800 Exception <a 'java/io/IOException'> (0x00000000e02d7e08) thrown at [/ssd/Android/AOSP-openjdk/external/jetbrains/jdk/hotspot/src/share/vm/prims/jni.cpp, line 709]

Events (10 events):
Event: 8975.081 Thread 0x00007fa1d4049800 DEOPT PACKING pc=0x00007fa254b7f948 sp=0x00007fa1dd291fc0
Event: 8975.081 Thread 0x00007fa1d4049800 DEOPT UNPACKING pc=0x00007fa251047373 sp=0x00007fa1dd291e08 mode 0
Event: 8975.127 Thread 0x00007fa1d4062800 DEOPT PACKING pc=0x00007fa254b7f95f sp=0x00007fa1dd494070
Event: 8975.127 Thread 0x00007fa1d4062800 DEOPT UNPACKING pc=0x00007fa251047373 sp=0x00007fa1dd493eb8 mode 0
Event: 8975.474 Executing VM operation: ParallelGCFailedAllocation
Event: 8975.574 Executing VM operation: ParallelGCFailedAllocation done
Event: 8976.011 Thread 0x00007fa1d4049800 Uncommon trap: trap_request=0xffffff65 fr.pc=0x00007fa2533f4cc4
Event: 8976.011 Thread 0x00007fa1d4049800 DEOPT PACKING pc=0x00007fa2533f4cc4 sp=0x00007fa1dd292250
Event: 8976.011 Thread 0x00007fa1d4049800 DEOPT UNPACKING pc=0x00007fa251004f69 sp=0x00007fa1dd292248 mode 2
Event: 8976.152 Executing VM operation: ParallelGCFailedAllocation


Dynamic libraries:
00400000-00401000 r-xp 00000000 08:07 2883859                            /opt/android-studio/jre/bin/java
00600000-00601000 r--p 00000000 08:07 2883859                            /opt/android-studio/jre/bin/java
00601000-00602000 rw-p 00001000 08:07 2883859                            /opt/android-studio/jre/bin/java
00a57000-00cf5000 rw-p 00000000 00:00 0                                  [heap]
a0000000-b8380000 rw-p 00000000 00:00 0 
c9980000-e0000000 ---p 00000000 00:00 0 
e0000000-fff00000 rw-p 00000000 00:00 0 
fff00000-100000000 ---p 00000000 00:00 0 
100000000-1009e0000 rw-p 00000000 00:00 0 
1009e0000-140000000 ---p 00000000 00:00 0 
7fa1c8000000-7fa1c80dc000 rw-p 00000000 00:00 0 
7fa1c80dc000-7fa1cc000000 ---p 00000000 00:00 0 
7fa1d0000000-7fa1d0ccc000 rw-p 00000000 00:00 0 
7fa1d0ccc000-7fa1d4000000 ---p 00000000 00:00 0 
7fa1d4000000-7fa1d4177000 rw-p 00000000 00:00 0 
7fa1d4177000-7fa1d8000000 ---p 00000000 00:00 0 
7fa1d8000000-7fa1d8bd1000 rw-p 00000000 00:00 0 
7fa1d8bd1000-7fa1dc000000 ---p 00000000 00:00 0 
7fa1dc8dd000-7fa1dc94e000 r--s 0053b000 08:07 1052737                    /home/sadiq/database/app/build/intermediates/transforms/jarMerging/debug/jars/1/1f/combined.jar
7fa1dc94e000-7fa1dc98e000 rw-p 00000000 00:00 0 
7fa1dc98e000-7fa1dcb4e000 ---p 00000000 00:00 0 
7fa1dcb8f000-7fa1dcd8f000 rw-p 00000000 00:00 0 
7fa1dcd8f000-7fa1dcd92000 ---p 00000000 00:00 0 
7fa1dcd92000-7fa1dce90000 rw-p 00000000 00:00 0 
7fa1dce90000-7fa1dce93000 ---p 00000000 00:00 0 
7fa1dce93000-7fa1dcf91000 rw-p 00000000 00:00 0 
7fa1dcf91000-7fa1dcf94000 ---p 00000000 00:00 0 
7fa1dcf94000-7fa1dd092000 rw-p 00000000 00:00 0 
7fa1dd092000-7fa1dd095000 ---p 00000000 00:00 0 
7fa1dd095000-7fa1dd193000 rw-p 00000000 00:00 0 
7fa1dd193000-7fa1dd196000 ---p 00000000 00:00 0 
7fa1dd196000-7fa1dd294000 rw-p 00000000 00:00 0 
7fa1dd294000-7fa1dd297000 ---p 00000000 00:00 0 
7fa1dd297000-7fa1dd395000 rw-p 00000000 00:00 0 
7fa1dd395000-7fa1dd398000 ---p 00000000 00:00 0 
7fa1dd398000-7fa1dd496000 rw-p 00000000 00:00 0 
7fa1dd496000-7fa1dd499000 ---p 00000000 00:00 0 
7fa1dd499000-7fa1dd597000 rw-p 00000000 00:00 0 
7fa1dd597000-7fa1dd59a000 ---p 00000000 00:00 0 
7fa1dd59a000-7fa1dd698000 rw-p 00000000 00:00 0 
7fa1dd698000-7fa1dd69b000 ---p 00000000 00:00 0 
7fa1dd69b000-7fa1dd799000 rw-p 00000000 00:00 0 
7fa1dd799000-7fa1dd79c000 ---p 00000000 00:00 0 
7fa1dd79c000-7fa1dd89a000 rw-p 00000000 00:00 0 
7fa1dd89a000-7fa1dd89d000 ---p 00000000 00:00 0 
7fa1dd89d000-7fa1dd8d3000 rw-p 00000000 00:00 0 
7fa1dd8d3000-7fa1dd8d6000 ---p 00000000 00:00 0 
7fa1dd8d6000-7fa1dd90c000 rw-p 00000000 00:00 0 
7fa1dd90c000-7fa1dd90f000 ---p 00000000 00:00 0 
7fa1dd90f000-7fa1dda0d000 rw-p 00000000 00:00 0 
7fa1dda0d000-7fa1dda10000 ---p 00000000 00:00 0 
7fa1dda10000-7fa1ddd0e000 rw-p 00000000 00:00 0 
7fa1ddd0e000-7fa1ddf0e000 rw-p 00000000 00:00 0 
7fa1ddf46000-7fa1ddf49000 ---p 00000000 00:00 0 
7fa1ddf49000-7fa1de17f000 rw-p 00000000 00:00 0 
7fa1de17f000-7fa1de37f000 rw-p 00000000 00:00 0 
7fa1de386000-7fa1de389000 ---p 00000000 00:00 0 
7fa1de389000-7fa1de5bf000 rw-p 00000000 00:00 0 
7fa1de5bf000-7fa1de7bf000 rw-p 00000000 00:00 0 
7fa1de7bf000-7fa1de7c2000 ---p 00000000 00:00 0 
7fa1de7c2000-7fa1deac0000 rw-p 00000000 00:00 0 
7fa1deac0000-7fa1deac3000 ---p 00000000 00:00 0 
7fa1deac3000-7fa1dedc1000 rw-p 00000000 00:00 0 
7fa1dedc1000-7fa1defc1000 rw-p 00000000 00:00 0 
7fa1defc1000-7fa1df1c1000 rw-p 00000000 00:00 0 
7fa1df1c1000-7fa1df1c4000 ---p 00000000 00:00 0 
7fa1df1c4000-7fa1df2c2000 rw-p 00000000 00:00 0 
7fa1df2c2000-7fa1df2c5000 ---p 00000000 00:00 0 
7fa1df2c5000-7fa1df3c3000 rw-p 00000000 00:00 0 
7fa1df3c3000-7fa1df3c6000 ---p 00000000 00:00 0 
7fa1df3c6000-7fa1df4c4000 rw-p 00000000 00:00 0 
7fa1df4c4000-7fa1df4c7000 ---p 00000000 00:00 0 
7fa1df4c7000-7fa1df4fd000 rw-p 00000000 00:00 0 
7fa1df4fd000-7fa1df500000 ---p 00000000 00:00 0 
7fa1df500000-7fa1df5fe000 rw-p 00000000 00:00 0 
7fa1df5fe000-7fa1df601000 ---p 00000000 00:00 0 
7fa1df601000-7fa1df6ff000 rw-p 00000000 00:00 0 
7fa1df6ff000-7fa1df702000 ---p 00000000 00:00 0 
7fa1df702000-7fa1dfa00000 rw-p 00000000 00:00 0 
7fa1dfa00000-7fa1dfc00000 rw-p 00000000 00:00 0 
7fa1dfc00000-7fa1dfe00000 rw-p 00000000 00:00 0 
7fa1dfe00000-7fa1e0000000 rw-p 00000000 00:00 0 
7fa1e0000000-7fa1e0500000 rw-p 00000000 00:00 0 
7fa1e0500000-7fa1e4000000 ---p 00000000 00:00 0 
7fa1e4000000-7fa1e410c000 rw-p 00000000 00:00 0 
7fa1e410c000-7fa1e8000000 ---p 00000000 00:00 0 
7fa1e8000000-7fa1e8021000 rw-p 00000000 00:00 0 
7fa1e8021000-7fa1ec000000 ---p 00000000 00:00 0 
7fa1ec000000-7fa1ec021000 rw-p 00000000 00:00 0 
7fa1ec021000-7fa1f0000000 ---p 00000000 00:00 0 
7fa1f0000000-7fa1f0025000 rw-p 00000000 00:00 0 
7fa1f0025000-7fa1f4000000 ---p 00000000 00:00 0 
7fa1f4000000-7fa1f40ab000 rw-p 00000000 00:00 0 
7fa1f40ab000-7fa1f8000000 ---p 00000000 00:00 0 
7fa1f8000000-7fa1f9adc000 rw-p 00000000 00:00 0 
7fa1f9adc000-7fa1fc000000 ---p 00000000 00:00 0 
7fa1fc000000-7fa1fcb65000 rw-p 00000000 00:00 0 
7fa1fcb65000-7fa200000000 ---p 00000000 00:00 0 
7fa200000000-7fa2000de000 rw-p 00000000 00:00 0 
7fa2000de000-7fa204000000 ---p 00000000 00:00 0 
7fa204000000-7fa204c04000 rw-p 00000000 00:00 0 
7fa204c04000-7fa208000000 ---p 00000000 00:00 0 
7fa208000000-7fa208021000 rw-p 00000000 00:00 0 
7fa208021000-7fa20c000000 ---p 00000000 00:00 0 
7fa20c000000-7fa20c037000 rw-p 00000000 00:00 0 
7fa20c037000-7fa210000000 ---p 00000000 00:00 0 
7fa210000000-7fa2100c7000 rw-p 00000000 00:00 0 
7fa2100c7000-7fa214000000 ---p 00000000 00:00 0 
7fa21400c000-7fa21400f000 r--s 00015000 08:07 2883982                    /opt/android-studio/jre/jre/lib/jce.jar
7fa21400f000-7fa214012000 ---p 00000000 00:00 0 
7fa214012000-7fa214310000 rw-p 00000000 00:00 0 
7fa214310000-7fa214323000 r--s 00344000 08:07 2883882                    /opt/android-studio/jre/jre/lib/resources.jar
7fa214323000-7fa214523000 rw-p 00000000 00:00 0 
7fa214523000-7fa214723000 rw-p 00000000 00:00 0 
7fa214723000-7fa214923000 rw-p 00000000 00:00 0 
7fa214923000-7fa214926000 ---p 00000000 00:00 0 
7fa214926000-7fa214a24000 rw-p 00000000 00:00 0 
7fa214a24000-7fa214a27000 ---p 00000000 00:00 0 
7fa214a27000-7fa214d25000 rw-p 00000000 00:00 0 
7fa214d25000-7fa214f25000 rw-p 00000000 00:00 0 
7fa214f25000-7fa214f26000 r--s 00001000 08:07 4987536                    /home/sadiq/.gradle/caches/jars-3/8e33611f59ae522ef3cf60a5759ed354/annotations-25.3.2.jar
7fa214f26000-7fa214f2e000 r--s 000a8000 08:07 4987534                    /home/sadiq/.gradle/caches/jars-3/6cc57ce9ec0d90186f781694264d61bc/lombok-ast-0.2.3.jar
7fa214f2e000-7fa214f42000 r--s 000b4000 08:07 4987532                    /home/sadiq/.gradle/caches/jars-3/d807f16514c6b4976965307bd4b79954/uast-162.2228.14.jar
7fa214f42000-7fa214f44000 r--s 0000d000 08:07 4987530                    /home/sadiq/.gradle/caches/jars-3/a6ebc4ec06596d0cd57fb5147503bb3c/commons-codec-1.4.jar
7fa214f44000-7fa214f46000 r--s 0000d000 08:07 4987528                    /home/sadiq/.gradle/caches/jars-3/ccc849edcf9fccd61ed937bf93ffe896/commons-logging-1.1.1.jar
7fa214f46000-7fa214f4b000 r--s 00028000 08:07 4987526                    /home/sadiq/.gradle/caches/jars-3/e6a42d7d86039e4a9d03b9356afcd546/httpcore-4.1.jar
7fa214f4b000-7fa214f4f000 r--s 0002f000 08:07 4987524                    /home/sadiq/.gradle/caches/jars-3/505fcc8c47da308b2f1262f0ff3c65f1/jimfs-1.1.jar
7fa214f4f000-7fa214f50000 r--s 00004000 08:07 4987522                    /home/sadiq/.gradle/caches/jars-3/3a4299d1ce3e273e7c03a9ccf5a1e333/annotations-12.0.jar
7fa214f50000-7fa214f51000 r--s 00004000 08:07 4987520                    /home/sadiq/.gradle/caches/jars-3/3bd714e16ff981cf5f225361b18588ce/asm-analysis-5.0.4.jar
7fa214f51000-7fa214f55000 r--s 00040000 08:07 4987518                    /home/sadiq/.gradle/caches/jars-3/c630b3b87cec9b9604011f4f84d72f38/lint-api-25.3.2.jar
7fa214f55000-7fa214f56000 r--s 0000a000 08:07 4987516                    /home/sadiq/.gradle/caches/jars-3/5b8b36ed61fe92731031cca3c9b3a0b3/kxml2-2.3.0.jar
7fa214f56000-7fa214f58000 r--s 00005000 08:07 4987514                    /home/sadiq/.gradle/caches/jars-3/f10e1e1978816198f2eb1189c974b440/httpmime-4.1.jar
7fa214f58000-7fa214f60000 r--s 0004e000 08:07 4987512                    /home/sadiq/.gradle/caches/jars-3/b53c6235c49a94a3a8e506e42c7d54fb/httpclient-4.1.1.jar
7fa214f60000-7fa214f67000 r--s 00053000 08:07 4987510                    /home/sadiq/.gradle/caches/jars-3/28e64c4d02154ee30a12b14be38e78af/commons-compress-1.8.1.jar
7fa214f67000-7fa214f6c000 r--s 0002a000 08:07 4987508                    /home/sadiq/.gradle/caches/jars-3/2a67de85c1e99ee62c2c2d8af5e1125b/gson-2.2.4.jar
7fa214f6c000-7fa214f71000 r--s 0002e000 08:07 4987506                    /home/sadiq/.gradle/caches/jars-3/98ad39a4ef9359b2dfcaf05bb1c81397/repository-25.3.2.jar
7fa214f71000-7fa214f73000 r--s 00006000 08:07 4987504                    /home/sadiq/.gradle/caches/jars-3/0a6e7ac6211eb8664a06b7a570fb8898/dvlib-25.3.2.jar
7fa214f73000-7fa214f76000 r--s 00012000 08:07 4987502                    /home/sadiq/.gradle/caches/jars-3/3d60b69b22edf1ea228094f367c73e08/layoutlib-api-25.3.2.jar
7fa214f76000-7fa214f7b000 r--s 00058000 08:07 4987500                    /home/sadiq/.gradle/caches/jars-3/bb3f0c8da73e37889b65d5e152c01f8e/asm-debug-all-5.0.1.jar
7fa214f7b000-7fa214f8b000 r--s 000d5000 08:07 4987498                    /home/sadiq/.gradle/caches/jars-3/2593270bd55c0fcc5de8777526944ca9/proguard-base-5.3.2.jar
7fa214f8b000-7fa214f8e000 r--s 00033000 08:07 4987496                    /home/sadiq/.gradle/caches/jars-3/0ce03714647bf7bd3c78634c20ddbf38/juniversalchardet-1.0.3.jar
7fa214f8e000-7fa214f92000 r--s 0002a000 08:07 4987494                    /home/sadiq/.gradle/caches/jars-3/9849af6d4b0409ba64061601342f385d/commons-io-2.4.jar
7fa214f92000-7fa214fa9000 r--s 00154000 08:07 4987492                    /home/sadiq/.gradle/caches/jars-3/57adf9abd30c921d4ea1dfdcfe7b9efd/antlr4-4.5.3.jar
7fa214fa9000-7fa214fab000 r--s 00002000 08:07 4987490                    /home/sadiq/.gradle/caches/jars-3/0c57e224c05bb054ffe3f6a9f46c6e79/baseLibrary-2.3.2.jar
7fa214fab000-7fa214fd6000 r--s 001fc000 08:07 4987488                    /home/sadiq/.gradle/caches/jars-3/57dffb91fa05ba585a582c9f3b0be2b1/guava-18.0.jar
7fa214fd6000-7fa214fe9000 r--s 00241000 08:07 4987486                    /home/sadiq/.gradle/caches/jars-3/d8dc71eb6d91c966c45f7b594129e14a/ecj-4.6.1.jar
7fa214fe9000-7fa214ff0000 r--s 000d9000 08:07 4987484                    /home/sadiq/.gradle/caches/jars-3/7a1bad3500a0a4efce25c290d4dd2364/lint-checks-25.3.2.jar
7fa214ff0000-7fa214ff2000 r--s 00006000 08:07 4987482                    /home/sadiq/.gradle/caches/jars-3/767849ee24c8e62d79a00d769acdce90/asm-tree-5.0.4.jar
7fa214ff2000-7fa215025000 r--s 00203000 08:07 4987480                    /home/sadiq/.gradle/caches/jars-3/3cf93c3b296899be060ca4f9038f79b5/bcprov-jdk15on-1.48.jar
7fa215025000-7fa215033000 r--s 00081000 08:07 4987478                    /home/sadiq/.gradle/caches/jars-3/f008d91a5541639737ca5ffbc84a7b0c/bcpkix-jdk15on-1.48.jar
7fa215033000-7fa215035000 r--s 00002000 08:07 4987476                    /home/sadiq/.gradle/caches/jars-3/f268e5e8fc83bb846ac355d6a16b1f30/javawriter-2.5.0.jar
7fa215035000-7fa215037000 r--s 00004000 08:07 4987474                    /home/sadiq/.gradle/caches/jars-3/567c158f78cfafc5ea0d6d107369130f/tracker-25.3.2.jar
7fa215037000-7fa215038000 r--s 00005000 08:07 4987472                    /home/sadiq/.gradle/caches/jars-3/ca851e3dbba8af431ee9ecbfd0206194/shared-25.3.2.jar
7fa215038000-7fa215046000 r--s 00147000 08:07 4987470                    /home/sadiq/.gradle/caches/jars-3/1309204e9309ac7a5cad2c315133aac2/protos-25.3.2.jar
7fa215046000-7fa215047000 r--s 00001000 08:07 4987468                    /home/sadiq/.gradle/caches/jars-3/33c965c4ea9767c2341add6217039a89/jill-api-0.10.0.jar
7fa215047000-7fa215049000 r--s 00003000 08:07 4987466                    /home/sadiq/.gradle/caches/jars-3/e984a658c2551e60894d5aff6a0c53d1/jack-api-0.13.0.jar
7fa215049000-7fa21504f000 r--s 0004a000 08:07 4987464                    /home/sadiq/.gradle/caches/jars-3/33733172189bdef5ddcc96ee752fbbde/ddmlib-25.3.2.jar
7fa21504f000-7fa215052000 r--s 00022000 08:07 4987462                    /home/sadiq/.gradle/caches/jars-3/55ce1a25591f294ce331834e510dabdd/manifest-merger-25.3.2.jar
7fa215052000-7fa215055000 r--s 0001c000 08:07 4987460                    /home/sadiq/.gradle/caches/jars-3/7b5f9921dcdad76ea2db434d2ecae0b9/common-25.3.2.jar
7fa215055000-7fa21505e000 r--s 00089000 08:07 4987458                    /home/sadiq/.gradle/caches/jars-3/8523c0b1af8362eaa038214ca0496e0a/sdk-common-25.3.2.jar
7fa21505e000-7fa215068000 r--s 00098000 08:07 4987456                    /home/sadiq/.gradle/caches/jars-3/3071e977e115e9896a20e7f6c1017d8d/sdklib-25.3.2.jar
7fa215068000-7fa215069000 r--s 00002000 08:07 4987454                    /home/sadiq/.gradle/caches/jars-3/bb0ded7b424ac32b983e72b9331e4a0e/builder-test-api-2.3.2.jar
7fa215069000-7fa21506c000 r--s 00006000 08:07 4987452                    /home/sadiq/.gradle/caches/jars-3/3b6b0905c6e14fb367f99bcb91a3f4ef/builder-model-2.3.2.jar
7fa21506c000-7fa21507b000 r--s 00130000 08:07 4987450                    /home/sadiq/.gradle/caches/jars-3/72ba1443c6adcea1f6ba21e12f0bb0fc/protobuf-java-3.0.0.jar
7fa21507b000-7fa21507d000 r--s 0000f000 08:07 4987448                    /home/sadiq/.gradle/caches/jars-3/96760c32d36a5d7066e3ccf088bfd362/jopt-simple-4.9.jar
7fa21507d000-7fa215081000 r--s 0001f000 08:07 4987446                    /home/sadiq/.gradle/caches/jars-3/bdc4a17755a6c76ca06da33f9769dd1a/org.jacoco.report-0.7.5.201505241946.jar
7fa215081000-7fa215085000 r--s 0001d000 08:07 4987444                    /home/sadiq/.gradle/caches/jars-3/b76ebf92f16d3130bb152f3a9ed2c5da/org.jacoco.core-0.7.5.201505241946.jar
7fa215085000-7fa215087000 r--s 00002000 08:07 4987442                    /home/sadiq/.gradle/caches/jars-3/c514881ec761129e95c128962253e435/proguard-gradle-5.3.2.jar
7fa215087000-7fa215089000 r--s 00009000 08:07 4987440                    /home/sadiq/.gradle/caches/jars-3/2484aee2fe8963a490ff41f797f58c4c/asm-commons-5.0.4.jar
7fa215089000-7fa21508b000 r--s 0000c000 08:07 4987438                    /home/sadiq/.gradle/caches/jars-3/89d4e96406657abb09b3aa2a0f36045e/asm-5.0.4.jar
7fa21508b000-7fa215090000 r--s 0002c000 08:07 4987436                    /home/sadiq/.gradle/caches/jars-3/5910cb4d843faab7e44c62b8d77104b7/compilerCommon-2.3.2.jar
7fa215090000-7fa215091000 r--s 00002000 08:07 4987434                    /home/sadiq/.gradle/caches/jars-3/89bbea579123f1b775d080eacc2a2a60/gradle-api-2.3.2.jar
7fa215091000-7fa215092000 r--s 00000000 08:07 4987432                    /home/sadiq/.gradle/caches/jars-3/71f6637d86b9a321bc3f5989adcaa159/transform-api-2.0.0-deprecated-use-gradle-api.jar
7fa215092000-7fa215097000 r--s 0005e000 08:07 4987430                    /home/sadiq/.gradle/caches/jars-3/799b4386bc3941448afc6c61076250b3/lint-25.3.2.jar
7fa215097000-7fa2150ad000 r--s 00163000 08:07 4987428                    /home/sadiq/.gradle/caches/jars-3/a340dd39f98c3d76d7baf6187702afd6/builder-2.3.2.jar
7fa2150ad000-7fa2150cc000 r--s 001ca000 08:07 4987426                    /home/sadiq/.gradle/caches/jars-3/278adc3b98be895d9ca9b6611315a8cd/gradle-core-2.3.2.jar
7fa2150cc000-7fa2150ce000 r--s 00007000 08:07 3020643                    /home/sadiq/.gradle/caches/modules-2/files-2.1/com.google.gms/google-services/3.1.0/166ae4e6acd03b7bbebe221ffa54bc039fece1b9/google-services-3.1.0.jar
7fa2150ce000-7fa2150d0000 r--s 0000d000 08:07 4987424                    /home/sadiq/.gradle/caches/jars-3/03d376f17b0dbe1d61fd3a23f252f570/gradle-2.3.2.jar
7fa2150d0000-7fa2152d0000 rw-p 00000000 00:00 0 
7fa2152d0000-7fa2154d0000 rw-p 00000000 00:00 0 
7fa2154d0000-7fa2154d3000 ---p 00000000 00:00 0 
7fa2154d3000-7fa2157d1000 rw-p 00000000 00:00 0 
7fa2157d1000-7fa2159d1000 rw-p 00000000 00:00 0 
7fa2159d1000-7fa215bd1000 rw-p 00000000 00:00 0 
7fa215bd1000-7fa215dd1000 rw-p 00000000 00:00 0 
7fa215dd1000-7fa215e4a000 r--s 010ed000 08:07 2883824                    /opt/android-studio/jre/lib/tools.jar
7fa215e4a000-7fa21604a000 rw-p 00000000 00:00 0 
7fa21604a000-7fa21604d000 ---p 00000000 00:00 0 
7fa21604d000-7fa21614b000 rw-p 00000000 00:00 0 
7fa21614b000-7fa21614e000 ---p 00000000 00:00 0 
7fa21614e000-7fa21644c000 rw-p 00000000 00:00 0 
7fa21644c000-7fa21644f000 ---p 00000000 00:00 0 
7fa21644f000-7fa21654d000 rw-p 00000000 00:00 0 
7fa21654d000-7fa216550000 ---p 00000000 00:00 0 
7fa216550000-7fa21664e000 rw-p 00000000 00:00 0 
7fa21664e000-7fa216651000 ---p 00000000 00:00 0 
7fa216651000-7fa21674f000 rw-p 00000000 00:00 0 
7fa21674f000-7fa216752000 ---p 00000000 00:00 0 
7fa216752000-7fa216850000 rw-p 00000000 00:00 0 
7fa216850000-7fa216853000 ---p 00000000 00:00 0 
7fa216853000-7fa216951000 rw-p 00000000 00:00 0 
7fa216951000-7fa216954000 ---p 00000000 00:00 0 
7fa216954000-7fa216a52000 rw-p 00000000 00:00 0 
7fa216a52000-7fa216a55000 ---p 00000000 00:00 0 
7fa216a55000-7fa216b53000 rw-p 00000000 00:00 0 
7fa216b53000-7fa216b5a000 r--s 00000000 08:07 4856472                    /usr/lib/x86_64-linux-gnu/gconv/gconv-modules.cache
7fa216b5a000-7fa216d5a000 rw-p 00000000 00:00 0 
7fa216d5a000-7fa216d5d000 ---p 00000000 00:00 0 
7fa216d5d000-7fa216e5b000 rw-p 00000000 00:00 0 
7fa216e5b000-7fa216e64000 r-xp 00000000 08:07 2883960                    /opt/android-studio/jre/jre/lib/amd64/libmanagement.so
7fa216e64000-7fa217063000 ---p 00009000 08:07 2883960                    /opt/android-studio/jre/jre/lib/amd64/libmanagement.so
7fa217063000-7fa217064000 r--p 00008000 08:07 2883960                    /opt/android-studio/jre/jre/lib/amd64/libmanagement.so
7fa217064000-7fa217065000 rw-p 00009000 08:07 2883960                    /opt/android-studio/jre/jre/lib/amd64/libmanagement.so
7fa217065000-7fa21706a000 r--s 00098000 08:07 2883934                    /opt/android-studio/jre/jre/lib/jsse.jar
7fa21706a000-7fa21706c000 r--s 00008000 08:07 5251767                    /home/sadiq/.gradle/wrapper/dists/gradle-3.5-all/exhrs6ca08n232b14ue48lbye/gradle-3.5/lib/plugins/gradle-tooling-api-builders-3.5.jar
7fa21706c000-7fa21706f000 r--s 00009000 08:07 5251760                    /home/sadiq/.gradle/wrapper/dists/gradle-3.5-all/exhrs6ca08n232b14ue48lbye/gradle-3.5/lib/plugins/gradle-testing-native-3.5.jar
7fa21706f000-7fa217075000 r--s 00033000 08:07 5251837                    /home/sadiq/.gradle/wrapper/dists/gradle-3.5-all/exhrs6ca08n232b14ue48lbye/gradle-3.5/lib/plugins/snakeyaml-1.6.jar
7fa217075000-7fa217077000 r--s 00006000 08:07 5251836                    /home/sadiq/.gradle/wrapper/dists/gradle-3.5-all/exhrs6ca08n232b14ue48lbye/gradle-3.5/lib/plugins/jcommander-1.12.jar
7fa217077000-7fa21707c000 r--s 00040000 08:07 5251835                    /home/sadiq/.gradle/wrapper/dists/gradle-3.5-all/exhrs6ca08n232b14ue48lbye/gradle-3.5/lib/plugins/bsh-2.0b4.jar
7fa21707c000-7fa21707e000 r--s 00009000 08:07 5251841                    /home/sadiq/.gradle/wrapper/dists/gradle-3.5-all/exhrs6ca08n232b14ue48lbye/gradle-3.5/lib/plugins/hamcrest-core-1.3.jar
7fa21707e000-7fa217087000 r--s 00089000 08:07 5251792                    /home/sadiq/.gradle/wrapper/dists/gradle-3.5-all/exhrs6ca08n232b14ue48lbye/gradle-3.5/lib/plugins/testng-6.3.1.jar
7fa217087000-7fa21708f000 r--s 00045000 08:07 5251791                    /home/sadiq/.gradle/wrapper/dists/gradle-3.5-all/exhrs6ca08n232b14ue48lbye/gradle-3.5/lib/plugins/junit-4.12.jar
7fa21708f000-7fa217095000 r--s 0002e000 08:07 5251761                    /home/sadiq/.gradle/wrapper/dists/gradle-3.5-all/exhrs6ca08n232b14ue48lbye/gradle-3.5/lib/plugins/gradle-testing-jvm-3.5.jar
7fa217095000-7fa217099000 r--s 00016000 08:07 5251759                    /home/sadiq/.gradle/wrapper/dists/gradle-3.5-all/exhrs6ca08n232b14ue48lbye/gradle-3.5/lib/plugins/gradle-testing-base-3.5.jar
7fa217099000-7fa2170a0000 r--s 00038000 08:07 5251786                    /home/sadiq/.gradle/wrapper/dists/gradle-3.5-all/exhrs6ca08n232b14ue48lbye/gradle-3.5/lib/plugins/bcpg-jdk15on-1.51.jar
7fa2170a0000-7fa2170a2000 r--s 0000c000 08:07 5251738                    /home/sadiq/.gradle/wrapper/dists/gradle-3.5-all/exhrs6ca08n232b14ue48lbye/gradle-3.5/lib/plugins/gradle-signing-3.5.jar
7fa2170a2000-7fa2170a4000 r--s 00007000 08:07 5251737                    /home/sadiq/.gradle/wrapper/dists/gradle-3.5-all/exhrs6ca08n232b14ue48lbye/gradle-3.5/lib/plugins/gradle-scala-3.5.jar
7fa2170a4000-7fa2170b4000 r--s 00088000 08:07 5251804                    /home/sadiq/.gradle/wrapper/dists/gradle-3.5-all/exhrs6ca08n232b14ue48lbye/gradle-3.5/lib/plugins/joda-time-2.8.2.jar
7fa2170b4000-7fa2170c5000 r--s 0010d000 08:07 5251803                    /home/sadiq/.gradle/wrapper/dists/gradle-3.5-all/exhrs6ca08n232b14ue48lbye/gradle-3.5/lib/plugins/jackson-databind-2.6.6.jar
7fa2170c5000-7fa2170c8000 r--s 00009000 08:07 5251802                    /home/sadiq/.gradle/wrapper/dists/gradle-3.5-all/exhrs6ca08n232b14ue48lbye/gradle-3.5/lib/plugins/jackson-annotations-2.6.6.jar
7fa2170c8000-7fa2170cc000 r--s 0003c000 08:07 5251801                    /home/sadiq/.gradle/wrapper/dists/gradle-3.5-all/exhrs6ca08n232b14ue48lbye/gradle-3.5/lib/plugins/jackson-core-2.6.6.jar
7fa2170cc000-7fa2170da000 r--s 00087000 08:07 5251800                    /home/sadiq/.gradle/wrapper/dists/gradle-3.5-all/exhrs6ca08n232b14ue48lbye/gradle-3.5/lib/plugins/aws-java-sdk-core-1.11.6.jar
7fa2170da000-7fa2170e1000 r--s 00057000 08:07 5251799                    /home/sadiq/.gradle/wrapper/dists/gradle-3.5-all/exhrs6ca08n232b14ue48lbye/gradle-3.5/lib/plugins/aws-java-sdk-kms-1.11.6.jar
7fa2170e1000-7fa2170ee000 r--s 0008e000 08:07 5251798                    /home/sadiq/.gradle/wrapper/dists/gradle-3.5-all/exhrs6ca08n232b14ue48lbye/gradle-3.5/lib/plugins/aws-java-sdk-s3-1.11.6.jar
7fa2170ee000-7fa2170f0000 r--s 00004000 08:07 5251766                    /home/sadiq/.gradle/wrapper/dists/gradle-3.5-all/exhrs6ca08n232b14ue48lbye/gradle-3.5/lib/plugins/gradle-resources-s3-3.5.jar
7fa2170f0000-7fa2170f2000 r--s 0000f000 08:07 5251743                    /home/sadiq/.gradle/wrapper/dists/gradle-3.5-all/exhrs6ca08n232b14ue48lbye/gradle-3.5/lib/plugins/gradle-reporting-3.5.jar
7fa2170f2000-7fa2170f4000 r--s 00002000 08:07 5251744                    /home/sadiq/.gradle/wrapper/dists/gradle-3.5-all/exhrs6ca08n232b14ue48lbye/gradle-3.5/lib/plugins/gradle-publish-3.5.jar
7fa2170f4000-7fa2170f6000 r--s 00009000 08:07 5251773                    /home/sadiq/.gradle/wrapper/dists/gradle-3.5-all/exhrs6ca08n232b14ue48lbye/gradle-3.5/lib/plugins/commons-cli-1.2.jar
7fa2170f6000-7fa2170fc000 r--s 00035000 08:07 5251729                    /home/sadiq/.gradle/wrapper/dists/gradle-3.5-all/exhrs6ca08n232b14ue48lbye/gradle-3.5/lib/plugins/gradle-plugins-3.5.jar
7fa2170fc000-7fa217102000 r--s 0002b000 08:07 5251755                    /home/sadiq/.gradle/wrapper/dists/gradle-3.5-all/exhrs6ca08n232b14ue48lbye/gradle-3.5/lib/plugins/gradle-platform-play-3.5.jar
7fa217102000-7fa217110000 r--s 00056000 08:07 5251754                    /home/sadiq/.gradle/wrapper/dists/gradle-3.5-all/exhrs6ca08n232b14ue48lbye/gradle-3.5/lib/plugins/gradle-platform-native-3.5.jar
7fa217110000-7fa217138000 r--s 0021c000 08:07 5251781                    /home/sadiq/.gradle/wrapper/dists/gradle-3.5-all/exhrs6ca08n232b14ue48lbye/gradle-3.5/lib/plugins/biz.aQute.bndlib-3.2.0.jar
7fa217138000-7fa21714e000 r-xp 00000000 08:07 3805734                    /lib/x86_64-linux-gnu/libgcc_s.so.1
7fa21714e000-7fa21734d000 ---p 00016000 08:07 3805734                    /lib/x86_64-linux-gnu/libgcc_s.so.1
7fa21734d000-7fa21734e000 rw-p 00015000 08:07 3805734                    /lib/x86_64-linux-gnu/libgcc_s.so.1
7fa21734e000-7fa2174c0000 r-xp 00000000 08:07 4597219                    /usr/lib/x86_64-linux-gnu/libstdc++.so.6.0.21
7fa2174c0000-7fa2176c0000 ---p 00172000 08:07 4597219                    /usr/lib/x86_64-linux-gnu/libstdc++.so.6.0.21
7fa2176c0000-7fa2176ca000 r--p 00172000 08:07 4597219                    /usr/lib/x86_64-linux-gnu/libstdc++.so.6.0.21
7fa2176ca000-7fa2176cc000 rw-p 0017c000 08:07 4597219                    /usr/lib/x86_64-linux-gnu/libstdc++.so.6.0.21
7fa2176cc000-7fa2176d0000 rw-p 00000000 00:00 0 
7fa2176d0000-7fa2176d5000 r-xp 00000000 08:07 4856717                    /home/sadiq/.gradle/native/25/linux-amd64/libnative-platform.so
7fa2176d5000-7fa2178d4000 ---p 00005000 08:07 4856717                    /home/sadiq/.gradle/native/25/linux-amd64/libnative-platform.so
7fa2178d4000-7fa2178d5000 rw-p 00004000 08:07 4856717                    /home/sadiq/.gradle/native/25/linux-amd64/libnative-platform.so
7fa2178d5000-7fa2178e6000 r-xp 00000000 08:07 2883948                    /opt/android-studio/jre/jre/lib/amd64/libnio.so
7fa2178e6000-7fa217ae5000 ---p 00011000 08:07 2883948                    /opt/android-studio/jre/jre/lib/amd64/libnio.so
7fa217ae5000-7fa217ae6000 r--p 00010000 08:07 2883948                    /opt/android-studio/jre/jre/lib/amd64/libnio.so
7fa217ae6000-7fa217ae7000 rw-p 00011000 08:07 2883948                    /opt/android-studio/jre/jre/lib/amd64/libnio.so
7fa217ae7000-7fa217de8000 rw-p 00000000 00:00 0 
7fa217de8000-7fa217dff000 r-xp 00000000 08:07 2883946                    /opt/android-studio/jre/jre/lib/amd64/libnet.so
7fa217dff000-7fa217ffe000 ---p 00017000 08:07 2883946                    /opt/android-studio/jre/jre/lib/amd64/libnet.so
7fa217ffe000-7fa217fff000 r--p 00016000 08:07 2883946                    /opt/android-studio/jre/jre/lib/amd64/libnet.so
7fa217fff000-7fa218000000 rw-p 00017000 08:07 2883946                    /opt/android-studio/jre/jre/lib/amd64/libnet.so
7fa218000000-7fa218021000 rw-p 00000000 00:00 0 
7fa218021000-7fa21c000000 ---p 00000000 00:00 0 
7fa21c000000-7fa21c021000 rw-p 00000000 00:00 0 
7fa21c021000-7fa220000000 ---p 00000000 00:00 0 
7fa220000000-7fa2231b4000 rw-p 00000000 00:00 0 
7fa2231b4000-7fa224000000 ---p 00000000 00:00 0 
7fa224000000-7fa225144000 rw-p 00000000 00:00 0 
7fa225144000-7fa228000000 ---p 00000000 00:00 0 
7fa228000000-7fa228029000 rw-p 00000000 00:00 0 
7fa228029000-7fa22c000000 ---p 00000000 00:00 0 
7fa22c000000-7fa22f186000 rw-p 00000000 00:00 0 
7fa22f186000-7fa230000000 ---p 00000000 00:00 0 
7fa230000000-7fa230111000 rw-p 00000000 00:00 0 
7fa230111000-7fa234000000 ---p 00000000 00:00 0 
7fa234000000-7fa234523000 rw-p 00000000 00:00 0 
7fa234523000-7fa238000000 ---p 00000000 00:00 0 
7fa238000000-7fa238300000 rw-p 00000000 00:00 0 
7fa238300000-7fa23c000000 ---p 00000000 00:00 0 
7fa23c000000-7fa23c134000 rw-p 00000000 00:00 0 
7fa23c134000-7fa240000000 ---p 00000000 00:00 0 
7fa240000000-7fa240001000 r--s 00004000 08:07 5251765                    /home/sadiq/.gradle/wrapper/dists/gradle-3.5-all/exhrs6ca08n232b14ue48lbye/gradle-3.5/lib/plugins/gradle-resources-sftp-3.5.jar
7fa240001000-7fa240003000 r--s 00009000 08:07 5251762                    /home/sadiq/.gradle/wrapper/dists/gradle-3.5-all/exhrs6ca08n232b14ue48lbye/gradle-3.5/lib/plugins/gradle-plugin-development-3.5.jar
7fa240003000-7fa240007000 r--s 0001b000 08:07 5251749                    /home/sadiq/.gradle/wrapper/dists/gradle-3.5-all/exhrs6ca08n232b14ue48lbye/gradle-3.5/lib/plugins/gradle-platform-jvm-3.5.jar
7fa240007000-7fa24000e000 r--s 00028000 08:07 5251748                    /home/sadiq/.gradle/wrapper/dists/gradle-3.5-all/exhrs6ca08n232b14ue48lbye/gradle-3.5/lib/plugins/gradle-platform-base-3.5.jar
7fa24000e000-7fa240010000 r--s 00003000 08:07 5251733                    /home/sadiq/.gradle/wrapper/dists/gradle-3.5-all/exhrs6ca08n232b14ue48lbye/gradle-3.5/lib/plugins/gradle-osgi-3.5.jar
7fa240010000-7fa240013000 r--s 0000c000 08:07 5251784                    /home/sadiq/.gradle/wrapper/dists/gradle-3.5-all/exhrs6ca08n232b14ue48lbye/gradle-3.5/lib/plugins/pmaven-groovy-0.8-20100325.jar
7fa240013000-7fa240014000 r--s 00004000 08:07 5251783                    /home/sadiq/.gradle/wrapper/dists/gradle-3.5-all/exhrs6ca08n232b14ue48lbye/gradle-3.5/lib/plugins/pmaven-common-0.8-20100325.jar
7fa240014000-7fa240019000 r--s 00024000 08:07 5251734                    /home/sadiq/.gradle/wrapper/dists/gradle-3.5-all/exhrs6ca08n232b14ue48lbye/gradle-3.5/lib/plugins/gradle-maven-3.5.jar
7fa240019000-7fa24001c000 r--s 0000b000 08:07 5251753                    /home/sadiq/.gradle/wrapper/dists/gradle-3.5-all/exhrs6ca08n232b14ue48lbye/gradle-3.5/lib/plugins/gradle-language-scala-3.5.jar
7fa24001c000-7fa240022000 r--s 0001a000 08:07 5251757                    /home/sadiq/.gradle/wrapper/dists/gradle-3.5-all/exhrs6ca08n232b14ue48lbye/gradle-3.5/lib/plugins/gradle-language-native-3.5.jar
7fa240022000-7fa240024000 r--s 00006000 08:07 5251750                    /home/sadiq/.gradle/wrapper/dists/gradle-3.5-all/exhrs6ca08n232b14ue48lbye/gradle-3.5/lib/plugins/gradle-language-jvm-3.5.jar
7fa240024000-7fa24002b000 r--s 0002f000 08:07 5251751                    /home/sadiq/.gradle/wrapper/dists/gradle-3.5-all/exhrs6ca08n232b14ue48lbye/gradle-3.5/lib/plugins/gradle-language-java-3.5.jar
7fa24002b000-7fa24002d000 r--s 0000a000 08:07 5251752                    /home/sadiq/.gradle/wrapper/dists/gradle-3.5-all/exhrs6ca08n232b14ue48lbye/gradle-3.5/lib/plugins/gradle-language-groovy-3.5.jar
7fa24002d000-7fa240030000 r--s 0001e000 08:07 5251810                    /home/sadiq/.gradle/wrapper/dists/gradle-3.5-all/exhrs6ca08n232b14ue48lbye/gradle-3.5/lib/plugins/jsp-api-2.1-6.1.14.jar
7fa240030000-7fa240053000 r--s 00344000 08:07 5251809                    /home/sadiq/.gradle/wrapper/dists/gradle-3.5-all/exhrs6ca08n232b14ue48lbye/gradle-3.5/lib/plugins/core-3.1.1.jar
7fa240053000-7fa240054000 r--s 00006000 08:07 5251808                    /home/sadiq/.gradle/wrapper/dists/gradle-3.5-all/exhrs6ca08n232b14ue48lbye/gradle-3.5/lib/plugins/jetty-naming-6.1.26.jar
7fa240054000-7fa240055000 r--s 00002000 08:07 5251780                    /home/sadiq/.gradle/wrapper/dists/gradle-3.5-all/exhrs6ca08n232b14ue48lbye/gradle-3.5/lib/plugins/geronimo-annotation_1.0_spec-1.0.jar
7fa240055000-7fa240057000 r--s 00002000 08:07 5251779                    /home/sadiq/.gradle/wrapper/dists/gradle-3.5-all/exhrs6ca08n232b14ue48lbye/gradle-3.5/lib/plugins/jetty-annotations-6.1.26.jar
7fa240057000-7fa240068000 r--s 000ea000 08:07 5251778                    /home/sadiq/.gradle/wrapper/dists/gradle-3.5-all/exhrs6ca08n232b14ue48lbye/gradle-3.5/lib/plugins/jsp-2.1-6.1.14.jar
7fa240068000-7fa24006a000 r--s 0000d000 08:07 5251777                    /home/sadiq/.gradle/wrapper/dists/gradle-3.5-all/exhrs6ca08n232b14ue48lbye/gradle-3.5/lib/plugins/jetty-plus-6.1.26.jar
7fa24006a000-7fa24006c000 r--s 0001f000 08:07 5251776                    /home/sadiq/.gradle/wrapper/dists/gradle-3.5-all/exhrs6ca08n232b14ue48lbye/gradle-3.5/lib/plugins/servlet-api-2.5-20081211.jar
7fa24006c000-7fa240070000 r--s 00028000 08:07 5251775                    /home/sadiq/.gradle/wrapper/dists/gradle-3.5-all/exhrs6ca08n232b14ue48lbye/gradle-3.5/lib/plugins/jetty-util-6.1.26.jar
7fa240070000-7fa240077000 r--s 0007d000 08:07 5251774                    /home/sadiq/.gradle/wrapper/dists/gradle-3.5-all/exhrs6ca08n232b14ue48lbye/gradle-3.5/lib/plugins/jetty-6.1.26.jar
7fa240077000-7fa240079000 r--s 0000a000 08:07 5251731                    /home/sadiq/.gradle/wrapper/dists/gradle-3.5-all/exhrs6ca08n232b14ue48lbye/gradle-3.5/lib/plugins/gradle-jetty-3.5.jar
7fa240079000-7fa240080000 r--s 00035000 08:07 5251789                    /home/sadiq/.gradle/wrapper/dists/gradle-3.5-all/exhrs6ca08n232b14ue48lbye/gradle-3.5/lib/plugins/simple-4.1.21.jar
7fa240080000-7fa24008c000 r--s 00100000 08:07 5251787                    /home/sadiq/.gradle/wrapper/dists/gradle-3.5-all/exhrs6ca08n232b14ue48lbye/gradle-3.5/lib/plugins/rhino-1.7R3.jar
7fa24008c000-7fa240090000 r--s 00012000 08:07 5251740                    /home/sadiq/.gradle/wrapper/dists/gradle-3.5-all/exhrs6ca08n232b14ue48lbye/gradle-3.5/lib/plugins/gradle-javascript-3.5.jar
7fa240090000-7fa240093000 r--s 00011000 08:07 5251746                    /home/sadiq/.gradle/wrapper/dists/gradle-3.5-all/exhrs6ca08n232b14ue48lbye/gradle-3.5/lib/plugins/gradle-jacoco-3.5.jar
7fa240093000-7fa240096000 r--s 0000e000 08:07 5251745                    /home/sadiq/.gradle/wrapper/dists/gradle-3.5-all/exhrs6ca08n232b14ue48lbye/gradle-3.5/lib/plugins/gradle-ivy-3.5.jar
7fa240096000-7fa240097000 r--s 00002000 08:07 5251756                    /home/sadiq/.gradle/wrapper/dists/gradle-3.5-all/exhrs6ca08n232b14ue48lbye/gradle-3.5/lib/plugins/gradle-ide-play-3.5.jar
7fa240097000-7fa24009a000 r--s 00013000 08:07 5251758                    /home/sadiq/.gradle/wrapper/dists/gradle-3.5-all/exhrs6ca08n232b14ue48lbye/gradle-3.5/lib/plugins/gradle-ide-native-3.5.jar
7fa24009a000-7fa2400a4000 r--s 00056000 08:07 5251735                    /home/sadiq/.gradle/wrapper/dists/gradle-3.5-all/exhrs6ca08n232b14ue48lbye/gradle-3.5/lib/plugins/gradle-ide-3.5.jar
7fa2400a4000-7fa2400a6000 r--s 00007000 08:07 5251739                    /home/sadiq/.gradle/wrapper/dists/gradle-3.5-all/exhrs6ca08n232b14ue48lbye/gradle-3.5/lib/plugins/gradle-ear-3.5.jar
7fa2400a6000-7fa2400a8000 r--s 00005000 08:07 5251790                    /home/sadiq/.gradle/wrapper/dists/gradle-3.5-all/exhrs6ca08n232b14ue48lbye/gradle-3.5/lib/plugins/jatl-0.2.2.jar
7fa2400a8000-7fa2400ae000 r--s 00039000 08:07 5251742                    /home/sadiq/.gradle/wrapper/dists/gradle-3.5-all/exhrs6ca08n232b14ue48lbye/gradle-3.5/lib/plugins/gradle-diagnostics-3.5.jar
7fa2400ae000-7fa2400b0000 r--s 00009000 08:07 5251768                    /home/sadiq/.gradle/wrapper/dists/gradle-3.5-all/exhrs6ca08n232b14ue48lbye/gradle-3.5/lib/plugins/gradle-composite-builds-3.5.jar
7fa2400b0000-7fa2400b5000 r--s 00023000 08:07 5251730                    /home/sadiq/.gradle/wrapper/dists/gradle-3.5-all/exhrs6ca08n232b14ue48lbye/gradle-3.5/lib/plugins/gradle-code-quality-3.5.jar
7fa2400b5000-7fa2400ba000 r--s 00022000 08:07 5251747                    /home/sadiq/.gradle/wrapper/dists/gradle-3.5-all/exhrs6ca08n232b14ue48lbye/gradle-3.5/lib/plugins/gradle-build-init-3.5.jar
7fa2400ba000-7fa2400c0000 r--s 0008e000 08:07 5251741                    /home/sadiq/.gradle/wrapper/dists/gradle-3.5-all/exhrs6ca08n232b14ue48lbye/gradle-3.5/lib/plugins/gradle-build-comparison-3.5.jar
7fa2400c0000-7fa2400c1000 r--s 00002000 08:07 5251769                    /home/sadiq/.gradle/wrapper/dists/gradle-3.5-all/exhrs6ca08n232b14ue48lbye/gradle-3.5/lib/plugins/gradle-build-cache-http-3.5.jar
7fa2400c1000-7fa2400c3000 r--s 00008000 08:07 5251732                    /home/sadiq/.gradle/wrapper/dists/gradle-3.5-all/exhrs6ca08n232b14ue48lbye/gradle-3.5/lib/plugins/gradle-antlr-3.5.jar
7fa2400c3000-7fa2400c4000 r--s 00005000 08:07 5251736                    /home/sadiq/.gradle/wrapper/dists/gradle-3.5-all/exhrs6ca08n232b14ue48lbye/gradle-3.5/lib/plugins/gradle-announce-3.5.jar
7fa2400c4000-7fa2400cc000 r--s 00028000 08:07 5251839                    /home/sadiq/.gradle/wrapper/dists/gradle-3.5-all/exhrs6ca08n232b14ue48lbye/gradle-3.5/lib/plugins/xml-apis-1.3.04.jar
7fa2400cc000-7fa2400d2000 r--s 00033000 08:07 5251785                    /home/sadiq/.gradle/wrapper/dists/gradle-3.5-all/exhrs6ca08n232b14ue48lbye/gradle-3.5/lib/plugins/commons-codec-1.6.jar
7fa2400d2000-7fa2400d9000 r--s 00049000 08:07 5251838                    /home/sadiq/.gradle/wrapper/dists/gradle-3.5-all/exhrs6ca08n232b14ue48lbye/gradle-3.5/lib/plugins/httpcore-4.4.4.jar
7fa2400d9000-7fa2400dc000 r--s 0001c000 08:07 5251796                    /home/sadiq/.gradle/wrapper/dists/gradle-3.5-all/exhrs6ca08n232b14ue48lbye/gradle-3.5/lib/plugins/nekohtml-1.9.14.jar
7fa2400dc000-7fa2400f4000 r--s 00115000 08:07 5251795                    /home/sadiq/.gradle/wrapper/dists/gradle-3.5-all/exhrs6ca08n232b14ue48lbye/gradle-3.5/lib/plugins/xercesImpl-2.9.1.jar
7fa2400f4000-7fa2400fa000 r--s 0005b000 08:07 5251794                    /home/sadiq/.gradle/wrapper/dists/gradle-3.5-all/exhrs6ca08n232b14ue48lbye/gradle-3.5/lib/plugins/jcifs-1.3.17.jar
7fa2400fa000-7fa240107000 r--s 000a4000 08:07 5251793                    /home/sadiq/.gradle/wrapper/dists/gradle-3.5-all/exhrs6ca08n232b14ue48lbye/gradle-3.5/lib/plugins/httpclient-4.4.1.jar
7fa240107000-7fa24010a000 r--s 0000a000 08:07 5251764                    /home/sadiq/.gradle/wrapper/dists/gradle-3.5-all/exhrs6ca08n232b14ue48lbye/gradle-3.5/lib/plugins/gradle-resources-http-3.5.jar
7fa24010a000-7fa24010e000 r--s 00017000 08:07 5251763                    /home/sadiq/.gradle/wrapper/dists/gradle-3.5-all/exhrs6ca08n232b14ue48lbye/gradle-3.5/lib/plugins/gradle-plugin-use-3.5.jar
7fa24010e000-7fa24010f000 r--s 00000000 08:07 5251673                    /home/sadiq/.gradle/wrapper/dists/gradle-3.5-all/exhrs6ca08n232b14ue48lbye/gradle-3.5/lib/gradle-runtime-api-info-3.5.jar
7fa24010f000-7fa240110000 r--s 00000000 08:07 5251675                    /home/sadiq/.gradle/wrapper/dists/gradle-3.5-all/exhrs6ca08n232b14ue48lbye/gradle-3.5/lib/gradle-installation-beacon-3.5.jar
7fa240110000-7fa240112000 r--s 00006000 08:07 5251834                    /home/sadiq/.gradle/wrapper/dists/gradle-3.5-all/exhrs6ca08n232b14ue48lbye/gradle-3.5/lib/plugins/aether-connector-wagon-1.13.1.jar
7fa240112000-7fa240116000 r--s 0001c000 08:07 5251833                    /home/sadiq/.gradle/wrapper/dists/gradle-3.5-all/exhrs6ca08n232b14ue48lbye/gradle-3.5/lib/plugins/aether-util-1.13.1.jar
7fa240116000-7fa240117000 r--s 00003000 08:07 5251832                    /home/sadiq/.gradle/wrapper/dists/gradle-3.5-all/exhrs6ca08n232b14ue48lbye/gradle-3.5/lib/plugins/aether-spi-1.13.1.jar
7fa240117000-7fa24011a000 r--s 0001d000 08:07 5251831                    /home/sadiq/.gradle/wrapper/dists/gradle-3.5-all/exhrs6ca08n232b14ue48lbye/gradle-3.5/lib/plugins/aether-impl-1.13.1.jar
7fa24011a000-7fa24011d000 r--s 00013000 08:07 5251830                    /home/sadiq/.gradle/wrapper/dists/gradle-3.5-all/exhrs6ca08n232b14ue48lbye/gradle-3.5/lib/plugins/aether-api-1.13.1.jar
7fa24011d000-7fa24011e000 r--s 00007000 08:07 5251829                    /home/sadiq/.gradle/wrapper/dists/gradle-3.5-all/exhrs6ca08n232b14ue48lbye/gradle-3.5/lib/plugins/wagon-http-shared4-2.4.jar
7fa24011e000-7fa240120000 r--s 0000b000 08:07 5251828                    /home/sadiq/.gradle/wrapper/dists/gradle-3.5-all/exhrs6ca08n232b14ue48lbye/gradle-3.5/lib/plugins/wagon-provider-api-2.4.jar
7fa240120000-7fa240121000 r--s 00002000 08:07 5251827                    /home/sadiq/.gradle/wrapper/dists/gradle-3.5-all/exhrs6ca08n232b14ue48lbye/gradle-3.5/lib/plugins/wagon-http-2.4.jar
7fa240121000-7fa240122000 r--s 00002000 08:07 5251826                    /home/sadiq/.gradle/wrapper/dists/gradle-3.5-all/exhrs6ca08n232b14ue48lbye/gradle-3.5/lib/plugins/wagon-file-2.4.jar
7fa240122000-7fa240124000 r--s 0000c000 08:07 5251825                    /home/sadiq/.gradle/wrapper/dists/gradle-3.5-all/exhrs6ca08n232b14ue48lbye/gradle-3.5/lib/plugins/maven-aether-provider-3.0.4.jar
7fa240124000-7fa240126000 r--s 0000b000 08:07 5251824                    /home/sadiq/.gradle/wrapper/dists/gradle-3.5-all/exhrs6ca08n232b14ue48lbye/gradle-3.5/lib/plugins/maven-plugin-api-3.0.4.jar
7fa240126000-7fa240128000 r--s 00006000 08:07 5251823                    /home/sadiq/.gradle/wrapper/dists/gradle-3.5-all/exhrs6ca08n232b14ue48lbye/gradle-3.5/lib/plugins/maven-repository-metadata-3.0.4.jar
7fa240128000-7fa24012a000 r--s 0000b000 08:07 5251822                    /home/sadiq/.gradle/wrapper/dists/gradle-3.5-all/exhrs6ca08n232b14ue48lbye/gradle-3.5/lib/plugins/maven-artifact-3.0.4.jar
7fa24012a000-7fa24012c000 r--s 00026000 08:07 5251821                    /home/sadiq/.gradle/wrapper/dists/gradle-3.5-all/exhrs6ca08n232b14ue48lbye/gradle-3.5/lib/plugins/maven-model-3.0.4.jar
7fa24012c000-7fa240130000 r--s 00021000 08:07 5251820                    /home/sadiq/.gradle/wrapper/dists/gradle-3.5-all/exhrs6ca08n232b14ue48lbye/gradle-3.5/lib/plugins/maven-model-builder-3.0.4.jar
7fa240130000-7fa240136000 r--s 0003f000 08:07 5251819                    /home/sadiq/.gradle/wrapper/dists/gradle-3.5-all/exhrs6ca08n232b14ue48lbye/gradle-3.5/lib/plugins/maven-compat-3.0.4.jar
7fa240136000-7fa240138000 r--s 00002000 08:07 5251817                    /home/sadiq/.gradle/wrapper/dists/gradle-3.5-all/exhrs6ca08n232b14ue48lbye/gradle-3.5/lib/plugins/plexus-cipher-1.7.jar
7fa240138000-7fa24013a000 r--s 0000a000 08:07 5251816                    /home/sadiq/.gradle/wrapper/dists/gradle-3.5-all/exhrs6ca08n232b14ue48lbye/gradle-3.5/lib/plugins/plexus-classworlds-2.4.jar
7fa24013a000-7fa240141000 r--s 0002e000 08:07 5251815                    /home/sadiq/.gradle/wrapper/dists/gradle-3.5-all/exhrs6ca08n232b14ue48lbye/gradle-3.5/lib/plugins/plexus-container-default-1.5.5.jar
7fa240141000-7fa240143000 r--s 00000000 08:07 5251840                    /home/sadiq/.gradle/wrapper/dists/gradle-3.5-all/exhrs6ca08n232b14ue48lbye/gradle-3.5/lib/plugins/plexus-component-annotations-1.5.5.jar
7fa240143000-7fa240145000 r--s 0000d000 08:07 5251814                    /home/sadiq/.gradle/wrapper/dists/gradle-3.5-all/exhrs6ca08n232b14ue48lbye/gradle-3.5/lib/plugins/plexus-interpolation-1.14.jar
7fa240145000-7fa240149000 r--s 00033000 08:07 5251813                    /home/sadiq/.gradle/wrapper/dists/gradle-3.5-all/exhrs6ca08n232b14ue48lbye/gradle-3.5/lib/plugins/plexus-utils-2.0.6.jar
7fa240149000-7fa24014c000 r--s 00008000 08:07 5251812                    /home/sadiq/.gradle/wrapper/dists/gradle-3.5-all/exhrs6ca08n232b14ue48lbye/gradle-3.5/lib/plugins/maven-settings-builder-3.0.4.jar
7fa24014c000-7fa24014e000 r--s 0000a000 08:07 5251811                    /home/sadiq/.gradle/wrapper/dists/gradle-3.5-all/exhrs6ca08n232b14ue48lbye/gradle-3.5/lib/plugins/maven-settings-3.0.4.jar
7fa24014e000-7fa240153000 r--s 00040000 08:07 5251797                    /home/sadiq/.gradle/wrapper/dists/gradle-3.5-all/exhrs6ca08n232b14ue48lbye/gradle-3.5/lib/plugins/jsch-0.1.54.jar
7fa240153000-7fa240193000 r--s 00277000 08:07 5251807                    /home/sadiq/.gradle/wrapper/dists/gradle-3.5-all/exhrs6ca08n232b14ue48lbye/gradle-3.5/lib/plugins/bcprov-jdk15on-1.51.jar
7fa240193000-7fa240197000 r--s 0001d000 08:07 5251806                    /home/sadiq/.gradle/wrapper/dists/gradle-3.5-all/exhrs6ca08n232b14ue48lbye/gradle-3.5/lib/plugins/xbean-reflect-3.4.jar
7fa240197000-7fa2401a3000 r--s 0007d000 08:07 5251782                    /home/sadiq/.gradle/wrapper/dists/gradle-3.5-all/exhrs6ca08n232b14ue48lbye/gradle-3.5/lib/plugins/maven-core-3.0.4.jar
7fa2401a3000-7fa2401a8000 r--s 00034000 08:07 5251788                    /home/sadiq/.gradle/wrapper/dists/gradle-3.5-all/exhrs6ca08n232b14ue48lbye/gradle-3.5/lib/plugins/gson-2.7.jar
7fa2401a8000-7fa2401b7000 r--s 000d9000 08:07 5251805                    /home/sadiq/.gradle/wrapper/dists/gradle-3.5-all/exhrs6ca08n232b14ue48lbye/gradle-3.5/lib/plugins/ivy-2.2.0.jar
7fa2401b7000-7fa2401d8000 r--s 00106000 08:07 5251771                    /home/sadiq/.gradle/wrapper/dists/gradle-3.5-all/exhrs6ca08n232b14ue48lbye/gradle-3.5/lib/plugins/gradle-dependency-management-3.5.jar
7fa2401d8000-7fa2401da000 r--s 00007000 08:07 5251770                    /home/sadiq/.gradle/wrapper/dists/gradle-3.5-all/exhrs6ca08n232b14ue48lbye/gradle-3.5/lib/plugins/gradle-workers-3.5.jar
7fa2401da000-7fa2401e8000 r--s 00043000 08:07 5251681                    /home/sadiq/.gradle/wrapper/dists/gradle-3.5-all/exhrs6ca08n232b14ue48lbye/gradle-3.5/lib/gradle-tooling-api-3.5.jar
7fa2401e8000-7fa2401ee000 r--s 00032000 08:07 5251704                    /home/sadiq/.gradle/wrapper/dists/gradle-3.5-all/exhrs6ca08n232b14ue48lbye/gradle-3.5/lib/jaxen-1.1.jar
7fa2401ee000-7fa2401f3000 r--s 00048000 08:07 5251703                    /home/sadiq/.gradle/wrapper/dists/gradle-3.5-all/exhrs6ca08n232b14ue48lbye/gradle-3.5/lib/dom4j-1.6.1.jar
7fa2401f3000-7fa24022a000 r--s 00284000 08:07 5251670                    /home/sadiq/.gradle/wrapper/dists/gradle-3.5-all/exhrs6ca08n232b14ue48lbye/gradle-3.5/lib/kotlin-reflect-1.1.0.jar
7fa24022a000-7fa2403ef000 r--s 017fb000 08:07 5251669                    /home/sadiq/.gradle/wrapper/dists/gradle-3.5-all/exhrs6ca08n232b14ue48lbye/gradle-3.5/lib/kotlin-compiler-embeddable-1.1.0.jar
7fa2403ef000-7fa2403f0000 ---p 00000000 00:00 0 
7fa2403f0000-7fa2404f0000 rw-p 00000000 00:00 0 
7fa2404f0000-7fa2404f3000 ---p 00000000 00:00 0 
7fa2404f3000-7fa2405f1000 rw-p 00000000 00:00 0 
7fa2405f1000-7fa241000000 r--p 00000000 08:07 4594996                    /usr/lib/locale/locale-archive (deleted)
7fa241000000-7fa244000000 rw-p 00000000 00:00 0 
7fa244000000-7fa244022000 rw-p 00000000 00:00 0 
7fa244022000-7fa248000000 ---p 00000000 00:00 0 
7fa248000000-7fa248042000 rw-p 00000000 00:00 0 
7fa248042000-7fa24c000000 ---p 00000000 00:00 0 
7fa24c000000-7fa24c11f000 rw-p 00000000 00:00 0 
7fa24c11f000-7fa250000000 ---p 00000000 00:00 0 
7fa250000000-7fa250001000 r--s 00006000 08:07 5251818                    /home/sadiq/.gradle/wrapper/dists/gradle-3.5-all/exhrs6ca08n232b14ue48lbye/gradle-3.5/lib/plugins/plexus-sec-dispatcher-1.3.jar
7fa250001000-7fa250002000 r--s 00006000 08:07 5251674                    /home/sadiq/.gradle/wrapper/dists/gradle-3.5-all/exhrs6ca08n232b14ue48lbye/gradle-3.5/lib/gradle-wrapper-3.5.jar
7fa250002000-7fa250004000 r--s 00002000 08:07 5251702                    /home/sadiq/.gradle/wrapper/dists/gradle-3.5-all/exhrs6ca08n232b14ue48lbye/gradle-3.5/lib/gradle-open-api-3.5.jar
7fa250004000-7fa25000f000 r--s 00059000 08:07 5251680                    /home/sadiq/.gradle/wrapper/dists/gradle-3.5-all/exhrs6ca08n232b14ue48lbye/gradle-3.5/lib/gradle-ui-3.5.jar
7fa25000f000-7fa25001d000 r--s 000cb000 08:07 5251671                    /home/sadiq/.gradle/wrapper/dists/gradle-3.5-all/exhrs6ca08n232b14ue48lbye/gradle-3.5/lib/kotlin-stdlib-1.1.0.jar
7fa25001d000-7fa25001f000 r--s 00003000 08:07 5251667                    /home/sadiq/.gradle/wrapper/dists/gradle-3.5-all/exhrs6ca08n232b14ue48lbye/gradle-3.5/lib/annotations-13.0.jar
7fa25001f000-7fa250027000 r--s 00055000 08:07 5251668                    /home/sadiq/.gradle/wrapper/dists/gradle-3.5-all/exhrs6ca08n232b14ue48lbye/gradle-3.5/lib/gradle-script-kotlin-0.8.0.jar
7fa250027000-7fa25002a000 r--s 0000b000 08:07 5251690                    /home/sadiq/.gradle/wrapper/dists/gradle-3.5-all/exhrs6ca08n232b14ue48lbye/gradle-3.5/lib/gradle-resources-3.5.jar
7fa25002a000-7fa25002c000 r--s 00005000 08:07 5251679                    /home/sadiq/.gradle/wrapper/dists/gradle-3.5-all/exhrs6ca08n232b14ue48lbye/gradle-3.5/lib/gradle-cli-3.5.jar
7fa25002c000-7fa25002e000 r--s 00003000 08:07 5251708                    /home/sadiq/.gradle/wrapper/dists/gradle-3.5-all/exhrs6ca08n232b14ue48lbye/gradle-3.5/lib/jcl-over-slf4j-1.7.10.jar
7fa25002e000-7fa25002f000 r--s 00005000 08:07 5251707                    /home/sadiq/.gradle/wrapper/dists/gradle-3.5-all/exhrs6ca08n232b14ue48lbye/gradle-3.5/lib/log4j-over-slf4j-1.7.10.jar
7fa25002f000-7fa250031000 r--s 00000000 08:07 5251706                    /home/sadiq/.gradle/wrapper/dists/gradle-3.5-all/exhrs6ca08n232b14ue48lbye/gradle-3.5/lib/jul-to-slf4j-1.7.10.jar
7fa250031000-7fa250038000 r--s 00027000 08:07 5251683                    /home/sadiq/.gradle/wrapper/dists/gradle-3.5-all/exhrs6ca08n232b14ue48lbye/gradle-3.5/lib/gradle-logging-3.5.jar
7fa250038000-7fa250047000 r--s 0007f000 08:07 5251691                    /home/sadiq/.gradle/wrapper/dists/gradle-3.5-all/exhrs6ca08n232b14ue48lbye/gradle-3.5/lib/gradle-model-core-3.5.jar
7fa250047000-7fa250049000 r--s 00006000 08:07 5251688                    /home/sadiq/.gradle/wrapper/dists/gradle-3.5-all/exhrs6ca08n232b14ue48lbye/gradle-3.5/lib/gradle-base-services-groovy-3.5.jar
7fa250049000-7fa25004b000 r--s 00007000 08:07 5251696                    /home/sadiq/.gradle/wrapper/dists/gradle-3.5-all/exhrs6ca08n232b14ue48lbye/gradle-3.5/lib/gradle-model-groovy-3.5.jar
7fa25004b000-7fa25004c000 r--s 00002000 08:07 5251701                    /home/sadiq/.gradle/wrapper/dists/gradle-3.5-all/exhrs6ca08n232b14ue48lbye/gradle-3.5/lib/gradle-docs-3.5.jar
7fa25004c000-7fa25004d000 r--s 00000000 08:07 5251699                    /home/sadiq/.gradle/wrapper/dists/gradle-3.5-all/exhrs6ca08n232b14ue48lbye/gradle-3.5/lib/jcip-annotations-1.0.jar
7fa25004d000-7fa25005a000 r--s 00083000 08:07 5251697                    /home/sadiq/.gradle/wrapper/dists/gradle-3.5-all/exhrs6ca08n232b14ue48lbye/gradle-3.5/lib/commons-collections-3.2.2.jar
7fa25005a000-7fa25005b000 r--s 00000000 08:07 5251695                    /home/sadiq/.gradle/wrapper/dists/gradle-3.5-all/exhrs6ca08n232b14ue48lbye/gradle-3.5/lib/javax.inject-1.jar
7fa25005b000-7fa2500cb000 r--s 00645000 08:07 5251692                    /home/sadiq/.gradle/wrapper/dists/gradle-3.5-all/exhrs6ca08n232b14ue48lbye/gradle-3.5/lib/groovy-all-2.4.10.jar
7fa2500cb000-7fa2500cc000 r--s 00001000 08:07 5251724                    /home/sadiq/.gradle/wrapper/dists/gradle-3.5-all/exhrs6ca08n232b14ue48lbye/gradle-3.5/lib/native-platform-linux-i386-ncurses6-0.14.jar
7fa2500cc000-7fa2500cd000 r--s 00001000 08:07 5251723                    /home/sadiq/.gradle/wrapper/dists/gradle-3.5-all/exhrs6ca08n232b14ue48lbye/gradle-3.5/lib/native-platform-linux-i386-ncurses5-0.14.jar
7fa2500cd000-7fa2500ce000 r--s 00001000 08:07 5251722                    /home/sadiq/.gradle/wrapper/dists/gradle-3.5-all/exhrs6ca08n232b14ue48lbye/gradle-3.5/lib/native-platform-linux-amd64-ncurses6-0.14.jar
7fa2500ce000-7fa2500cf000 r--s 00001000 08:07 5251721                    /home/sadiq/.gradle/wrapper/dists/gradle-3.5-all/exhrs6ca08n232b14ue48lbye/gradle-3.5/lib/native-platform-linux-amd64-ncurses5-0.14.jar
7fa2500cf000-7fa2500d0000 r--s 0000b000 08:07 5251720                    /home/sadiq/.gradle/wrapper/dists/gradle-3.5-all/exhrs6ca08n232b14ue48lbye/gradle-3.5/lib/native-platform-windows-i386-0.14.jar
7fa2500d0000-7fa2500d2000 r--s 0000b000 08:07 5251719                    /home/sadiq/.gradle/wrapper/dists/gradle-3.5-all/exhrs6ca08n232b14ue48lbye/gradle-3.5/lib/native-platform-windows-amd64-0.14.jar
7fa2500d2000-7fa2500d3000 r--s 00003000 08:07 5251718                    /home/sadiq/.gradle/wrapper/dists/gradle-3.5-all/exhrs6ca08n232b14ue48lbye/gradle-3.5/lib/native-platform-osx-i386-0.14.jar
7fa2500d3000-7fa2500d5000 r--s 00002000 08:07 5251717                    /home/sadiq/.gradle/wrapper/dists/gradle-3.5-all/exhrs6ca08n232b14ue48lbye/gradle-3.5/lib/native-platform-osx-amd64-0.14.jar
7fa2500d5000-7fa2500d6000 r--s 00002000 08:07 5251716                    /home/sadiq/.gradle/wrapper/dists/gradle-3.5-all/exhrs6ca08n232b14ue48lbye/gradle-3.5/lib/native-platform-linux-i386-0.14.jar
7fa2500d6000-7fa2500d7000 r--s 00002000 08:07 5251715                    /home/sadiq/.gradle/wrapper/dists/gradle-3.5-all/exhrs6ca08n232b14ue48lbye/gradle-3.5/lib/native-platform-linux-amd64-0.14.jar
7fa2500d7000-7fa2500d8000 r--s 00003000 08:07 5251714                    /home/sadiq/.gradle/wrapper/dists/gradle-3.5-all/exhrs6ca08n232b14ue48lbye/gradle-3.5/lib/native-platform-freebsd-i386-libstdcpp-0.14.jar
7fa2500d8000-7fa2500d9000 r--s 00004000 08:07 5251713                    /home/sadiq/.gradle/wrapper/dists/gradle-3.5-all/exhrs6ca08n232b14ue48lbye/gradle-3.5/lib/native-platform-freebsd-i386-libcpp-0.14.jar
7fa2500d9000-7fa2500da000 r--s 00004000 08:07 5251712                    /home/sadiq/.gradle/wrapper/dists/gradle-3.5-all/exhrs6ca08n232b14ue48lbye/gradle-3.5/lib/native-platform-freebsd-amd64-libstdcpp-0.14.jar
7fa2500da000-7fa2500dd000 r--s 00023000 08:07 5251705                    /home/sadiq/.gradle/wrapper/dists/gradle-3.5-all/exhrs6ca08n232b14ue48lbye/gradle-3.5/lib/jansi-1.14.jar
7fa2500dd000-7fa2500e1000 r--s 00027000 08:07 5251698                    /home/sadiq/.gradle/wrapper/dists/gradle-3.5-all/exhrs6ca08n232b14ue48lbye/gradle-3.5/lib/commons-io-2.2.jar
7fa2500e1000-7fa2500e5000 r--s 00012000 08:07 5251700                    /home/sadiq/.gradle/wrapper/dists/gradle-3.5-all/exhrs6ca08n232b14ue48lbye/gradle-3.5/lib/native-platform-0.14.jar
7fa2500e5000-7fa2500e8000 r--s 0000c000 08:07 5251682                    /home/sadiq/.gradle/wrapper/dists/gradle-3.5-all/exhrs6ca08n232b14ue48lbye/gradle-3.5/lib/gradle-native-3.5.jar
7fa2500e8000-7fa2500ea000 r--s 00007000 08:07 5251727                    /home/sadiq/.gradle/wrapper/dists/gradle-3.5-all/exhrs6ca08n232b14ue48lbye/gradle-3.5/lib/objenesis-1.2.jar
7fa2500ea000-7fa2500ec000 r--s 00000000 08:07 5251726                    /home/sadiq/.gradle/wrapper/dists/gradle-3.5-all/exhrs6ca08n232b14ue48lbye/gradle-3.5/lib/minlog-1.2.jar
7fa2500ec000-7fa2500f1000 r--s 00038000 08:07 5251693                    /home/sadiq/.gradle/wrapper/dists/gradle-3.5-all/exhrs6ca08n232b14ue48lbye/gradle-3.5/lib/asm-all-5.1.jar
7fa2500f1000-7fa2500f4000 ---p 00000000 00:00 0 
7fa2500f4000-7fa2501f2000 rw-p 00000000 00:00 0 
7fa2501f2000-7fa2501f5000 ---p 00000000 00:00 0 
7fa2501f5000-7fa2502f3000 rw-p 00000000 00:00 0 
7fa2502f3000-7fa2502f6000 ---p 00000000 00:00 0 
7fa2502f6000-7fa2503f4000 rw-p 00000000 00:00 0 
7fa2503f4000-7fa2503f7000 ---p 00000000 00:00 0 
7fa2503f7000-7fa2504f5000 rw-p 00000000 00:00 0 
7fa2504f5000-7fa2504f8000 ---p 00000000 00:00 0 
7fa2504f8000-7fa2505f6000 rw-p 00000000 00:00 0 
7fa2505f6000-7fa2505f9000 ---p 00000000 00:00 0 
7fa2505f9000-7fa2506f7000 rw-p 00000000 00:00 0 
7fa2506f7000-7fa2506f8000 ---p 00000000 00:00 0 
7fa2506f8000-7fa251000000 rw-p 00000000 00:00 0 
7fa251000000-7fa2552f0000 rwxp 00000000 00:00 0 
7fa2552f0000-7fa260000000 ---p 00000000 00:00 0 
7fa260000000-7fa260e33000 rw-p 00000000 00:00 0 
7fa260e33000-7fa264000000 ---p 00000000 00:00 0 
7fa264000000-7fa264002000 r--s 0000f000 08:07 5251725                    /home/sadiq/.gradle/wrapper/dists/gradle-3.5-all/exhrs6ca08n232b14ue48lbye/gradle-3.5/lib/reflectasm-1.07-shaded.jar
7fa264002000-7fa26402a000 r--s 001cf000 08:07 5251685                    /home/sadiq/.gradle/wrapper/dists/gradle-3.5-all/exhrs6ca08n232b14ue48lbye/gradle-3.5/lib/guava-jdk5-17.0.jar
7fa26402a000-7fa264049000 r--s 001d1000 08:07 5251694                    /home/sadiq/.gradle/wrapper/dists/gradle-3.5-all/exhrs6ca08n232b14ue48lbye/gradle-3.5/lib/ant-1.9.6.jar
7fa264049000-7fa26408b000 r--s 00220000 08:07 5251678                    /home/sadiq/.gradle/wrapper/dists/gradle-3.5-all/exhrs6ca08n232b14ue48lbye/gradle-3.5/lib/gradle-core-3.5.jar
7fa26408b000-7fa264864000 rw-p 00000000 00:00 0 
7fa264864000-7fa264a33000 r--s 03c1b000 08:07 2883916                    /opt/android-studio/jre/jre/lib/rt.jar
7fa264a33000-7fa2655a9000 rw-p 00000000 00:00 0 
7fa2655a9000-7fa2655aa000 ---p 00000000 00:00 0 
7fa2655aa000-7fa2656aa000 rw-p 00000000 00:00 0 
7fa2656aa000-7fa2656ab000 ---p 00000000 00:00 0 
7fa2656ab000-7fa2657ab000 rw-p 00000000 00:00 0 
7fa2657ab000-7fa2657ac000 ---p 00000000 00:00 0 
7fa2657ac000-7fa2658ac000 rw-p 00000000 00:00 0 
7fa2658ac000-7fa2658ad000 ---p 00000000 00:00 0 
7fa2658ad000-7fa265a6f000 rw-p 00000000 00:00 0 
7fa265a6f000-7fa265bad000 ---p 00000000 00:00 0 
7fa265bad000-7fa265c6f000 rw-p 00000000 00:00 0 
7fa265c6f000-7fa265dad000 ---p 00000000 00:00 0 
7fa265dad000-7fa265ead000 rw-p 00000000 00:00 0 
7fa265ead000-7fa265fba000 rw-p 00000000 00:00 0 
7fa265fba000-7fa26626e000 ---p 00000000 00:00 0 
7fa26626e000-7fa266288000 r-xp 00000000 08:07 2883943                    /opt/android-studio/jre/jre/lib/amd64/libzip.so
7fa266288000-7fa266488000 ---p 0001a000 08:07 2883943                    /opt/android-studio/jre/jre/lib/amd64/libzip.so
7fa266488000-7fa266489000 r--p 0001a000 08:07 2883943                    /opt/android-studio/jre/jre/lib/amd64/libzip.so
7fa266489000-7fa26648a000 rw-p 0001b000 08:07 2883943                    /opt/android-studio/jre/jre/lib/amd64/libzip.so
7fa26648a000-7fa266495000 r-xp 00000000 08:07 3801178                    /lib/x86_64-linux-gnu/libnss_files-2.23.so
7fa266495000-7fa266694000 ---p 0000b000 08:07 3801178                    /lib/x86_64-linux-gnu/libnss_files-2.23.so
7fa266694000-7fa266695000 r--p 0000a000 08:07 3801178                    /lib/x86_64-linux-gnu/libnss_files-2.23.so
7fa266695000-7fa266696000 rw-p 0000b000 08:07 3801178                    /lib/x86_64-linux-gnu/libnss_files-2.23.so
7fa266696000-7fa26669c000 rw-p 00000000 00:00 0 
7fa26669c000-7fa2666a7000 r-xp 00000000 08:07 3801171                    /lib/x86_64-linux-gnu/libnss_nis-2.23.so
7fa2666a7000-7fa2668a6000 ---p 0000b000 08:07 3801171                    /lib/x86_64-linux-gnu/libnss_nis-2.23.so
7fa2668a6000-7fa2668a7000 r--p 0000a000 08:07 3801171                    /lib/x86_64-linux-gnu/libnss_nis-2.23.so
7fa2668a7000-7fa2668a8000 rw-p 0000b000 08:07 3801171                    /lib/x86_64-linux-gnu/libnss_nis-2.23.so
7fa2668a8000-7fa2668be000 r-xp 00000000 08:07 3801173                    /lib/x86_64-linux-gnu/libnsl-2.23.so
7fa2668be000-7fa266abd000 ---p 00016000 08:07 3801173                    /lib/x86_64-linux-gnu/libnsl-2.23.so
7fa266abd000-7fa266abe000 r--p 00015000 08:07 3801173                    /lib/x86_64-linux-gnu/libnsl-2.23.so
7fa266abe000-7fa266abf000 rw-p 00016000 08:07 3801173                    /lib/x86_64-linux-gnu/libnsl-2.23.so
7fa266abf000-7fa266ac1000 rw-p 00000000 00:00 0 
7fa266ac1000-7fa266ac9000 r-xp 00000000 08:07 3801180                    /lib/x86_64-linux-gnu/libnss_compat-2.23.so
7fa266ac9000-7fa266cc8000 ---p 00008000 08:07 3801180                    /lib/x86_64-linux-gnu/libnss_compat-2.23.so
7fa266cc8000-7fa266cc9000 r--p 00007000 08:07 3801180                    /lib/x86_64-linux-gnu/libnss_compat-2.23.so
7fa266cc9000-7fa266cca000 rw-p 00008000 08:07 3801180                    /lib/x86_64-linux-gnu/libnss_compat-2.23.so
7fa266cca000-7fa266cf7000 r-xp 00000000 08:07 2883953                    /opt/android-studio/jre/jre/lib/amd64/libjava.so
7fa266cf7000-7fa266ef6000 ---p 0002d000 08:07 2883953                    /opt/android-studio/jre/jre/lib/amd64/libjava.so
7fa266ef6000-7fa266ef7000 r--p 0002c000 08:07 2883953                    /opt/android-studio/jre/jre/lib/amd64/libjava.so
7fa266ef7000-7fa266ef9000 rw-p 0002d000 08:07 2883953                    /opt/android-studio/jre/jre/lib/amd64/libjava.so
7fa266ef9000-7fa266f09000 r-xp 00000000 08:07 2883969                    /opt/android-studio/jre/jre/lib/amd64/libverify.so
7fa266f09000-7fa267108000 ---p 00010000 08:07 2883969                    /opt/android-studio/jre/jre/lib/amd64/libverify.so
7fa267108000-7fa26710a000 r--p 0000f000 08:07 2883969                    /opt/android-studio/jre/jre/lib/amd64/libverify.so
7fa26710a000-7fa26710b000 rw-p 00011000 08:07 2883969                    /opt/android-studio/jre/jre/lib/amd64/libverify.so
7fa26710b000-7fa267112000 r-xp 00000000 08:07 3801181                    /lib/x86_64-linux-gnu/librt-2.23.so
7fa267112000-7fa267311000 ---p 00007000 08:07 3801181                    /lib/x86_64-linux-gnu/librt-2.23.so
7fa267311000-7fa267312000 r--p 00006000 08:07 3801181                    /lib/x86_64-linux-gnu/librt-2.23.so
7fa267312000-7fa267313000 rw-p 00007000 08:07 3801181                    /lib/x86_64-linux-gnu/librt-2.23.so
7fa267313000-7fa26741b000 r-xp 00000000 08:07 3801172                    /lib/x86_64-linux-gnu/libm-2.23.so
7fa26741b000-7fa26761a000 ---p 00108000 08:07 3801172                    /lib/x86_64-linux-gnu/libm-2.23.so
7fa26761a000-7fa26761b000 r--p 00107000 08:07 3801172                    /lib/x86_64-linux-gnu/libm-2.23.so
7fa26761b000-7fa26761c000 rw-p 00108000 08:07 3801172                    /lib/x86_64-linux-gnu/libm-2.23.so
7fa26761c000-7fa26820d000 r-xp 00000000 08:07 2883973                    /opt/android-studio/jre/jre/lib/amd64/server/libjvm.so
7fa26820d000-7fa26840d000 ---p 00bf1000 08:07 2883973                    /opt/android-studio/jre/jre/lib/amd64/server/libjvm.so
7fa26840d000-7fa2684ac000 r--p 00bf1000 08:07 2883973                    /opt/android-studio/jre/jre/lib/amd64/server/libjvm.so
7fa2684ac000-7fa2684d5000 rw-p 00c90000 08:07 2883973                    /opt/android-studio/jre/jre/lib/amd64/server/libjvm.so
7fa2684d5000-7fa268519000 rw-p 00000000 00:00 0 
7fa268519000-7fa268531000 r-xp 00000000 08:07 3801185                    /lib/x86_64-linux-gnu/libpthread-2.23.so
7fa268531000-7fa268730000 ---p 00018000 08:07 3801185                    /lib/x86_64-linux-gnu/libpthread-2.23.so
7fa268730000-7fa268731000 r--p 00017000 08:07 3801185                    /lib/x86_64-linux-gnu/libpthread-2.23.so
7fa268731000-7fa268732000 rw-p 00018000 08:07 3801185                    /lib/x86_64-linux-gnu/libpthread-2.23.so
7fa268732000-7fa268736000 rw-p 00000000 00:00 0 
7fa268736000-7fa268739000 r-xp 00000000 08:07 3801113                    /lib/x86_64-linux-gnu/libdl-2.23.so
7fa268739000-7fa268938000 ---p 00003000 08:07 3801113                    /lib/x86_64-linux-gnu/libdl-2.23.so
7fa268938000-7fa268939000 r--p 00002000 08:07 3801113                    /lib/x86_64-linux-gnu/libdl-2.23.so
7fa268939000-7fa26893a000 rw-p 00003000 08:07 3801113                    /lib/x86_64-linux-gnu/libdl-2.23.so
7fa26893a000-7fa268af9000 r-xp 00000000 08:07 3801174                    /lib/x86_64-linux-gnu/libc-2.23.so
7fa268af9000-7fa268cf9000 ---p 001bf000 08:07 3801174                    /lib/x86_64-linux-gnu/libc-2.23.so
7fa268cf9000-7fa268cfd000 r--p 001bf000 08:07 3801174                    /lib/x86_64-linux-gnu/libc-2.23.so
7fa268cfd000-7fa268cff000 rw-p 001c3000 08:07 3801174                    /lib/x86_64-linux-gnu/libc-2.23.so
7fa268cff000-7fa268d03000 rw-p 00000000 00:00 0 
7fa268d03000-7fa268d19000 r-xp 00000000 08:07 2883833                    /opt/android-studio/jre/lib/amd64/jli/libjli.so
7fa268d19000-7fa268f18000 ---p 00016000 08:07 2883833                    /opt/android-studio/jre/lib/amd64/jli/libjli.so
7fa268f18000-7fa268f19000 r--p 00015000 08:07 2883833                    /opt/android-studio/jre/lib/amd64/jli/libjli.so
7fa268f19000-7fa268f1a000 rw-p 00016000 08:07 2883833                    /opt/android-studio/jre/lib/amd64/jli/libjli.so
7fa268f1a000-7fa268f40000 r-xp 00000000 08:07 3801175                    /lib/x86_64-linux-gnu/ld-2.23.so
7fa268f40000-7fa268f41000 r--s 00004000 08:07 5251711                    /home/sadiq/.gradle/wrapper/dists/gradle-3.5-all/exhrs6ca08n232b14ue48lbye/gradle-3.5/lib/native-platform-freebsd-amd64-libcpp-0.14.jar
7fa268f41000-7fa268f45000 r--s 00026000 08:07 5251709                    /home/sadiq/.gradle/wrapper/dists/gradle-3.5-all/exhrs6ca08n232b14ue48lbye/gradle-3.5/lib/kryo-2.20.jar
7fa268f45000-7fa268f4c000 r--s 0002a000 08:07 5251689                    /home/sadiq/.gradle/wrapper/dists/gradle-3.5-all/exhrs6ca08n232b14ue48lbye/gradle-3.5/lib/gradle-messaging-3.5.jar
7fa268f4c000-7fa268f4e000 r--s 00006000 08:07 5251687                    /home/sadiq/.gradle/wrapper/dists/gradle-3.5-all/exhrs6ca08n232b14ue48lbye/gradle-3.5/lib/gradle-process-services-3.5.jar
7fa268f4e000-7fa268f50000 r--s 00000000 08:07 5251677                    /home/sadiq/.gradle/wrapper/dists/gradle-3.5-all/exhrs6ca08n232b14ue48lbye/gradle-3.5/lib/gradle-jvm-services-3.5.jar
7fa268f50000-7fa268f51000 r--s 00000000 08:07 5251842                    /home/sadiq/.gradle/wrapper/dists/gradle-3.5-all/exhrs6ca08n232b14ue48lbye/gradle-3.5/lib/gradle-version-info-3.5.jar
7fa268f51000-7fa268f5a000 r--s 00047000 08:07 5251676                    /home/sadiq/.gradle/wrapper/dists/gradle-3.5-all/exhrs6ca08n232b14ue48lbye/gradle-3.5/lib/gradle-base-services-3.5.jar
7fa268f5a000-7fa26901c000 rw-p 00000000 00:00 0 
7fa26901c000-7fa26901f000 ---p 00000000 00:00 0 
7fa26901f000-7fa269121000 rw-p 00000000 00:00 0 
7fa269121000-7fa269126000 r--s 00041000 08:07 5251686                    /home/sadiq/.gradle/wrapper/dists/gradle-3.5-all/exhrs6ca08n232b14ue48lbye/gradle-3.5/lib/commons-lang-2.6.jar
7fa269126000-7fa269127000 r--s 00007000 08:07 5251684                    /home/sadiq/.gradle/wrapper/dists/gradle-3.5-all/exhrs6ca08n232b14ue48lbye/gradle-3.5/lib/slf4j-api-1.7.10.jar
7fa269127000-7fa269128000 r--s 00004000 08:07 5251710                    /home/sadiq/.gradle/wrapper/dists/gradle-3.5-all/exhrs6ca08n232b14ue48lbye/gradle-3.5/lib/ant-launcher-1.9.6.jar
7fa269128000-7fa269133000 r--s 0005b000 08:07 5251672                    /home/sadiq/.gradle/wrapper/dists/gradle-3.5-all/exhrs6ca08n232b14ue48lbye/gradle-3.5/lib/gradle-launcher-3.5.jar
7fa269133000-7fa26913b000 rw-s 00000000 08:07 3021917                    /tmp/hsperfdata_sadiq/7671
7fa26913b000-7fa26913c000 rw-p 00000000 00:00 0 
7fa26913c000-7fa26913d000 ---p 00000000 00:00 0 
7fa26913d000-7fa26913f000 rw-p 00000000 00:00 0 
7fa26913f000-7fa269140000 r--p 00025000 08:07 3801175                    /lib/x86_64-linux-gnu/ld-2.23.so
7fa269140000-7fa269141000 rw-p 00026000 08:07 3801175                    /lib/x86_64-linux-gnu/ld-2.23.so
7fa269141000-7fa269142000 rw-p 00000000 00:00 0 
7ffe21b68000-7ffe21b89000 rw-p 00000000 00:00 0                          [stack]
7ffe21be5000-7ffe21be7000 r--p 00000000 00:00 0                          [vvar]
7ffe21be7000-7ffe21be9000 r-xp 00000000 00:00 0                          [vdso]
ffffffffff600000-ffffffffff601000 r-xp 00000000 00:00 0                  [vsyscall]

VM Arguments:
jvm_args: -Xmx1536m -Dfile.encoding=UTF-8 -Duser.country=US -Duser.language=en -Duser.variant 
java_command: org.gradle.launcher.daemon.bootstrap.GradleDaemon 3.5
java_class_path (initial): /home/sadiq/.gradle/wrapper/dists/gradle-3.5-all/exhrs6ca08n232b14ue48lbye/gradle-3.5/lib/gradle-launcher-3.5.jar
Launcher Type: SUN_STANDARD

Environment Variables:
JAVA_HOME=/usr/lib/jvm/java-8-oracle
PATH=/home/sadiq/bin:/home/sadiq/.local/bin:/usr/local/sbin:/usr/local/bin:/usr/sbin:/usr/bin:/sbin:/bin:/usr/games:/usr/local/games:/snap/bin:/usr/lib/jvm/java-8-oracle/bin:/usr/lib/jvm/java-8-oracle/db/bin:/usr/lib/jvm/java-8-oracle/jre/bin
LD_LIBRARY_PATH=/opt/android-studio/bin:
SHELL=/bin/bash
DISPLAY=:0

Signal Handlers:
SIGSEGV: [libjvm.so+0x9e5150], sa_mask[0]=11111111011111111101111111111110, sa_flags=SA_RESTART|SA_SIGINFO
SIGBUS: [libjvm.so+0x9e5150], sa_mask[0]=11111111011111111101111111111110, sa_flags=SA_RESTART|SA_SIGINFO
SIGFPE: [libjvm.so+0x848450], sa_mask[0]=11111111011111111101111111111110, sa_flags=SA_RESTART|SA_SIGINFO
SIGPIPE: [libjvm.so+0x848450], sa_mask[0]=11111111011111111101111111111110, sa_flags=SA_RESTART|SA_SIGINFO
SIGXFSZ: [libjvm.so+0x848450], sa_mask[0]=11111111011111111101111111111110, sa_flags=SA_RESTART|SA_SIGINFO
SIGILL: [libjvm.so+0x848450], sa_mask[0]=11111111011111111101111111111110, sa_flags=SA_RESTART|SA_SIGINFO
SIGUSR1: SIG_DFL, sa_mask[0]=00000000000000000000000000000000, sa_flags=none
SIGUSR2: [libjvm.so+0x848320], sa_mask[0]=00100000000000000000000000000000, sa_flags=SA_RESTART|SA_SIGINFO
SIGHUP: [libjvm.so+0x848510], sa_mask[0]=11111111011111111101111111111110, sa_flags=SA_RESTART|SA_SIGINFO
SIGINT: [libjvm.so+0x848510], sa_mask[0]=11111111011111111101111111111110, sa_flags=SA_RESTART|SA_SIGINFO
SIGTERM: [libjvm.so+0x848510], sa_mask[0]=11111111011111111101111111111110, sa_flags=SA_RESTART|SA_SIGINFO
SIGQUIT: [libjvm.so+0x848510], sa_mask[0]=11111111011111111101111111111110, sa_flags=SA_RESTART|SA_SIGINFO


---------------  S Y S T E M  ---------------

OS:DISTRIB_ID=Ubuntu
DISTRIB_RELEASE=16.04
DISTRIB_CODENAME=xenial
DISTRIB_DESCRIPTION="Ubuntu 16.04.2 LTS"

uname:Linux 4.8.0-36-generic #36~16.04.1-Ubuntu SMP Sun Feb 5 09:39:57 UTC 2017 x86_64
libc:glibc 2.23 NPTL 2.23 
rlimit: STACK 8192k, CORE 0k, NPROC 15350, NOFILE 65536, AS infinity
load average:1.47 1.10 1.30

/proc/meminfo:
MemTotal:        3972400 kB
MemFree:          224768 kB
MemAvailable:     172372 kB
Buffers:            6624 kB
Cached:           258204 kB
SwapCached:            0 kB
Active:          3324604 kB
Inactive:         218664 kB
Active(anon):    3281088 kB
Inactive(anon):   167900 kB
Active(file):      43516 kB
Inactive(file):    50764 kB
Unevictable:          32 kB
Mlocked:              32 kB
SwapTotal:             0 kB
SwapFree:              0 kB
Dirty:             16908 kB
Writeback:             0 kB
AnonPages:       3278544 kB
Mapped:            91580 kB
Shmem:            170516 kB
Slab:              86176 kB
SReclaimable:      45860 kB
SUnreclaim:        40316 kB
KernelStack:       10032 kB
PageTables:        35308 kB
NFS_Unstable:          0 kB
Bounce:                0 kB
WritebackTmp:          0 kB
CommitLimit:     1986200 kB
Committed_AS:    6883176 kB
VmallocTotal:   34359738367 kB
VmallocUsed:           0 kB
VmallocChunk:          0 kB
HardwareCorrupted:     0 kB
AnonHugePages:   2054144 kB
ShmemHugePages:        0 kB
ShmemPmdMapped:        0 kB
CmaTotal:              0 kB
CmaFree:               0 kB
HugePages_Total:       0
HugePages_Free:        0
HugePages_Rsvd:        0
HugePages_Surp:        0
Hugepagesize:       2048 kB
DirectMap4k:      215808 kB
DirectMap2M:     3905536 kB
DirectMap1G:     1048576 kB


CPU:total 4 (2 cores per cpu, 2 threads per core) family 6 model 61 stepping 4, cmov, cx8, fxsr, mmx, sse, sse2, sse3, ssse3, sse4.1, sse4.2, popcnt, avx, avx2, aes, clmul, erms, 3dnowpref, lzcnt, ht, tsc, tscinvbit, bmi1, bmi2, adx

/proc/cpuinfo:
processor	: 0
vendor_id	: GenuineIntel
cpu family	: 6
model		: 61
model name	: Intel(R) Core(TM) i5-5200U CPU @ 2.20GHz
stepping	: 4
microcode	: 0x12
cpu MHz		: 2303.125
cache size	: 3072 KB
physical id	: 0
siblings	: 4
core id		: 0
cpu cores	: 2
apicid		: 0
initial apicid	: 0
fpu		: yes
fpu_exception	: yes
cpuid level	: 20
wp		: yes
flags		: fpu vme de pse tsc msr pae mce cx8 apic sep mtrr pge mca cmov pat pse36 clflush dts acpi mmx fxsr sse sse2 ss ht tm pbe syscall nx pdpe1gb rdtscp lm constant_tsc arch_perfmon pebs bts rep_good nopl xtopology nonstop_tsc aperfmperf eagerfpu pni pclmulqdq dtes64 monitor ds_cpl vmx est tm2 ssse3 sdbg fma cx16 xtpr pdcm pcid sse4_1 sse4_2 x2apic movbe popcnt tsc_deadline_timer aes xsave avx f16c rdrand lahf_lm abm 3dnowprefetch epb intel_pt tpr_shadow vnmi flexpriority ept vpid fsgsbase tsc_adjust bmi1 avx2 smep bmi2 erms invpcid rdseed adx smap xsaveopt dtherm ida arat pln pts
bugs		:
bogomips	: 4389.70
clflush size	: 64
cache_alignment	: 64
address sizes	: 39 bits physical, 48 bits virtual
power management:

processor	: 1
vendor_id	: GenuineIntel
cpu family	: 6
model		: 61
model name	: Intel(R) Core(TM) i5-5200U CPU @ 2.20GHz
stepping	: 4
microcode	: 0x12
cpu MHz		: 2338.842
cache size	: 3072 KB
physical id	: 0
siblings	: 4
core id		: 1
cpu cores	: 2
apicid		: 2
initial apicid	: 2
fpu		: yes
fpu_exception	: yes
cpuid level	: 20
wp		: yes
flags		: fpu vme de pse tsc msr pae mce cx8 apic sep mtrr pge mca cmov pat pse36 clflush dts acpi mmx fxsr sse sse2 ss ht tm pbe syscall nx pdpe1gb rdtscp lm constant_tsc arch_perfmon pebs bts rep_good nopl xtopology nonstop_tsc aperfmperf eagerfpu pni pclmulqdq dtes64 monitor ds_cpl vmx est tm2 ssse3 sdbg fma cx16 xtpr pdcm pcid sse4_1 sse4_2 x2apic movbe popcnt tsc_deadline_timer aes xsave avx f16c rdrand lahf_lm abm 3dnowprefetch epb intel_pt tpr_shadow vnmi flexpriority ept vpid fsgsbase tsc_adjust bmi1 avx2 smep bmi2 erms invpcid rdseed adx smap xsaveopt dtherm ida arat pln pts
bugs		:
bogomips	: 4389.70
clflush size	: 64
cache_alignment	: 64
address sizes	: 39 bits physical, 48 bits virtual
power management:

processor	: 2
vendor_id	: GenuineIntel
cpu family	: 6
model		: 61
model name	: Intel(R) Core(TM) i5-5200U CPU @ 2.20GHz
stepping	: 4
microcode	: 0x12
cpu MHz		: 2586.047
cache size	: 3072 KB
physical id	: 0
siblings	: 4
core id		: 0
cpu cores	: 2
apicid		: 1
initial apicid	: 1
fpu		: yes
fpu_exception	: yes
cpuid level	: 20
wp		: yes
flags		: fpu vme de pse tsc msr pae mce cx8 apic sep mtrr pge mca cmov pat pse36 clflush dts acpi mmx fxsr sse sse2 ss ht tm pbe syscall nx pdpe1gb rdtscp lm constant_tsc arch_perfmon pebs bts rep_good nopl xtopology nonstop_tsc aperfmperf eagerfpu pni pclmulqdq dtes64 monitor ds_cpl vmx est tm2 ssse3 sdbg fma cx16 xtpr pdcm pcid sse4_1 sse4_2 x2apic movbe popcnt tsc_deadline_timer aes xsave avx f16c rdrand lahf_lm abm 3dnowprefetch epb intel_pt tpr_shadow vnmi flexpriority ept vpid fsgsbase tsc_adjust bmi1 avx2 smep bmi2 erms invpcid rdseed adx smap xsaveopt dtherm ida arat pln pts
bugs		:
bogomips	: 4389.70
clflush size	: 64
cache_alignment	: 64
address sizes	: 39 bits physical, 48 bits virtual
power management:

processor	: 3
vendor_id	: GenuineIntel
cpu family	: 6
model		: 61
model name	: Intel(R) Core(TM) i5-5200U CPU @ 2.20GHz
stepping	: 4
microcode	: 0x12
cpu MHz		: 2352.941
cache size	: 3072 KB
physical id	: 0
siblings	: 4
core id		: 1
cpu cores	: 2
apicid		: 3
initial apicid	: 3
fpu		: yes
fpu_exception	: yes
cpuid level	: 20
wp		: yes
flags		: fpu vme de pse tsc msr pae mce cx8 apic sep mtrr pge mca cmov pat pse36 clflush dts acpi mmx fxsr sse sse2 ss ht tm pbe syscall nx pdpe1gb rdtscp lm constant_tsc arch_perfmon pebs bts rep_good nopl xtopology nonstop_tsc aperfmperf eagerfpu pni pclmulqdq dtes64 monitor ds_cpl vmx est tm2 ssse3 sdbg fma cx16 xtpr pdcm pcid sse4_1 sse4_2 x2apic movbe popcnt tsc_deadline_timer aes xsave avx f16c rdrand lahf_lm abm 3dnowprefetch epb intel_pt tpr_shadow vnmi flexpriority ept vpid fsgsbase tsc_adjust bmi1 avx2 smep bmi2 erms invpcid rdseed adx smap xsaveopt dtherm ida arat pln pts
bugs		:
bogomips	: 4389.70
clflush size	: 64
cache_alignment	: 64
address sizes	: 39 bits physical, 48 bits virtual
power management:



Memory: 4k page, physical 3972400k(224768k free), swap 0k(0k free)

vm_info: OpenJDK 64-Bit Server VM (25.112-b06) for linux-amd64 JRE (1.8.0_112-release-b06), built on Dec  6 2016 12:11:18 by "builder" with gcc 4.8.4

time: Wed May 31 23:35:01 2017
elapsed time: 8978 seconds (0d 2h 29m 38s)

