#
# There is insufficient memory for the Java Runtime Environment to continue.
# Native memory allocation (mmap) failed to map 152567808 bytes for committing reserved memory.
# Possible reasons:
#   The system is out of physical RAM or swap space
#   In 32 bit mode, the process size limit was hit
# Possible solutions:
#   Reduce memory load on the system
#   Increase physical memory or swap space
#   Check if swap backing store is full
#   Use 64 bit Java on a 64 bit OS
#   Decrease Java heap size (-Xmx/-Xms)
#   Decrease number of Java threads
#   Decrease Java thread stack sizes (-Xss)
#   Set larger code cache with -XX:ReservedCodeCacheSize=
# This output file may be truncated or incomplete.
#
#  Out of Memory Error (os_linux.cpp:2627), pid=28151, tid=0x00007fe8acdfd700
#
# JRE version: OpenJDK Runtime Environment (8.0_112-b06) (build 1.8.0_112-release-b06)
# Java VM: OpenJDK 64-Bit Server VM (25.112-b06 mixed mode linux-amd64 compressed oops)
# Failed to write core dump. Core dumps have been disabled. To enable core dumping, try "ulimit -c unlimited" before starting Java again
#

---------------  T H R E A D  ---------------

Current thread (0x00007fe8c4077800):  VMThread [stack: 0x00007fe8accfd000,0x00007fe8acdfe000] [id=28159]

Stack: [0x00007fe8accfd000,0x00007fe8acdfe000],  sp=0x00007fe8acdfc4d0,  free space=1021k
Native frames: (J=compiled Java code, j=interpreted, Vv=VM code, C=native code)
V  [libjvm.so+0x9e465d]  VMError::report_and_die()+0x15d
V  [libjvm.so+0x4b6ada]  report_vm_out_of_memory(char const*, int, unsigned long, VMErrorType, char const*)+0x8a
V  [libjvm.so+0x84c860]  os::pd_commit_memory(char*, unsigned long, unsigned long, bool)+0xf0
V  [libjvm.so+0x84737f]  os::commit_memory(char*, unsigned long, unsigned long, bool)+0x1f
V  [libjvm.so+0x8bd3db]  PSVirtualSpace::expand_by(unsigned long)+0x5b
V  [libjvm.so+0x8ae1bb]  PSOldGen::expand_by(unsigned long) [clone .part.109]+0x1b
V  [libjvm.so+0x8ae37b]  PSOldGen::expand(unsigned long) [clone .part.111]+0xdb
V  [libjvm.so+0x8aec58]  PSOldGen::resize(unsigned long)+0x188
V  [libjvm.so+0x8b426c]  PSParallelCompact::invoke_no_policy(bool)+0x97c
V  [libjvm.so+0x8bb37d]  PSScavenge::invoke()+0x17d
V  [libjvm.so+0x86fcf3]  ParallelScavengeHeap::failed_mem_allocate(unsigned long)+0x63
V  [libjvm.so+0x9e6124]  VM_ParallelGCFailedAllocation::doit()+0x84
V  [libjvm.so+0x9ea537]  VM_Operation::evaluate()+0x47
V  [libjvm.so+0x9e8ff8]  VMThread::evaluate_operation(VM_Operation*)+0x2c8
V  [libjvm.so+0x9e9479]  VMThread::loop()+0x219
V  [libjvm.so+0x9e98c2]  VMThread::run()+0x72
V  [libjvm.so+0x849c82]  java_start(Thread*)+0xf2

VM_Operation (0x00007fe847186eb0): ParallelGCFailedAllocation, mode: safepoint, requested by thread 0x00007fe834047800


---------------  P R O C E S S  ---------------

Java Threads: ( => current thread )
  0x00007fe83404d800 JavaThread "pool-4-thread-4" [_thread_blocked, id=28299, stack(0x00007fe846c84000,0x00007fe846d85000)]
  0x00007fe83404c000 JavaThread "pool-4-thread-3" [_thread_blocked, id=28298, stack(0x00007fe846d85000,0x00007fe846e86000)]
  0x00007fe83404a800 JavaThread "pool-4-thread-2" [_thread_blocked, id=28297, stack(0x00007fe846e86000,0x00007fe846f87000)]
  0x00007fe834048800 JavaThread "pool-5-thread-1" [_thread_blocked, id=28296, stack(0x00007fe846f87000,0x00007fe847088000)]
  0x00007fe834047800 JavaThread "pool-4-thread-1" [_thread_blocked, id=28295, stack(0x00007fe847088000,0x00007fe847189000)]
  0x00007fe865307800 JavaThread "pool-2-thread-1" [_thread_blocked, id=28294, stack(0x00007fe8473fe000,0x00007fe8474ff000)]
  0x00007fe865396800 JavaThread "Cache worker for file content cache (/home/sadiq/database/.gradle/3.5/fileContent)" [_thread_blocked, id=28293, stack(0x00007fe8476ff000,0x00007fe847800000)]
  0x00007fe86501c000 JavaThread "Cache worker for task history cache (/home/sadiq/database/.gradle/3.5/taskHistory)" [_thread_blocked, id=28292, stack(0x00007fe8a4685000,0x00007fe8a4786000)]
  0x00007fe865016800 JavaThread "Memory manager" [_thread_blocked, id=28291, stack(0x00007fe8a4786000,0x00007fe8a4887000)]
  0x00007fe864599800 JavaThread "Cache worker for Artifact transforms cache (/home/sadiq/.gradle/caches/transforms-1)" [_thread_blocked, id=28290, stack(0x00007fe8a5232000,0x00007fe8a5333000)]
  0x00007fe8640e8000 JavaThread "File lock request listener" [_thread_in_native, id=28280, stack(0x00007fe8a5dac000,0x00007fe8a5ead000)]
  0x00007fe8640dd000 JavaThread "Cache worker for file hash cache (/home/sadiq/.gradle/caches/3.5/fileHashes)" [_thread_blocked, id=28279, stack(0x00007fe8a5ead000,0x00007fe8a5fae000)]
  0x00007fe86400f800 JavaThread "Stdin handler" [_thread_blocked, id=28278, stack(0x00007fe8a61ae000,0x00007fe8a62af000)]
  0x00007fe864009800 JavaThread "Asynchronous log dispatcher for DefaultDaemonConnection: socket connection from /127.0.0.1:33237 to /127.0.0.1:50692" [_thread_blocked, id=28277, stack(0x00007fe8a62af000,0x00007fe8a63b0000)]
  0x00007fe868008000 JavaThread "Daemon worker" [_thread_blocked, id=28274, stack(0x00007fe8a63b0000,0x00007fe8a64b1000)]
  0x00007fe86800c000 JavaThread "Cancel handler" [_thread_blocked, id=28273, stack(0x00007fe8a64b1000,0x00007fe8a65b2000)]
  0x00007fe868005800 JavaThread "Handler for socket connection from /127.0.0.1:33237 to /127.0.0.1:50692" [_thread_in_native, id=28272, stack(0x00007fe8a65b2000,0x00007fe8a66b3000)]
  0x00007fe87001c000 JavaThread "Daemon" [_thread_blocked, id=28271, stack(0x00007fe8a66b3000,0x00007fe8a67b4000)]
  0x00007fe8c4ca2000 JavaThread "Daemon periodic checks" [_thread_blocked, id=28270, stack(0x00007fe8a67b4000,0x00007fe8a68b5000)]
  0x00007fe8c4c63000 JavaThread "Incoming local TCP Connector on port 33237" [_thread_in_native, id=28269, stack(0x00007fe8a6abc000,0x00007fe8a6bbd000)]
  0x00007fe8c40c0800 JavaThread "Service Thread" daemon [_thread_blocked, id=28166, stack(0x00007fe8ac2cf000,0x00007fe8ac3d0000)]
  0x00007fe8c40bd000 JavaThread "C1 CompilerThread2" daemon [_thread_blocked, id=28165, stack(0x00007fe8ac3d0000,0x00007fe8ac4d1000)]
  0x00007fe8c40bb800 JavaThread "C2 CompilerThread1" daemon [_thread_blocked, id=28164, stack(0x00007fe8ac4d1000,0x00007fe8ac5d2000)]
  0x00007fe8c40b8800 JavaThread "C2 CompilerThread0" daemon [_thread_blocked, id=28163, stack(0x00007fe8ac5d2000,0x00007fe8ac6d3000)]
  0x00007fe8c40b7000 JavaThread "Signal Dispatcher" daemon [_thread_blocked, id=28162, stack(0x00007fe8ac6d3000,0x00007fe8ac7d4000)]
  0x00007fe8c4083800 JavaThread "Finalizer" daemon [_thread_blocked, id=28161, stack(0x00007fe8acafb000,0x00007fe8acbfc000)]
  0x00007fe8c407f000 JavaThread "Reference Handler" daemon [_thread_blocked, id=28160, stack(0x00007fe8acbfc000,0x00007fe8accfd000)]
  0x00007fe8c400a000 JavaThread "main" [_thread_blocked, id=28154, stack(0x00007fe8cc695000,0x00007fe8cc796000)]

Other Threads:
=>0x00007fe8c4077800 VMThread [stack: 0x00007fe8accfd000,0x00007fe8acdfe000] [id=28159]
  0x00007fe8c40c3000 WatcherThread [stack: 0x00007fe8ac1ce000,0x00007fe8ac2cf000] [id=28167]

VM state:at safepoint (normal execution)

VM Mutex/Monitor currently owned by a thread:  ([mutex/lock_event])
[0x00007fe8c4005bd0] ExpandHeap_lock - owner thread: 0x00007fe8c4077800
[0x00007fe8c4006250] Threads_lock - owner thread: 0x00007fe8c4077800
[0x00007fe8c4006750] Heap_lock - owner thread: 0x00007fe834047800

Heap:
 PSYoungGen      total 344064K, used 35843K [0x00000000e0000000, 0x00000000fb080000, 0x0000000100000000)
  eden space 248832K, 0% used [0x00000000e0000000,0x00000000e0000000,0x00000000ef300000)
  from space 95232K, 37% used [0x00000000f5000000,0x00000000f7300f28,0x00000000fad00000)
  to   space 95232K, 0% used [0x00000000ef300000,0x00000000ef300000,0x00000000f5000000)
 ParOldGen       total 422912K, used 422702K [0x00000000a0000000, 0x00000000b9d00000, 0x00000000e0000000)
  object space 422912K, 99% used [0x00000000a0000000,0x00000000b9ccb8a0,0x00000000b9d00000)
 Metaspace       used 55200K, capacity 56968K, committed 57088K, reserved 1099776K
  class space    used 7289K, capacity 7658K, committed 7680K, reserved 1048576K

Card table byte_map: [0x00007fe8c9227000,0x00007fe8c9528000] byte_map_base: 0x00007fe8c8d27000

Marking Bits: (ParMarkBitMap*) 0x00007fe8cbb64340
 Begin Bits: [0x00007fe8ad000000, 0x00007fe8ae800000)
 End Bits:   [0x00007fe8ae800000, 0x00007fe8b0000000)

Polling page: 0x00007fe8cc7b6000

CodeCache: size=245760Kb used=30278Kb max_used=30294Kb free=215481Kb
 bounds [0x00007fe8b5000000, 0x00007fe8b6e30000, 0x00007fe8c4000000]
 total_blobs=9012 nmethods=8260 adapters=665
 compilation: enabled

Compilation events (10 events):
Event: 67.880 Thread 0x00007fe8c40bd000 9921   !   2       java.util.concurrent.ConcurrentHashMap::treeifyBin (164 bytes)
Event: 67.882 Thread 0x00007fe8c40bd000 nmethod 9921 0x00007fe8b5ca9410 code [0x00007fe8b5ca95c0, 0x00007fe8b5ca9bf8]
Event: 67.887 Thread 0x00007fe8c40bd000 9922 %     3       java.util.ArrayList::removeRange @ 45 (75 bytes)
Event: 67.888 Thread 0x00007fe8c40bd000 nmethod 9922% 0x00007fe8b5a6c890 code [0x00007fe8b5a6ca20, 0x00007fe8b5a6cec8]
Event: 67.903 Thread 0x00007fe8c40bd000 9923       3       java.util.ArrayList::removeRange (75 bytes)
Event: 67.903 Thread 0x00007fe8c40bd000 nmethod 9923 0x00007fe8b5871010 code [0x00007fe8b58711a0, 0x00007fe8b5871608]
Event: 67.930 Thread 0x00007fe8c40b8800 nmethod 9910 0x00007fe8b6e21490 code [0x00007fe8b6e217a0, 0x00007fe8b6e23948]
Event: 67.930 Thread 0x00007fe8c40b8800 9913       4       com.android.dx.ssa.PhiTypeResolver::run (179 bytes)
Event: 68.013 Thread 0x00007fe8c40bd000 9924       3       com.android.dx.ssa.back.FirstFitLocalCombiningAllocator::handlePhiInsns (36 bytes)
Event: 68.014 Thread 0x00007fe8c40bd000 nmethod 9924 0x00007fe8b681a7d0 code [0x00007fe8b681a9a0, 0x00007fe8b681b158]

GC Heap History (10 events):
Event: 65.249 GC heap after
Heap after GC invocations=43 (full 7):
 PSYoungGen      total 272384K, used 30975K [0x00000000e0000000, 0x00000000f4480000, 0x0000000100000000)
  eden space 221696K, 0% used [0x00000000e0000000,0x00000000e0000000,0x00000000ed880000)
  from space 50688K, 61% used [0x00000000f1300000,0x00000000f313fd88,0x00000000f4480000)
  to   space 55296K, 0% used [0x00000000ed880000,0x00000000ed880000,0x00000000f0e80000)
 ParOldGen       total 422912K, used 304578K [0x00000000a0000000, 0x00000000b9d00000, 0x00000000e0000000)
  object space 422912K, 72% used [0x00000000a0000000,0x00000000b2970950,0x00000000b9d00000)
 Metaspace       used 55190K, capacity 56904K, committed 57088K, reserved 1099776K
  class space    used 7289K, capacity 7658K, committed 7680K, reserved 1048576K
}
Event: 65.701 GC heap before
{Heap before GC invocations=44 (full 7):
 PSYoungGen      total 272384K, used 251845K [0x00000000e0000000, 0x00000000f4480000, 0x0000000100000000)
  eden space 221696K, 99% used [0x00000000e0000000,0x00000000ed7b1988,0x00000000ed880000)
  from space 50688K, 61% used [0x00000000f1300000,0x00000000f313fd88,0x00000000f4480000)
  to   space 55296K, 0% used [0x00000000ed880000,0x00000000ed880000,0x00000000f0e80000)
 ParOldGen       total 422912K, used 304578K [0x00000000a0000000, 0x00000000b9d00000, 0x00000000e0000000)
  object space 422912K, 72% used [0x00000000a0000000,0x00000000b2970950,0x00000000b9d00000)
 Metaspace       used 55194K, capacity 56904K, committed 57088K, reserved 1099776K
  class space    used 7289K, capacity 7658K, committed 7680K, reserved 1048576K
Event: 65.754 GC heap after
Heap after GC invocations=44 (full 7):
 PSYoungGen      total 276992K, used 55275K [0x00000000e0000000, 0x00000000f6700000, 0x0000000100000000)
  eden space 221696K, 0% used [0x00000000e0000000,0x00000000e0000000,0x00000000ed880000)
  from space 55296K, 99% used [0x00000000ed880000,0x00000000f0e7ae18,0x00000000f0e80000)
  to   space 64512K, 0% used [0x00000000f2800000,0x00000000f2800000,0x00000000f6700000)
 ParOldGen       total 422912K, used 307793K [0x00000000a0000000, 0x00000000b9d00000, 0x00000000e0000000)
  object space 422912K, 72% used [0x00000000a0000000,0x00000000b2c94480,0x00000000b9d00000)
 Metaspace       used 55194K, capacity 56904K, committed 57088K, reserved 1099776K
  class space    used 7289K, capacity 7658K, committed 7680K, reserved 1048576K
}
Event: 66.378 GC heap before
{Heap before GC invocations=45 (full 7):
 PSYoungGen      total 276992K, used 276971K [0x00000000e0000000, 0x00000000f6700000, 0x0000000100000000)
  eden space 221696K, 100% used [0x00000000e0000000,0x00000000ed880000,0x00000000ed880000)
  from space 55296K, 99% used [0x00000000ed880000,0x00000000f0e7ae18,0x00000000f0e80000)
  to   space 64512K, 0% used [0x00000000f2800000,0x00000000f2800000,0x00000000f6700000)
 ParOldGen       total 422912K, used 307793K [0x00000000a0000000, 0x00000000b9d00000, 0x00000000e0000000)
  object space 422912K, 72% used [0x00000000a0000000,0x00000000b2c94480,0x00000000b9d00000)
 Metaspace       used 55195K, capacity 56904K, committed 57088K, reserved 1099776K
  class space    used 7289K, capacity 7658K, committed 7680K, reserved 1048576K
Event: 66.492 GC heap after
Heap after GC invocations=45 (full 7):
 PSYoungGen      total 293376K, used 63275K [0x00000000e0000000, 0x00000000f7b80000, 0x0000000100000000)
  eden space 228864K, 0% used [0x00000000e0000000,0x00000000e0000000,0x00000000edf80000)
  from space 64512K, 98% used [0x00000000f2800000,0x00000000f65cacf0,0x00000000f6700000)
  to   space 74240K, 0% used [0x00000000edf80000,0x00000000edf80000,0x00000000f2800000)
 ParOldGen       total 422912K, used 337028K [0x00000000a0000000, 0x00000000b9d00000, 0x00000000e0000000)
  object space 422912K, 79% used [0x00000000a0000000,0x00000000b49212e8,0x00000000b9d00000)
 Metaspace       used 55195K, capacity 56904K, committed 57088K, reserved 1099776K
  class space    used 7289K, capacity 7658K, committed 7680K, reserved 1048576K
}
Event: 67.340 GC heap before
{Heap before GC invocations=46 (full 7):
 PSYoungGen      total 293376K, used 292139K [0x00000000e0000000, 0x00000000f7b80000, 0x0000000100000000)
  eden space 228864K, 100% used [0x00000000e0000000,0x00000000edf80000,0x00000000edf80000)
  from space 64512K, 98% used [0x00000000f2800000,0x00000000f65cacf0,0x00000000f6700000)
  to   space 74240K, 0% used [0x00000000edf80000,0x00000000edf80000,0x00000000f2800000)
 ParOldGen       total 422912K, used 337028K [0x00000000a0000000, 0x00000000b9d00000, 0x00000000e0000000)
  object space 422912K, 79% used [0x00000000a0000000,0x00000000b49212e8,0x00000000b9d00000)
 Metaspace       used 55198K, capacity 56968K, committed 57088K, reserved 1099776K
  class space    used 7289K, capacity 7658K, committed 7680K, reserved 1048576K
Event: 67.491 GC heap after
Heap after GC invocations=46 (full 7):
 PSYoungGen      total 303104K, used 74225K [0x00000000e0000000, 0x00000000fad00000, 0x0000000100000000)
  eden space 228864K, 0% used [0x00000000e0000000,0x00000000e0000000,0x00000000edf80000)
  from space 74240K, 99% used [0x00000000edf80000,0x00000000f27fc458,0x00000000f2800000)
  to   space 95232K, 0% used [0x00000000f5000000,0x00000000f5000000,0x00000000fad00000)
 ParOldGen       total 422912K, used 362446K [0x00000000a0000000, 0x00000000b9d00000, 0x00000000e0000000)
  object space 422912K, 85% used [0x00000000a0000000,0x00000000b61f3a08,0x00000000b9d00000)
 Metaspace       used 55198K, capacity 56968K, committed 57088K, reserved 1099776K
  class space    used 7289K, capacity 7658K, committed 7680K, reserved 1048576K
}
Event: 68.052 GC heap before
{Heap before GC invocations=47 (full 7):
 PSYoungGen      total 303104K, used 303089K [0x00000000e0000000, 0x00000000fad00000, 0x0000000100000000)
  eden space 228864K, 100% used [0x00000000e0000000,0x00000000edf80000,0x00000000edf80000)
  from space 74240K, 99% used [0x00000000edf80000,0x00000000f27fc458,0x00000000f2800000)
  to   space 95232K, 0% used [0x00000000f5000000,0x00000000f5000000,0x00000000fad00000)
 ParOldGen       total 422912K, used 362446K [0x00000000a0000000, 0x00000000b9d00000, 0x00000000e0000000)
  object space 422912K, 85% used [0x00000000a0000000,0x00000000b61f3a08,0x00000000b9d00000)
 Metaspace       used 55200K, capacity 56968K, committed 57088K, reserved 1099776K
  class space    used 7289K, capacity 7658K, committed 7680K, reserved 1048576K
Event: 68.251 GC heap after
Heap after GC invocations=47 (full 7):
 PSYoungGen      total 344064K, used 53018K [0x00000000e0000000, 0x00000000fb080000, 0x0000000100000000)
  eden space 248832K, 0% used [0x00000000e0000000,0x00000000e0000000,0x00000000ef300000)
  from space 95232K, 55% used [0x00000000f5000000,0x00000000f83c6ae0,0x00000000fad00000)
  to   space 95232K, 0% used [0x00000000ef300000,0x00000000ef300000,0x00000000f5000000)
 ParOldGen       total 422912K, used 413648K [0x00000000a0000000, 0x00000000b9d00000, 0x00000000e0000000)
  object space 422912K, 97% used [0x00000000a0000000,0x00000000b93f43a0,0x00000000b9d00000)
 Metaspace       used 55200K, capacity 56968K, committed 57088K, reserved 1099776K
  class space    used 7289K, capacity 7658K, committed 7680K, reserved 1048576K
}
Event: 68.251 GC heap before
{Heap before GC invocations=48 (full 8):
 PSYoungGen      total 344064K, used 53018K [0x00000000e0000000, 0x00000000fb080000, 0x0000000100000000)
  eden space 248832K, 0% used [0x00000000e0000000,0x00000000e0000000,0x00000000ef300000)
  from space 95232K, 55% used [0x00000000f5000000,0x00000000f83c6ae0,0x00000000fad00000)
  to   space 95232K, 0% used [0x00000000ef300000,0x00000000ef300000,0x00000000f5000000)
 ParOldGen       total 422912K, used 413648K [0x00000000a0000000, 0x00000000b9d00000, 0x00000000e0000000)
  object space 422912K, 97% used [0x00000000a0000000,0x00000000b93f43a0,0x00000000b9d00000)
 Metaspace       used 55200K, capacity 56968K, committed 57088K, reserved 1099776K
  class space    used 7289K, capacity 7658K, committed 7680K, reserved 1048576K

Deoptimization events (10 events):
Event: 67.140 Thread 0x00007fe83404d800 Uncommon trap: reason=unstable_if action=reinterpret pc=0x00007fe8b6def6b0 method=com.android.dx.cf.code.Ropper.addReturnBlock()V @ 32
Event: 67.176 Thread 0x00007fe83404d800 Uncommon trap: reason=bimorphic action=maybe_recompile pc=0x00007fe8b52acb78 method=com.android.dx.ssa.LiteralOpUpgrader.tryReplacingWithConstant(Lcom/android/dx/ssa/NormalSsaInsn;)Z @ 52
Event: 67.181 Thread 0x00007fe83404c000 Uncommon trap: reason=unstable_if action=reinterpret pc=0x00007fe8b52ac9e4 method=com.android.dx.ssa.LiteralOpUpgrader$1.visitNonMoveInsn(Lcom/android/dx/ssa/NormalSsaInsn;)V @ 55
Event: 67.184 Thread 0x00007fe83404c000 Uncommon trap: reason=bimorphic action=maybe_recompile pc=0x00007fe8b57dda94 method=com.android.dx.ssa.LiteralOpUpgrader.tryReplacingWithConstant(Lcom/android/dx/ssa/NormalSsaInsn;)Z @ 52
Event: 67.185 Thread 0x00007fe83404c000 Uncommon trap: reason=unstable_if action=reinterpret pc=0x00007fe8b5740b88 method=com.android.dx.ssa.MoveParamCombiner$1.visitNonMoveInsn(Lcom/android/dx/ssa/NormalSsaInsn;)V @ 27
Event: 67.193 Thread 0x00007fe83404c000 Uncommon trap: reason=class_check action=maybe_recompile pc=0x00007fe8b6805b44 method=com.android.dx.ssa.SCCP.simulateBranch(Lcom/android/dx/ssa/SsaInsn;)V @ 339
Event: 67.211 Thread 0x00007fe83404a800 Uncommon trap: reason=bimorphic action=maybe_recompile pc=0x00007fe8b57dda94 method=com.android.dx.ssa.LiteralOpUpgrader.tryReplacingWithConstant(Lcom/android/dx/ssa/NormalSsaInsn;)Z @ 52
Event: 67.213 Thread 0x00007fe83404c000 Uncommon trap: reason=bimorphic action=maybe_recompile pc=0x00007fe8b57dda94 method=com.android.dx.ssa.LiteralOpUpgrader.tryReplacingWithConstant(Lcom/android/dx/ssa/NormalSsaInsn;)Z @ 52
Event: 67.263 Thread 0x00007fe83404c000 Uncommon trap: reason=unstable_if action=reinterpret pc=0x00007fe8b68443a4 method=com.android.dx.dex.code.OutputFinisher.hasLocalInfo(Lcom/android/dx/dex/code/DalvInsn;)Z @ 24
Event: 67.264 Thread 0x00007fe83404c000 Uncommon trap: reason=unstable_if action=reinterpret pc=0x00007fe8b5d31768 method=com.android.dx.cf.code.Merger.isPossiblyAssignableFrom(Lcom/android/dx/rop/type/TypeBearer;Lcom/android/dx/rop/type/TypeBearer;)Z @ 131

Internal exceptions (10 events):
Event: 51.839 Thread 0x00007fe868008000 Exception <a 'java/lang/NoSuchMethodError': <clinit>> (0x00000000e20a1660) thrown at [/ssd/Android/AOSP-openjdk/external/jetbrains/jdk/hotspot/src/share/vm/prims/jni.cpp, line 1613]
Event: 52.788 Thread 0x00007fe868008000 Exception <a 'java/lang/NoSuchMethodError': <clinit>> (0x00000000e28b5680) thrown at [/ssd/Android/AOSP-openjdk/external/jetbrains/jdk/hotspot/src/share/vm/prims/jni.cpp, line 1613]
Event: 54.632 Thread 0x00007fe865016800 Exception <a 'java/io/IOException'> (0x00000000e0150178) thrown at [/ssd/Android/AOSP-openjdk/external/jetbrains/jdk/hotspot/src/share/vm/prims/jni.cpp, line 709]
Event: 55.035 Thread 0x00007fe834047800 Implicit null exception at 0x00007fe8b5a64ae2 to 0x00007fe8b5a64bdb
Event: 55.096 Thread 0x00007fe83404c000 Implicit null exception at 0x00007fe8b5a66e3e to 0x00007fe8b5a67d69
Event: 55.392 Thread 0x00007fe83404d800 Implicit null exception at 0x00007fe8b5455865 to 0x00007fe8b5456441
Event: 55.538 Thread 0x00007fe83404a800 Implicit null exception at 0x00007fe8b682038d to 0x00007fe8b6820569
Event: 57.958 Thread 0x00007fe83404a800 Implicit null exception at 0x00007fe8b54e0f58 to 0x00007fe8b54e1859
Event: 59.476 Thread 0x00007fe865016800 Exception <a 'java/io/IOException'> (0x00000000e6551858) thrown at [/ssd/Android/AOSP-openjdk/external/jetbrains/jdk/hotspot/src/share/vm/prims/jni.cpp, line 709]
Event: 64.713 Thread 0x00007fe865016800 Exception <a 'java/io/IOException'> (0x00000000e00b6840) thrown at [/ssd/Android/AOSP-openjdk/external/jetbrains/jdk/hotspot/src/share/vm/prims/jni.cpp, line 709]

Events (10 events):
Event: 67.996 Thread 0x00007fe83404c000 DEOPT UNPACKING pc=0x00007fe8b5047373 sp=0x00007fe846e83f50 mode 0
Event: 67.998 Thread 0x00007fe83404d800 DEOPT PACKING pc=0x00007fe8b68a7fec sp=0x00007fe846d831b0
Event: 67.998 Thread 0x00007fe83404d800 DEOPT UNPACKING pc=0x00007fe8b5047373 sp=0x00007fe846d82f50 mode 0
Event: 68.015 Thread 0x00007fe834047800 DEOPT PACKING pc=0x00007fe8b68f0b21 sp=0x00007fe8471871a0
Event: 68.015 Thread 0x00007fe834047800 DEOPT UNPACKING pc=0x00007fe8b5047373 sp=0x00007fe847186f50 mode 0
Event: 68.039 Thread 0x00007fe865307800 DEOPT PACKING pc=0x00007fe8b68f0bb1 sp=0x00007fe8474fc650
Event: 68.039 Thread 0x00007fe865307800 DEOPT UNPACKING pc=0x00007fe8b5047373 sp=0x00007fe8474fc400 mode 0
Event: 68.039 Thread 0x00007fe865307800 DEOPT PACKING pc=0x00007fe8b68730e8 sp=0x00007fe8474fc630
Event: 68.039 Thread 0x00007fe865307800 DEOPT UNPACKING pc=0x00007fe8b5047373 sp=0x00007fe8474fc398 mode 0
Event: 68.052 Executing VM operation: ParallelGCFailedAllocation


Dynamic libraries:
00400000-00401000 r-xp 00000000 08:07 2883859                            /opt/android-studio/jre/bin/java
00600000-00601000 r--p 00000000 08:07 2883859                            /opt/android-studio/jre/bin/java
00601000-00602000 rw-p 00001000 08:07 2883859                            /opt/android-studio/jre/bin/java
01b8d000-01bae000 rw-p 00000000 00:00 0                                  [heap]
a0000000-b9d00000 rw-p 00000000 00:00 0 
c2e80000-e0000000 ---p 00000000 00:00 0 
e0000000-fb080000 rw-p 00000000 00:00 0 
fb080000-100000000 ---p 00000000 00:00 0 
100000000-100780000 rw-p 00000000 00:00 0 
100780000-140000000 ---p 00000000 00:00 0 
7fe82c000000-7fe82c05f000 rw-p 00000000 00:00 0 
7fe82c05f000-7fe830000000 ---p 00000000 00:00 0 
7fe834000000-7fe834185000 rw-p 00000000 00:00 0 
7fe834185000-7fe838000000 ---p 00000000 00:00 0 
7fe838000000-7fe838071000 rw-p 00000000 00:00 0 
7fe838071000-7fe83c000000 ---p 00000000 00:00 0 
7fe83c000000-7fe83c021000 rw-p 00000000 00:00 0 
7fe83c021000-7fe840000000 ---p 00000000 00:00 0 
7fe840000000-7fe84002d000 rw-p 00000000 00:00 0 
7fe84002d000-7fe844000000 ---p 00000000 00:00 0 
7fe846a84000-7fe846ac4000 rw-p 00000000 00:00 0 
7fe846ac4000-7fe846c84000 ---p 00000000 00:00 0 
7fe846c84000-7fe846c87000 ---p 00000000 00:00 0 
7fe846c87000-7fe846d85000 rw-p 00000000 00:00 0 
7fe846d85000-7fe846d88000 ---p 00000000 00:00 0 
7fe846d88000-7fe846e86000 rw-p 00000000 00:00 0 
7fe846e86000-7fe846e89000 ---p 00000000 00:00 0 
7fe846e89000-7fe846f87000 rw-p 00000000 00:00 0 
7fe846f87000-7fe846f8a000 ---p 00000000 00:00 0 
7fe846f8a000-7fe847088000 rw-p 00000000 00:00 0 
7fe847088000-7fe84708b000 ---p 00000000 00:00 0 
7fe84708b000-7fe847389000 rw-p 00000000 00:00 0 
7fe847389000-7fe8473fe000 r--s 00562000 08:07 1967100                    /home/sadiq/database/app/build/intermediates/transforms/jarMerging/debug/jars/1/1f/combined.jar
7fe8473fe000-7fe847401000 ---p 00000000 00:00 0 
7fe847401000-7fe8476ff000 rw-p 00000000 00:00 0 
7fe8476ff000-7fe847702000 ---p 00000000 00:00 0 
7fe847702000-7fe847a00000 rw-p 00000000 00:00 0 
7fe847a00000-7fe847c00000 rw-p 00000000 00:00 0 
7fe847c00000-7fe847e00000 rw-p 00000000 00:00 0 
7fe847e00000-7fe848000000 rw-p 00000000 00:00 0 
7fe848000000-7fe848021000 rw-p 00000000 00:00 0 
7fe848021000-7fe84c000000 ---p 00000000 00:00 0 
7fe84c000000-7fe84c021000 rw-p 00000000 00:00 0 
7fe84c021000-7fe850000000 ---p 00000000 00:00 0 
7fe850000000-7fe850024000 rw-p 00000000 00:00 0 
7fe850024000-7fe854000000 ---p 00000000 00:00 0 
7fe854000000-7fe854021000 rw-p 00000000 00:00 0 
7fe854021000-7fe858000000 ---p 00000000 00:00 0 
7fe858000000-7fe858021000 rw-p 00000000 00:00 0 
7fe858021000-7fe85c000000 ---p 00000000 00:00 0 
7fe85c000000-7fe85c021000 rw-p 00000000 00:00 0 
7fe85c021000-7fe860000000 ---p 00000000 00:00 0 
7fe860000000-7fe860021000 rw-p 00000000 00:00 0 
7fe860021000-7fe864000000 ---p 00000000 00:00 0 
7fe864000000-7fe8653fb000 rw-p 00000000 00:00 0 
7fe8653fb000-7fe868000000 ---p 00000000 00:00 0 
7fe868000000-7fe868021000 rw-p 00000000 00:00 0 
7fe868021000-7fe86c000000 ---p 00000000 00:00 0 
7fe86c000000-7fe86c021000 rw-p 00000000 00:00 0 
7fe86c021000-7fe870000000 ---p 00000000 00:00 0 
7fe870000000-7fe870075000 rw-p 00000000 00:00 0 
7fe870075000-7fe874000000 ---p 00000000 00:00 0 
7fe874000000-7fe874021000 rw-p 00000000 00:00 0 
7fe874021000-7fe878000000 ---p 00000000 00:00 0 
7fe878000000-7fe878021000 rw-p 00000000 00:00 0 
7fe878021000-7fe87c000000 ---p 00000000 00:00 0 
7fe87c000000-7fe87c021000 rw-p 00000000 00:00 0 
7fe87c021000-7fe880000000 ---p 00000000 00:00 0 
7fe880000000-7fe8829ad000 rw-p 00000000 00:00 0 
7fe8829ad000-7fe884000000 ---p 00000000 00:00 0 
7fe884000000-7fe884b5a000 rw-p 00000000 00:00 0 
7fe884b5a000-7fe888000000 ---p 00000000 00:00 0 
7fe888000000-7fe888021000 rw-p 00000000 00:00 0 
7fe888021000-7fe88c000000 ---p 00000000 00:00 0 
7fe88c000000-7fe88e6ee000 rw-p 00000000 00:00 0 
7fe88e6ee000-7fe890000000 ---p 00000000 00:00 0 
7fe890000000-7fe890021000 rw-p 00000000 00:00 0 
7fe890021000-7fe894000000 ---p 00000000 00:00 0 
7fe894000000-7fe894021000 rw-p 00000000 00:00 0 
7fe894021000-7fe898000000 ---p 00000000 00:00 0 
7fe898000000-7fe89811c000 rw-p 00000000 00:00 0 
7fe89811c000-7fe89c000000 ---p 00000000 00:00 0 
7fe89c000000-7fe89c2ff000 rw-p 00000000 00:00 0 
7fe89c2ff000-7fe8a0000000 ---p 00000000 00:00 0 
7fe8a0000000-7fe8a0059000 rw-p 00000000 00:00 0 
7fe8a0059000-7fe8a4000000 ---p 00000000 00:00 0 
7fe8a4072000-7fe8a4085000 r--s 00344000 08:07 2883882                    /opt/android-studio/jre/jre/lib/resources.jar
7fe8a4085000-7fe8a4285000 rw-p 00000000 00:00 0 
7fe8a4285000-7fe8a4485000 rw-p 00000000 00:00 0 
7fe8a4485000-7fe8a4685000 rw-p 00000000 00:00 0 
7fe8a4685000-7fe8a4688000 ---p 00000000 00:00 0 
7fe8a4688000-7fe8a4786000 rw-p 00000000 00:00 0 
7fe8a4786000-7fe8a4789000 ---p 00000000 00:00 0 
7fe8a4789000-7fe8a4a87000 rw-p 00000000 00:00 0 
7fe8a4a87000-7fe8a4c87000 rw-p 00000000 00:00 0 
7fe8a4c87000-7fe8a4c88000 r--s 00001000 08:07 4987536                    /home/sadiq/.gradle/caches/jars-3/8e33611f59ae522ef3cf60a5759ed354/annotations-25.3.2.jar
7fe8a4c88000-7fe8a4c90000 r--s 000a8000 08:07 4987534                    /home/sadiq/.gradle/caches/jars-3/6cc57ce9ec0d90186f781694264d61bc/lombok-ast-0.2.3.jar
7fe8a4c90000-7fe8a4ca4000 r--s 000b4000 08:07 4987532                    /home/sadiq/.gradle/caches/jars-3/d807f16514c6b4976965307bd4b79954/uast-162.2228.14.jar
7fe8a4ca4000-7fe8a4ca6000 r--s 0000d000 08:07 4987530                    /home/sadiq/.gradle/caches/jars-3/a6ebc4ec06596d0cd57fb5147503bb3c/commons-codec-1.4.jar
7fe8a4ca6000-7fe8a4ca8000 r--s 0000d000 08:07 4987528                    /home/sadiq/.gradle/caches/jars-3/ccc849edcf9fccd61ed937bf93ffe896/commons-logging-1.1.1.jar
7fe8a4ca8000-7fe8a4cad000 r--s 00028000 08:07 4987526                    /home/sadiq/.gradle/caches/jars-3/e6a42d7d86039e4a9d03b9356afcd546/httpcore-4.1.jar
7fe8a4cad000-7fe8a4cb1000 r--s 0002f000 08:07 4987524                    /home/sadiq/.gradle/caches/jars-3/505fcc8c47da308b2f1262f0ff3c65f1/jimfs-1.1.jar
7fe8a4cb1000-7fe8a4cb2000 r--s 00004000 08:07 4987522                    /home/sadiq/.gradle/caches/jars-3/3a4299d1ce3e273e7c03a9ccf5a1e333/annotations-12.0.jar
7fe8a4cb2000-7fe8a4cb3000 r--s 00004000 08:07 4987520                    /home/sadiq/.gradle/caches/jars-3/3bd714e16ff981cf5f225361b18588ce/asm-analysis-5.0.4.jar
7fe8a4cb3000-7fe8a4cb7000 r--s 00040000 08:07 4987518                    /home/sadiq/.gradle/caches/jars-3/c630b3b87cec9b9604011f4f84d72f38/lint-api-25.3.2.jar
7fe8a4cb7000-7fe8a4cb8000 r--s 0000a000 08:07 4987516                    /home/sadiq/.gradle/caches/jars-3/5b8b36ed61fe92731031cca3c9b3a0b3/kxml2-2.3.0.jar
7fe8a4cb8000-7fe8a4cba000 r--s 00005000 08:07 4987514                    /home/sadiq/.gradle/caches/jars-3/f10e1e1978816198f2eb1189c974b440/httpmime-4.1.jar
7fe8a4cba000-7fe8a4cc2000 r--s 0004e000 08:07 4987512                    /home/sadiq/.gradle/caches/jars-3/b53c6235c49a94a3a8e506e42c7d54fb/httpclient-4.1.1.jar
7fe8a4cc2000-7fe8a4cc9000 r--s 00053000 08:07 4987510                    /home/sadiq/.gradle/caches/jars-3/28e64c4d02154ee30a12b14be38e78af/commons-compress-1.8.1.jar
7fe8a4cc9000-7fe8a4cce000 r--s 0002a000 08:07 4987508                    /home/sadiq/.gradle/caches/jars-3/2a67de85c1e99ee62c2c2d8af5e1125b/gson-2.2.4.jar
7fe8a4cce000-7fe8a4cd3000 r--s 0002e000 08:07 4987506                    /home/sadiq/.gradle/caches/jars-3/98ad39a4ef9359b2dfcaf05bb1c81397/repository-25.3.2.jar
7fe8a4cd3000-7fe8a4cd5000 r--s 00006000 08:07 4987504                    /home/sadiq/.gradle/caches/jars-3/0a6e7ac6211eb8664a06b7a570fb8898/dvlib-25.3.2.jar
7fe8a4cd5000-7fe8a4cd8000 r--s 00012000 08:07 4987502                    /home/sadiq/.gradle/caches/jars-3/3d60b69b22edf1ea228094f367c73e08/layoutlib-api-25.3.2.jar
7fe8a4cd8000-7fe8a4cdd000 r--s 00058000 08:07 4987500                    /home/sadiq/.gradle/caches/jars-3/bb3f0c8da73e37889b65d5e152c01f8e/asm-debug-all-5.0.1.jar
7fe8a4cdd000-7fe8a4ced000 r--s 000d5000 08:07 4987498                    /home/sadiq/.gradle/caches/jars-3/2593270bd55c0fcc5de8777526944ca9/proguard-base-5.3.2.jar
7fe8a4ced000-7fe8a4cf0000 r--s 00033000 08:07 4987496                    /home/sadiq/.gradle/caches/jars-3/0ce03714647bf7bd3c78634c20ddbf38/juniversalchardet-1.0.3.jar
7fe8a4cf0000-7fe8a4cf4000 r--s 0002a000 08:07 4987494                    /home/sadiq/.gradle/caches/jars-3/9849af6d4b0409ba64061601342f385d/commons-io-2.4.jar
7fe8a4cf4000-7fe8a4d0b000 r--s 00154000 08:07 4987492                    /home/sadiq/.gradle/caches/jars-3/57adf9abd30c921d4ea1dfdcfe7b9efd/antlr4-4.5.3.jar
7fe8a4d0b000-7fe8a4d0d000 r--s 00002000 08:07 4987490                    /home/sadiq/.gradle/caches/jars-3/0c57e224c05bb054ffe3f6a9f46c6e79/baseLibrary-2.3.2.jar
7fe8a4d0d000-7fe8a4d38000 r--s 001fc000 08:07 4987488                    /home/sadiq/.gradle/caches/jars-3/57dffb91fa05ba585a582c9f3b0be2b1/guava-18.0.jar
7fe8a4d38000-7fe8a4d4b000 r--s 00241000 08:07 4987486                    /home/sadiq/.gradle/caches/jars-3/d8dc71eb6d91c966c45f7b594129e14a/ecj-4.6.1.jar
7fe8a4d4b000-7fe8a4d52000 r--s 000d9000 08:07 4987484                    /home/sadiq/.gradle/caches/jars-3/7a1bad3500a0a4efce25c290d4dd2364/lint-checks-25.3.2.jar
7fe8a4d52000-7fe8a4d54000 r--s 00006000 08:07 4987482                    /home/sadiq/.gradle/caches/jars-3/767849ee24c8e62d79a00d769acdce90/asm-tree-5.0.4.jar
7fe8a4d54000-7fe8a4d87000 r--s 00203000 08:07 4987480                    /home/sadiq/.gradle/caches/jars-3/3cf93c3b296899be060ca4f9038f79b5/bcprov-jdk15on-1.48.jar
7fe8a4d87000-7fe8a4d95000 r--s 00081000 08:07 4987478                    /home/sadiq/.gradle/caches/jars-3/f008d91a5541639737ca5ffbc84a7b0c/bcpkix-jdk15on-1.48.jar
7fe8a4d95000-7fe8a4d97000 r--s 00002000 08:07 4987476                    /home/sadiq/.gradle/caches/jars-3/f268e5e8fc83bb846ac355d6a16b1f30/javawriter-2.5.0.jar
7fe8a4d97000-7fe8a4d99000 r--s 00004000 08:07 4987474                    /home/sadiq/.gradle/caches/jars-3/567c158f78cfafc5ea0d6d107369130f/tracker-25.3.2.jar
7fe8a4d99000-7fe8a4d9a000 r--s 00005000 08:07 4987472                    /home/sadiq/.gradle/caches/jars-3/ca851e3dbba8af431ee9ecbfd0206194/shared-25.3.2.jar
7fe8a4d9a000-7fe8a4da8000 r--s 00147000 08:07 4987470                    /home/sadiq/.gradle/caches/jars-3/1309204e9309ac7a5cad2c315133aac2/protos-25.3.2.jar
7fe8a4da8000-7fe8a4da9000 r--s 00001000 08:07 4987468                    /home/sadiq/.gradle/caches/jars-3/33c965c4ea9767c2341add6217039a89/jill-api-0.10.0.jar
7fe8a4da9000-7fe8a4dab000 r--s 00003000 08:07 4987466                    /home/sadiq/.gradle/caches/jars-3/e984a658c2551e60894d5aff6a0c53d1/jack-api-0.13.0.jar
7fe8a4dab000-7fe8a4db1000 r--s 0004a000 08:07 4987464                    /home/sadiq/.gradle/caches/jars-3/33733172189bdef5ddcc96ee752fbbde/ddmlib-25.3.2.jar
7fe8a4db1000-7fe8a4db4000 r--s 00022000 08:07 4987462                    /home/sadiq/.gradle/caches/jars-3/55ce1a25591f294ce331834e510dabdd/manifest-merger-25.3.2.jar
7fe8a4db4000-7fe8a4db7000 r--s 0001c000 08:07 4987460                    /home/sadiq/.gradle/caches/jars-3/7b5f9921dcdad76ea2db434d2ecae0b9/common-25.3.2.jar
7fe8a4db7000-7fe8a4dc0000 r--s 00089000 08:07 4987458                    /home/sadiq/.gradle/caches/jars-3/8523c0b1af8362eaa038214ca0496e0a/sdk-common-25.3.2.jar
7fe8a4dc0000-7fe8a4dca000 r--s 00098000 08:07 4987456                    /home/sadiq/.gradle/caches/jars-3/3071e977e115e9896a20e7f6c1017d8d/sdklib-25.3.2.jar
7fe8a4dca000-7fe8a4dcb000 r--s 00002000 08:07 4987454                    /home/sadiq/.gradle/caches/jars-3/bb0ded7b424ac32b983e72b9331e4a0e/builder-test-api-2.3.2.jar
7fe8a4dcb000-7fe8a4dce000 r--s 00006000 08:07 4987452                    /home/sadiq/.gradle/caches/jars-3/3b6b0905c6e14fb367f99bcb91a3f4ef/builder-model-2.3.2.jar
7fe8a4dce000-7fe8a4ddd000 r--s 00130000 08:07 4987450                    /home/sadiq/.gradle/caches/jars-3/72ba1443c6adcea1f6ba21e12f0bb0fc/protobuf-java-3.0.0.jar
7fe8a4ddd000-7fe8a4ddf000 r--s 0000f000 08:07 4987448                    /home/sadiq/.gradle/caches/jars-3/96760c32d36a5d7066e3ccf088bfd362/jopt-simple-4.9.jar
7fe8a4ddf000-7fe8a4de3000 r--s 0001f000 08:07 4987446                    /home/sadiq/.gradle/caches/jars-3/bdc4a17755a6c76ca06da33f9769dd1a/org.jacoco.report-0.7.5.201505241946.jar
7fe8a4de3000-7fe8a4de7000 r--s 0001d000 08:07 4987444                    /home/sadiq/.gradle/caches/jars-3/b76ebf92f16d3130bb152f3a9ed2c5da/org.jacoco.core-0.7.5.201505241946.jar
7fe8a4de7000-7fe8a4de9000 r--s 00002000 08:07 4987442                    /home/sadiq/.gradle/caches/jars-3/c514881ec761129e95c128962253e435/proguard-gradle-5.3.2.jar
7fe8a4de9000-7fe8a4deb000 r--s 00009000 08:07 4987440                    /home/sadiq/.gradle/caches/jars-3/2484aee2fe8963a490ff41f797f58c4c/asm-commons-5.0.4.jar
7fe8a4deb000-7fe8a4ded000 r--s 0000c000 08:07 4987438                    /home/sadiq/.gradle/caches/jars-3/89d4e96406657abb09b3aa2a0f36045e/asm-5.0.4.jar
7fe8a4ded000-7fe8a4df2000 r--s 0002c000 08:07 4987436                    /home/sadiq/.gradle/caches/jars-3/5910cb4d843faab7e44c62b8d77104b7/compilerCommon-2.3.2.jar
7fe8a4df2000-7fe8a4df3000 r--s 00002000 08:07 4987434                    /home/sadiq/.gradle/caches/jars-3/89bbea579123f1b775d080eacc2a2a60/gradle-api-2.3.2.jar
7fe8a4df3000-7fe8a4df4000 r--s 00000000 08:07 4987432                    /home/sadiq/.gradle/caches/jars-3/71f6637d86b9a321bc3f5989adcaa159/transform-api-2.0.0-deprecated-use-gradle-api.jar
7fe8a4df4000-7fe8a4df9000 r--s 0005e000 08:07 4987430                    /home/sadiq/.gradle/caches/jars-3/799b4386bc3941448afc6c61076250b3/lint-25.3.2.jar
7fe8a4df9000-7fe8a4e0f000 r--s 00163000 08:07 4987428                    /home/sadiq/.gradle/caches/jars-3/a340dd39f98c3d76d7baf6187702afd6/builder-2.3.2.jar
7fe8a4e0f000-7fe8a4e2e000 r--s 001ca000 08:07 4987426                    /home/sadiq/.gradle/caches/jars-3/278adc3b98be895d9ca9b6611315a8cd/gradle-core-2.3.2.jar
7fe8a4e2e000-7fe8a4e30000 r--s 00007000 08:07 3020643                    /home/sadiq/.gradle/caches/modules-2/files-2.1/com.google.gms/google-services/3.1.0/166ae4e6acd03b7bbebe221ffa54bc039fece1b9/google-services-3.1.0.jar
7fe8a4e30000-7fe8a4e32000 r--s 0000d000 08:07 4987424                    /home/sadiq/.gradle/caches/jars-3/03d376f17b0dbe1d61fd3a23f252f570/gradle-2.3.2.jar
7fe8a4e32000-7fe8a5032000 rw-p 00000000 00:00 0 
7fe8a5032000-7fe8a5232000 rw-p 00000000 00:00 0 
7fe8a5232000-7fe8a5235000 ---p 00000000 00:00 0 
7fe8a5235000-7fe8a5533000 rw-p 00000000 00:00 0 
7fe8a5533000-7fe8a5733000 rw-p 00000000 00:00 0 
7fe8a5733000-7fe8a5933000 rw-p 00000000 00:00 0 
7fe8a5933000-7fe8a5b33000 rw-p 00000000 00:00 0 
7fe8a5b33000-7fe8a5bac000 r--s 010ed000 08:07 2883824                    /opt/android-studio/jre/lib/tools.jar
7fe8a5bac000-7fe8a5dac000 rw-p 00000000 00:00 0 
7fe8a5dac000-7fe8a5daf000 ---p 00000000 00:00 0 
7fe8a5daf000-7fe8a5ead000 rw-p 00000000 00:00 0 
7fe8a5ead000-7fe8a5eb0000 ---p 00000000 00:00 0 
7fe8a5eb0000-7fe8a61ae000 rw-p 00000000 00:00 0 
7fe8a61ae000-7fe8a61b1000 ---p 00000000 00:00 0 
7fe8a61b1000-7fe8a62af000 rw-p 00000000 00:00 0 
7fe8a62af000-7fe8a62b2000 ---p 00000000 00:00 0 
7fe8a62b2000-7fe8a63b0000 rw-p 00000000 00:00 0 
7fe8a63b0000-7fe8a63b3000 ---p 00000000 00:00 0 
7fe8a63b3000-7fe8a64b1000 rw-p 00000000 00:00 0 
7fe8a64b1000-7fe8a64b4000 ---p 00000000 00:00 0 
7fe8a64b4000-7fe8a65b2000 rw-p 00000000 00:00 0 
7fe8a65b2000-7fe8a65b5000 ---p 00000000 00:00 0 
7fe8a65b5000-7fe8a66b3000 rw-p 00000000 00:00 0 
7fe8a66b3000-7fe8a66b6000 ---p 00000000 00:00 0 
7fe8a66b6000-7fe8a67b4000 rw-p 00000000 00:00 0 
7fe8a67b4000-7fe8a67b7000 ---p 00000000 00:00 0 
7fe8a67b7000-7fe8a68b5000 rw-p 00000000 00:00 0 
7fe8a68b5000-7fe8a68bc000 r--s 00000000 08:07 4856472                    /usr/lib/x86_64-linux-gnu/gconv/gconv-modules.cache
7fe8a68bc000-7fe8a6abc000 rw-p 00000000 00:00 0 
7fe8a6abc000-7fe8a6abf000 ---p 00000000 00:00 0 
7fe8a6abf000-7fe8a6bbd000 rw-p 00000000 00:00 0 
7fe8a6bbd000-7fe8a6bc6000 r-xp 00000000 08:07 2883960                    /opt/android-studio/jre/jre/lib/amd64/libmanagement.so
7fe8a6bc6000-7fe8a6dc5000 ---p 00009000 08:07 2883960                    /opt/android-studio/jre/jre/lib/amd64/libmanagement.so
7fe8a6dc5000-7fe8a6dc6000 r--p 00008000 08:07 2883960                    /opt/android-studio/jre/jre/lib/amd64/libmanagement.so
7fe8a6dc6000-7fe8a6dc7000 rw-p 00009000 08:07 2883960                    /opt/android-studio/jre/jre/lib/amd64/libmanagement.so
7fe8a6dc7000-7fe8a6dcc000 r--s 00098000 08:07 2883934                    /opt/android-studio/jre/jre/lib/jsse.jar
7fe8a6dcc000-7fe8a6dce000 r--s 00008000 08:07 5251767                    /home/sadiq/.gradle/wrapper/dists/gradle-3.5-all/exhrs6ca08n232b14ue48lbye/gradle-3.5/lib/plugins/gradle-tooling-api-builders-3.5.jar
7fe8a6dce000-7fe8a6dd1000 r--s 00009000 08:07 5251760                    /home/sadiq/.gradle/wrapper/dists/gradle-3.5-all/exhrs6ca08n232b14ue48lbye/gradle-3.5/lib/plugins/gradle-testing-native-3.5.jar
7fe8a6dd1000-7fe8a6dd7000 r--s 00033000 08:07 5251837                    /home/sadiq/.gradle/wrapper/dists/gradle-3.5-all/exhrs6ca08n232b14ue48lbye/gradle-3.5/lib/plugins/snakeyaml-1.6.jar
7fe8a6dd7000-7fe8a6dd9000 r--s 00006000 08:07 5251836                    /home/sadiq/.gradle/wrapper/dists/gradle-3.5-all/exhrs6ca08n232b14ue48lbye/gradle-3.5/lib/plugins/jcommander-1.12.jar
7fe8a6dd9000-7fe8a6dde000 r--s 00040000 08:07 5251835                    /home/sadiq/.gradle/wrapper/dists/gradle-3.5-all/exhrs6ca08n232b14ue48lbye/gradle-3.5/lib/plugins/bsh-2.0b4.jar
7fe8a6dde000-7fe8a6de0000 r--s 00009000 08:07 5251841                    /home/sadiq/.gradle/wrapper/dists/gradle-3.5-all/exhrs6ca08n232b14ue48lbye/gradle-3.5/lib/plugins/hamcrest-core-1.3.jar
7fe8a6de0000-7fe8a6de9000 r--s 00089000 08:07 5251792                    /home/sadiq/.gradle/wrapper/dists/gradle-3.5-all/exhrs6ca08n232b14ue48lbye/gradle-3.5/lib/plugins/testng-6.3.1.jar
7fe8a6de9000-7fe8a6df1000 r--s 00045000 08:07 5251791                    /home/sadiq/.gradle/wrapper/dists/gradle-3.5-all/exhrs6ca08n232b14ue48lbye/gradle-3.5/lib/plugins/junit-4.12.jar
7fe8a6df1000-7fe8a6df7000 r--s 0002e000 08:07 5251761                    /home/sadiq/.gradle/wrapper/dists/gradle-3.5-all/exhrs6ca08n232b14ue48lbye/gradle-3.5/lib/plugins/gradle-testing-jvm-3.5.jar
7fe8a6df7000-7fe8a6dfb000 r--s 00016000 08:07 5251759                    /home/sadiq/.gradle/wrapper/dists/gradle-3.5-all/exhrs6ca08n232b14ue48lbye/gradle-3.5/lib/plugins/gradle-testing-base-3.5.jar
7fe8a6dfb000-7fe8a6e02000 r--s 00038000 08:07 5251786                    /home/sadiq/.gradle/wrapper/dists/gradle-3.5-all/exhrs6ca08n232b14ue48lbye/gradle-3.5/lib/plugins/bcpg-jdk15on-1.51.jar
7fe8a6e02000-7fe8a6e04000 r--s 0000c000 08:07 5251738                    /home/sadiq/.gradle/wrapper/dists/gradle-3.5-all/exhrs6ca08n232b14ue48lbye/gradle-3.5/lib/plugins/gradle-signing-3.5.jar
7fe8a6e04000-7fe8a6e06000 r--s 00007000 08:07 5251737                    /home/sadiq/.gradle/wrapper/dists/gradle-3.5-all/exhrs6ca08n232b14ue48lbye/gradle-3.5/lib/plugins/gradle-scala-3.5.jar
7fe8a6e06000-7fe8a6e07000 r--s 00004000 08:07 5251765                    /home/sadiq/.gradle/wrapper/dists/gradle-3.5-all/exhrs6ca08n232b14ue48lbye/gradle-3.5/lib/plugins/gradle-resources-sftp-3.5.jar
7fe8a6e07000-7fe8a6e17000 r--s 00088000 08:07 5251804                    /home/sadiq/.gradle/wrapper/dists/gradle-3.5-all/exhrs6ca08n232b14ue48lbye/gradle-3.5/lib/plugins/joda-time-2.8.2.jar
7fe8a6e17000-7fe8a6e28000 r--s 0010d000 08:07 5251803                    /home/sadiq/.gradle/wrapper/dists/gradle-3.5-all/exhrs6ca08n232b14ue48lbye/gradle-3.5/lib/plugins/jackson-databind-2.6.6.jar
7fe8a6e28000-7fe8a6e2b000 r--s 00009000 08:07 5251802                    /home/sadiq/.gradle/wrapper/dists/gradle-3.5-all/exhrs6ca08n232b14ue48lbye/gradle-3.5/lib/plugins/jackson-annotations-2.6.6.jar
7fe8a6e2b000-7fe8a6e2f000 r--s 0003c000 08:07 5251801                    /home/sadiq/.gradle/wrapper/dists/gradle-3.5-all/exhrs6ca08n232b14ue48lbye/gradle-3.5/lib/plugins/jackson-core-2.6.6.jar
7fe8a6e2f000-7fe8a6e3d000 r--s 00087000 08:07 5251800                    /home/sadiq/.gradle/wrapper/dists/gradle-3.5-all/exhrs6ca08n232b14ue48lbye/gradle-3.5/lib/plugins/aws-java-sdk-core-1.11.6.jar
7fe8a6e3d000-7fe8a6e44000 r--s 00057000 08:07 5251799                    /home/sadiq/.gradle/wrapper/dists/gradle-3.5-all/exhrs6ca08n232b14ue48lbye/gradle-3.5/lib/plugins/aws-java-sdk-kms-1.11.6.jar
7fe8a6e44000-7fe8a6e51000 r--s 0008e000 08:07 5251798                    /home/sadiq/.gradle/wrapper/dists/gradle-3.5-all/exhrs6ca08n232b14ue48lbye/gradle-3.5/lib/plugins/aws-java-sdk-s3-1.11.6.jar
7fe8a6e51000-7fe8a6e53000 r--s 00004000 08:07 5251766                    /home/sadiq/.gradle/wrapper/dists/gradle-3.5-all/exhrs6ca08n232b14ue48lbye/gradle-3.5/lib/plugins/gradle-resources-s3-3.5.jar
7fe8a6e53000-7fe8a6e55000 r--s 0000f000 08:07 5251743                    /home/sadiq/.gradle/wrapper/dists/gradle-3.5-all/exhrs6ca08n232b14ue48lbye/gradle-3.5/lib/plugins/gradle-reporting-3.5.jar
7fe8a6e55000-7fe8a6e57000 r--s 00002000 08:07 5251744                    /home/sadiq/.gradle/wrapper/dists/gradle-3.5-all/exhrs6ca08n232b14ue48lbye/gradle-3.5/lib/plugins/gradle-publish-3.5.jar
7fe8a6e57000-7fe8a6e59000 r--s 00009000 08:07 5251773                    /home/sadiq/.gradle/wrapper/dists/gradle-3.5-all/exhrs6ca08n232b14ue48lbye/gradle-3.5/lib/plugins/commons-cli-1.2.jar
7fe8a6e59000-7fe8a6e5f000 r--s 00035000 08:07 5251729                    /home/sadiq/.gradle/wrapper/dists/gradle-3.5-all/exhrs6ca08n232b14ue48lbye/gradle-3.5/lib/plugins/gradle-plugins-3.5.jar
7fe8a6e5f000-7fe8a6e61000 r--s 00009000 08:07 5251762                    /home/sadiq/.gradle/wrapper/dists/gradle-3.5-all/exhrs6ca08n232b14ue48lbye/gradle-3.5/lib/plugins/gradle-plugin-development-3.5.jar
7fe8a6e61000-7fe8a6e67000 r--s 0002b000 08:07 5251755                    /home/sadiq/.gradle/wrapper/dists/gradle-3.5-all/exhrs6ca08n232b14ue48lbye/gradle-3.5/lib/plugins/gradle-platform-play-3.5.jar
7fe8a6e67000-7fe8a6e75000 r--s 00056000 08:07 5251754                    /home/sadiq/.gradle/wrapper/dists/gradle-3.5-all/exhrs6ca08n232b14ue48lbye/gradle-3.5/lib/plugins/gradle-platform-native-3.5.jar
7fe8a6e75000-7fe8a6e79000 r--s 0001b000 08:07 5251749                    /home/sadiq/.gradle/wrapper/dists/gradle-3.5-all/exhrs6ca08n232b14ue48lbye/gradle-3.5/lib/plugins/gradle-platform-jvm-3.5.jar
7fe8a6e79000-7fe8a6e80000 r--s 00028000 08:07 5251748                    /home/sadiq/.gradle/wrapper/dists/gradle-3.5-all/exhrs6ca08n232b14ue48lbye/gradle-3.5/lib/plugins/gradle-platform-base-3.5.jar
7fe8a6e80000-7fe8a6ea8000 r--s 0021c000 08:07 5251781                    /home/sadiq/.gradle/wrapper/dists/gradle-3.5-all/exhrs6ca08n232b14ue48lbye/gradle-3.5/lib/plugins/biz.aQute.bndlib-3.2.0.jar
7fe8a6ea8000-7fe8a6eaa000 r--s 00003000 08:07 5251733                    /home/sadiq/.gradle/wrapper/dists/gradle-3.5-all/exhrs6ca08n232b14ue48lbye/gradle-3.5/lib/plugins/gradle-osgi-3.5.jar
7fe8a6eaa000-7fe8a6ead000 r--s 0000c000 08:07 5251784                    /home/sadiq/.gradle/wrapper/dists/gradle-3.5-all/exhrs6ca08n232b14ue48lbye/gradle-3.5/lib/plugins/pmaven-groovy-0.8-20100325.jar
7fe8a6ead000-7fe8a6eae000 r--s 00004000 08:07 5251783                    /home/sadiq/.gradle/wrapper/dists/gradle-3.5-all/exhrs6ca08n232b14ue48lbye/gradle-3.5/lib/plugins/pmaven-common-0.8-20100325.jar
7fe8a6eae000-7fe8a6eb3000 r--s 00024000 08:07 5251734                    /home/sadiq/.gradle/wrapper/dists/gradle-3.5-all/exhrs6ca08n232b14ue48lbye/gradle-3.5/lib/plugins/gradle-maven-3.5.jar
7fe8a6eb3000-7fe8a6eb6000 r--s 0000b000 08:07 5251753                    /home/sadiq/.gradle/wrapper/dists/gradle-3.5-all/exhrs6ca08n232b14ue48lbye/gradle-3.5/lib/plugins/gradle-language-scala-3.5.jar
7fe8a6eb6000-7fe8a6ebc000 r--s 0001a000 08:07 5251757                    /home/sadiq/.gradle/wrapper/dists/gradle-3.5-all/exhrs6ca08n232b14ue48lbye/gradle-3.5/lib/plugins/gradle-language-native-3.5.jar
7fe8a6ebc000-7fe8a6ebe000 r--s 00006000 08:07 5251750                    /home/sadiq/.gradle/wrapper/dists/gradle-3.5-all/exhrs6ca08n232b14ue48lbye/gradle-3.5/lib/plugins/gradle-language-jvm-3.5.jar
7fe8a6ebe000-7fe8a6ec5000 r--s 0002f000 08:07 5251751                    /home/sadiq/.gradle/wrapper/dists/gradle-3.5-all/exhrs6ca08n232b14ue48lbye/gradle-3.5/lib/plugins/gradle-language-java-3.5.jar
7fe8a6ec5000-7fe8a6ec7000 r--s 0000a000 08:07 5251752                    /home/sadiq/.gradle/wrapper/dists/gradle-3.5-all/exhrs6ca08n232b14ue48lbye/gradle-3.5/lib/plugins/gradle-language-groovy-3.5.jar
7fe8a6ec7000-7fe8a6eca000 r--s 0001e000 08:07 5251810                    /home/sadiq/.gradle/wrapper/dists/gradle-3.5-all/exhrs6ca08n232b14ue48lbye/gradle-3.5/lib/plugins/jsp-api-2.1-6.1.14.jar
7fe8a6eca000-7fe8a6eed000 r--s 00344000 08:07 5251809                    /home/sadiq/.gradle/wrapper/dists/gradle-3.5-all/exhrs6ca08n232b14ue48lbye/gradle-3.5/lib/plugins/core-3.1.1.jar
7fe8a6eed000-7fe8a6eee000 r--s 00006000 08:07 5251808                    /home/sadiq/.gradle/wrapper/dists/gradle-3.5-all/exhrs6ca08n232b14ue48lbye/gradle-3.5/lib/plugins/jetty-naming-6.1.26.jar
7fe8a6eee000-7fe8a6eef000 r--s 00002000 08:07 5251780                    /home/sadiq/.gradle/wrapper/dists/gradle-3.5-all/exhrs6ca08n232b14ue48lbye/gradle-3.5/lib/plugins/geronimo-annotation_1.0_spec-1.0.jar
7fe8a6eef000-7fe8a6ef1000 r--s 00002000 08:07 5251779                    /home/sadiq/.gradle/wrapper/dists/gradle-3.5-all/exhrs6ca08n232b14ue48lbye/gradle-3.5/lib/plugins/jetty-annotations-6.1.26.jar
7fe8a6ef1000-7fe8a6f02000 r--s 000ea000 08:07 5251778                    /home/sadiq/.gradle/wrapper/dists/gradle-3.5-all/exhrs6ca08n232b14ue48lbye/gradle-3.5/lib/plugins/jsp-2.1-6.1.14.jar
7fe8a6f02000-7fe8a6f04000 r--s 0000d000 08:07 5251777                    /home/sadiq/.gradle/wrapper/dists/gradle-3.5-all/exhrs6ca08n232b14ue48lbye/gradle-3.5/lib/plugins/jetty-plus-6.1.26.jar
7fe8a6f04000-7fe8a6f06000 r--s 0001f000 08:07 5251776                    /home/sadiq/.gradle/wrapper/dists/gradle-3.5-all/exhrs6ca08n232b14ue48lbye/gradle-3.5/lib/plugins/servlet-api-2.5-20081211.jar
7fe8a6f06000-7fe8a6f0a000 r--s 00028000 08:07 5251775                    /home/sadiq/.gradle/wrapper/dists/gradle-3.5-all/exhrs6ca08n232b14ue48lbye/gradle-3.5/lib/plugins/jetty-util-6.1.26.jar
7fe8a6f0a000-7fe8a6f11000 r--s 0007d000 08:07 5251774                    /home/sadiq/.gradle/wrapper/dists/gradle-3.5-all/exhrs6ca08n232b14ue48lbye/gradle-3.5/lib/plugins/jetty-6.1.26.jar
7fe8a6f11000-7fe8a6f13000 r--s 0000a000 08:07 5251731                    /home/sadiq/.gradle/wrapper/dists/gradle-3.5-all/exhrs6ca08n232b14ue48lbye/gradle-3.5/lib/plugins/gradle-jetty-3.5.jar
7fe8a6f13000-7fe8a6f1a000 r--s 00035000 08:07 5251789                    /home/sadiq/.gradle/wrapper/dists/gradle-3.5-all/exhrs6ca08n232b14ue48lbye/gradle-3.5/lib/plugins/simple-4.1.21.jar
7fe8a6f1a000-7fe8a6f26000 r--s 00100000 08:07 5251787                    /home/sadiq/.gradle/wrapper/dists/gradle-3.5-all/exhrs6ca08n232b14ue48lbye/gradle-3.5/lib/plugins/rhino-1.7R3.jar
7fe8a6f26000-7fe8a6f2a000 r--s 00012000 08:07 5251740                    /home/sadiq/.gradle/wrapper/dists/gradle-3.5-all/exhrs6ca08n232b14ue48lbye/gradle-3.5/lib/plugins/gradle-javascript-3.5.jar
7fe8a6f2a000-7fe8a6f2d000 r--s 00011000 08:07 5251746                    /home/sadiq/.gradle/wrapper/dists/gradle-3.5-all/exhrs6ca08n232b14ue48lbye/gradle-3.5/lib/plugins/gradle-jacoco-3.5.jar
7fe8a6f2d000-7fe8a6f30000 r--s 0000e000 08:07 5251745                    /home/sadiq/.gradle/wrapper/dists/gradle-3.5-all/exhrs6ca08n232b14ue48lbye/gradle-3.5/lib/plugins/gradle-ivy-3.5.jar
7fe8a6f30000-7fe8a6f31000 r--s 00002000 08:07 5251756                    /home/sadiq/.gradle/wrapper/dists/gradle-3.5-all/exhrs6ca08n232b14ue48lbye/gradle-3.5/lib/plugins/gradle-ide-play-3.5.jar
7fe8a6f31000-7fe8a6f34000 r--s 00013000 08:07 5251758                    /home/sadiq/.gradle/wrapper/dists/gradle-3.5-all/exhrs6ca08n232b14ue48lbye/gradle-3.5/lib/plugins/gradle-ide-native-3.5.jar
7fe8a6f34000-7fe8a6f3e000 r--s 00056000 08:07 5251735                    /home/sadiq/.gradle/wrapper/dists/gradle-3.5-all/exhrs6ca08n232b14ue48lbye/gradle-3.5/lib/plugins/gradle-ide-3.5.jar
7fe8a6f3e000-7fe8a6f40000 r--s 00007000 08:07 5251739                    /home/sadiq/.gradle/wrapper/dists/gradle-3.5-all/exhrs6ca08n232b14ue48lbye/gradle-3.5/lib/plugins/gradle-ear-3.5.jar
7fe8a6f40000-7fe8a6f42000 r--s 00005000 08:07 5251790                    /home/sadiq/.gradle/wrapper/dists/gradle-3.5-all/exhrs6ca08n232b14ue48lbye/gradle-3.5/lib/plugins/jatl-0.2.2.jar
7fe8a6f42000-7fe8a6f48000 r--s 00039000 08:07 5251742                    /home/sadiq/.gradle/wrapper/dists/gradle-3.5-all/exhrs6ca08n232b14ue48lbye/gradle-3.5/lib/plugins/gradle-diagnostics-3.5.jar
7fe8a6f48000-7fe8a6f4a000 r--s 00009000 08:07 5251768                    /home/sadiq/.gradle/wrapper/dists/gradle-3.5-all/exhrs6ca08n232b14ue48lbye/gradle-3.5/lib/plugins/gradle-composite-builds-3.5.jar
7fe8a6f4a000-7fe8a6f4f000 r--s 00023000 08:07 5251730                    /home/sadiq/.gradle/wrapper/dists/gradle-3.5-all/exhrs6ca08n232b14ue48lbye/gradle-3.5/lib/plugins/gradle-code-quality-3.5.jar
7fe8a6f4f000-7fe8a6f54000 r--s 00022000 08:07 5251747                    /home/sadiq/.gradle/wrapper/dists/gradle-3.5-all/exhrs6ca08n232b14ue48lbye/gradle-3.5/lib/plugins/gradle-build-init-3.5.jar
7fe8a6f54000-7fe8a6f5a000 r--s 0008e000 08:07 5251741                    /home/sadiq/.gradle/wrapper/dists/gradle-3.5-all/exhrs6ca08n232b14ue48lbye/gradle-3.5/lib/plugins/gradle-build-comparison-3.5.jar
7fe8a6f5a000-7fe8a6f5b000 r--s 00002000 08:07 5251769                    /home/sadiq/.gradle/wrapper/dists/gradle-3.5-all/exhrs6ca08n232b14ue48lbye/gradle-3.5/lib/plugins/gradle-build-cache-http-3.5.jar
7fe8a6f5b000-7fe8a6f5d000 r--s 00008000 08:07 5251732                    /home/sadiq/.gradle/wrapper/dists/gradle-3.5-all/exhrs6ca08n232b14ue48lbye/gradle-3.5/lib/plugins/gradle-antlr-3.5.jar
7fe8a6f5d000-7fe8a6f5e000 r--s 00005000 08:07 5251736                    /home/sadiq/.gradle/wrapper/dists/gradle-3.5-all/exhrs6ca08n232b14ue48lbye/gradle-3.5/lib/plugins/gradle-announce-3.5.jar
7fe8a6f5e000-7fe8a6f66000 r--s 00028000 08:07 5251839                    /home/sadiq/.gradle/wrapper/dists/gradle-3.5-all/exhrs6ca08n232b14ue48lbye/gradle-3.5/lib/plugins/xml-apis-1.3.04.jar
7fe8a6f66000-7fe8a6f6c000 r--s 00033000 08:07 5251785                    /home/sadiq/.gradle/wrapper/dists/gradle-3.5-all/exhrs6ca08n232b14ue48lbye/gradle-3.5/lib/plugins/commons-codec-1.6.jar
7fe8a6f6c000-7fe8a6f73000 r--s 00049000 08:07 5251838                    /home/sadiq/.gradle/wrapper/dists/gradle-3.5-all/exhrs6ca08n232b14ue48lbye/gradle-3.5/lib/plugins/httpcore-4.4.4.jar
7fe8a6f73000-7fe8a6f89000 r-xp 00000000 08:07 3805734                    /lib/x86_64-linux-gnu/libgcc_s.so.1
7fe8a6f89000-7fe8a7188000 ---p 00016000 08:07 3805734                    /lib/x86_64-linux-gnu/libgcc_s.so.1
7fe8a7188000-7fe8a7189000 rw-p 00015000 08:07 3805734                    /lib/x86_64-linux-gnu/libgcc_s.so.1
7fe8a7189000-7fe8a72fb000 r-xp 00000000 08:07 4597219                    /usr/lib/x86_64-linux-gnu/libstdc++.so.6.0.21
7fe8a72fb000-7fe8a74fb000 ---p 00172000 08:07 4597219                    /usr/lib/x86_64-linux-gnu/libstdc++.so.6.0.21
7fe8a74fb000-7fe8a7505000 r--p 00172000 08:07 4597219                    /usr/lib/x86_64-linux-gnu/libstdc++.so.6.0.21
7fe8a7505000-7fe8a7507000 rw-p 0017c000 08:07 4597219                    /usr/lib/x86_64-linux-gnu/libstdc++.so.6.0.21
7fe8a7507000-7fe8a750b000 rw-p 00000000 00:00 0 
7fe8a750b000-7fe8a7510000 r-xp 00000000 08:07 4856717                    /home/sadiq/.gradle/native/25/linux-amd64/libnative-platform.so
7fe8a7510000-7fe8a770f000 ---p 00005000 08:07 4856717                    /home/sadiq/.gradle/native/25/linux-amd64/libnative-platform.so
7fe8a770f000-7fe8a7710000 rw-p 00004000 08:07 4856717                    /home/sadiq/.gradle/native/25/linux-amd64/libnative-platform.so
7fe8a7710000-7fe8a7721000 r-xp 00000000 08:07 2883948                    /opt/android-studio/jre/jre/lib/amd64/libnio.so
7fe8a7721000-7fe8a7920000 ---p 00011000 08:07 2883948                    /opt/android-studio/jre/jre/lib/amd64/libnio.so
7fe8a7920000-7fe8a7921000 r--p 00010000 08:07 2883948                    /opt/android-studio/jre/jre/lib/amd64/libnio.so
7fe8a7921000-7fe8a7922000 rw-p 00011000 08:07 2883948                    /opt/android-studio/jre/jre/lib/amd64/libnio.so
7fe8a7922000-7fe8a7c23000 rw-p 00000000 00:00 0 
7fe8a7c23000-7fe8a7c3a000 r-xp 00000000 08:07 2883946                    /opt/android-studio/jre/jre/lib/amd64/libnet.so
7fe8a7c3a000-7fe8a7e39000 ---p 00017000 08:07 2883946                    /opt/android-studio/jre/jre/lib/amd64/libnet.so
7fe8a7e39000-7fe8a7e3a000 r--p 00016000 08:07 2883946                    /opt/android-studio/jre/jre/lib/amd64/libnet.so
7fe8a7e3a000-7fe8a7e3b000 rw-p 00017000 08:07 2883946                    /opt/android-studio/jre/jre/lib/amd64/libnet.so
7fe8a7e3b000-7fe8a8000000 r--s 017fb000 08:07 5251669                    /home/sadiq/.gradle/wrapper/dists/gradle-3.5-all/exhrs6ca08n232b14ue48lbye/gradle-3.5/lib/kotlin-compiler-embeddable-1.1.0.jar
7fe8a8000000-7fe8a8132000 rw-p 00000000 00:00 0 
7fe8a8132000-7fe8ac000000 ---p 00000000 00:00 0 
7fe8ac000000-7fe8ac003000 r--s 0001c000 08:07 5251796                    /home/sadiq/.gradle/wrapper/dists/gradle-3.5-all/exhrs6ca08n232b14ue48lbye/gradle-3.5/lib/plugins/nekohtml-1.9.14.jar
7fe8ac003000-7fe8ac01b000 r--s 00115000 08:07 5251795                    /home/sadiq/.gradle/wrapper/dists/gradle-3.5-all/exhrs6ca08n232b14ue48lbye/gradle-3.5/lib/plugins/xercesImpl-2.9.1.jar
7fe8ac01b000-7fe8ac021000 r--s 0005b000 08:07 5251794                    /home/sadiq/.gradle/wrapper/dists/gradle-3.5-all/exhrs6ca08n232b14ue48lbye/gradle-3.5/lib/plugins/jcifs-1.3.17.jar
7fe8ac021000-7fe8ac02e000 r--s 000a4000 08:07 5251793                    /home/sadiq/.gradle/wrapper/dists/gradle-3.5-all/exhrs6ca08n232b14ue48lbye/gradle-3.5/lib/plugins/httpclient-4.4.1.jar
7fe8ac02e000-7fe8ac031000 r--s 0000a000 08:07 5251764                    /home/sadiq/.gradle/wrapper/dists/gradle-3.5-all/exhrs6ca08n232b14ue48lbye/gradle-3.5/lib/plugins/gradle-resources-http-3.5.jar
7fe8ac031000-7fe8ac035000 r--s 00017000 08:07 5251763                    /home/sadiq/.gradle/wrapper/dists/gradle-3.5-all/exhrs6ca08n232b14ue48lbye/gradle-3.5/lib/plugins/gradle-plugin-use-3.5.jar
7fe8ac035000-7fe8ac036000 r--s 00000000 08:07 5251673                    /home/sadiq/.gradle/wrapper/dists/gradle-3.5-all/exhrs6ca08n232b14ue48lbye/gradle-3.5/lib/gradle-runtime-api-info-3.5.jar
7fe8ac036000-7fe8ac037000 r--s 00000000 08:07 5251675                    /home/sadiq/.gradle/wrapper/dists/gradle-3.5-all/exhrs6ca08n232b14ue48lbye/gradle-3.5/lib/gradle-installation-beacon-3.5.jar
7fe8ac037000-7fe8ac039000 r--s 00006000 08:07 5251834                    /home/sadiq/.gradle/wrapper/dists/gradle-3.5-all/exhrs6ca08n232b14ue48lbye/gradle-3.5/lib/plugins/aether-connector-wagon-1.13.1.jar
7fe8ac039000-7fe8ac03d000 r--s 0001c000 08:07 5251833                    /home/sadiq/.gradle/wrapper/dists/gradle-3.5-all/exhrs6ca08n232b14ue48lbye/gradle-3.5/lib/plugins/aether-util-1.13.1.jar
7fe8ac03d000-7fe8ac03e000 r--s 00003000 08:07 5251832                    /home/sadiq/.gradle/wrapper/dists/gradle-3.5-all/exhrs6ca08n232b14ue48lbye/gradle-3.5/lib/plugins/aether-spi-1.13.1.jar
7fe8ac03e000-7fe8ac041000 r--s 0001d000 08:07 5251831                    /home/sadiq/.gradle/wrapper/dists/gradle-3.5-all/exhrs6ca08n232b14ue48lbye/gradle-3.5/lib/plugins/aether-impl-1.13.1.jar
7fe8ac041000-7fe8ac044000 r--s 00013000 08:07 5251830                    /home/sadiq/.gradle/wrapper/dists/gradle-3.5-all/exhrs6ca08n232b14ue48lbye/gradle-3.5/lib/plugins/aether-api-1.13.1.jar
7fe8ac044000-7fe8ac045000 r--s 00007000 08:07 5251829                    /home/sadiq/.gradle/wrapper/dists/gradle-3.5-all/exhrs6ca08n232b14ue48lbye/gradle-3.5/lib/plugins/wagon-http-shared4-2.4.jar
7fe8ac045000-7fe8ac047000 r--s 0000b000 08:07 5251828                    /home/sadiq/.gradle/wrapper/dists/gradle-3.5-all/exhrs6ca08n232b14ue48lbye/gradle-3.5/lib/plugins/wagon-provider-api-2.4.jar
7fe8ac047000-7fe8ac048000 r--s 00002000 08:07 5251827                    /home/sadiq/.gradle/wrapper/dists/gradle-3.5-all/exhrs6ca08n232b14ue48lbye/gradle-3.5/lib/plugins/wagon-http-2.4.jar
7fe8ac048000-7fe8ac049000 r--s 00002000 08:07 5251826                    /home/sadiq/.gradle/wrapper/dists/gradle-3.5-all/exhrs6ca08n232b14ue48lbye/gradle-3.5/lib/plugins/wagon-file-2.4.jar
7fe8ac049000-7fe8ac04b000 r--s 0000c000 08:07 5251825                    /home/sadiq/.gradle/wrapper/dists/gradle-3.5-all/exhrs6ca08n232b14ue48lbye/gradle-3.5/lib/plugins/maven-aether-provider-3.0.4.jar
7fe8ac04b000-7fe8ac04d000 r--s 0000b000 08:07 5251824                    /home/sadiq/.gradle/wrapper/dists/gradle-3.5-all/exhrs6ca08n232b14ue48lbye/gradle-3.5/lib/plugins/maven-plugin-api-3.0.4.jar
7fe8ac04d000-7fe8ac04f000 r--s 00006000 08:07 5251823                    /home/sadiq/.gradle/wrapper/dists/gradle-3.5-all/exhrs6ca08n232b14ue48lbye/gradle-3.5/lib/plugins/maven-repository-metadata-3.0.4.jar
7fe8ac04f000-7fe8ac051000 r--s 0000b000 08:07 5251822                    /home/sadiq/.gradle/wrapper/dists/gradle-3.5-all/exhrs6ca08n232b14ue48lbye/gradle-3.5/lib/plugins/maven-artifact-3.0.4.jar
7fe8ac051000-7fe8ac053000 r--s 00026000 08:07 5251821                    /home/sadiq/.gradle/wrapper/dists/gradle-3.5-all/exhrs6ca08n232b14ue48lbye/gradle-3.5/lib/plugins/maven-model-3.0.4.jar
7fe8ac053000-7fe8ac057000 r--s 00021000 08:07 5251820                    /home/sadiq/.gradle/wrapper/dists/gradle-3.5-all/exhrs6ca08n232b14ue48lbye/gradle-3.5/lib/plugins/maven-model-builder-3.0.4.jar
7fe8ac057000-7fe8ac05d000 r--s 0003f000 08:07 5251819                    /home/sadiq/.gradle/wrapper/dists/gradle-3.5-all/exhrs6ca08n232b14ue48lbye/gradle-3.5/lib/plugins/maven-compat-3.0.4.jar
7fe8ac05d000-7fe8ac05e000 r--s 00006000 08:07 5251818                    /home/sadiq/.gradle/wrapper/dists/gradle-3.5-all/exhrs6ca08n232b14ue48lbye/gradle-3.5/lib/plugins/plexus-sec-dispatcher-1.3.jar
7fe8ac05e000-7fe8ac060000 r--s 00002000 08:07 5251817                    /home/sadiq/.gradle/wrapper/dists/gradle-3.5-all/exhrs6ca08n232b14ue48lbye/gradle-3.5/lib/plugins/plexus-cipher-1.7.jar
7fe8ac060000-7fe8ac062000 r--s 0000a000 08:07 5251816                    /home/sadiq/.gradle/wrapper/dists/gradle-3.5-all/exhrs6ca08n232b14ue48lbye/gradle-3.5/lib/plugins/plexus-classworlds-2.4.jar
7fe8ac062000-7fe8ac069000 r--s 0002e000 08:07 5251815                    /home/sadiq/.gradle/wrapper/dists/gradle-3.5-all/exhrs6ca08n232b14ue48lbye/gradle-3.5/lib/plugins/plexus-container-default-1.5.5.jar
7fe8ac069000-7fe8ac06b000 r--s 00000000 08:07 5251840                    /home/sadiq/.gradle/wrapper/dists/gradle-3.5-all/exhrs6ca08n232b14ue48lbye/gradle-3.5/lib/plugins/plexus-component-annotations-1.5.5.jar
7fe8ac06b000-7fe8ac06d000 r--s 0000d000 08:07 5251814                    /home/sadiq/.gradle/wrapper/dists/gradle-3.5-all/exhrs6ca08n232b14ue48lbye/gradle-3.5/lib/plugins/plexus-interpolation-1.14.jar
7fe8ac06d000-7fe8ac071000 r--s 00033000 08:07 5251813                    /home/sadiq/.gradle/wrapper/dists/gradle-3.5-all/exhrs6ca08n232b14ue48lbye/gradle-3.5/lib/plugins/plexus-utils-2.0.6.jar
7fe8ac071000-7fe8ac074000 r--s 00008000 08:07 5251812                    /home/sadiq/.gradle/wrapper/dists/gradle-3.5-all/exhrs6ca08n232b14ue48lbye/gradle-3.5/lib/plugins/maven-settings-builder-3.0.4.jar
7fe8ac074000-7fe8ac076000 r--s 0000a000 08:07 5251811                    /home/sadiq/.gradle/wrapper/dists/gradle-3.5-all/exhrs6ca08n232b14ue48lbye/gradle-3.5/lib/plugins/maven-settings-3.0.4.jar
7fe8ac076000-7fe8ac07b000 r--s 00040000 08:07 5251797                    /home/sadiq/.gradle/wrapper/dists/gradle-3.5-all/exhrs6ca08n232b14ue48lbye/gradle-3.5/lib/plugins/jsch-0.1.54.jar
7fe8ac07b000-7fe8ac0bb000 r--s 00277000 08:07 5251807                    /home/sadiq/.gradle/wrapper/dists/gradle-3.5-all/exhrs6ca08n232b14ue48lbye/gradle-3.5/lib/plugins/bcprov-jdk15on-1.51.jar
7fe8ac0bb000-7fe8ac0bf000 r--s 0001d000 08:07 5251806                    /home/sadiq/.gradle/wrapper/dists/gradle-3.5-all/exhrs6ca08n232b14ue48lbye/gradle-3.5/lib/plugins/xbean-reflect-3.4.jar
7fe8ac0bf000-7fe8ac0cb000 r--s 0007d000 08:07 5251782                    /home/sadiq/.gradle/wrapper/dists/gradle-3.5-all/exhrs6ca08n232b14ue48lbye/gradle-3.5/lib/plugins/maven-core-3.0.4.jar
7fe8ac0cb000-7fe8ac0d0000 r--s 00034000 08:07 5251788                    /home/sadiq/.gradle/wrapper/dists/gradle-3.5-all/exhrs6ca08n232b14ue48lbye/gradle-3.5/lib/plugins/gson-2.7.jar
7fe8ac0d0000-7fe8ac0df000 r--s 000d9000 08:07 5251805                    /home/sadiq/.gradle/wrapper/dists/gradle-3.5-all/exhrs6ca08n232b14ue48lbye/gradle-3.5/lib/plugins/ivy-2.2.0.jar
7fe8ac0df000-7fe8ac100000 r--s 00106000 08:07 5251771                    /home/sadiq/.gradle/wrapper/dists/gradle-3.5-all/exhrs6ca08n232b14ue48lbye/gradle-3.5/lib/plugins/gradle-dependency-management-3.5.jar
7fe8ac100000-7fe8ac102000 r--s 00007000 08:07 5251770                    /home/sadiq/.gradle/wrapper/dists/gradle-3.5-all/exhrs6ca08n232b14ue48lbye/gradle-3.5/lib/plugins/gradle-workers-3.5.jar
7fe8ac102000-7fe8ac103000 r--s 00006000 08:07 5251674                    /home/sadiq/.gradle/wrapper/dists/gradle-3.5-all/exhrs6ca08n232b14ue48lbye/gradle-3.5/lib/gradle-wrapper-3.5.jar
7fe8ac103000-7fe8ac111000 r--s 00043000 08:07 5251681                    /home/sadiq/.gradle/wrapper/dists/gradle-3.5-all/exhrs6ca08n232b14ue48lbye/gradle-3.5/lib/gradle-tooling-api-3.5.jar
7fe8ac111000-7fe8ac117000 r--s 00032000 08:07 5251704                    /home/sadiq/.gradle/wrapper/dists/gradle-3.5-all/exhrs6ca08n232b14ue48lbye/gradle-3.5/lib/jaxen-1.1.jar
7fe8ac117000-7fe8ac11c000 r--s 00048000 08:07 5251703                    /home/sadiq/.gradle/wrapper/dists/gradle-3.5-all/exhrs6ca08n232b14ue48lbye/gradle-3.5/lib/dom4j-1.6.1.jar
7fe8ac11c000-7fe8ac127000 r--s 00059000 08:07 5251680                    /home/sadiq/.gradle/wrapper/dists/gradle-3.5-all/exhrs6ca08n232b14ue48lbye/gradle-3.5/lib/gradle-ui-3.5.jar
7fe8ac127000-7fe8ac15e000 r--s 00284000 08:07 5251670                    /home/sadiq/.gradle/wrapper/dists/gradle-3.5-all/exhrs6ca08n232b14ue48lbye/gradle-3.5/lib/kotlin-reflect-1.1.0.jar
7fe8ac15e000-7fe8ac1ce000 r--s 00645000 08:07 5251692                    /home/sadiq/.gradle/wrapper/dists/gradle-3.5-all/exhrs6ca08n232b14ue48lbye/gradle-3.5/lib/groovy-all-2.4.10.jar
7fe8ac1ce000-7fe8ac1cf000 ---p 00000000 00:00 0 
7fe8ac1cf000-7fe8ac2cf000 rw-p 00000000 00:00 0 
7fe8ac2cf000-7fe8ac2d2000 ---p 00000000 00:00 0 
7fe8ac2d2000-7fe8ac3d0000 rw-p 00000000 00:00 0 
7fe8ac3d0000-7fe8ac3d3000 ---p 00000000 00:00 0 
7fe8ac3d3000-7fe8ac4d1000 rw-p 00000000 00:00 0 
7fe8ac4d1000-7fe8ac4d4000 ---p 00000000 00:00 0 
7fe8ac4d4000-7fe8ac5d2000 rw-p 00000000 00:00 0 
7fe8ac5d2000-7fe8ac5d5000 ---p 00000000 00:00 0 
7fe8ac5d5000-7fe8ac6d3000 rw-p 00000000 00:00 0 
7fe8ac6d3000-7fe8ac6d6000 ---p 00000000 00:00 0 
7fe8ac6d6000-7fe8ac7d4000 rw-p 00000000 00:00 0 
7fe8ac7d4000-7fe8acafb000 r--p 00000000 08:07 4590299                    /usr/lib/locale/locale-archive
7fe8acafb000-7fe8acafe000 ---p 00000000 00:00 0 
7fe8acafe000-7fe8acbfc000 rw-p 00000000 00:00 0 
7fe8acbfc000-7fe8acbff000 ---p 00000000 00:00 0 
7fe8acbff000-7fe8accfd000 rw-p 00000000 00:00 0 
7fe8accfd000-7fe8accfe000 ---p 00000000 00:00 0 
7fe8accfe000-7fe8b0000000 rw-p 00000000 00:00 0 
7fe8b0000000-7fe8b0023000 rw-p 00000000 00:00 0 
7fe8b0023000-7fe8b4000000 ---p 00000000 00:00 0 
7fe8b4000000-7fe8b4002000 r--s 00002000 08:07 5251702                    /home/sadiq/.gradle/wrapper/dists/gradle-3.5-all/exhrs6ca08n232b14ue48lbye/gradle-3.5/lib/gradle-open-api-3.5.jar
7fe8b4002000-7fe8b4010000 r--s 000cb000 08:07 5251671                    /home/sadiq/.gradle/wrapper/dists/gradle-3.5-all/exhrs6ca08n232b14ue48lbye/gradle-3.5/lib/kotlin-stdlib-1.1.0.jar
7fe8b4010000-7fe8b4012000 r--s 00003000 08:07 5251667                    /home/sadiq/.gradle/wrapper/dists/gradle-3.5-all/exhrs6ca08n232b14ue48lbye/gradle-3.5/lib/annotations-13.0.jar
7fe8b4012000-7fe8b401a000 r--s 00055000 08:07 5251668                    /home/sadiq/.gradle/wrapper/dists/gradle-3.5-all/exhrs6ca08n232b14ue48lbye/gradle-3.5/lib/gradle-script-kotlin-0.8.0.jar
7fe8b401a000-7fe8b401d000 r--s 0000b000 08:07 5251690                    /home/sadiq/.gradle/wrapper/dists/gradle-3.5-all/exhrs6ca08n232b14ue48lbye/gradle-3.5/lib/gradle-resources-3.5.jar
7fe8b401d000-7fe8b401f000 r--s 00005000 08:07 5251679                    /home/sadiq/.gradle/wrapper/dists/gradle-3.5-all/exhrs6ca08n232b14ue48lbye/gradle-3.5/lib/gradle-cli-3.5.jar
7fe8b401f000-7fe8b4021000 r--s 00003000 08:07 5251708                    /home/sadiq/.gradle/wrapper/dists/gradle-3.5-all/exhrs6ca08n232b14ue48lbye/gradle-3.5/lib/jcl-over-slf4j-1.7.10.jar
7fe8b4021000-7fe8b4022000 r--s 00005000 08:07 5251707                    /home/sadiq/.gradle/wrapper/dists/gradle-3.5-all/exhrs6ca08n232b14ue48lbye/gradle-3.5/lib/log4j-over-slf4j-1.7.10.jar
7fe8b4022000-7fe8b4024000 r--s 00000000 08:07 5251706                    /home/sadiq/.gradle/wrapper/dists/gradle-3.5-all/exhrs6ca08n232b14ue48lbye/gradle-3.5/lib/jul-to-slf4j-1.7.10.jar
7fe8b4024000-7fe8b402b000 r--s 00027000 08:07 5251683                    /home/sadiq/.gradle/wrapper/dists/gradle-3.5-all/exhrs6ca08n232b14ue48lbye/gradle-3.5/lib/gradle-logging-3.5.jar
7fe8b402b000-7fe8b403a000 r--s 0007f000 08:07 5251691                    /home/sadiq/.gradle/wrapper/dists/gradle-3.5-all/exhrs6ca08n232b14ue48lbye/gradle-3.5/lib/gradle-model-core-3.5.jar
7fe8b403a000-7fe8b403c000 r--s 00006000 08:07 5251688                    /home/sadiq/.gradle/wrapper/dists/gradle-3.5-all/exhrs6ca08n232b14ue48lbye/gradle-3.5/lib/gradle-base-services-groovy-3.5.jar
7fe8b403c000-7fe8b403e000 r--s 00007000 08:07 5251696                    /home/sadiq/.gradle/wrapper/dists/gradle-3.5-all/exhrs6ca08n232b14ue48lbye/gradle-3.5/lib/gradle-model-groovy-3.5.jar
7fe8b403e000-7fe8b403f000 r--s 00002000 08:07 5251701                    /home/sadiq/.gradle/wrapper/dists/gradle-3.5-all/exhrs6ca08n232b14ue48lbye/gradle-3.5/lib/gradle-docs-3.5.jar
7fe8b403f000-7fe8b4040000 r--s 00000000 08:07 5251699                    /home/sadiq/.gradle/wrapper/dists/gradle-3.5-all/exhrs6ca08n232b14ue48lbye/gradle-3.5/lib/jcip-annotations-1.0.jar
7fe8b4040000-7fe8b404d000 r--s 00083000 08:07 5251697                    /home/sadiq/.gradle/wrapper/dists/gradle-3.5-all/exhrs6ca08n232b14ue48lbye/gradle-3.5/lib/commons-collections-3.2.2.jar
7fe8b404d000-7fe8b404e000 r--s 00000000 08:07 5251695                    /home/sadiq/.gradle/wrapper/dists/gradle-3.5-all/exhrs6ca08n232b14ue48lbye/gradle-3.5/lib/javax.inject-1.jar
7fe8b404e000-7fe8b404f000 r--s 00001000 08:07 5251724                    /home/sadiq/.gradle/wrapper/dists/gradle-3.5-all/exhrs6ca08n232b14ue48lbye/gradle-3.5/lib/native-platform-linux-i386-ncurses6-0.14.jar
7fe8b404f000-7fe8b4050000 r--s 00001000 08:07 5251723                    /home/sadiq/.gradle/wrapper/dists/gradle-3.5-all/exhrs6ca08n232b14ue48lbye/gradle-3.5/lib/native-platform-linux-i386-ncurses5-0.14.jar
7fe8b4050000-7fe8b4051000 r--s 00001000 08:07 5251722                    /home/sadiq/.gradle/wrapper/dists/gradle-3.5-all/exhrs6ca08n232b14ue48lbye/gradle-3.5/lib/native-platform-linux-amd64-ncurses6-0.14.jar
7fe8b4051000-7fe8b4052000 r--s 00001000 08:07 5251721                    /home/sadiq/.gradle/wrapper/dists/gradle-3.5-all/exhrs6ca08n232b14ue48lbye/gradle-3.5/lib/native-platform-linux-amd64-ncurses5-0.14.jar
7fe8b4052000-7fe8b4053000 r--s 0000b000 08:07 5251720                    /home/sadiq/.gradle/wrapper/dists/gradle-3.5-all/exhrs6ca08n232b14ue48lbye/gradle-3.5/lib/native-platform-windows-i386-0.14.jar
7fe8b4053000-7fe8b4055000 r--s 0000b000 08:07 5251719                    /home/sadiq/.gradle/wrapper/dists/gradle-3.5-all/exhrs6ca08n232b14ue48lbye/gradle-3.5/lib/native-platform-windows-amd64-0.14.jar
7fe8b4055000-7fe8b4056000 r--s 00003000 08:07 5251718                    /home/sadiq/.gradle/wrapper/dists/gradle-3.5-all/exhrs6ca08n232b14ue48lbye/gradle-3.5/lib/native-platform-osx-i386-0.14.jar
7fe8b4056000-7fe8b4058000 r--s 00002000 08:07 5251717                    /home/sadiq/.gradle/wrapper/dists/gradle-3.5-all/exhrs6ca08n232b14ue48lbye/gradle-3.5/lib/native-platform-osx-amd64-0.14.jar
7fe8b4058000-7fe8b4059000 r--s 00002000 08:07 5251716                    /home/sadiq/.gradle/wrapper/dists/gradle-3.5-all/exhrs6ca08n232b14ue48lbye/gradle-3.5/lib/native-platform-linux-i386-0.14.jar
7fe8b4059000-7fe8b4081000 r--s 001cf000 08:07 5251685                    /home/sadiq/.gradle/wrapper/dists/gradle-3.5-all/exhrs6ca08n232b14ue48lbye/gradle-3.5/lib/guava-jdk5-17.0.jar
7fe8b4081000-7fe8b40a0000 r--s 001d1000 08:07 5251694                    /home/sadiq/.gradle/wrapper/dists/gradle-3.5-all/exhrs6ca08n232b14ue48lbye/gradle-3.5/lib/ant-1.9.6.jar
7fe8b40a0000-7fe8b40e2000 r--s 00220000 08:07 5251678                    /home/sadiq/.gradle/wrapper/dists/gradle-3.5-all/exhrs6ca08n232b14ue48lbye/gradle-3.5/lib/gradle-core-3.5.jar
7fe8b40e2000-7fe8b4e31000 rw-p 00000000 00:00 0 
7fe8b4e31000-7fe8b5000000 r--s 03c1b000 08:07 2883916                    /opt/android-studio/jre/jre/lib/rt.jar
7fe8b5000000-7fe8b6e30000 rwxp 00000000 00:00 0 
7fe8b6e30000-7fe8c4000000 ---p 00000000 00:00 0 
7fe8c4000000-7fe8c4ca9000 rw-p 00000000 00:00 0 
7fe8c4ca9000-7fe8c8000000 ---p 00000000 00:00 0 
7fe8c8000000-7fe8c8001000 r--s 00002000 08:07 5251715                    /home/sadiq/.gradle/wrapper/dists/gradle-3.5-all/exhrs6ca08n232b14ue48lbye/gradle-3.5/lib/native-platform-linux-amd64-0.14.jar
7fe8c8001000-7fe8c8002000 r--s 00003000 08:07 5251714                    /home/sadiq/.gradle/wrapper/dists/gradle-3.5-all/exhrs6ca08n232b14ue48lbye/gradle-3.5/lib/native-platform-freebsd-i386-libstdcpp-0.14.jar
7fe8c8002000-7fe8c8003000 r--s 00004000 08:07 5251713                    /home/sadiq/.gradle/wrapper/dists/gradle-3.5-all/exhrs6ca08n232b14ue48lbye/gradle-3.5/lib/native-platform-freebsd-i386-libcpp-0.14.jar
7fe8c8003000-7fe8c8004000 r--s 00004000 08:07 5251712                    /home/sadiq/.gradle/wrapper/dists/gradle-3.5-all/exhrs6ca08n232b14ue48lbye/gradle-3.5/lib/native-platform-freebsd-amd64-libstdcpp-0.14.jar
7fe8c8004000-7fe8c8007000 r--s 00023000 08:07 5251705                    /home/sadiq/.gradle/wrapper/dists/gradle-3.5-all/exhrs6ca08n232b14ue48lbye/gradle-3.5/lib/jansi-1.14.jar
7fe8c8007000-7fe8c800b000 r--s 00027000 08:07 5251698                    /home/sadiq/.gradle/wrapper/dists/gradle-3.5-all/exhrs6ca08n232b14ue48lbye/gradle-3.5/lib/commons-io-2.2.jar
7fe8c800b000-7fe8c800f000 r--s 00012000 08:07 5251700                    /home/sadiq/.gradle/wrapper/dists/gradle-3.5-all/exhrs6ca08n232b14ue48lbye/gradle-3.5/lib/native-platform-0.14.jar
7fe8c800f000-7fe8c8012000 r--s 0000c000 08:07 5251682                    /home/sadiq/.gradle/wrapper/dists/gradle-3.5-all/exhrs6ca08n232b14ue48lbye/gradle-3.5/lib/gradle-native-3.5.jar
7fe8c8012000-7fe8c8014000 r--s 00007000 08:07 5251727                    /home/sadiq/.gradle/wrapper/dists/gradle-3.5-all/exhrs6ca08n232b14ue48lbye/gradle-3.5/lib/objenesis-1.2.jar
7fe8c8014000-7fe8c8016000 r--s 00000000 08:07 5251726                    /home/sadiq/.gradle/wrapper/dists/gradle-3.5-all/exhrs6ca08n232b14ue48lbye/gradle-3.5/lib/minlog-1.2.jar
7fe8c8016000-7fe8c8018000 r--s 0000f000 08:07 5251725                    /home/sadiq/.gradle/wrapper/dists/gradle-3.5-all/exhrs6ca08n232b14ue48lbye/gradle-3.5/lib/reflectasm-1.07-shaded.jar
7fe8c8018000-7fe8c801d000 r--s 00038000 08:07 5251693                    /home/sadiq/.gradle/wrapper/dists/gradle-3.5-all/exhrs6ca08n232b14ue48lbye/gradle-3.5/lib/asm-all-5.1.jar
7fe8c801d000-7fe8c8c23000 rw-p 00000000 00:00 0 
7fe8c8c23000-7fe8c8c24000 ---p 00000000 00:00 0 
7fe8c8c24000-7fe8c8d24000 rw-p 00000000 00:00 0 
7fe8c8d24000-7fe8c8d25000 ---p 00000000 00:00 0 
7fe8c8d25000-7fe8c8e25000 rw-p 00000000 00:00 0 
7fe8c8e25000-7fe8c8e26000 ---p 00000000 00:00 0 
7fe8c8e26000-7fe8c8f26000 rw-p 00000000 00:00 0 
7fe8c8f26000-7fe8c8f27000 ---p 00000000 00:00 0 
7fe8c8f27000-7fe8c90f6000 rw-p 00000000 00:00 0 
7fe8c90f6000-7fe8c9227000 ---p 00000000 00:00 0 
7fe8c9227000-7fe8c92f6000 rw-p 00000000 00:00 0 
7fe8c92f6000-7fe8c9427000 ---p 00000000 00:00 0 
7fe8c9427000-7fe8c9500000 rw-p 00000000 00:00 0 
7fe8c9500000-7fe8c9527000 ---p 00000000 00:00 0 
7fe8c9527000-7fe8c95a1000 rw-p 00000000 00:00 0 
7fe8c95a1000-7fe8c98e8000 ---p 00000000 00:00 0 
7fe8c98e8000-7fe8c9902000 r-xp 00000000 08:07 2883943                    /opt/android-studio/jre/jre/lib/amd64/libzip.so
7fe8c9902000-7fe8c9b02000 ---p 0001a000 08:07 2883943                    /opt/android-studio/jre/jre/lib/amd64/libzip.so
7fe8c9b02000-7fe8c9b03000 r--p 0001a000 08:07 2883943                    /opt/android-studio/jre/jre/lib/amd64/libzip.so
7fe8c9b03000-7fe8c9b04000 rw-p 0001b000 08:07 2883943                    /opt/android-studio/jre/jre/lib/amd64/libzip.so
7fe8c9b04000-7fe8c9b0f000 r-xp 00000000 08:07 3801178                    /lib/x86_64-linux-gnu/libnss_files-2.23.so
7fe8c9b0f000-7fe8c9d0e000 ---p 0000b000 08:07 3801178                    /lib/x86_64-linux-gnu/libnss_files-2.23.so
7fe8c9d0e000-7fe8c9d0f000 r--p 0000a000 08:07 3801178                    /lib/x86_64-linux-gnu/libnss_files-2.23.so
7fe8c9d0f000-7fe8c9d10000 rw-p 0000b000 08:07 3801178                    /lib/x86_64-linux-gnu/libnss_files-2.23.so
7fe8c9d10000-7fe8c9d16000 rw-p 00000000 00:00 0 
7fe8c9d16000-7fe8c9d21000 r-xp 00000000 08:07 3801171                    /lib/x86_64-linux-gnu/libnss_nis-2.23.so
7fe8c9d21000-7fe8c9f20000 ---p 0000b000 08:07 3801171                    /lib/x86_64-linux-gnu/libnss_nis-2.23.so
7fe8c9f20000-7fe8c9f21000 r--p 0000a000 08:07 3801171                    /lib/x86_64-linux-gnu/libnss_nis-2.23.so
7fe8c9f21000-7fe8c9f22000 rw-p 0000b000 08:07 3801171                    /lib/x86_64-linux-gnu/libnss_nis-2.23.so
7fe8c9f22000-7fe8c9f38000 r-xp 00000000 08:07 3801173                    /lib/x86_64-linux-gnu/libnsl-2.23.so
7fe8c9f38000-7fe8ca137000 ---p 00016000 08:07 3801173                    /lib/x86_64-linux-gnu/libnsl-2.23.so
7fe8ca137000-7fe8ca138000 r--p 00015000 08:07 3801173                    /lib/x86_64-linux-gnu/libnsl-2.23.so
7fe8ca138000-7fe8ca139000 rw-p 00016000 08:07 3801173                    /lib/x86_64-linux-gnu/libnsl-2.23.so
7fe8ca139000-7fe8ca13b000 rw-p 00000000 00:00 0 
7fe8ca13b000-7fe8ca143000 r-xp 00000000 08:07 3801180                    /lib/x86_64-linux-gnu/libnss_compat-2.23.so
7fe8ca143000-7fe8ca342000 ---p 00008000 08:07 3801180                    /lib/x86_64-linux-gnu/libnss_compat-2.23.so
7fe8ca342000-7fe8ca343000 r--p 00007000 08:07 3801180                    /lib/x86_64-linux-gnu/libnss_compat-2.23.so
7fe8ca343000-7fe8ca344000 rw-p 00008000 08:07 3801180                    /lib/x86_64-linux-gnu/libnss_compat-2.23.so
7fe8ca344000-7fe8ca371000 r-xp 00000000 08:07 2883953                    /opt/android-studio/jre/jre/lib/amd64/libjava.so
7fe8ca371000-7fe8ca570000 ---p 0002d000 08:07 2883953                    /opt/android-studio/jre/jre/lib/amd64/libjava.so
7fe8ca570000-7fe8ca571000 r--p 0002c000 08:07 2883953                    /opt/android-studio/jre/jre/lib/amd64/libjava.so
7fe8ca571000-7fe8ca573000 rw-p 0002d000 08:07 2883953                    /opt/android-studio/jre/jre/lib/amd64/libjava.so
7fe8ca573000-7fe8ca583000 r-xp 00000000 08:07 2883969                    /opt/android-studio/jre/jre/lib/amd64/libverify.so
7fe8ca583000-7fe8ca782000 ---p 00010000 08:07 2883969                    /opt/android-studio/jre/jre/lib/amd64/libverify.so
7fe8ca782000-7fe8ca784000 r--p 0000f000 08:07 2883969                    /opt/android-studio/jre/jre/lib/amd64/libverify.so
7fe8ca784000-7fe8ca785000 rw-p 00011000 08:07 2883969                    /opt/android-studio/jre/jre/lib/amd64/libverify.so
7fe8ca785000-7fe8ca78c000 r-xp 00000000 08:07 3801181                    /lib/x86_64-linux-gnu/librt-2.23.so
7fe8ca78c000-7fe8ca98b000 ---p 00007000 08:07 3801181                    /lib/x86_64-linux-gnu/librt-2.23.so
7fe8ca98b000-7fe8ca98c000 r--p 00006000 08:07 3801181                    /lib/x86_64-linux-gnu/librt-2.23.so
7fe8ca98c000-7fe8ca98d000 rw-p 00007000 08:07 3801181                    /lib/x86_64-linux-gnu/librt-2.23.so
7fe8ca98d000-7fe8caa95000 r-xp 00000000 08:07 3801172                    /lib/x86_64-linux-gnu/libm-2.23.so
7fe8caa95000-7fe8cac94000 ---p 00108000 08:07 3801172                    /lib/x86_64-linux-gnu/libm-2.23.so
7fe8cac94000-7fe8cac95000 r--p 00107000 08:07 3801172                    /lib/x86_64-linux-gnu/libm-2.23.so
7fe8cac95000-7fe8cac96000 rw-p 00108000 08:07 3801172                    /lib/x86_64-linux-gnu/libm-2.23.so
7fe8cac96000-7fe8cb887000 r-xp 00000000 08:07 2883973                    /opt/android-studio/jre/jre/lib/amd64/server/libjvm.so
7fe8cb887000-7fe8cba87000 ---p 00bf1000 08:07 2883973                    /opt/android-studio/jre/jre/lib/amd64/server/libjvm.so
7fe8cba87000-7fe8cbb26000 r--p 00bf1000 08:07 2883973                    /opt/android-studio/jre/jre/lib/amd64/server/libjvm.so
7fe8cbb26000-7fe8cbb4f000 rw-p 00c90000 08:07 2883973                    /opt/android-studio/jre/jre/lib/amd64/server/libjvm.so
7fe8cbb4f000-7fe8cbb93000 rw-p 00000000 00:00 0 
7fe8cbb93000-7fe8cbbab000 r-xp 00000000 08:07 3801185                    /lib/x86_64-linux-gnu/libpthread-2.23.so
7fe8cbbab000-7fe8cbdaa000 ---p 00018000 08:07 3801185                    /lib/x86_64-linux-gnu/libpthread-2.23.so
7fe8cbdaa000-7fe8cbdab000 r--p 00017000 08:07 3801185                    /lib/x86_64-linux-gnu/libpthread-2.23.so
7fe8cbdab000-7fe8cbdac000 rw-p 00018000 08:07 3801185                    /lib/x86_64-linux-gnu/libpthread-2.23.so
7fe8cbdac000-7fe8cbdb0000 rw-p 00000000 00:00 0 
7fe8cbdb0000-7fe8cbdb3000 r-xp 00000000 08:07 3801113                    /lib/x86_64-linux-gnu/libdl-2.23.so
7fe8cbdb3000-7fe8cbfb2000 ---p 00003000 08:07 3801113                    /lib/x86_64-linux-gnu/libdl-2.23.so
7fe8cbfb2000-7fe8cbfb3000 r--p 00002000 08:07 3801113                    /lib/x86_64-linux-gnu/libdl-2.23.so
7fe8cbfb3000-7fe8cbfb4000 rw-p 00003000 08:07 3801113                    /lib/x86_64-linux-gnu/libdl-2.23.so
7fe8cbfb4000-7fe8cc173000 r-xp 00000000 08:07 3801174                    /lib/x86_64-linux-gnu/libc-2.23.so
7fe8cc173000-7fe8cc373000 ---p 001bf000 08:07 3801174                    /lib/x86_64-linux-gnu/libc-2.23.so
7fe8cc373000-7fe8cc377000 r--p 001bf000 08:07 3801174                    /lib/x86_64-linux-gnu/libc-2.23.so
7fe8cc377000-7fe8cc379000 rw-p 001c3000 08:07 3801174                    /lib/x86_64-linux-gnu/libc-2.23.so
7fe8cc379000-7fe8cc37d000 rw-p 00000000 00:00 0 
7fe8cc37d000-7fe8cc393000 r-xp 00000000 08:07 2883833                    /opt/android-studio/jre/lib/amd64/jli/libjli.so
7fe8cc393000-7fe8cc592000 ---p 00016000 08:07 2883833                    /opt/android-studio/jre/lib/amd64/jli/libjli.so
7fe8cc592000-7fe8cc593000 r--p 00015000 08:07 2883833                    /opt/android-studio/jre/lib/amd64/jli/libjli.so
7fe8cc593000-7fe8cc594000 rw-p 00016000 08:07 2883833                    /opt/android-studio/jre/lib/amd64/jli/libjli.so
7fe8cc594000-7fe8cc5ba000 r-xp 00000000 08:07 3801175                    /lib/x86_64-linux-gnu/ld-2.23.so
7fe8cc5ba000-7fe8cc5bb000 r--s 00004000 08:07 5251711                    /home/sadiq/.gradle/wrapper/dists/gradle-3.5-all/exhrs6ca08n232b14ue48lbye/gradle-3.5/lib/native-platform-freebsd-amd64-libcpp-0.14.jar
7fe8cc5bb000-7fe8cc5bf000 r--s 00026000 08:07 5251709                    /home/sadiq/.gradle/wrapper/dists/gradle-3.5-all/exhrs6ca08n232b14ue48lbye/gradle-3.5/lib/kryo-2.20.jar
7fe8cc5bf000-7fe8cc5c6000 r--s 0002a000 08:07 5251689                    /home/sadiq/.gradle/wrapper/dists/gradle-3.5-all/exhrs6ca08n232b14ue48lbye/gradle-3.5/lib/gradle-messaging-3.5.jar
7fe8cc5c6000-7fe8cc5c8000 r--s 00006000 08:07 5251687                    /home/sadiq/.gradle/wrapper/dists/gradle-3.5-all/exhrs6ca08n232b14ue48lbye/gradle-3.5/lib/gradle-process-services-3.5.jar
7fe8cc5c8000-7fe8cc5ca000 r--s 00000000 08:07 5251677                    /home/sadiq/.gradle/wrapper/dists/gradle-3.5-all/exhrs6ca08n232b14ue48lbye/gradle-3.5/lib/gradle-jvm-services-3.5.jar
7fe8cc5ca000-7fe8cc5d3000 r--s 00047000 08:07 5251676                    /home/sadiq/.gradle/wrapper/dists/gradle-3.5-all/exhrs6ca08n232b14ue48lbye/gradle-3.5/lib/gradle-base-services-3.5.jar
7fe8cc5d3000-7fe8cc695000 rw-p 00000000 00:00 0 
7fe8cc695000-7fe8cc698000 ---p 00000000 00:00 0 
7fe8cc698000-7fe8cc79a000 rw-p 00000000 00:00 0 
7fe8cc79a000-7fe8cc79b000 r--s 00000000 08:07 5251842                    /home/sadiq/.gradle/wrapper/dists/gradle-3.5-all/exhrs6ca08n232b14ue48lbye/gradle-3.5/lib/gradle-version-info-3.5.jar
7fe8cc79b000-7fe8cc7a0000 r--s 00041000 08:07 5251686                    /home/sadiq/.gradle/wrapper/dists/gradle-3.5-all/exhrs6ca08n232b14ue48lbye/gradle-3.5/lib/commons-lang-2.6.jar
7fe8cc7a0000-7fe8cc7a1000 r--s 00007000 08:07 5251684                    /home/sadiq/.gradle/wrapper/dists/gradle-3.5-all/exhrs6ca08n232b14ue48lbye/gradle-3.5/lib/slf4j-api-1.7.10.jar
7fe8cc7a1000-7fe8cc7a2000 r--s 00004000 08:07 5251710                    /home/sadiq/.gradle/wrapper/dists/gradle-3.5-all/exhrs6ca08n232b14ue48lbye/gradle-3.5/lib/ant-launcher-1.9.6.jar
7fe8cc7a2000-7fe8cc7ad000 r--s 0005b000 08:07 5251672                    /home/sadiq/.gradle/wrapper/dists/gradle-3.5-all/exhrs6ca08n232b14ue48lbye/gradle-3.5/lib/gradle-launcher-3.5.jar
7fe8cc7ad000-7fe8cc7b5000 rw-s 00000000 08:07 3022731                    /tmp/hsperfdata_sadiq/28151
7fe8cc7b5000-7fe8cc7b6000 rw-p 00000000 00:00 0 
7fe8cc7b6000-7fe8cc7b7000 ---p 00000000 00:00 0 
7fe8cc7b7000-7fe8cc7b9000 rw-p 00000000 00:00 0 
7fe8cc7b9000-7fe8cc7ba000 r--p 00025000 08:07 3801175                    /lib/x86_64-linux-gnu/ld-2.23.so
7fe8cc7ba000-7fe8cc7bb000 rw-p 00026000 08:07 3801175                    /lib/x86_64-linux-gnu/ld-2.23.so
7fe8cc7bb000-7fe8cc7bc000 rw-p 00000000 00:00 0 
7fff5b99d000-7fff5b9be000 rw-p 00000000 00:00 0                          [stack]
7fff5b9d1000-7fff5b9d3000 r--p 00000000 00:00 0                          [vvar]
7fff5b9d3000-7fff5b9d5000 r-xp 00000000 00:00 0                          [vdso]
ffffffffff600000-ffffffffff601000 r-xp 00000000 00:00 0                  [vsyscall]

VM Arguments:
jvm_args: -Xmx1536m -Dfile.encoding=UTF-8 -Duser.country=US -Duser.language=en -Duser.variant 
java_command: org.gradle.launcher.daemon.bootstrap.GradleDaemon 3.5
java_class_path (initial): /home/sadiq/.gradle/wrapper/dists/gradle-3.5-all/exhrs6ca08n232b14ue48lbye/gradle-3.5/lib/gradle-launcher-3.5.jar
Launcher Type: SUN_STANDARD

Environment Variables:
JAVA_HOME=/usr/lib/jvm/java-8-oracle
PATH=/home/sadiq/bin:/home/sadiq/.local/bin:/usr/local/sbin:/usr/local/bin:/usr/sbin:/usr/bin:/sbin:/bin:/usr/games:/usr/local/games:/snap/bin:/usr/lib/jvm/java-8-oracle/bin:/usr/lib/jvm/java-8-oracle/db/bin:/usr/lib/jvm/java-8-oracle/jre/bin
LD_LIBRARY_PATH=/opt/android-studio/bin:
SHELL=/bin/bash
DISPLAY=:0

Signal Handlers:
SIGSEGV: [libjvm.so+0x9e5150], sa_mask[0]=11111111011111111101111111111110, sa_flags=SA_RESTART|SA_SIGINFO
SIGBUS: [libjvm.so+0x9e5150], sa_mask[0]=11111111011111111101111111111110, sa_flags=SA_RESTART|SA_SIGINFO
SIGFPE: [libjvm.so+0x848450], sa_mask[0]=11111111011111111101111111111110, sa_flags=SA_RESTART|SA_SIGINFO
SIGPIPE: [libjvm.so+0x848450], sa_mask[0]=11111111011111111101111111111110, sa_flags=SA_RESTART|SA_SIGINFO
SIGXFSZ: [libjvm.so+0x848450], sa_mask[0]=11111111011111111101111111111110, sa_flags=SA_RESTART|SA_SIGINFO
SIGILL: [libjvm.so+0x848450], sa_mask[0]=11111111011111111101111111111110, sa_flags=SA_RESTART|SA_SIGINFO
SIGUSR1: SIG_DFL, sa_mask[0]=00000000000000000000000000000000, sa_flags=none
SIGUSR2: [libjvm.so+0x848320], sa_mask[0]=00100000000000000000000000000000, sa_flags=SA_RESTART|SA_SIGINFO
SIGHUP: [libjvm.so+0x848510], sa_mask[0]=11111111011111111101111111111110, sa_flags=SA_RESTART|SA_SIGINFO
SIGINT: [libjvm.so+0x848510], sa_mask[0]=11111111011111111101111111111110, sa_flags=SA_RESTART|SA_SIGINFO
SIGTERM: [libjvm.so+0x848510], sa_mask[0]=11111111011111111101111111111110, sa_flags=SA_RESTART|SA_SIGINFO
SIGQUIT: [libjvm.so+0x848510], sa_mask[0]=11111111011111111101111111111110, sa_flags=SA_RESTART|SA_SIGINFO


---------------  S Y S T E M  ---------------

OS:DISTRIB_ID=Ubuntu
DISTRIB_RELEASE=16.04
DISTRIB_CODENAME=xenial
DISTRIB_DESCRIPTION="Ubuntu 16.04.2 LTS"

uname:Linux 4.8.0-52-generic #55~16.04.1-Ubuntu SMP Fri Apr 28 14:36:29 UTC 2017 x86_64
libc:glibc 2.23 NPTL 2.23 
rlimit: STACK 8192k, CORE 0k, NPROC 15350, NOFILE 65536, AS infinity
load average:4.92 2.13 1.03

/proc/meminfo:
MemTotal:        3972364 kB
MemFree:          106240 kB
MemAvailable:      40292 kB
Buffers:             632 kB
Cached:           225988 kB
SwapCached:            0 kB
Active:          3470208 kB
Inactive:         196280 kB
Active(anon):    3440912 kB
Inactive(anon):   167004 kB
Active(file):      29296 kB
Inactive(file):    29276 kB
Unevictable:          32 kB
Mlocked:              32 kB
SwapTotal:             0 kB
SwapFree:              0 kB
Dirty:               228 kB
Writeback:             0 kB
AnonPages:       3437772 kB
Mapped:            84796 kB
Shmem:            168276 kB
Slab:              91896 kB
SReclaimable:      54460 kB
SUnreclaim:        37436 kB
KernelStack:        9168 kB
PageTables:        34584 kB
NFS_Unstable:          0 kB
Bounce:                0 kB
WritebackTmp:          0 kB
CommitLimit:     1986180 kB
Committed_AS:    6684984 kB
VmallocTotal:   34359738367 kB
VmallocUsed:           0 kB
VmallocChunk:          0 kB
HardwareCorrupted:     0 kB
AnonHugePages:   2117632 kB
ShmemHugePages:        0 kB
ShmemPmdMapped:        0 kB
CmaTotal:              0 kB
CmaFree:               0 kB
HugePages_Total:       0
HugePages_Free:        0
HugePages_Rsvd:        0
HugePages_Surp:        0
Hugepagesize:       2048 kB
DirectMap4k:      162560 kB
DirectMap2M:     3958784 kB
DirectMap1G:     1048576 kB


CPU:total 4 (2 cores per cpu, 2 threads per core) family 6 model 61 stepping 4, cmov, cx8, fxsr, mmx, sse, sse2, sse3, ssse3, sse4.1, sse4.2, popcnt, avx, avx2, aes, clmul, erms, 3dnowpref, lzcnt, ht, tsc, tscinvbit, bmi1, bmi2, adx

/proc/cpuinfo:
processor	: 0
vendor_id	: GenuineIntel
cpu family	: 6
model		: 61
model name	: Intel(R) Core(TM) i5-5200U CPU @ 2.20GHz
stepping	: 4
microcode	: 0x12
cpu MHz		: 2466.943
cache size	: 3072 KB
physical id	: 0
siblings	: 4
core id		: 0
cpu cores	: 2
apicid		: 0
initial apicid	: 0
fpu		: yes
fpu_exception	: yes
cpuid level	: 20
wp		: yes
flags		: fpu vme de pse tsc msr pae mce cx8 apic sep mtrr pge mca cmov pat pse36 clflush dts acpi mmx fxsr sse sse2 ss ht tm pbe syscall nx pdpe1gb rdtscp lm constant_tsc arch_perfmon pebs bts rep_good nopl xtopology nonstop_tsc aperfmperf eagerfpu pni pclmulqdq dtes64 monitor ds_cpl vmx est tm2 ssse3 sdbg fma cx16 xtpr pdcm pcid sse4_1 sse4_2 x2apic movbe popcnt tsc_deadline_timer aes xsave avx f16c rdrand lahf_lm abm 3dnowprefetch epb intel_pt tpr_shadow vnmi flexpriority ept vpid fsgsbase tsc_adjust bmi1 avx2 smep bmi2 erms invpcid rdseed adx smap xsaveopt dtherm ida arat pln pts
bugs		:
bogomips	: 4389.65
clflush size	: 64
cache_alignment	: 64
address sizes	: 39 bits physical, 48 bits virtual
power management:

processor	: 1
vendor_id	: GenuineIntel
cpu family	: 6
model		: 61
model name	: Intel(R) Core(TM) i5-5200U CPU @ 2.20GHz
stepping	: 4
microcode	: 0x12
cpu MHz		: 2410.278
cache size	: 3072 KB
physical id	: 0
siblings	: 4
core id		: 1
cpu cores	: 2
apicid		: 2
initial apicid	: 2
fpu		: yes
fpu_exception	: yes
cpuid level	: 20
wp		: yes
flags		: fpu vme de pse tsc msr pae mce cx8 apic sep mtrr pge mca cmov pat pse36 clflush dts acpi mmx fxsr sse sse2 ss ht tm pbe syscall nx pdpe1gb rdtscp lm constant_tsc arch_perfmon pebs bts rep_good nopl xtopology nonstop_tsc aperfmperf eagerfpu pni pclmulqdq dtes64 monitor ds_cpl vmx est tm2 ssse3 sdbg fma cx16 xtpr pdcm pcid sse4_1 sse4_2 x2apic movbe popcnt tsc_deadline_timer aes xsave avx f16c rdrand lahf_lm abm 3dnowprefetch epb intel_pt tpr_shadow vnmi flexpriority ept vpid fsgsbase tsc_adjust bmi1 avx2 smep bmi2 erms invpcid rdseed adx smap xsaveopt dtherm ida arat pln pts
bugs		:
bogomips	: 4389.65
clflush size	: 64
cache_alignment	: 64
address sizes	: 39 bits physical, 48 bits virtual
power management:

processor	: 2
vendor_id	: GenuineIntel
cpu family	: 6
model		: 61
model name	: Intel(R) Core(TM) i5-5200U CPU @ 2.20GHz
stepping	: 4
microcode	: 0x12
cpu MHz		: 2473.522
cache size	: 3072 KB
physical id	: 0
siblings	: 4
core id		: 0
cpu cores	: 2
apicid		: 1
initial apicid	: 1
fpu		: yes
fpu_exception	: yes
cpuid level	: 20
wp		: yes
flags		: fpu vme de pse tsc msr pae mce cx8 apic sep mtrr pge mca cmov pat pse36 clflush dts acpi mmx fxsr sse sse2 ss ht tm pbe syscall nx pdpe1gb rdtscp lm constant_tsc arch_perfmon pebs bts rep_good nopl xtopology nonstop_tsc aperfmperf eagerfpu pni pclmulqdq dtes64 monitor ds_cpl vmx est tm2 ssse3 sdbg fma cx16 xtpr pdcm pcid sse4_1 sse4_2 x2apic movbe popcnt tsc_deadline_timer aes xsave avx f16c rdrand lahf_lm abm 3dnowprefetch epb intel_pt tpr_shadow vnmi flexpriority ept vpid fsgsbase tsc_adjust bmi1 avx2 smep bmi2 erms invpcid rdseed adx smap xsaveopt dtherm ida arat pln pts
bugs		:
bogomips	: 4389.65
clflush size	: 64
cache_alignment	: 64
address sizes	: 39 bits physical, 48 bits virtual
power management:

processor	: 3
vendor_id	: GenuineIntel
cpu family	: 6
model		: 61
model name	: Intel(R) Core(TM) i5-5200U CPU @ 2.20GHz
stepping	: 4
microcode	: 0x12
cpu MHz		: 2414.978
cache size	: 3072 KB
physical id	: 0
siblings	: 4
core id		: 1
cpu cores	: 2
apicid		: 3
initial apicid	: 3
fpu		: yes
fpu_exception	: yes
cpuid level	: 20
wp		: yes
flags		: fpu vme de pse tsc msr pae mce cx8 apic sep mtrr pge mca cmov pat pse36 clflush dts acpi mmx fxsr sse sse2 ss ht tm pbe syscall nx pdpe1gb rdtscp lm constant_tsc arch_perfmon pebs bts rep_good nopl xtopology nonstop_tsc aperfmperf eagerfpu pni pclmulqdq dtes64 monitor ds_cpl vmx est tm2 ssse3 sdbg fma cx16 xtpr pdcm pcid sse4_1 sse4_2 x2apic movbe popcnt tsc_deadline_timer aes xsave avx f16c rdrand lahf_lm abm 3dnowprefetch epb intel_pt tpr_shadow vnmi flexpriority ept vpid fsgsbase tsc_adjust bmi1 avx2 smep bmi2 erms invpcid rdseed adx smap xsaveopt dtherm ida arat pln pts
bugs		:
bogomips	: 4389.65
clflush size	: 64
cache_alignment	: 64
address sizes	: 39 bits physical, 48 bits virtual
power management:



Memory: 4k page, physical 3972364k(106488k free), swap 0k(0k free)

vm_info: OpenJDK 64-Bit Server VM (25.112-b06) for linux-amd64 JRE (1.8.0_112-release-b06), built on Dec  6 2016 12:11:18 by "builder" with gcc 4.8.4

time: Fri Jun  2 22:09:04 2017
elapsed time: 70 seconds (0d 0h 1m 10s)

