#
# There is insufficient memory for the Java Runtime Environment to continue.
# Native memory allocation (mmap) failed to map 360185856 bytes for committing reserved memory.
# Possible reasons:
#   The system is out of physical RAM or swap space
#   In 32 bit mode, the process size limit was hit
# Possible solutions:
#   Reduce memory load on the system
#   Increase physical memory or swap space
#   Check if swap backing store is full
#   Use 64 bit Java on a 64 bit OS
#   Decrease Java heap size (-Xmx/-Xms)
#   Decrease number of Java threads
#   Decrease Java thread stack sizes (-Xss)
#   Set larger code cache with -XX:ReservedCodeCacheSize=
# This output file may be truncated or incomplete.
#
#  Out of Memory Error (os_linux.cpp:2627), pid=13302, tid=0x00007f140f8f8700
#
# JRE version: OpenJDK Runtime Environment (8.0_112-b06) (build 1.8.0_112-release-b06)
# Java VM: OpenJDK 64-Bit Server VM (25.112-b06 mixed mode linux-amd64 compressed oops)
# Failed to write core dump. Core dumps have been disabled. To enable core dumping, try "ulimit -c unlimited" before starting Java again
#

---------------  T H R E A D  ---------------

Current thread (0x00007f1430077800):  VMThread [stack: 0x00007f140f7f8000,0x00007f140f8f9000] [id=13310]

Stack: [0x00007f140f7f8000,0x00007f140f8f9000],  sp=0x00007f140f8f74d0,  free space=1021k
Native frames: (J=compiled Java code, j=interpreted, Vv=VM code, C=native code)
V  [libjvm.so+0x9e465d]  VMError::report_and_die()+0x15d
V  [libjvm.so+0x4b6ada]  report_vm_out_of_memory(char const*, int, unsigned long, VMErrorType, char const*)+0x8a
V  [libjvm.so+0x84c860]  os::pd_commit_memory(char*, unsigned long, unsigned long, bool)+0xf0
V  [libjvm.so+0x84737f]  os::commit_memory(char*, unsigned long, unsigned long, bool)+0x1f
V  [libjvm.so+0x8bd3db]  PSVirtualSpace::expand_by(unsigned long)+0x5b
V  [libjvm.so+0x8ae1bb]  PSOldGen::expand_by(unsigned long) [clone .part.109]+0x1b
V  [libjvm.so+0x8ae37b]  PSOldGen::expand(unsigned long) [clone .part.111]+0xdb
V  [libjvm.so+0x8aec58]  PSOldGen::resize(unsigned long)+0x188
V  [libjvm.so+0x8b426c]  PSParallelCompact::invoke_no_policy(bool)+0x97c
V  [libjvm.so+0x8bb37d]  PSScavenge::invoke()+0x17d
V  [libjvm.so+0x86fcf3]  ParallelScavengeHeap::failed_mem_allocate(unsigned long)+0x63
V  [libjvm.so+0x9e6124]  VM_ParallelGCFailedAllocation::doit()+0x84
V  [libjvm.so+0x9ea537]  VM_Operation::evaluate()+0x47
V  [libjvm.so+0x9e8ff8]  VMThread::evaluate_operation(VM_Operation*)+0x2c8
V  [libjvm.so+0x9e9479]  VMThread::loop()+0x219
V  [libjvm.so+0x9e98c2]  VMThread::run()+0x72
V  [libjvm.so+0x849c82]  java_start(Thread*)+0xf2

VM_Operation (0x00007f13baad90e0): ParallelGCFailedAllocation, mode: safepoint, requested by thread 0x00007f13d0df8800


---------------  P R O C E S S  ---------------

Java Threads: ( => current thread )
  0x00007f13d0e00800 JavaThread "pool-32-thread-4" [_thread_blocked, id=14057, stack(0x00007f13b8a03000,0x00007f13b8b04000)]
  0x00007f13d033c800 JavaThread "pool-32-thread-3" [_thread_blocked, id=14056, stack(0x00007f13b97c5000,0x00007f13b98c6000)]
  0x00007f13d0df8800 JavaThread "pool-32-thread-2" [_thread_blocked, id=14055, stack(0x00007f13ba9da000,0x00007f13baadb000)]
  0x00007f13d000f800 JavaThread "pool-33-thread-1" [_thread_blocked, id=14054, stack(0x00007f13b8902000,0x00007f13b8a03000)]
  0x00007f13d0007800 JavaThread "pool-32-thread-1" [_thread_blocked, id=14053, stack(0x00007f13b8100000,0x00007f13b8201000)]
  0x00007f1430db6000 JavaThread "process reaper" daemon [_thread_blocked, id=14034, stack(0x00007f13b958c000,0x00007f13b95c5000)]
  0x00007f13cc01b000 JavaThread "Cache worker for Java compile cache (/home/sadiq/database/.gradle/3.5/javaCompile)" [_thread_blocked, id=14031, stack(0x00007f13b9ac6000,0x00007f13b9bc7000)]
  0x00007f13cc0ae800 JavaThread "Cache worker for file content cache (/home/sadiq/database/.gradle/3.5/fileContent)" [_thread_blocked, id=14030, stack(0x00007f139bcff000,0x00007f139be00000)]
  0x00007f13cc065800 JavaThread "Cache worker for task history cache (/home/sadiq/database/.gradle/3.5/taskHistory)" [_thread_blocked, id=14029, stack(0x00007f140c503000,0x00007f140c604000)]
  0x00007f13cc001000 JavaThread "Stdin handler" [_thread_blocked, id=14024, stack(0x00007f140c604000,0x00007f140c705000)]
  0x00007f13cc006000 JavaThread "Asynchronous log dispatcher for DefaultDaemonConnection: socket connection from /127.0.0.1:44327 to /127.0.0.1:44224" [_thread_blocked, id=14023, stack(0x00007f140c705000,0x00007f140c806000)]
  0x00007f13d4009000 JavaThread "Daemon worker Thread 8" [_thread_blocked, id=14022, stack(0x00007f13b8e76000,0x00007f13b8f77000)]
  0x00007f13d4006000 JavaThread "Cancel handler" [_thread_blocked, id=14021, stack(0x00007f140c907000,0x00007f140ca08000)]
  0x00007f13d4007800 JavaThread "Handler for socket connection from /127.0.0.1:44327 to /127.0.0.1:44224" [_thread_in_native, id=14020, stack(0x00007f140c806000,0x00007f140c907000)]
  0x00007f13dc04b000 JavaThread "Daemon Thread 8" [_thread_blocked, id=14019, stack(0x00007f140ca08000,0x00007f140cb09000)]
  0x00007f13d0dfa800 JavaThread "pool-2-thread-4" [_thread_blocked, id=13754, stack(0x00007f13b8201000,0x00007f13b8302000)]
  0x00007f13a00cb000 JavaThread "pool-2-thread-3" [_thread_blocked, id=13644, stack(0x00007f13b8f77000,0x00007f13b9078000)]
  0x00007f13d802f000 JavaThread "pool-2-thread-2" [_thread_blocked, id=13466, stack(0x00007f13b8d75000,0x00007f13b8e76000)]
  0x00007f13d0cd5800 JavaThread "pool-2-thread-1" [_thread_blocked, id=13357, stack(0x00007f13b9078000,0x00007f13b9179000)]
  0x00007f13d07e0000 JavaThread "Memory manager" [_thread_blocked, id=13332, stack(0x00007f13baadb000,0x00007f13babdc000)]
  0x00007f13d0bba000 JavaThread "Cache worker for Artifact transforms cache (/home/sadiq/.gradle/caches/transforms-1)" [_thread_blocked, id=13331, stack(0x00007f13bb446000,0x00007f13bb547000)]
  0x00007f13d00dc800 JavaThread "File lock request listener" [_thread_in_native, id=13330, stack(0x00007f140c101000,0x00007f140c202000)]
  0x00007f13d00c3800 JavaThread "Cache worker for file hash cache (/home/sadiq/.gradle/caches/3.5/fileHashes)" [_thread_blocked, id=13329, stack(0x00007f140c202000,0x00007f140c303000)]
  0x00007f1430db2800 JavaThread "Daemon periodic checks" [_thread_blocked, id=13320, stack(0x00007f140cb09000,0x00007f140cc0a000)]
  0x00007f1430d79800 JavaThread "Incoming local TCP Connector on port 44327" [_thread_in_native, id=13319, stack(0x00007f140ce11000,0x00007f140cf12000)]
  0x00007f14300c8800 JavaThread "Service Thread" daemon [_thread_blocked, id=13317, stack(0x00007f140e6e2000,0x00007f140e7e3000)]
  0x00007f14300bd000 JavaThread "C1 CompilerThread2" daemon [_thread_blocked, id=13316, stack(0x00007f140e7e3000,0x00007f140e8e4000)]
  0x00007f14300bb800 JavaThread "C2 CompilerThread1" daemon [_thread_blocked, id=13315, stack(0x00007f140e8e4000,0x00007f140e9e5000)]
  0x00007f14300b8800 JavaThread "C2 CompilerThread0" daemon [_thread_blocked, id=13314, stack(0x00007f140e9e5000,0x00007f140eae6000)]
  0x00007f14300b7000 JavaThread "Signal Dispatcher" daemon [_thread_blocked, id=13313, stack(0x00007f140eae6000,0x00007f140ebe7000)]
  0x00007f1430083800 JavaThread "Finalizer" daemon [_thread_blocked, id=13312, stack(0x00007f140f5f6000,0x00007f140f6f7000)]
  0x00007f143007f000 JavaThread "Reference Handler" daemon [_thread_blocked, id=13311, stack(0x00007f140f6f7000,0x00007f140f7f8000)]
  0x00007f143000a000 JavaThread "main" [_thread_blocked, id=13303, stack(0x00007f14370d3000,0x00007f14371d4000)]

Other Threads:
=>0x00007f1430077800 VMThread [stack: 0x00007f140f7f8000,0x00007f140f8f9000] [id=13310]
  0x00007f14300cb000 WatcherThread [stack: 0x00007f140e5e1000,0x00007f140e6e2000] [id=13318]

VM state:at safepoint (normal execution)

VM Mutex/Monitor currently owned by a thread:  ([mutex/lock_event])
[0x00007f1430005bd0] ExpandHeap_lock - owner thread: 0x00007f1430077800
[0x00007f1430006250] Threads_lock - owner thread: 0x00007f1430077800
[0x00007f1430006750] Heap_lock - owner thread: 0x00007f13d0df8800

Heap:
 PSYoungGen      total 436224K, used 0K [0x00000000e0000000, 0x00000000ffc00000, 0x0000000100000000)
  eden space 355328K, 0% used [0x00000000e0000000,0x00000000e0000000,0x00000000f5b00000)
  from space 80896K, 0% used [0x00000000fad00000,0x00000000fad00000,0x00000000ffc00000)
  to   space 82432K, 0% used [0x00000000f5b00000,0x00000000f5b00000,0x00000000fab80000)
 ParOldGen       total 404480K, used 376755K [0x00000000a0000000, 0x00000000b8b00000, 0x00000000e0000000)
  object space 404480K, 93% used [0x00000000a0000000,0x00000000b6fecdd0,0x00000000b8b00000)
 Metaspace       used 70670K, capacity 74062K, committed 74496K, reserved 1114112K
  class space    used 8822K, capacity 9340K, committed 9472K, reserved 1048576K

Card table byte_map: [0x00007f1434024000,0x00007f1434325000] byte_map_base: 0x00007f1433b24000

Marking Bits: (ParMarkBitMap*) 0x00007f14365a1340
 Begin Bits: [0x00007f141d63c000, 0x00007f141ee3c000)
 End Bits:   [0x00007f141ee3c000, 0x00007f142063c000)

Polling page: 0x00007f14371f3000

CodeCache: size=245760Kb used=57533Kb max_used=57558Kb free=188226Kb
 bounds [0x00007f1421000000, 0x00007f14248b0000, 0x00007f1430000000]
 total_blobs=16676 nmethods=15889 adapters=698
 compilation: enabled

Compilation events (10 events):
Event: 1245.775 Thread 0x00007f14300bb800 21787       4       com.android.dx.rop.code.FillArrayDataInsn::accept (8 bytes)
Event: 1245.776 Thread 0x00007f14300bb800 nmethod 21787 0x00007f14229b6610 code [0x00007f14229b6760, 0x00007f14229b67d8]
Event: 1245.850 Thread 0x00007f14300bb800 21788       4       com.android.dx.cf.code.SwitchList::setDefaultTarget (51 bytes)
Event: 1245.854 Thread 0x00007f14300bb800 nmethod 21788 0x00007f14231652d0 code [0x00007f1423165440, 0x00007f14231657d8]
Event: 1245.923 Thread 0x00007f14300b8800 21789   !   4       java.util.concurrent.ArrayBlockingQueue::take (46 bytes)
Event: 1246.017 Thread 0x00007f14300b8800 nmethod 21789 0x00007f14248a1d10 code [0x00007f14248a20c0, 0x00007f14248a42d0]
Event: 1246.141 Thread 0x00007f14300bb800 21790 %     4       java.lang.ref.Reference$ReferenceHandler::run @ 0 (8 bytes)
Event: 1246.142 Thread 0x00007f14300bb800 nmethod 21790% 0x00007f1422b3e5d0 code [0x00007f1422b3e720, 0x00007f1422b3e7a8]
Event: 1246.184 Thread 0x00007f14300bb800 21791       4       com.android.dx.rop.code.Rops::opIfLe (13 bytes)
Event: 1246.193 Thread 0x00007f14300bb800 nmethod 21791 0x00007f1423f6c090 code [0x00007f1423f6c260, 0x00007f1423f6c688]

GC Heap History (10 events):
Event: 1244.925 GC heap after
Heap after GC invocations=160 (full 18):
 PSYoungGen      total 421888K, used 41742K [0x00000000e0000000, 0x00000000ff400000, 0x0000000100000000)
  eden space 334848K, 0% used [0x00000000e0000000,0x00000000e0000000,0x00000000f4700000)
  from space 87040K, 47% used [0x00000000f9f00000,0x00000000fc7c38a8,0x00000000ff400000)
  to   space 88576K, 0% used [0x00000000f4700000,0x00000000f4700000,0x00000000f9d80000)
 ParOldGen       total 404480K, used 150001K [0x00000000a0000000, 0x00000000b8b00000, 0x00000000e0000000)
  object space 404480K, 37% used [0x00000000a0000000,0x00000000a927c7b0,0x00000000b8b00000)
 Metaspace       used 70727K, capacity 74170K, committed 74496K, reserved 1114112K
  class space    used 8831K, capacity 9380K, committed 9472K, reserved 1048576K
}
Event: 1245.234 GC heap before
{Heap before GC invocations=161 (full 18):
 PSYoungGen      total 421888K, used 376590K [0x00000000e0000000, 0x00000000ff400000, 0x0000000100000000)
  eden space 334848K, 100% used [0x00000000e0000000,0x00000000f4700000,0x00000000f4700000)
  from space 87040K, 47% used [0x00000000f9f00000,0x00000000fc7c38a8,0x00000000ff400000)
  to   space 88576K, 0% used [0x00000000f4700000,0x00000000f4700000,0x00000000f9d80000)
 ParOldGen       total 404480K, used 150001K [0x00000000a0000000, 0x00000000b8b00000, 0x00000000e0000000)
  object space 404480K, 37% used [0x00000000a0000000,0x00000000a927c7b0,0x00000000b8b00000)
 Metaspace       used 70727K, capacity 74170K, committed 74496K, reserved 1114112K
  class space    used 8831K, capacity 9380K, committed 9472K, reserved 1048576K
Event: 1245.318 GC heap after
Heap after GC invocations=161 (full 18):
 PSYoungGen      total 423424K, used 51357K [0x00000000e0000000, 0x00000000ffd80000, 0x0000000100000000)
  eden space 334848K, 0% used [0x00000000e0000000,0x00000000e0000000,0x00000000f4700000)
  from space 88576K, 57% used [0x00000000f4700000,0x00000000f79276e8,0x00000000f9d80000)
  to   space 86528K, 0% used [0x00000000fa900000,0x00000000fa900000,0x00000000ffd80000)
 ParOldGen       total 404480K, used 190431K [0x00000000a0000000, 0x00000000b8b00000, 0x00000000e0000000)
  object space 404480K, 47% used [0x00000000a0000000,0x00000000ab9f7f78,0x00000000b8b00000)
 Metaspace       used 70727K, capacity 74170K, committed 74496K, reserved 1114112K
  class space    used 8831K, capacity 9380K, committed 9472K, reserved 1048576K
}
Event: 1245.619 GC heap before
{Heap before GC invocations=162 (full 18):
 PSYoungGen      total 423424K, used 386205K [0x00000000e0000000, 0x00000000ffd80000, 0x0000000100000000)
  eden space 334848K, 100% used [0x00000000e0000000,0x00000000f4700000,0x00000000f4700000)
  from space 88576K, 57% used [0x00000000f4700000,0x00000000f79276e8,0x00000000f9d80000)
  to   space 86528K, 0% used [0x00000000fa900000,0x00000000fa900000,0x00000000ffd80000)
 ParOldGen       total 404480K, used 190431K [0x00000000a0000000, 0x00000000b8b00000, 0x00000000e0000000)
  object space 404480K, 47% used [0x00000000a0000000,0x00000000ab9f7f78,0x00000000b8b00000)
 Metaspace       used 70727K, capacity 74170K, committed 74496K, reserved 1114112K
  class space    used 8831K, capacity 9380K, committed 9472K, reserved 1048576K
Event: 1245.709 GC heap after
Heap after GC invocations=162 (full 18):
 PSYoungGen      total 431104K, used 49884K [0x00000000e0000000, 0x00000000ff900000, 0x0000000100000000)
  eden space 349184K, 0% used [0x00000000e0000000,0x00000000e0000000,0x00000000f5500000)
  from space 81920K, 60% used [0x00000000fa900000,0x00000000fd9b7298,0x00000000ff900000)
  to   space 83968K, 0% used [0x00000000f5500000,0x00000000f5500000,0x00000000fa700000)
 ParOldGen       total 404480K, used 239511K [0x00000000a0000000, 0x00000000b8b00000, 0x00000000e0000000)
  object space 404480K, 59% used [0x00000000a0000000,0x00000000ae9e5e10,0x00000000b8b00000)
 Metaspace       used 70727K, capacity 74170K, committed 74496K, reserved 1114112K
  class space    used 8831K, capacity 9380K, committed 9472K, reserved 1048576K
}
Event: 1246.042 GC heap before
{Heap before GC invocations=163 (full 18):
 PSYoungGen      total 431104K, used 399068K [0x00000000e0000000, 0x00000000ff900000, 0x0000000100000000)
  eden space 349184K, 100% used [0x00000000e0000000,0x00000000f5500000,0x00000000f5500000)
  from space 81920K, 60% used [0x00000000fa900000,0x00000000fd9b7298,0x00000000ff900000)
  to   space 83968K, 0% used [0x00000000f5500000,0x00000000f5500000,0x00000000fa700000)
 ParOldGen       total 404480K, used 239511K [0x00000000a0000000, 0x00000000b8b00000, 0x00000000e0000000)
  object space 404480K, 59% used [0x00000000a0000000,0x00000000ae9e5e10,0x00000000b8b00000)
 Metaspace       used 70727K, capacity 74170K, committed 74496K, reserved 1114112K
  class space    used 8831K, capacity 9380K, committed 9472K, reserved 1048576K
Event: 1246.140 GC heap after
Heap after GC invocations=163 (full 18):
 PSYoungGen      total 433152K, used 59817K [0x00000000e0000000, 0x0000000100000000, 0x0000000100000000)
  eden space 349184K, 0% used [0x00000000e0000000,0x00000000e0000000,0x00000000f5500000)
  from space 83968K, 71% used [0x00000000f5500000,0x00000000f8f6a5b8,0x00000000fa700000)
  to   space 84992K, 0% used [0x00000000fad00000,0x00000000fad00000,0x0000000100000000)
 ParOldGen       total 404480K, used 286932K [0x00000000a0000000, 0x00000000b8b00000, 0x00000000e0000000)
  object space 404480K, 70% used [0x00000000a0000000,0x00000000b1835350,0x00000000b8b00000)
 Metaspace       used 70727K, capacity 74170K, committed 74496K, reserved 1114112K
  class space    used 8831K, capacity 9380K, committed 9472K, reserved 1048576K
}
Event: 1246.423 GC heap before
{Heap before GC invocations=164 (full 18):
 PSYoungGen      total 433152K, used 409001K [0x00000000e0000000, 0x0000000100000000, 0x0000000100000000)
  eden space 349184K, 100% used [0x00000000e0000000,0x00000000f5500000,0x00000000f5500000)
  from space 83968K, 71% used [0x00000000f5500000,0x00000000f8f6a5b8,0x00000000fa700000)
  to   space 84992K, 0% used [0x00000000fad00000,0x00000000fad00000,0x0000000100000000)
 ParOldGen       total 404480K, used 286932K [0x00000000a0000000, 0x00000000b8b00000, 0x00000000e0000000)
  object space 404480K, 70% used [0x00000000a0000000,0x00000000b1835350,0x00000000b8b00000)
 Metaspace       used 70727K, capacity 74170K, committed 74496K, reserved 1114112K
  class space    used 8831K, capacity 9380K, committed 9472K, reserved 1048576K
Event: 1246.518 GC heap after
Heap after GC invocations=164 (full 18):
 PSYoungGen      total 436224K, used 50257K [0x00000000e0000000, 0x00000000ffc00000, 0x0000000100000000)
  eden space 355328K, 0% used [0x00000000e0000000,0x00000000e0000000,0x00000000f5b00000)
  from space 80896K, 62% used [0x00000000fad00000,0x00000000fde14470,0x00000000ffc00000)
  to   space 82432K, 0% used [0x00000000f5b00000,0x00000000f5b00000,0x00000000fab80000)
 ParOldGen       total 404480K, used 337456K [0x00000000a0000000, 0x00000000b8b00000, 0x00000000e0000000)
  object space 404480K, 83% used [0x00000000a0000000,0x00000000b498c338,0x00000000b8b00000)
 Metaspace       used 70727K, capacity 74170K, committed 74496K, reserved 1114112K
  class space    used 8831K, capacity 9380K, committed 9472K, reserved 1048576K
}
Event: 1246.518 GC heap before
{Heap before GC invocations=165 (full 19):
 PSYoungGen      total 436224K, used 50257K [0x00000000e0000000, 0x00000000ffc00000, 0x0000000100000000)
  eden space 355328K, 0% used [0x00000000e0000000,0x00000000e0000000,0x00000000f5b00000)
  from space 80896K, 62% used [0x00000000fad00000,0x00000000fde14470,0x00000000ffc00000)
  to   space 82432K, 0% used [0x00000000f5b00000,0x00000000f5b00000,0x00000000fab80000)
 ParOldGen       total 404480K, used 337456K [0x00000000a0000000, 0x00000000b8b00000, 0x00000000e0000000)
  object space 404480K, 83% used [0x00000000a0000000,0x00000000b498c338,0x00000000b8b00000)
 Metaspace       used 70727K, capacity 74170K, committed 74496K, reserved 1114112K
  class space    used 8831K, capacity 9380K, committed 9472K, reserved 1048576K

Deoptimization events (10 events):
Event: 1044.989 Thread 0x00007f13a4036000 Uncommon trap: reason=speculate_class_check action=maybe_recompile pc=0x00007f1423d1ac3c method=com.android.dx.rop.cst.TypedConstant.getBasicType()I @ 1
Event: 1045.432 Thread 0x00007f13a4018800 Uncommon trap: reason=unstable_if action=reinterpret pc=0x00007f14240d9bc0 method=java.util.concurrent.locks.AbstractQueuedSynchronizer.acquireInterruptibly(I)V @ 3
Event: 1045.943 Thread 0x00007f13a4037000 Uncommon trap: reason=array_check action=maybe_recompile pc=0x00007f14246236ec method=java.util.ComparableTimSort.mergeLo(IIII)V @ 207
Event: 1046.186 Thread 0x00007f13a4037000 Uncommon trap: reason=array_check action=maybe_recompile pc=0x00007f14246236ec method=java.util.ComparableTimSort.mergeLo(IIII)V @ 207
Event: 1162.322 Thread 0x00007f13d4007800 Uncommon trap: reason=array_check action=maybe_recompile pc=0x00007f142414ea50 method=java.util.ComparableTimSort.mergeLo(IIII)V @ 240
Event: 1162.323 Thread 0x00007f13d4007800 Uncommon trap: reason=array_check action=maybe_recompile pc=0x00007f142414ea50 method=java.util.ComparableTimSort.mergeLo(IIII)V @ 240
Event: 1164.015 Thread 0x00007f1418044000 Uncommon trap: reason=unstable_if action=reinterpret pc=0x00007f14216f079c method=java.util.concurrent.FutureTask.awaitDone(ZJ)I @ 70
Event: 1241.605 Thread 0x00007f13d4009000 Uncommon trap: reason=array_check action=maybe_recompile pc=0x00007f1424710dc8 method=java.util.ComparableTimSort.mergeLo(IIII)V @ 371
Event: 1241.605 Thread 0x00007f13d4009000 Uncommon trap: reason=array_check action=maybe_recompile pc=0x00007f1424711000 method=java.util.ComparableTimSort.mergeLo(IIII)V @ 587
Event: 1241.605 Thread 0x00007f13d4009000 Uncommon trap: reason=array_check action=maybe_recompile pc=0x00007f1424710dc8 method=java.util.ComparableTimSort.mergeLo(IIII)V @ 371

Internal exceptions (10 events):
Event: 1235.820 Thread 0x00007f13d4009000 Exception <a 'sun/nio/fs/UnixException'> (0x00000000e0bcc4c8) thrown at [/ssd/Android/AOSP-openjdk/external/jetbrains/jdk/hotspot/src/share/vm/prims/jni.cpp, line 709]
Event: 1235.820 Thread 0x00007f13d4009000 Exception <a 'sun/nio/fs/UnixException'> (0x00000000e0bcd7f8) thrown at [/ssd/Android/AOSP-openjdk/external/jetbrains/jdk/hotspot/src/share/vm/prims/jni.cpp, line 709]
Event: 1235.833 Thread 0x00007f13d4009000 Exception <a 'sun/nio/fs/UnixException'> (0x00000000e0bd0530) thrown at [/ssd/Android/AOSP-openjdk/external/jetbrains/jdk/hotspot/src/share/vm/prims/jni.cpp, line 709]
Event: 1235.833 Thread 0x00007f13d4009000 Exception <a 'sun/nio/fs/UnixException'> (0x00000000e0bd1830) thrown at [/ssd/Android/AOSP-openjdk/external/jetbrains/jdk/hotspot/src/share/vm/prims/jni.cpp, line 709]
Event: 1235.833 Thread 0x00007f13d4009000 Exception <a 'sun/nio/fs/UnixException'> (0x00000000e0bd3558) thrown at [/ssd/Android/AOSP-openjdk/external/jetbrains/jdk/hotspot/src/share/vm/prims/jni.cpp, line 709]
Event: 1235.833 Thread 0x00007f13d4009000 Exception <a 'sun/nio/fs/UnixException'> (0x00000000e0bd4878) thrown at [/ssd/Android/AOSP-openjdk/external/jetbrains/jdk/hotspot/src/share/vm/prims/jni.cpp, line 709]
Event: 1235.834 Thread 0x00007f13d4009000 Exception <a 'sun/nio/fs/UnixException'> (0x00000000e0bd6ab8) thrown at [/ssd/Android/AOSP-openjdk/external/jetbrains/jdk/hotspot/src/share/vm/prims/jni.cpp, line 709]
Event: 1235.834 Thread 0x00007f13d4009000 Exception <a 'sun/nio/fs/UnixException'> (0x00000000e0bd7dc8) thrown at [/ssd/Android/AOSP-openjdk/external/jetbrains/jdk/hotspot/src/share/vm/prims/jni.cpp, line 709]
Event: 1237.884 Thread 0x00007f13d07e0000 Exception <a 'java/io/IOException'> (0x00000000e35ac3b8) thrown at [/ssd/Android/AOSP-openjdk/external/jetbrains/jdk/hotspot/src/share/vm/prims/jni.cpp, line 709]
Event: 1242.884 Thread 0x00007f13d07e0000 Exception <a 'java/io/IOException'> (0x00000000ee4c0e40) thrown at [/ssd/Android/AOSP-openjdk/external/jetbrains/jdk/hotspot/src/share/vm/prims/jni.cpp, line 709]

Events (10 events):
Event: 1244.851 Executing VM operation: ParallelGCFailedAllocation
Event: 1244.925 Executing VM operation: ParallelGCFailedAllocation done
Event: 1245.230 Thread 0x00007f14300b8800 flushing nmethod 0x00007f1423f6bcd0
Event: 1245.234 Executing VM operation: ParallelGCFailedAllocation
Event: 1245.318 Executing VM operation: ParallelGCFailedAllocation done
Event: 1245.617 Executing VM operation: ParallelGCFailedAllocation
Event: 1245.709 Executing VM operation: ParallelGCFailedAllocation done
Event: 1246.038 Executing VM operation: ParallelGCFailedAllocation
Event: 1246.140 Executing VM operation: ParallelGCFailedAllocation done
Event: 1246.422 Executing VM operation: ParallelGCFailedAllocation


Dynamic libraries:
00400000-00401000 r-xp 00000000 08:07 2883859                            /opt/android-studio/jre/bin/java
00600000-00601000 r--p 00000000 08:07 2883859                            /opt/android-studio/jre/bin/java
00601000-00602000 rw-p 00001000 08:07 2883859                            /opt/android-studio/jre/bin/java
0125f000-01280000 rw-p 00000000 00:00 0                                  [heap]
a0000000-b8b00000 rw-p 00000000 00:00 0 
ce280000-e0000000 ---p 00000000 00:00 0 
e0000000-ffc00000 rw-p 00000000 00:00 0 
ffc00000-100000000 ---p 00000000 00:00 0 
100000000-100940000 rw-p 00000000 00:00 0 
100940000-140000000 ---p 00000000 00:00 0 
7f139baff000-7f139bc7f000 rw-p 00000000 00:00 0 
7f139bc7f000-7f139bcff000 ---p 00000000 00:00 0 
7f139bcff000-7f139bd02000 ---p 00000000 00:00 0 
7f139bd02000-7f139c000000 rw-p 00000000 00:00 0 
7f139c000000-7f139c65e000 rw-p 00000000 00:00 0 
7f139c65e000-7f13a0000000 ---p 00000000 00:00 0 
7f13a0000000-7f13a0ade000 rw-p 00000000 00:00 0 
7f13a0ade000-7f13a4000000 ---p 00000000 00:00 0 
7f13a4000000-7f13a450b000 rw-p 00000000 00:00 0 
7f13a450b000-7f13a8000000 ---p 00000000 00:00 0 
7f13a8000000-7f13a8021000 rw-p 00000000 00:00 0 
7f13a8021000-7f13ac000000 ---p 00000000 00:00 0 
7f13ac000000-7f13ac080000 rw-p 00000000 00:00 0 
7f13ac080000-7f13b0000000 ---p 00000000 00:00 0 
7f13b0000000-7f13b0117000 rw-p 00000000 00:00 0 
7f13b0117000-7f13b4000000 ---p 00000000 00:00 0 
7f13b4000000-7f13b4099000 rw-p 00000000 00:00 0 
7f13b4099000-7f13b8000000 ---p 00000000 00:00 0 
7f13b8100000-7f13b8103000 ---p 00000000 00:00 0 
7f13b8103000-7f13b8201000 rw-p 00000000 00:00 0 
7f13b8201000-7f13b8204000 ---p 00000000 00:00 0 
7f13b8204000-7f13b8502000 rw-p 00000000 00:00 0 
7f13b8502000-7f13b8702000 rw-p 00000000 00:00 0 
7f13b8702000-7f13b8902000 rw-p 00000000 00:00 0 
7f13b8902000-7f13b8905000 ---p 00000000 00:00 0 
7f13b8905000-7f13b8a03000 rw-p 00000000 00:00 0 
7f13b8a03000-7f13b8a06000 ---p 00000000 00:00 0 
7f13b8a06000-7f13b8b04000 rw-p 00000000 00:00 0 
7f13b8b04000-7f13b8b75000 r--s 0053b000 08:07 1182735                    /home/sadiq/database/app/build/intermediates/transforms/jarMerging/debug/jars/1/1f/combined.jar
7f13b8b75000-7f13b8d75000 rw-p 00000000 00:00 0 
7f13b8d75000-7f13b8d78000 ---p 00000000 00:00 0 
7f13b8d78000-7f13b8e76000 rw-p 00000000 00:00 0 
7f13b8e76000-7f13b8e79000 ---p 00000000 00:00 0 
7f13b8e79000-7f13b8f77000 rw-p 00000000 00:00 0 
7f13b8f77000-7f13b8f7a000 ---p 00000000 00:00 0 
7f13b8f7a000-7f13b9078000 rw-p 00000000 00:00 0 
7f13b9078000-7f13b907b000 ---p 00000000 00:00 0 
7f13b907b000-7f13b9379000 rw-p 00000000 00:00 0 
7f13b9379000-7f13b9579000 rw-p 00000000 00:00 0 
7f13b9589000-7f13b958c000 r--s 00015000 08:07 2883982                    /opt/android-studio/jre/jre/lib/jce.jar
7f13b958c000-7f13b958f000 ---p 00000000 00:00 0 
7f13b958f000-7f13b97c5000 rw-p 00000000 00:00 0 
7f13b97c5000-7f13b97c8000 ---p 00000000 00:00 0 
7f13b97c8000-7f13b9ac6000 rw-p 00000000 00:00 0 
7f13b9ac6000-7f13b9ac9000 ---p 00000000 00:00 0 
7f13b9ac9000-7f13b9dc7000 rw-p 00000000 00:00 0 
7f13b9dc7000-7f13b9fc7000 rw-p 00000000 00:00 0 
7f13b9fc7000-7f13ba1c7000 rw-p 00000000 00:00 0 
7f13ba1c7000-7f13ba3c7000 rw-p 00000000 00:00 0 
7f13ba3c7000-7f13ba3da000 r--s 00344000 08:07 2883882                    /opt/android-studio/jre/jre/lib/resources.jar
7f13ba3da000-7f13ba5da000 rw-p 00000000 00:00 0 
7f13ba5da000-7f13ba7da000 rw-p 00000000 00:00 0 
7f13ba7da000-7f13ba9da000 rw-p 00000000 00:00 0 
7f13ba9da000-7f13ba9dd000 ---p 00000000 00:00 0 
7f13ba9dd000-7f13baadb000 rw-p 00000000 00:00 0 
7f13baadb000-7f13baade000 ---p 00000000 00:00 0 
7f13baade000-7f13baddc000 rw-p 00000000 00:00 0 
7f13baddc000-7f13bafdc000 rw-p 00000000 00:00 0 
7f13bafdc000-7f13bafdd000 r--s 00001000 08:07 4987536                    /home/sadiq/.gradle/caches/jars-3/8e33611f59ae522ef3cf60a5759ed354/annotations-25.3.2.jar
7f13bafdd000-7f13bafe5000 r--s 000a8000 08:07 4987534                    /home/sadiq/.gradle/caches/jars-3/6cc57ce9ec0d90186f781694264d61bc/lombok-ast-0.2.3.jar
7f13bafe5000-7f13baff9000 r--s 000b4000 08:07 4987532                    /home/sadiq/.gradle/caches/jars-3/d807f16514c6b4976965307bd4b79954/uast-162.2228.14.jar
7f13baff9000-7f13baffb000 r--s 0000d000 08:07 4987530                    /home/sadiq/.gradle/caches/jars-3/a6ebc4ec06596d0cd57fb5147503bb3c/commons-codec-1.4.jar
7f13baffb000-7f13baffd000 r--s 0000d000 08:07 4987528                    /home/sadiq/.gradle/caches/jars-3/ccc849edcf9fccd61ed937bf93ffe896/commons-logging-1.1.1.jar
7f13baffd000-7f13bb002000 r--s 00028000 08:07 4987526                    /home/sadiq/.gradle/caches/jars-3/e6a42d7d86039e4a9d03b9356afcd546/httpcore-4.1.jar
7f13bb002000-7f13bb006000 r--s 0002f000 08:07 4987524                    /home/sadiq/.gradle/caches/jars-3/505fcc8c47da308b2f1262f0ff3c65f1/jimfs-1.1.jar
7f13bb006000-7f13bb007000 r--s 00004000 08:07 4987522                    /home/sadiq/.gradle/caches/jars-3/3a4299d1ce3e273e7c03a9ccf5a1e333/annotations-12.0.jar
7f13bb007000-7f13bb008000 r--s 00004000 08:07 4987520                    /home/sadiq/.gradle/caches/jars-3/3bd714e16ff981cf5f225361b18588ce/asm-analysis-5.0.4.jar
7f13bb008000-7f13bb00c000 r--s 00040000 08:07 4987518                    /home/sadiq/.gradle/caches/jars-3/c630b3b87cec9b9604011f4f84d72f38/lint-api-25.3.2.jar
7f13bb00c000-7f13bb00d000 r--s 0000a000 08:07 4987516                    /home/sadiq/.gradle/caches/jars-3/5b8b36ed61fe92731031cca3c9b3a0b3/kxml2-2.3.0.jar
7f13bb00d000-7f13bb00f000 r--s 00005000 08:07 4987514                    /home/sadiq/.gradle/caches/jars-3/f10e1e1978816198f2eb1189c974b440/httpmime-4.1.jar
7f13bb00f000-7f13bb017000 r--s 0004e000 08:07 4987512                    /home/sadiq/.gradle/caches/jars-3/b53c6235c49a94a3a8e506e42c7d54fb/httpclient-4.1.1.jar
7f13bb017000-7f13bb01e000 r--s 00053000 08:07 4987510                    /home/sadiq/.gradle/caches/jars-3/28e64c4d02154ee30a12b14be38e78af/commons-compress-1.8.1.jar
7f13bb01e000-7f13bb023000 r--s 0002a000 08:07 4987508                    /home/sadiq/.gradle/caches/jars-3/2a67de85c1e99ee62c2c2d8af5e1125b/gson-2.2.4.jar
7f13bb023000-7f13bb028000 r--s 0002e000 08:07 4987506                    /home/sadiq/.gradle/caches/jars-3/98ad39a4ef9359b2dfcaf05bb1c81397/repository-25.3.2.jar
7f13bb028000-7f13bb02a000 r--s 00006000 08:07 4987504                    /home/sadiq/.gradle/caches/jars-3/0a6e7ac6211eb8664a06b7a570fb8898/dvlib-25.3.2.jar
7f13bb02a000-7f13bb02d000 r--s 00012000 08:07 4987502                    /home/sadiq/.gradle/caches/jars-3/3d60b69b22edf1ea228094f367c73e08/layoutlib-api-25.3.2.jar
7f13bb02d000-7f13bb032000 r--s 00058000 08:07 4987500                    /home/sadiq/.gradle/caches/jars-3/bb3f0c8da73e37889b65d5e152c01f8e/asm-debug-all-5.0.1.jar
7f13bb032000-7f13bb042000 r--s 000d5000 08:07 4987498                    /home/sadiq/.gradle/caches/jars-3/2593270bd55c0fcc5de8777526944ca9/proguard-base-5.3.2.jar
7f13bb042000-7f13bb046000 r--s 0002a000 08:07 4987494                    /home/sadiq/.gradle/caches/jars-3/9849af6d4b0409ba64061601342f385d/commons-io-2.4.jar
7f13bb046000-7f13bb246000 rw-p 00000000 00:00 0 
7f13bb246000-7f13bb446000 rw-p 00000000 00:00 0 
7f13bb446000-7f13bb449000 ---p 00000000 00:00 0 
7f13bb449000-7f13bb747000 rw-p 00000000 00:00 0 
7f13bb747000-7f13bb947000 rw-p 00000000 00:00 0 
7f13bb947000-7f13bbb47000 rw-p 00000000 00:00 0 
7f13bbb47000-7f13bbb4a000 r--s 00033000 08:07 4987496                    /home/sadiq/.gradle/caches/jars-3/0ce03714647bf7bd3c78634c20ddbf38/juniversalchardet-1.0.3.jar
7f13bbb4a000-7f13bbb61000 r--s 00154000 08:07 4987492                    /home/sadiq/.gradle/caches/jars-3/57adf9abd30c921d4ea1dfdcfe7b9efd/antlr4-4.5.3.jar
7f13bbb61000-7f13bbb63000 r--s 00002000 08:07 4987490                    /home/sadiq/.gradle/caches/jars-3/0c57e224c05bb054ffe3f6a9f46c6e79/baseLibrary-2.3.2.jar
7f13bbb63000-7f13bbb8e000 r--s 001fc000 08:07 4987488                    /home/sadiq/.gradle/caches/jars-3/57dffb91fa05ba585a582c9f3b0be2b1/guava-18.0.jar
7f13bbb8e000-7f13bbba1000 r--s 00241000 08:07 4987486                    /home/sadiq/.gradle/caches/jars-3/d8dc71eb6d91c966c45f7b594129e14a/ecj-4.6.1.jar
7f13bbba1000-7f13bbba8000 r--s 000d9000 08:07 4987484                    /home/sadiq/.gradle/caches/jars-3/7a1bad3500a0a4efce25c290d4dd2364/lint-checks-25.3.2.jar
7f13bbba8000-7f13bbbaa000 r--s 00006000 08:07 4987482                    /home/sadiq/.gradle/caches/jars-3/767849ee24c8e62d79a00d769acdce90/asm-tree-5.0.4.jar
7f13bbbaa000-7f13bbbdd000 r--s 00203000 08:07 4987480                    /home/sadiq/.gradle/caches/jars-3/3cf93c3b296899be060ca4f9038f79b5/bcprov-jdk15on-1.48.jar
7f13bbbdd000-7f13bbbeb000 r--s 00081000 08:07 4987478                    /home/sadiq/.gradle/caches/jars-3/f008d91a5541639737ca5ffbc84a7b0c/bcpkix-jdk15on-1.48.jar
7f13bbbeb000-7f13bbbed000 r--s 00002000 08:07 4987476                    /home/sadiq/.gradle/caches/jars-3/f268e5e8fc83bb846ac355d6a16b1f30/javawriter-2.5.0.jar
7f13bbbed000-7f13bbbef000 r--s 00004000 08:07 4987474                    /home/sadiq/.gradle/caches/jars-3/567c158f78cfafc5ea0d6d107369130f/tracker-25.3.2.jar
7f13bbbef000-7f13bbbf0000 r--s 00005000 08:07 4987472                    /home/sadiq/.gradle/caches/jars-3/ca851e3dbba8af431ee9ecbfd0206194/shared-25.3.2.jar
7f13bbbf0000-7f13bbbfe000 r--s 00147000 08:07 4987470                    /home/sadiq/.gradle/caches/jars-3/1309204e9309ac7a5cad2c315133aac2/protos-25.3.2.jar
7f13bbbfe000-7f13bbc00000 r--s 00003000 08:07 4987466                    /home/sadiq/.gradle/caches/jars-3/e984a658c2551e60894d5aff6a0c53d1/jack-api-0.13.0.jar
7f13bbc00000-7f13bbe00000 rw-p 00000000 00:00 0 
7f13bbe00000-7f13bc000000 rw-p 00000000 00:00 0 
7f13bc000000-7f13bc1b4000 rw-p 00000000 00:00 0 
7f13bc1b4000-7f13c0000000 ---p 00000000 00:00 0 
7f13c0000000-7f13c0044000 rw-p 00000000 00:00 0 
7f13c0044000-7f13c4000000 ---p 00000000 00:00 0 
7f13c4000000-7f13c4046000 rw-p 00000000 00:00 0 
7f13c4046000-7f13c8000000 ---p 00000000 00:00 0 
7f13c8000000-7f13c80c9000 rw-p 00000000 00:00 0 
7f13c80c9000-7f13cc000000 ---p 00000000 00:00 0 
7f13cc000000-7f13cc9d9000 rw-p 00000000 00:00 0 
7f13cc9d9000-7f13d0000000 ---p 00000000 00:00 0 
7f13d0000000-7f13d1bb0000 rw-p 00000000 00:00 0 
7f13d1bb0000-7f13d4000000 ---p 00000000 00:00 0 
7f13d4000000-7f13d4114000 rw-p 00000000 00:00 0 
7f13d4114000-7f13d8000000 ---p 00000000 00:00 0 
7f13d8000000-7f13d8a15000 rw-p 00000000 00:00 0 
7f13d8a15000-7f13dc000000 ---p 00000000 00:00 0 
7f13dc000000-7f13dc07e000 rw-p 00000000 00:00 0 
7f13dc07e000-7f13e0000000 ---p 00000000 00:00 0 
7f13e0000000-7f13e0021000 rw-p 00000000 00:00 0 
7f13e0021000-7f13e4000000 ---p 00000000 00:00 0 
7f13e4000000-7f13e4107000 rw-p 00000000 00:00 0 
7f13e4107000-7f13e8000000 ---p 00000000 00:00 0 
7f13e8000000-7f13e8021000 rw-p 00000000 00:00 0 
7f13e8021000-7f13ec000000 ---p 00000000 00:00 0 
7f13ec000000-7f13ee6dc000 rw-p 00000000 00:00 0 
7f13ee6dc000-7f13f0000000 ---p 00000000 00:00 0 
7f13f0000000-7f13f14c0000 rw-p 00000000 00:00 0 
7f13f14c0000-7f13f4000000 ---p 00000000 00:00 0 
7f13f4000000-7f13f4107000 rw-p 00000000 00:00 0 
7f13f4107000-7f13f8000000 ---p 00000000 00:00 0 
7f13f8000000-7f13fa20f000 rw-p 00000000 00:00 0 
7f13fa20f000-7f13fc000000 ---p 00000000 00:00 0 
7f13fc000000-7f13fc021000 rw-p 00000000 00:00 0 
7f13fc021000-7f1400000000 ---p 00000000 00:00 0 
7f1400000000-7f1400021000 rw-p 00000000 00:00 0 
7f1400021000-7f1404000000 ---p 00000000 00:00 0 
7f1404000000-7f1404298000 rw-p 00000000 00:00 0 
7f1404298000-7f1408000000 ---p 00000000 00:00 0 
7f1408000000-7f1408028000 rw-p 00000000 00:00 0 
7f1408028000-7f140c000000 ---p 00000000 00:00 0 
7f140c000000-7f140c001000 r--s 00001000 08:07 4987468                    /home/sadiq/.gradle/caches/jars-3/33c965c4ea9767c2341add6217039a89/jill-api-0.10.0.jar
7f140c001000-7f140c007000 r--s 0004a000 08:07 4987464                    /home/sadiq/.gradle/caches/jars-3/33733172189bdef5ddcc96ee752fbbde/ddmlib-25.3.2.jar
7f140c007000-7f140c00a000 r--s 00022000 08:07 4987462                    /home/sadiq/.gradle/caches/jars-3/55ce1a25591f294ce331834e510dabdd/manifest-merger-25.3.2.jar
7f140c00a000-7f140c00d000 r--s 0001c000 08:07 4987460                    /home/sadiq/.gradle/caches/jars-3/7b5f9921dcdad76ea2db434d2ecae0b9/common-25.3.2.jar
7f140c00d000-7f140c016000 r--s 00089000 08:07 4987458                    /home/sadiq/.gradle/caches/jars-3/8523c0b1af8362eaa038214ca0496e0a/sdk-common-25.3.2.jar
7f140c016000-7f140c020000 r--s 00098000 08:07 4987456                    /home/sadiq/.gradle/caches/jars-3/3071e977e115e9896a20e7f6c1017d8d/sdklib-25.3.2.jar
7f140c020000-7f140c021000 r--s 00002000 08:07 4987454                    /home/sadiq/.gradle/caches/jars-3/bb0ded7b424ac32b983e72b9331e4a0e/builder-test-api-2.3.2.jar
7f140c021000-7f140c024000 r--s 00006000 08:07 4987452                    /home/sadiq/.gradle/caches/jars-3/3b6b0905c6e14fb367f99bcb91a3f4ef/builder-model-2.3.2.jar
7f140c024000-7f140c033000 r--s 00130000 08:07 4987450                    /home/sadiq/.gradle/caches/jars-3/72ba1443c6adcea1f6ba21e12f0bb0fc/protobuf-java-3.0.0.jar
7f140c033000-7f140c035000 r--s 0000f000 08:07 4987448                    /home/sadiq/.gradle/caches/jars-3/96760c32d36a5d7066e3ccf088bfd362/jopt-simple-4.9.jar
7f140c035000-7f140c039000 r--s 0001f000 08:07 4987446                    /home/sadiq/.gradle/caches/jars-3/bdc4a17755a6c76ca06da33f9769dd1a/org.jacoco.report-0.7.5.201505241946.jar
7f140c039000-7f140c03d000 r--s 0001d000 08:07 4987444                    /home/sadiq/.gradle/caches/jars-3/b76ebf92f16d3130bb152f3a9ed2c5da/org.jacoco.core-0.7.5.201505241946.jar
7f140c03d000-7f140c03f000 r--s 00002000 08:07 4987442                    /home/sadiq/.gradle/caches/jars-3/c514881ec761129e95c128962253e435/proguard-gradle-5.3.2.jar
7f140c03f000-7f140c041000 r--s 00009000 08:07 4987440                    /home/sadiq/.gradle/caches/jars-3/2484aee2fe8963a490ff41f797f58c4c/asm-commons-5.0.4.jar
7f140c041000-7f140c043000 r--s 0000c000 08:07 4987438                    /home/sadiq/.gradle/caches/jars-3/89d4e96406657abb09b3aa2a0f36045e/asm-5.0.4.jar
7f140c043000-7f140c048000 r--s 0002c000 08:07 4987436                    /home/sadiq/.gradle/caches/jars-3/5910cb4d843faab7e44c62b8d77104b7/compilerCommon-2.3.2.jar
7f140c048000-7f140c049000 r--s 00002000 08:07 4987434                    /home/sadiq/.gradle/caches/jars-3/89bbea579123f1b775d080eacc2a2a60/gradle-api-2.3.2.jar
7f140c049000-7f140c04a000 r--s 00000000 08:07 4987432                    /home/sadiq/.gradle/caches/jars-3/71f6637d86b9a321bc3f5989adcaa159/transform-api-2.0.0-deprecated-use-gradle-api.jar
7f140c04a000-7f140c04f000 r--s 0005e000 08:07 4987430                    /home/sadiq/.gradle/caches/jars-3/799b4386bc3941448afc6c61076250b3/lint-25.3.2.jar
7f140c04f000-7f140c065000 r--s 00163000 08:07 4987428                    /home/sadiq/.gradle/caches/jars-3/a340dd39f98c3d76d7baf6187702afd6/builder-2.3.2.jar
7f140c065000-7f140c084000 r--s 001ca000 08:07 4987426                    /home/sadiq/.gradle/caches/jars-3/278adc3b98be895d9ca9b6611315a8cd/gradle-core-2.3.2.jar
7f140c084000-7f140c086000 r--s 00007000 08:07 3020643                    /home/sadiq/.gradle/caches/modules-2/files-2.1/com.google.gms/google-services/3.1.0/166ae4e6acd03b7bbebe221ffa54bc039fece1b9/google-services-3.1.0.jar
7f140c086000-7f140c088000 r--s 0000d000 08:07 4987424                    /home/sadiq/.gradle/caches/jars-3/03d376f17b0dbe1d61fd3a23f252f570/gradle-2.3.2.jar
7f140c088000-7f140c101000 r--s 010ed000 08:07 2883824                    /opt/android-studio/jre/lib/tools.jar
7f140c101000-7f140c104000 ---p 00000000 00:00 0 
7f140c104000-7f140c202000 rw-p 00000000 00:00 0 
7f140c202000-7f140c205000 ---p 00000000 00:00 0 
7f140c205000-7f140c503000 rw-p 00000000 00:00 0 
7f140c503000-7f140c506000 ---p 00000000 00:00 0 
7f140c506000-7f140c604000 rw-p 00000000 00:00 0 
7f140c604000-7f140c607000 ---p 00000000 00:00 0 
7f140c607000-7f140c705000 rw-p 00000000 00:00 0 
7f140c705000-7f140c708000 ---p 00000000 00:00 0 
7f140c708000-7f140c806000 rw-p 00000000 00:00 0 
7f140c806000-7f140c809000 ---p 00000000 00:00 0 
7f140c809000-7f140c907000 rw-p 00000000 00:00 0 
7f140c907000-7f140c90a000 ---p 00000000 00:00 0 
7f140c90a000-7f140ca08000 rw-p 00000000 00:00 0 
7f140ca08000-7f140ca0b000 ---p 00000000 00:00 0 
7f140ca0b000-7f140cb09000 rw-p 00000000 00:00 0 
7f140cb09000-7f140cb0c000 ---p 00000000 00:00 0 
7f140cb0c000-7f140cc0a000 rw-p 00000000 00:00 0 
7f140cc0a000-7f140cc11000 r--s 00000000 08:07 4856472                    /usr/lib/x86_64-linux-gnu/gconv/gconv-modules.cache
7f140cc11000-7f140ce11000 rw-p 00000000 00:00 0 
7f140ce11000-7f140ce14000 ---p 00000000 00:00 0 
7f140ce14000-7f140cf12000 rw-p 00000000 00:00 0 
7f140cf12000-7f140cf1b000 r-xp 00000000 08:07 2883960                    /opt/android-studio/jre/jre/lib/amd64/libmanagement.so
7f140cf1b000-7f140d11a000 ---p 00009000 08:07 2883960                    /opt/android-studio/jre/jre/lib/amd64/libmanagement.so
7f140d11a000-7f140d11b000 r--p 00008000 08:07 2883960                    /opt/android-studio/jre/jre/lib/amd64/libmanagement.so
7f140d11b000-7f140d11c000 rw-p 00009000 08:07 2883960                    /opt/android-studio/jre/jre/lib/amd64/libmanagement.so
7f140d11c000-7f140d121000 r--s 00098000 08:07 2883934                    /opt/android-studio/jre/jre/lib/jsse.jar
7f140d121000-7f140d123000 r--s 00008000 08:07 5251767                    /home/sadiq/.gradle/wrapper/dists/gradle-3.5-all/exhrs6ca08n232b14ue48lbye/gradle-3.5/lib/plugins/gradle-tooling-api-builders-3.5.jar
7f140d123000-7f140d126000 r--s 00009000 08:07 5251760                    /home/sadiq/.gradle/wrapper/dists/gradle-3.5-all/exhrs6ca08n232b14ue48lbye/gradle-3.5/lib/plugins/gradle-testing-native-3.5.jar
7f140d126000-7f140d12c000 r--s 00033000 08:07 5251837                    /home/sadiq/.gradle/wrapper/dists/gradle-3.5-all/exhrs6ca08n232b14ue48lbye/gradle-3.5/lib/plugins/snakeyaml-1.6.jar
7f140d12c000-7f140d12e000 r--s 00006000 08:07 5251836                    /home/sadiq/.gradle/wrapper/dists/gradle-3.5-all/exhrs6ca08n232b14ue48lbye/gradle-3.5/lib/plugins/jcommander-1.12.jar
7f140d12e000-7f140d133000 r--s 00040000 08:07 5251835                    /home/sadiq/.gradle/wrapper/dists/gradle-3.5-all/exhrs6ca08n232b14ue48lbye/gradle-3.5/lib/plugins/bsh-2.0b4.jar
7f140d133000-7f140d135000 r--s 00009000 08:07 5251841                    /home/sadiq/.gradle/wrapper/dists/gradle-3.5-all/exhrs6ca08n232b14ue48lbye/gradle-3.5/lib/plugins/hamcrest-core-1.3.jar
7f140d135000-7f140d13e000 r--s 00089000 08:07 5251792                    /home/sadiq/.gradle/wrapper/dists/gradle-3.5-all/exhrs6ca08n232b14ue48lbye/gradle-3.5/lib/plugins/testng-6.3.1.jar
7f140d13e000-7f140d146000 r--s 00045000 08:07 5251791                    /home/sadiq/.gradle/wrapper/dists/gradle-3.5-all/exhrs6ca08n232b14ue48lbye/gradle-3.5/lib/plugins/junit-4.12.jar
7f140d146000-7f140d14c000 r--s 0002e000 08:07 5251761                    /home/sadiq/.gradle/wrapper/dists/gradle-3.5-all/exhrs6ca08n232b14ue48lbye/gradle-3.5/lib/plugins/gradle-testing-jvm-3.5.jar
7f140d14c000-7f140d150000 r--s 00016000 08:07 5251759                    /home/sadiq/.gradle/wrapper/dists/gradle-3.5-all/exhrs6ca08n232b14ue48lbye/gradle-3.5/lib/plugins/gradle-testing-base-3.5.jar
7f140d150000-7f140d157000 r--s 00038000 08:07 5251786                    /home/sadiq/.gradle/wrapper/dists/gradle-3.5-all/exhrs6ca08n232b14ue48lbye/gradle-3.5/lib/plugins/bcpg-jdk15on-1.51.jar
7f140d157000-7f140d159000 r--s 0000c000 08:07 5251738                    /home/sadiq/.gradle/wrapper/dists/gradle-3.5-all/exhrs6ca08n232b14ue48lbye/gradle-3.5/lib/plugins/gradle-signing-3.5.jar
7f140d159000-7f140d15b000 r--s 00007000 08:07 5251737                    /home/sadiq/.gradle/wrapper/dists/gradle-3.5-all/exhrs6ca08n232b14ue48lbye/gradle-3.5/lib/plugins/gradle-scala-3.5.jar
7f140d15b000-7f140d15c000 r--s 00004000 08:07 5251765                    /home/sadiq/.gradle/wrapper/dists/gradle-3.5-all/exhrs6ca08n232b14ue48lbye/gradle-3.5/lib/plugins/gradle-resources-sftp-3.5.jar
7f140d15c000-7f140d16c000 r--s 00088000 08:07 5251804                    /home/sadiq/.gradle/wrapper/dists/gradle-3.5-all/exhrs6ca08n232b14ue48lbye/gradle-3.5/lib/plugins/joda-time-2.8.2.jar
7f140d16c000-7f140d17d000 r--s 0010d000 08:07 5251803                    /home/sadiq/.gradle/wrapper/dists/gradle-3.5-all/exhrs6ca08n232b14ue48lbye/gradle-3.5/lib/plugins/jackson-databind-2.6.6.jar
7f140d17d000-7f140d180000 r--s 00009000 08:07 5251802                    /home/sadiq/.gradle/wrapper/dists/gradle-3.5-all/exhrs6ca08n232b14ue48lbye/gradle-3.5/lib/plugins/jackson-annotations-2.6.6.jar
7f140d180000-7f140d184000 r--s 0003c000 08:07 5251801                    /home/sadiq/.gradle/wrapper/dists/gradle-3.5-all/exhrs6ca08n232b14ue48lbye/gradle-3.5/lib/plugins/jackson-core-2.6.6.jar
7f140d184000-7f140d192000 r--s 00087000 08:07 5251800                    /home/sadiq/.gradle/wrapper/dists/gradle-3.5-all/exhrs6ca08n232b14ue48lbye/gradle-3.5/lib/plugins/aws-java-sdk-core-1.11.6.jar
7f140d192000-7f140d199000 r--s 00057000 08:07 5251799                    /home/sadiq/.gradle/wrapper/dists/gradle-3.5-all/exhrs6ca08n232b14ue48lbye/gradle-3.5/lib/plugins/aws-java-sdk-kms-1.11.6.jar
7f140d199000-7f140d1a6000 r--s 0008e000 08:07 5251798                    /home/sadiq/.gradle/wrapper/dists/gradle-3.5-all/exhrs6ca08n232b14ue48lbye/gradle-3.5/lib/plugins/aws-java-sdk-s3-1.11.6.jar
7f140d1a6000-7f140d1a8000 r--s 00004000 08:07 5251766                    /home/sadiq/.gradle/wrapper/dists/gradle-3.5-all/exhrs6ca08n232b14ue48lbye/gradle-3.5/lib/plugins/gradle-resources-s3-3.5.jar
7f140d1a8000-7f140d1aa000 r--s 0000f000 08:07 5251743                    /home/sadiq/.gradle/wrapper/dists/gradle-3.5-all/exhrs6ca08n232b14ue48lbye/gradle-3.5/lib/plugins/gradle-reporting-3.5.jar
7f140d1aa000-7f140d1ac000 r--s 00002000 08:07 5251744                    /home/sadiq/.gradle/wrapper/dists/gradle-3.5-all/exhrs6ca08n232b14ue48lbye/gradle-3.5/lib/plugins/gradle-publish-3.5.jar
7f140d1ac000-7f140d1ae000 r--s 00009000 08:07 5251773                    /home/sadiq/.gradle/wrapper/dists/gradle-3.5-all/exhrs6ca08n232b14ue48lbye/gradle-3.5/lib/plugins/commons-cli-1.2.jar
7f140d1ae000-7f140d1b4000 r--s 00035000 08:07 5251729                    /home/sadiq/.gradle/wrapper/dists/gradle-3.5-all/exhrs6ca08n232b14ue48lbye/gradle-3.5/lib/plugins/gradle-plugins-3.5.jar
7f140d1b4000-7f140d1b6000 r--s 00009000 08:07 5251762                    /home/sadiq/.gradle/wrapper/dists/gradle-3.5-all/exhrs6ca08n232b14ue48lbye/gradle-3.5/lib/plugins/gradle-plugin-development-3.5.jar
7f140d1b6000-7f140d1bc000 r--s 0002b000 08:07 5251755                    /home/sadiq/.gradle/wrapper/dists/gradle-3.5-all/exhrs6ca08n232b14ue48lbye/gradle-3.5/lib/plugins/gradle-platform-play-3.5.jar
7f140d1bc000-7f140d1ca000 r--s 00056000 08:07 5251754                    /home/sadiq/.gradle/wrapper/dists/gradle-3.5-all/exhrs6ca08n232b14ue48lbye/gradle-3.5/lib/plugins/gradle-platform-native-3.5.jar
7f140d1ca000-7f140d1ce000 r--s 0001b000 08:07 5251749                    /home/sadiq/.gradle/wrapper/dists/gradle-3.5-all/exhrs6ca08n232b14ue48lbye/gradle-3.5/lib/plugins/gradle-platform-jvm-3.5.jar
7f140d1ce000-7f140d1d5000 r--s 00028000 08:07 5251748                    /home/sadiq/.gradle/wrapper/dists/gradle-3.5-all/exhrs6ca08n232b14ue48lbye/gradle-3.5/lib/plugins/gradle-platform-base-3.5.jar
7f140d1d5000-7f140d1fd000 r--s 0021c000 08:07 5251781                    /home/sadiq/.gradle/wrapper/dists/gradle-3.5-all/exhrs6ca08n232b14ue48lbye/gradle-3.5/lib/plugins/biz.aQute.bndlib-3.2.0.jar
7f140d1fd000-7f140d1ff000 r--s 00003000 08:07 5251733                    /home/sadiq/.gradle/wrapper/dists/gradle-3.5-all/exhrs6ca08n232b14ue48lbye/gradle-3.5/lib/plugins/gradle-osgi-3.5.jar
7f140d1ff000-7f140d202000 r--s 0000c000 08:07 5251784                    /home/sadiq/.gradle/wrapper/dists/gradle-3.5-all/exhrs6ca08n232b14ue48lbye/gradle-3.5/lib/plugins/pmaven-groovy-0.8-20100325.jar
7f140d202000-7f140d203000 r--s 00004000 08:07 5251783                    /home/sadiq/.gradle/wrapper/dists/gradle-3.5-all/exhrs6ca08n232b14ue48lbye/gradle-3.5/lib/plugins/pmaven-common-0.8-20100325.jar
7f140d203000-7f140d208000 r--s 00024000 08:07 5251734                    /home/sadiq/.gradle/wrapper/dists/gradle-3.5-all/exhrs6ca08n232b14ue48lbye/gradle-3.5/lib/plugins/gradle-maven-3.5.jar
7f140d208000-7f140d20b000 r--s 0000b000 08:07 5251753                    /home/sadiq/.gradle/wrapper/dists/gradle-3.5-all/exhrs6ca08n232b14ue48lbye/gradle-3.5/lib/plugins/gradle-language-scala-3.5.jar
7f140d20b000-7f140d211000 r--s 0001a000 08:07 5251757                    /home/sadiq/.gradle/wrapper/dists/gradle-3.5-all/exhrs6ca08n232b14ue48lbye/gradle-3.5/lib/plugins/gradle-language-native-3.5.jar
7f140d211000-7f140d213000 r--s 00006000 08:07 5251750                    /home/sadiq/.gradle/wrapper/dists/gradle-3.5-all/exhrs6ca08n232b14ue48lbye/gradle-3.5/lib/plugins/gradle-language-jvm-3.5.jar
7f140d213000-7f140d21a000 r--s 0002f000 08:07 5251751                    /home/sadiq/.gradle/wrapper/dists/gradle-3.5-all/exhrs6ca08n232b14ue48lbye/gradle-3.5/lib/plugins/gradle-language-java-3.5.jar
7f140d21a000-7f140d21c000 r--s 0000a000 08:07 5251752                    /home/sadiq/.gradle/wrapper/dists/gradle-3.5-all/exhrs6ca08n232b14ue48lbye/gradle-3.5/lib/plugins/gradle-language-groovy-3.5.jar
7f140d21c000-7f140d21f000 r--s 0001e000 08:07 5251810                    /home/sadiq/.gradle/wrapper/dists/gradle-3.5-all/exhrs6ca08n232b14ue48lbye/gradle-3.5/lib/plugins/jsp-api-2.1-6.1.14.jar
7f140d21f000-7f140d242000 r--s 00344000 08:07 5251809                    /home/sadiq/.gradle/wrapper/dists/gradle-3.5-all/exhrs6ca08n232b14ue48lbye/gradle-3.5/lib/plugins/core-3.1.1.jar
7f140d242000-7f140d243000 r--s 00006000 08:07 5251808                    /home/sadiq/.gradle/wrapper/dists/gradle-3.5-all/exhrs6ca08n232b14ue48lbye/gradle-3.5/lib/plugins/jetty-naming-6.1.26.jar
7f140d243000-7f140d244000 r--s 00002000 08:07 5251780                    /home/sadiq/.gradle/wrapper/dists/gradle-3.5-all/exhrs6ca08n232b14ue48lbye/gradle-3.5/lib/plugins/geronimo-annotation_1.0_spec-1.0.jar
7f140d244000-7f140d246000 r--s 00002000 08:07 5251779                    /home/sadiq/.gradle/wrapper/dists/gradle-3.5-all/exhrs6ca08n232b14ue48lbye/gradle-3.5/lib/plugins/jetty-annotations-6.1.26.jar
7f140d246000-7f140d257000 r--s 000ea000 08:07 5251778                    /home/sadiq/.gradle/wrapper/dists/gradle-3.5-all/exhrs6ca08n232b14ue48lbye/gradle-3.5/lib/plugins/jsp-2.1-6.1.14.jar
7f140d257000-7f140d259000 r--s 0000d000 08:07 5251777                    /home/sadiq/.gradle/wrapper/dists/gradle-3.5-all/exhrs6ca08n232b14ue48lbye/gradle-3.5/lib/plugins/jetty-plus-6.1.26.jar
7f140d259000-7f140d25b000 r--s 0001f000 08:07 5251776                    /home/sadiq/.gradle/wrapper/dists/gradle-3.5-all/exhrs6ca08n232b14ue48lbye/gradle-3.5/lib/plugins/servlet-api-2.5-20081211.jar
7f140d25b000-7f140d25f000 r--s 00028000 08:07 5251775                    /home/sadiq/.gradle/wrapper/dists/gradle-3.5-all/exhrs6ca08n232b14ue48lbye/gradle-3.5/lib/plugins/jetty-util-6.1.26.jar
7f140d25f000-7f140d266000 r--s 0007d000 08:07 5251774                    /home/sadiq/.gradle/wrapper/dists/gradle-3.5-all/exhrs6ca08n232b14ue48lbye/gradle-3.5/lib/plugins/jetty-6.1.26.jar
7f140d266000-7f140d268000 r--s 0000a000 08:07 5251731                    /home/sadiq/.gradle/wrapper/dists/gradle-3.5-all/exhrs6ca08n232b14ue48lbye/gradle-3.5/lib/plugins/gradle-jetty-3.5.jar
7f140d268000-7f140d26f000 r--s 00035000 08:07 5251789                    /home/sadiq/.gradle/wrapper/dists/gradle-3.5-all/exhrs6ca08n232b14ue48lbye/gradle-3.5/lib/plugins/simple-4.1.21.jar
7f140d26f000-7f140d27b000 r--s 00100000 08:07 5251787                    /home/sadiq/.gradle/wrapper/dists/gradle-3.5-all/exhrs6ca08n232b14ue48lbye/gradle-3.5/lib/plugins/rhino-1.7R3.jar
7f140d27b000-7f140d27f000 r--s 00012000 08:07 5251740                    /home/sadiq/.gradle/wrapper/dists/gradle-3.5-all/exhrs6ca08n232b14ue48lbye/gradle-3.5/lib/plugins/gradle-javascript-3.5.jar
7f140d27f000-7f140d282000 r--s 00011000 08:07 5251746                    /home/sadiq/.gradle/wrapper/dists/gradle-3.5-all/exhrs6ca08n232b14ue48lbye/gradle-3.5/lib/plugins/gradle-jacoco-3.5.jar
7f140d282000-7f140d285000 r--s 0000e000 08:07 5251745                    /home/sadiq/.gradle/wrapper/dists/gradle-3.5-all/exhrs6ca08n232b14ue48lbye/gradle-3.5/lib/plugins/gradle-ivy-3.5.jar
7f140d285000-7f140d286000 r--s 00002000 08:07 5251756                    /home/sadiq/.gradle/wrapper/dists/gradle-3.5-all/exhrs6ca08n232b14ue48lbye/gradle-3.5/lib/plugins/gradle-ide-play-3.5.jar
7f140d286000-7f140d289000 r--s 00013000 08:07 5251758                    /home/sadiq/.gradle/wrapper/dists/gradle-3.5-all/exhrs6ca08n232b14ue48lbye/gradle-3.5/lib/plugins/gradle-ide-native-3.5.jar
7f140d289000-7f140d293000 r--s 00056000 08:07 5251735                    /home/sadiq/.gradle/wrapper/dists/gradle-3.5-all/exhrs6ca08n232b14ue48lbye/gradle-3.5/lib/plugins/gradle-ide-3.5.jar
7f140d293000-7f140d295000 r--s 00007000 08:07 5251739                    /home/sadiq/.gradle/wrapper/dists/gradle-3.5-all/exhrs6ca08n232b14ue48lbye/gradle-3.5/lib/plugins/gradle-ear-3.5.jar
7f140d295000-7f140d297000 r--s 00005000 08:07 5251790                    /home/sadiq/.gradle/wrapper/dists/gradle-3.5-all/exhrs6ca08n232b14ue48lbye/gradle-3.5/lib/plugins/jatl-0.2.2.jar
7f140d297000-7f140d29d000 r--s 00039000 08:07 5251742                    /home/sadiq/.gradle/wrapper/dists/gradle-3.5-all/exhrs6ca08n232b14ue48lbye/gradle-3.5/lib/plugins/gradle-diagnostics-3.5.jar
7f140d29d000-7f140d29f000 r--s 00009000 08:07 5251768                    /home/sadiq/.gradle/wrapper/dists/gradle-3.5-all/exhrs6ca08n232b14ue48lbye/gradle-3.5/lib/plugins/gradle-composite-builds-3.5.jar
7f140d29f000-7f140d2a4000 r--s 00023000 08:07 5251730                    /home/sadiq/.gradle/wrapper/dists/gradle-3.5-all/exhrs6ca08n232b14ue48lbye/gradle-3.5/lib/plugins/gradle-code-quality-3.5.jar
7f140d2a4000-7f140d2a9000 r--s 00022000 08:07 5251747                    /home/sadiq/.gradle/wrapper/dists/gradle-3.5-all/exhrs6ca08n232b14ue48lbye/gradle-3.5/lib/plugins/gradle-build-init-3.5.jar
7f140d2a9000-7f140d2af000 r--s 0008e000 08:07 5251741                    /home/sadiq/.gradle/wrapper/dists/gradle-3.5-all/exhrs6ca08n232b14ue48lbye/gradle-3.5/lib/plugins/gradle-build-comparison-3.5.jar
7f140d2af000-7f140d2b0000 r--s 00002000 08:07 5251769                    /home/sadiq/.gradle/wrapper/dists/gradle-3.5-all/exhrs6ca08n232b14ue48lbye/gradle-3.5/lib/plugins/gradle-build-cache-http-3.5.jar
7f140d2b0000-7f140d2b2000 r--s 00008000 08:07 5251732                    /home/sadiq/.gradle/wrapper/dists/gradle-3.5-all/exhrs6ca08n232b14ue48lbye/gradle-3.5/lib/plugins/gradle-antlr-3.5.jar
7f140d2b2000-7f140d2b3000 r--s 00005000 08:07 5251736                    /home/sadiq/.gradle/wrapper/dists/gradle-3.5-all/exhrs6ca08n232b14ue48lbye/gradle-3.5/lib/plugins/gradle-announce-3.5.jar
7f140d2b3000-7f140d2bb000 r--s 00028000 08:07 5251839                    /home/sadiq/.gradle/wrapper/dists/gradle-3.5-all/exhrs6ca08n232b14ue48lbye/gradle-3.5/lib/plugins/xml-apis-1.3.04.jar
7f140d2bb000-7f140d2c1000 r--s 00033000 08:07 5251785                    /home/sadiq/.gradle/wrapper/dists/gradle-3.5-all/exhrs6ca08n232b14ue48lbye/gradle-3.5/lib/plugins/commons-codec-1.6.jar
7f140d2c1000-7f140d2c8000 r--s 00049000 08:07 5251838                    /home/sadiq/.gradle/wrapper/dists/gradle-3.5-all/exhrs6ca08n232b14ue48lbye/gradle-3.5/lib/plugins/httpcore-4.4.4.jar
7f140d2c8000-7f140d2cb000 r--s 0001c000 08:07 5251796                    /home/sadiq/.gradle/wrapper/dists/gradle-3.5-all/exhrs6ca08n232b14ue48lbye/gradle-3.5/lib/plugins/nekohtml-1.9.14.jar
7f140d2cb000-7f140d2e3000 r--s 00115000 08:07 5251795                    /home/sadiq/.gradle/wrapper/dists/gradle-3.5-all/exhrs6ca08n232b14ue48lbye/gradle-3.5/lib/plugins/xercesImpl-2.9.1.jar
7f140d2e3000-7f140d2e9000 r--s 0005b000 08:07 5251794                    /home/sadiq/.gradle/wrapper/dists/gradle-3.5-all/exhrs6ca08n232b14ue48lbye/gradle-3.5/lib/plugins/jcifs-1.3.17.jar
7f140d2e9000-7f140d2f6000 r--s 000a4000 08:07 5251793                    /home/sadiq/.gradle/wrapper/dists/gradle-3.5-all/exhrs6ca08n232b14ue48lbye/gradle-3.5/lib/plugins/httpclient-4.4.1.jar
7f140d2f6000-7f140d2f9000 r--s 0000a000 08:07 5251764                    /home/sadiq/.gradle/wrapper/dists/gradle-3.5-all/exhrs6ca08n232b14ue48lbye/gradle-3.5/lib/plugins/gradle-resources-http-3.5.jar
7f140d2f9000-7f140d2fd000 r--s 00017000 08:07 5251763                    /home/sadiq/.gradle/wrapper/dists/gradle-3.5-all/exhrs6ca08n232b14ue48lbye/gradle-3.5/lib/plugins/gradle-plugin-use-3.5.jar
7f140d2fd000-7f140d2fe000 r--s 00000000 08:07 5251673                    /home/sadiq/.gradle/wrapper/dists/gradle-3.5-all/exhrs6ca08n232b14ue48lbye/gradle-3.5/lib/gradle-runtime-api-info-3.5.jar
7f140d2fe000-7f140d2ff000 r--s 00000000 08:07 5251675                    /home/sadiq/.gradle/wrapper/dists/gradle-3.5-all/exhrs6ca08n232b14ue48lbye/gradle-3.5/lib/gradle-installation-beacon-3.5.jar
7f140d2ff000-7f140d301000 r--s 00006000 08:07 5251834                    /home/sadiq/.gradle/wrapper/dists/gradle-3.5-all/exhrs6ca08n232b14ue48lbye/gradle-3.5/lib/plugins/aether-connector-wagon-1.13.1.jar
7f140d301000-7f140d305000 r--s 0001c000 08:07 5251833                    /home/sadiq/.gradle/wrapper/dists/gradle-3.5-all/exhrs6ca08n232b14ue48lbye/gradle-3.5/lib/plugins/aether-util-1.13.1.jar
7f140d305000-7f140d306000 r--s 00003000 08:07 5251832                    /home/sadiq/.gradle/wrapper/dists/gradle-3.5-all/exhrs6ca08n232b14ue48lbye/gradle-3.5/lib/plugins/aether-spi-1.13.1.jar
7f140d306000-7f140d309000 r--s 0001d000 08:07 5251831                    /home/sadiq/.gradle/wrapper/dists/gradle-3.5-all/exhrs6ca08n232b14ue48lbye/gradle-3.5/lib/plugins/aether-impl-1.13.1.jar
7f140d309000-7f140d30c000 r--s 00013000 08:07 5251830                    /home/sadiq/.gradle/wrapper/dists/gradle-3.5-all/exhrs6ca08n232b14ue48lbye/gradle-3.5/lib/plugins/aether-api-1.13.1.jar
7f140d30c000-7f140d30d000 r--s 00007000 08:07 5251829                    /home/sadiq/.gradle/wrapper/dists/gradle-3.5-all/exhrs6ca08n232b14ue48lbye/gradle-3.5/lib/plugins/wagon-http-shared4-2.4.jar
7f140d30d000-7f140d30f000 r--s 0000b000 08:07 5251828                    /home/sadiq/.gradle/wrapper/dists/gradle-3.5-all/exhrs6ca08n232b14ue48lbye/gradle-3.5/lib/plugins/wagon-provider-api-2.4.jar
7f140d30f000-7f140d310000 r--s 00002000 08:07 5251827                    /home/sadiq/.gradle/wrapper/dists/gradle-3.5-all/exhrs6ca08n232b14ue48lbye/gradle-3.5/lib/plugins/wagon-http-2.4.jar
7f140d310000-7f140d311000 r--s 00002000 08:07 5251826                    /home/sadiq/.gradle/wrapper/dists/gradle-3.5-all/exhrs6ca08n232b14ue48lbye/gradle-3.5/lib/plugins/wagon-file-2.4.jar
7f140d311000-7f140d313000 r--s 0000c000 08:07 5251825                    /home/sadiq/.gradle/wrapper/dists/gradle-3.5-all/exhrs6ca08n232b14ue48lbye/gradle-3.5/lib/plugins/maven-aether-provider-3.0.4.jar
7f140d313000-7f140d315000 r--s 0000b000 08:07 5251824                    /home/sadiq/.gradle/wrapper/dists/gradle-3.5-all/exhrs6ca08n232b14ue48lbye/gradle-3.5/lib/plugins/maven-plugin-api-3.0.4.jar
7f140d315000-7f140d317000 r--s 00006000 08:07 5251823                    /home/sadiq/.gradle/wrapper/dists/gradle-3.5-all/exhrs6ca08n232b14ue48lbye/gradle-3.5/lib/plugins/maven-repository-metadata-3.0.4.jar
7f140d317000-7f140d319000 r--s 0000b000 08:07 5251822                    /home/sadiq/.gradle/wrapper/dists/gradle-3.5-all/exhrs6ca08n232b14ue48lbye/gradle-3.5/lib/plugins/maven-artifact-3.0.4.jar
7f140d319000-7f140d31b000 r--s 00026000 08:07 5251821                    /home/sadiq/.gradle/wrapper/dists/gradle-3.5-all/exhrs6ca08n232b14ue48lbye/gradle-3.5/lib/plugins/maven-model-3.0.4.jar
7f140d31b000-7f140d31f000 r--s 00021000 08:07 5251820                    /home/sadiq/.gradle/wrapper/dists/gradle-3.5-all/exhrs6ca08n232b14ue48lbye/gradle-3.5/lib/plugins/maven-model-builder-3.0.4.jar
7f140d31f000-7f140d325000 r--s 0003f000 08:07 5251819                    /home/sadiq/.gradle/wrapper/dists/gradle-3.5-all/exhrs6ca08n232b14ue48lbye/gradle-3.5/lib/plugins/maven-compat-3.0.4.jar
7f140d325000-7f140d326000 r--s 00006000 08:07 5251818                    /home/sadiq/.gradle/wrapper/dists/gradle-3.5-all/exhrs6ca08n232b14ue48lbye/gradle-3.5/lib/plugins/plexus-sec-dispatcher-1.3.jar
7f140d326000-7f140d328000 r--s 00002000 08:07 5251817                    /home/sadiq/.gradle/wrapper/dists/gradle-3.5-all/exhrs6ca08n232b14ue48lbye/gradle-3.5/lib/plugins/plexus-cipher-1.7.jar
7f140d328000-7f140d32a000 r--s 0000a000 08:07 5251816                    /home/sadiq/.gradle/wrapper/dists/gradle-3.5-all/exhrs6ca08n232b14ue48lbye/gradle-3.5/lib/plugins/plexus-classworlds-2.4.jar
7f140d32a000-7f140d331000 r--s 0002e000 08:07 5251815                    /home/sadiq/.gradle/wrapper/dists/gradle-3.5-all/exhrs6ca08n232b14ue48lbye/gradle-3.5/lib/plugins/plexus-container-default-1.5.5.jar
7f140d331000-7f140d333000 r--s 00000000 08:07 5251840                    /home/sadiq/.gradle/wrapper/dists/gradle-3.5-all/exhrs6ca08n232b14ue48lbye/gradle-3.5/lib/plugins/plexus-component-annotations-1.5.5.jar
7f140d333000-7f140d335000 r--s 0000d000 08:07 5251814                    /home/sadiq/.gradle/wrapper/dists/gradle-3.5-all/exhrs6ca08n232b14ue48lbye/gradle-3.5/lib/plugins/plexus-interpolation-1.14.jar
7f140d335000-7f140d339000 r--s 00033000 08:07 5251813                    /home/sadiq/.gradle/wrapper/dists/gradle-3.5-all/exhrs6ca08n232b14ue48lbye/gradle-3.5/lib/plugins/plexus-utils-2.0.6.jar
7f140d339000-7f140d33c000 r--s 00008000 08:07 5251812                    /home/sadiq/.gradle/wrapper/dists/gradle-3.5-all/exhrs6ca08n232b14ue48lbye/gradle-3.5/lib/plugins/maven-settings-builder-3.0.4.jar
7f140d33c000-7f140d341000 r--s 00040000 08:07 5251797                    /home/sadiq/.gradle/wrapper/dists/gradle-3.5-all/exhrs6ca08n232b14ue48lbye/gradle-3.5/lib/plugins/jsch-0.1.54.jar
7f140d341000-7f140d381000 r--s 00277000 08:07 5251807                    /home/sadiq/.gradle/wrapper/dists/gradle-3.5-all/exhrs6ca08n232b14ue48lbye/gradle-3.5/lib/plugins/bcprov-jdk15on-1.51.jar
7f140d381000-7f140d38d000 r--s 0007d000 08:07 5251782                    /home/sadiq/.gradle/wrapper/dists/gradle-3.5-all/exhrs6ca08n232b14ue48lbye/gradle-3.5/lib/plugins/maven-core-3.0.4.jar
7f140d38d000-7f140d3ae000 r--s 00106000 08:07 5251771                    /home/sadiq/.gradle/wrapper/dists/gradle-3.5-all/exhrs6ca08n232b14ue48lbye/gradle-3.5/lib/plugins/gradle-dependency-management-3.5.jar
7f140d3ae000-7f140d3c4000 r-xp 00000000 08:07 3805734                    /lib/x86_64-linux-gnu/libgcc_s.so.1
7f140d3c4000-7f140d5c3000 ---p 00016000 08:07 3805734                    /lib/x86_64-linux-gnu/libgcc_s.so.1
7f140d5c3000-7f140d5c4000 rw-p 00015000 08:07 3805734                    /lib/x86_64-linux-gnu/libgcc_s.so.1
7f140d5c4000-7f140d736000 r-xp 00000000 08:07 4597219                    /usr/lib/x86_64-linux-gnu/libstdc++.so.6.0.21
7f140d736000-7f140d936000 ---p 00172000 08:07 4597219                    /usr/lib/x86_64-linux-gnu/libstdc++.so.6.0.21
7f140d936000-7f140d940000 r--p 00172000 08:07 4597219                    /usr/lib/x86_64-linux-gnu/libstdc++.so.6.0.21
7f140d940000-7f140d942000 rw-p 0017c000 08:07 4597219                    /usr/lib/x86_64-linux-gnu/libstdc++.so.6.0.21
7f140d942000-7f140d946000 rw-p 00000000 00:00 0 
7f140d946000-7f140d948000 r--s 0000a000 08:07 5251811                    /home/sadiq/.gradle/wrapper/dists/gradle-3.5-all/exhrs6ca08n232b14ue48lbye/gradle-3.5/lib/plugins/maven-settings-3.0.4.jar
7f140d948000-7f140d94c000 r--s 0001d000 08:07 5251806                    /home/sadiq/.gradle/wrapper/dists/gradle-3.5-all/exhrs6ca08n232b14ue48lbye/gradle-3.5/lib/plugins/xbean-reflect-3.4.jar
7f140d94c000-7f140d951000 r--s 00034000 08:07 5251788                    /home/sadiq/.gradle/wrapper/dists/gradle-3.5-all/exhrs6ca08n232b14ue48lbye/gradle-3.5/lib/plugins/gson-2.7.jar
7f140d951000-7f140d960000 r--s 000d9000 08:07 5251805                    /home/sadiq/.gradle/wrapper/dists/gradle-3.5-all/exhrs6ca08n232b14ue48lbye/gradle-3.5/lib/plugins/ivy-2.2.0.jar
7f140d960000-7f140d962000 r--s 00007000 08:07 5251770                    /home/sadiq/.gradle/wrapper/dists/gradle-3.5-all/exhrs6ca08n232b14ue48lbye/gradle-3.5/lib/plugins/gradle-workers-3.5.jar
7f140d962000-7f140d967000 r-xp 00000000 08:07 4856717                    /home/sadiq/.gradle/native/25/linux-amd64/libnative-platform.so
7f140d967000-7f140db66000 ---p 00005000 08:07 4856717                    /home/sadiq/.gradle/native/25/linux-amd64/libnative-platform.so
7f140db66000-7f140db67000 rw-p 00004000 08:07 4856717                    /home/sadiq/.gradle/native/25/linux-amd64/libnative-platform.so
7f140db67000-7f140db78000 r-xp 00000000 08:07 2883948                    /opt/android-studio/jre/jre/lib/amd64/libnio.so
7f140db78000-7f140dd77000 ---p 00011000 08:07 2883948                    /opt/android-studio/jre/jre/lib/amd64/libnio.so
7f140dd77000-7f140dd78000 r--p 00010000 08:07 2883948                    /opt/android-studio/jre/jre/lib/amd64/libnio.so
7f140dd78000-7f140dd79000 rw-p 00011000 08:07 2883948                    /opt/android-studio/jre/jre/lib/amd64/libnio.so
7f140dd79000-7f140e07a000 rw-p 00000000 00:00 0 
7f140e07a000-7f140e091000 r-xp 00000000 08:07 2883946                    /opt/android-studio/jre/jre/lib/amd64/libnet.so
7f140e091000-7f140e290000 ---p 00017000 08:07 2883946                    /opt/android-studio/jre/jre/lib/amd64/libnet.so
7f140e290000-7f140e291000 r--p 00016000 08:07 2883946                    /opt/android-studio/jre/jre/lib/amd64/libnet.so
7f140e291000-7f140e292000 rw-p 00017000 08:07 2883946                    /opt/android-studio/jre/jre/lib/amd64/libnet.so
7f140e292000-7f140e293000 r--s 00006000 08:07 5251674                    /home/sadiq/.gradle/wrapper/dists/gradle-3.5-all/exhrs6ca08n232b14ue48lbye/gradle-3.5/lib/gradle-wrapper-3.5.jar
7f140e293000-7f140e2a1000 r--s 00043000 08:07 5251681                    /home/sadiq/.gradle/wrapper/dists/gradle-3.5-all/exhrs6ca08n232b14ue48lbye/gradle-3.5/lib/gradle-tooling-api-3.5.jar
7f140e2a1000-7f140e2a3000 r--s 00002000 08:07 5251702                    /home/sadiq/.gradle/wrapper/dists/gradle-3.5-all/exhrs6ca08n232b14ue48lbye/gradle-3.5/lib/gradle-open-api-3.5.jar
7f140e2a3000-7f140e2a9000 r--s 00032000 08:07 5251704                    /home/sadiq/.gradle/wrapper/dists/gradle-3.5-all/exhrs6ca08n232b14ue48lbye/gradle-3.5/lib/jaxen-1.1.jar
7f140e2a9000-7f140e2ae000 r--s 00048000 08:07 5251703                    /home/sadiq/.gradle/wrapper/dists/gradle-3.5-all/exhrs6ca08n232b14ue48lbye/gradle-3.5/lib/dom4j-1.6.1.jar
7f140e2ae000-7f140e2b9000 r--s 00059000 08:07 5251680                    /home/sadiq/.gradle/wrapper/dists/gradle-3.5-all/exhrs6ca08n232b14ue48lbye/gradle-3.5/lib/gradle-ui-3.5.jar
7f140e2b9000-7f140e2c7000 r--s 000cb000 08:07 5251671                    /home/sadiq/.gradle/wrapper/dists/gradle-3.5-all/exhrs6ca08n232b14ue48lbye/gradle-3.5/lib/kotlin-stdlib-1.1.0.jar
7f140e2c7000-7f140e2fe000 r--s 00284000 08:07 5251670                    /home/sadiq/.gradle/wrapper/dists/gradle-3.5-all/exhrs6ca08n232b14ue48lbye/gradle-3.5/lib/kotlin-reflect-1.1.0.jar
7f140e2fe000-7f140e4c3000 r--s 017fb000 08:07 5251669                    /home/sadiq/.gradle/wrapper/dists/gradle-3.5-all/exhrs6ca08n232b14ue48lbye/gradle-3.5/lib/kotlin-compiler-embeddable-1.1.0.jar
7f140e4c3000-7f140e4c5000 r--s 00003000 08:07 5251667                    /home/sadiq/.gradle/wrapper/dists/gradle-3.5-all/exhrs6ca08n232b14ue48lbye/gradle-3.5/lib/annotations-13.0.jar
7f140e4c5000-7f140e4cd000 r--s 00055000 08:07 5251668                    /home/sadiq/.gradle/wrapper/dists/gradle-3.5-all/exhrs6ca08n232b14ue48lbye/gradle-3.5/lib/gradle-script-kotlin-0.8.0.jar
7f140e4cd000-7f140e4d0000 r--s 0000b000 08:07 5251690                    /home/sadiq/.gradle/wrapper/dists/gradle-3.5-all/exhrs6ca08n232b14ue48lbye/gradle-3.5/lib/gradle-resources-3.5.jar
7f140e4d0000-7f140e4d2000 r--s 00005000 08:07 5251679                    /home/sadiq/.gradle/wrapper/dists/gradle-3.5-all/exhrs6ca08n232b14ue48lbye/gradle-3.5/lib/gradle-cli-3.5.jar
7f140e4d2000-7f140e4d4000 r--s 00003000 08:07 5251708                    /home/sadiq/.gradle/wrapper/dists/gradle-3.5-all/exhrs6ca08n232b14ue48lbye/gradle-3.5/lib/jcl-over-slf4j-1.7.10.jar
7f140e4d4000-7f140e4d5000 r--s 00005000 08:07 5251707                    /home/sadiq/.gradle/wrapper/dists/gradle-3.5-all/exhrs6ca08n232b14ue48lbye/gradle-3.5/lib/log4j-over-slf4j-1.7.10.jar
7f140e4d5000-7f140e4d7000 r--s 00000000 08:07 5251706                    /home/sadiq/.gradle/wrapper/dists/gradle-3.5-all/exhrs6ca08n232b14ue48lbye/gradle-3.5/lib/jul-to-slf4j-1.7.10.jar
7f140e4d7000-7f140e4de000 r--s 00027000 08:07 5251683                    /home/sadiq/.gradle/wrapper/dists/gradle-3.5-all/exhrs6ca08n232b14ue48lbye/gradle-3.5/lib/gradle-logging-3.5.jar
7f140e4de000-7f140e4ed000 r--s 0007f000 08:07 5251691                    /home/sadiq/.gradle/wrapper/dists/gradle-3.5-all/exhrs6ca08n232b14ue48lbye/gradle-3.5/lib/gradle-model-core-3.5.jar
7f140e4ed000-7f140e4ef000 r--s 00006000 08:07 5251688                    /home/sadiq/.gradle/wrapper/dists/gradle-3.5-all/exhrs6ca08n232b14ue48lbye/gradle-3.5/lib/gradle-base-services-groovy-3.5.jar
7f140e4ef000-7f140e4f1000 r--s 00007000 08:07 5251696                    /home/sadiq/.gradle/wrapper/dists/gradle-3.5-all/exhrs6ca08n232b14ue48lbye/gradle-3.5/lib/gradle-model-groovy-3.5.jar
7f140e4f1000-7f140e4f2000 r--s 00002000 08:07 5251701                    /home/sadiq/.gradle/wrapper/dists/gradle-3.5-all/exhrs6ca08n232b14ue48lbye/gradle-3.5/lib/gradle-docs-3.5.jar
7f140e4f2000-7f140e4f3000 r--s 00000000 08:07 5251699                    /home/sadiq/.gradle/wrapper/dists/gradle-3.5-all/exhrs6ca08n232b14ue48lbye/gradle-3.5/lib/jcip-annotations-1.0.jar
7f140e4f3000-7f140e500000 r--s 00083000 08:07 5251697                    /home/sadiq/.gradle/wrapper/dists/gradle-3.5-all/exhrs6ca08n232b14ue48lbye/gradle-3.5/lib/commons-collections-3.2.2.jar
7f140e500000-7f140e501000 r--s 00000000 08:07 5251695                    /home/sadiq/.gradle/wrapper/dists/gradle-3.5-all/exhrs6ca08n232b14ue48lbye/gradle-3.5/lib/javax.inject-1.jar
7f140e501000-7f140e571000 r--s 00645000 08:07 5251692                    /home/sadiq/.gradle/wrapper/dists/gradle-3.5-all/exhrs6ca08n232b14ue48lbye/gradle-3.5/lib/groovy-all-2.4.10.jar
7f140e571000-7f140e572000 r--s 00001000 08:07 5251724                    /home/sadiq/.gradle/wrapper/dists/gradle-3.5-all/exhrs6ca08n232b14ue48lbye/gradle-3.5/lib/native-platform-linux-i386-ncurses6-0.14.jar
7f140e572000-7f140e573000 r--s 00001000 08:07 5251723                    /home/sadiq/.gradle/wrapper/dists/gradle-3.5-all/exhrs6ca08n232b14ue48lbye/gradle-3.5/lib/native-platform-linux-i386-ncurses5-0.14.jar
7f140e573000-7f140e574000 r--s 00001000 08:07 5251722                    /home/sadiq/.gradle/wrapper/dists/gradle-3.5-all/exhrs6ca08n232b14ue48lbye/gradle-3.5/lib/native-platform-linux-amd64-ncurses6-0.14.jar
7f140e574000-7f140e575000 r--s 00001000 08:07 5251721                    /home/sadiq/.gradle/wrapper/dists/gradle-3.5-all/exhrs6ca08n232b14ue48lbye/gradle-3.5/lib/native-platform-linux-amd64-ncurses5-0.14.jar
7f140e575000-7f140e577000 r--s 0000b000 08:07 5251719                    /home/sadiq/.gradle/wrapper/dists/gradle-3.5-all/exhrs6ca08n232b14ue48lbye/gradle-3.5/lib/native-platform-windows-amd64-0.14.jar
7f140e577000-7f140e59f000 r--s 001cf000 08:07 5251685                    /home/sadiq/.gradle/wrapper/dists/gradle-3.5-all/exhrs6ca08n232b14ue48lbye/gradle-3.5/lib/guava-jdk5-17.0.jar
7f140e59f000-7f140e5e1000 r--s 00220000 08:07 5251678                    /home/sadiq/.gradle/wrapper/dists/gradle-3.5-all/exhrs6ca08n232b14ue48lbye/gradle-3.5/lib/gradle-core-3.5.jar
7f140e5e1000-7f140e5e2000 ---p 00000000 00:00 0 
7f140e5e2000-7f140e6e2000 rw-p 00000000 00:00 0 
7f140e6e2000-7f140e6e5000 ---p 00000000 00:00 0 
7f140e6e5000-7f140e7e3000 rw-p 00000000 00:00 0 
7f140e7e3000-7f140e7e6000 ---p 00000000 00:00 0 
7f140e7e6000-7f140e8e4000 rw-p 00000000 00:00 0 
7f140e8e4000-7f140e8e7000 ---p 00000000 00:00 0 
7f140e8e7000-7f140e9e5000 rw-p 00000000 00:00 0 
7f140e9e5000-7f140e9e8000 ---p 00000000 00:00 0 
7f140e9e8000-7f140eae6000 rw-p 00000000 00:00 0 
7f140eae6000-7f140eae9000 ---p 00000000 00:00 0 
7f140eae9000-7f140ebe7000 rw-p 00000000 00:00 0 
7f140ebe7000-7f140f5f6000 r--p 00000000 08:07 4594996                    /usr/lib/locale/locale-archive
7f140f5f6000-7f140f5f9000 ---p 00000000 00:00 0 
7f140f5f9000-7f140f6f7000 rw-p 00000000 00:00 0 
7f140f6f7000-7f140f6fa000 ---p 00000000 00:00 0 
7f140f6fa000-7f140f7f8000 rw-p 00000000 00:00 0 
7f140f7f8000-7f140f7f9000 ---p 00000000 00:00 0 
7f140f7f9000-7f1410000000 rw-p 00000000 00:00 0 
7f1410000000-7f141013d000 rw-p 00000000 00:00 0 
7f141013d000-7f1414000000 ---p 00000000 00:00 0 
7f1414000000-7f141411e000 rw-p 00000000 00:00 0 
7f141411e000-7f1418000000 ---p 00000000 00:00 0 
7f1418000000-7f1418520000 rw-p 00000000 00:00 0 
7f1418520000-7f141c000000 ---p 00000000 00:00 0 
7f141c000000-7f141c001000 r--s 0000b000 08:07 5251720                    /home/sadiq/.gradle/wrapper/dists/gradle-3.5-all/exhrs6ca08n232b14ue48lbye/gradle-3.5/lib/native-platform-windows-i386-0.14.jar
7f141c001000-7f141c002000 r--s 00003000 08:07 5251718                    /home/sadiq/.gradle/wrapper/dists/gradle-3.5-all/exhrs6ca08n232b14ue48lbye/gradle-3.5/lib/native-platform-osx-i386-0.14.jar
7f141c002000-7f141c004000 r--s 00002000 08:07 5251717                    /home/sadiq/.gradle/wrapper/dists/gradle-3.5-all/exhrs6ca08n232b14ue48lbye/gradle-3.5/lib/native-platform-osx-amd64-0.14.jar
7f141c004000-7f141c005000 r--s 00002000 08:07 5251716                    /home/sadiq/.gradle/wrapper/dists/gradle-3.5-all/exhrs6ca08n232b14ue48lbye/gradle-3.5/lib/native-platform-linux-i386-0.14.jar
7f141c005000-7f141c006000 r--s 00002000 08:07 5251715                    /home/sadiq/.gradle/wrapper/dists/gradle-3.5-all/exhrs6ca08n232b14ue48lbye/gradle-3.5/lib/native-platform-linux-amd64-0.14.jar
7f141c006000-7f141c007000 r--s 00003000 08:07 5251714                    /home/sadiq/.gradle/wrapper/dists/gradle-3.5-all/exhrs6ca08n232b14ue48lbye/gradle-3.5/lib/native-platform-freebsd-i386-libstdcpp-0.14.jar
7f141c007000-7f141c008000 r--s 00004000 08:07 5251713                    /home/sadiq/.gradle/wrapper/dists/gradle-3.5-all/exhrs6ca08n232b14ue48lbye/gradle-3.5/lib/native-platform-freebsd-i386-libcpp-0.14.jar
7f141c008000-7f141c00b000 r--s 00023000 08:07 5251705                    /home/sadiq/.gradle/wrapper/dists/gradle-3.5-all/exhrs6ca08n232b14ue48lbye/gradle-3.5/lib/jansi-1.14.jar
7f141c00b000-7f141c00f000 r--s 00027000 08:07 5251698                    /home/sadiq/.gradle/wrapper/dists/gradle-3.5-all/exhrs6ca08n232b14ue48lbye/gradle-3.5/lib/commons-io-2.2.jar
7f141c00f000-7f141c013000 r--s 00012000 08:07 5251700                    /home/sadiq/.gradle/wrapper/dists/gradle-3.5-all/exhrs6ca08n232b14ue48lbye/gradle-3.5/lib/native-platform-0.14.jar
7f141c013000-7f141c016000 r--s 0000c000 08:07 5251682                    /home/sadiq/.gradle/wrapper/dists/gradle-3.5-all/exhrs6ca08n232b14ue48lbye/gradle-3.5/lib/gradle-native-3.5.jar
7f141c016000-7f141c018000 r--s 00007000 08:07 5251727                    /home/sadiq/.gradle/wrapper/dists/gradle-3.5-all/exhrs6ca08n232b14ue48lbye/gradle-3.5/lib/objenesis-1.2.jar
7f141c018000-7f141c01a000 r--s 00000000 08:07 5251726                    /home/sadiq/.gradle/wrapper/dists/gradle-3.5-all/exhrs6ca08n232b14ue48lbye/gradle-3.5/lib/minlog-1.2.jar
7f141c01a000-7f141c01f000 r--s 00038000 08:07 5251693                    /home/sadiq/.gradle/wrapper/dists/gradle-3.5-all/exhrs6ca08n232b14ue48lbye/gradle-3.5/lib/asm-all-5.1.jar
7f141c01f000-7f141c03e000 r--s 001d1000 08:07 5251694                    /home/sadiq/.gradle/wrapper/dists/gradle-3.5-all/exhrs6ca08n232b14ue48lbye/gradle-3.5/lib/ant-1.9.6.jar
7f141c03e000-7f141c8f7000 rw-p 00000000 00:00 0 
7f141c8f7000-7f141cac6000 r--s 03c1b000 08:07 2883916                    /opt/android-studio/jre/jre/lib/rt.jar
7f141cac6000-7f142063c000 rw-p 00000000 00:00 0 
7f142063c000-7f142063d000 ---p 00000000 00:00 0 
7f142063d000-7f142073d000 rw-p 00000000 00:00 0 
7f142073d000-7f142073e000 ---p 00000000 00:00 0 
7f142073e000-7f142083e000 rw-p 00000000 00:00 0 
7f142083e000-7f142083f000 ---p 00000000 00:00 0 
7f142083f000-7f142093f000 rw-p 00000000 00:00 0 
7f142093f000-7f1420940000 ---p 00000000 00:00 0 
7f1420940000-7f1420b06000 rw-p 00000000 00:00 0 
7f1420b06000-7f1420c40000 ---p 00000000 00:00 0 
7f1420c40000-7f1420d23000 rw-p 00000000 00:00 0 
7f1420d23000-7f1421000000 ---p 00000000 00:00 0 
7f1421000000-7f14248b0000 rwxp 00000000 00:00 0 
7f14248b0000-7f1430000000 ---p 00000000 00:00 0 
7f1430000000-7f1430dbb000 rw-p 00000000 00:00 0 
7f1430dbb000-7f1434000000 ---p 00000000 00:00 0 
7f1434000000-7f1434001000 r--s 00004000 08:07 5251712                    /home/sadiq/.gradle/wrapper/dists/gradle-3.5-all/exhrs6ca08n232b14ue48lbye/gradle-3.5/lib/native-platform-freebsd-amd64-libstdcpp-0.14.jar
7f1434001000-7f1434003000 r--s 0000f000 08:07 5251725                    /home/sadiq/.gradle/wrapper/dists/gradle-3.5-all/exhrs6ca08n232b14ue48lbye/gradle-3.5/lib/reflectasm-1.07-shaded.jar
7f1434003000-7f14340ea000 rw-p 00000000 00:00 0 
7f14340ea000-7f1434224000 ---p 00000000 00:00 0 
7f1434224000-7f1434322000 rw-p 00000000 00:00 0 
7f1434322000-7f1434324000 ---p 00000000 00:00 0 
7f1434324000-7f1434325000 rw-p 00000000 00:00 0 
7f1434325000-7f143433f000 r-xp 00000000 08:07 2883943                    /opt/android-studio/jre/jre/lib/amd64/libzip.so
7f143433f000-7f143453f000 ---p 0001a000 08:07 2883943                    /opt/android-studio/jre/jre/lib/amd64/libzip.so
7f143453f000-7f1434540000 r--p 0001a000 08:07 2883943                    /opt/android-studio/jre/jre/lib/amd64/libzip.so
7f1434540000-7f1434541000 rw-p 0001b000 08:07 2883943                    /opt/android-studio/jre/jre/lib/amd64/libzip.so
7f1434541000-7f143454c000 r-xp 00000000 08:07 3801178                    /lib/x86_64-linux-gnu/libnss_files-2.23.so
7f143454c000-7f143474b000 ---p 0000b000 08:07 3801178                    /lib/x86_64-linux-gnu/libnss_files-2.23.so
7f143474b000-7f143474c000 r--p 0000a000 08:07 3801178                    /lib/x86_64-linux-gnu/libnss_files-2.23.so
7f143474c000-7f143474d000 rw-p 0000b000 08:07 3801178                    /lib/x86_64-linux-gnu/libnss_files-2.23.so
7f143474d000-7f1434753000 rw-p 00000000 00:00 0 
7f1434753000-7f143475e000 r-xp 00000000 08:07 3801171                    /lib/x86_64-linux-gnu/libnss_nis-2.23.so
7f143475e000-7f143495d000 ---p 0000b000 08:07 3801171                    /lib/x86_64-linux-gnu/libnss_nis-2.23.so
7f143495d000-7f143495e000 r--p 0000a000 08:07 3801171                    /lib/x86_64-linux-gnu/libnss_nis-2.23.so
7f143495e000-7f143495f000 rw-p 0000b000 08:07 3801171                    /lib/x86_64-linux-gnu/libnss_nis-2.23.so
7f143495f000-7f1434975000 r-xp 00000000 08:07 3801173                    /lib/x86_64-linux-gnu/libnsl-2.23.so
7f1434975000-7f1434b74000 ---p 00016000 08:07 3801173                    /lib/x86_64-linux-gnu/libnsl-2.23.so
7f1434b74000-7f1434b75000 r--p 00015000 08:07 3801173                    /lib/x86_64-linux-gnu/libnsl-2.23.so
7f1434b75000-7f1434b76000 rw-p 00016000 08:07 3801173                    /lib/x86_64-linux-gnu/libnsl-2.23.so
7f1434b76000-7f1434b78000 rw-p 00000000 00:00 0 
7f1434b78000-7f1434b80000 r-xp 00000000 08:07 3801180                    /lib/x86_64-linux-gnu/libnss_compat-2.23.so
7f1434b80000-7f1434d7f000 ---p 00008000 08:07 3801180                    /lib/x86_64-linux-gnu/libnss_compat-2.23.so
7f1434d7f000-7f1434d80000 r--p 00007000 08:07 3801180                    /lib/x86_64-linux-gnu/libnss_compat-2.23.so
7f1434d80000-7f1434d81000 rw-p 00008000 08:07 3801180                    /lib/x86_64-linux-gnu/libnss_compat-2.23.so
7f1434d81000-7f1434dae000 r-xp 00000000 08:07 2883953                    /opt/android-studio/jre/jre/lib/amd64/libjava.so
7f1434dae000-7f1434fad000 ---p 0002d000 08:07 2883953                    /opt/android-studio/jre/jre/lib/amd64/libjava.so
7f1434fad000-7f1434fae000 r--p 0002c000 08:07 2883953                    /opt/android-studio/jre/jre/lib/amd64/libjava.so
7f1434fae000-7f1434fb0000 rw-p 0002d000 08:07 2883953                    /opt/android-studio/jre/jre/lib/amd64/libjava.so
7f1434fb0000-7f1434fc0000 r-xp 00000000 08:07 2883969                    /opt/android-studio/jre/jre/lib/amd64/libverify.so
7f1434fc0000-7f14351bf000 ---p 00010000 08:07 2883969                    /opt/android-studio/jre/jre/lib/amd64/libverify.so
7f14351bf000-7f14351c1000 r--p 0000f000 08:07 2883969                    /opt/android-studio/jre/jre/lib/amd64/libverify.so
7f14351c1000-7f14351c2000 rw-p 00011000 08:07 2883969                    /opt/android-studio/jre/jre/lib/amd64/libverify.so
7f14351c2000-7f14351c9000 r-xp 00000000 08:07 3801181                    /lib/x86_64-linux-gnu/librt-2.23.so
7f14351c9000-7f14353c8000 ---p 00007000 08:07 3801181                    /lib/x86_64-linux-gnu/librt-2.23.so
7f14353c8000-7f14353c9000 r--p 00006000 08:07 3801181                    /lib/x86_64-linux-gnu/librt-2.23.so
7f14353c9000-7f14353ca000 rw-p 00007000 08:07 3801181                    /lib/x86_64-linux-gnu/librt-2.23.so
7f14353ca000-7f14354d2000 r-xp 00000000 08:07 3801172                    /lib/x86_64-linux-gnu/libm-2.23.so
7f14354d2000-7f14356d1000 ---p 00108000 08:07 3801172                    /lib/x86_64-linux-gnu/libm-2.23.so
7f14356d1000-7f14356d2000 r--p 00107000 08:07 3801172                    /lib/x86_64-linux-gnu/libm-2.23.so
7f14356d2000-7f14356d3000 rw-p 00108000 08:07 3801172                    /lib/x86_64-linux-gnu/libm-2.23.so
7f14356d3000-7f14362c4000 r-xp 00000000 08:07 2883973                    /opt/android-studio/jre/jre/lib/amd64/server/libjvm.so
7f14362c4000-7f14364c4000 ---p 00bf1000 08:07 2883973                    /opt/android-studio/jre/jre/lib/amd64/server/libjvm.so
7f14364c4000-7f1436563000 r--p 00bf1000 08:07 2883973                    /opt/android-studio/jre/jre/lib/amd64/server/libjvm.so
7f1436563000-7f143658c000 rw-p 00c90000 08:07 2883973                    /opt/android-studio/jre/jre/lib/amd64/server/libjvm.so
7f143658c000-7f14365d0000 rw-p 00000000 00:00 0 
7f14365d0000-7f14365e8000 r-xp 00000000 08:07 3801185                    /lib/x86_64-linux-gnu/libpthread-2.23.so
7f14365e8000-7f14367e7000 ---p 00018000 08:07 3801185                    /lib/x86_64-linux-gnu/libpthread-2.23.so
7f14367e7000-7f14367e8000 r--p 00017000 08:07 3801185                    /lib/x86_64-linux-gnu/libpthread-2.23.so
7f14367e8000-7f14367e9000 rw-p 00018000 08:07 3801185                    /lib/x86_64-linux-gnu/libpthread-2.23.so
7f14367e9000-7f14367ed000 rw-p 00000000 00:00 0 
7f14367ed000-7f14367f0000 r-xp 00000000 08:07 3801113                    /lib/x86_64-linux-gnu/libdl-2.23.so
7f14367f0000-7f14369ef000 ---p 00003000 08:07 3801113                    /lib/x86_64-linux-gnu/libdl-2.23.so
7f14369ef000-7f14369f0000 r--p 00002000 08:07 3801113                    /lib/x86_64-linux-gnu/libdl-2.23.so
7f14369f0000-7f14369f1000 rw-p 00003000 08:07 3801113                    /lib/x86_64-linux-gnu/libdl-2.23.so
7f14369f1000-7f1436bb0000 r-xp 00000000 08:07 3801174                    /lib/x86_64-linux-gnu/libc-2.23.so
7f1436bb0000-7f1436db0000 ---p 001bf000 08:07 3801174                    /lib/x86_64-linux-gnu/libc-2.23.so
7f1436db0000-7f1436db4000 r--p 001bf000 08:07 3801174                    /lib/x86_64-linux-gnu/libc-2.23.so
7f1436db4000-7f1436db6000 rw-p 001c3000 08:07 3801174                    /lib/x86_64-linux-gnu/libc-2.23.so
7f1436db6000-7f1436dba000 rw-p 00000000 00:00 0 
7f1436dba000-7f1436dd0000 r-xp 00000000 08:07 2883833                    /opt/android-studio/jre/lib/amd64/jli/libjli.so
7f1436dd0000-7f1436fcf000 ---p 00016000 08:07 2883833                    /opt/android-studio/jre/lib/amd64/jli/libjli.so
7f1436fcf000-7f1436fd0000 r--p 00015000 08:07 2883833                    /opt/android-studio/jre/lib/amd64/jli/libjli.so
7f1436fd0000-7f1436fd1000 rw-p 00016000 08:07 2883833                    /opt/android-studio/jre/lib/amd64/jli/libjli.so
7f1436fd1000-7f1436ff7000 r-xp 00000000 08:07 3801175                    /lib/x86_64-linux-gnu/ld-2.23.so
7f1436ff7000-7f1436ff8000 r--s 00004000 08:07 5251711                    /home/sadiq/.gradle/wrapper/dists/gradle-3.5-all/exhrs6ca08n232b14ue48lbye/gradle-3.5/lib/native-platform-freebsd-amd64-libcpp-0.14.jar
7f1436ff8000-7f1436ffc000 r--s 00026000 08:07 5251709                    /home/sadiq/.gradle/wrapper/dists/gradle-3.5-all/exhrs6ca08n232b14ue48lbye/gradle-3.5/lib/kryo-2.20.jar
7f1436ffc000-7f1437003000 r--s 0002a000 08:07 5251689                    /home/sadiq/.gradle/wrapper/dists/gradle-3.5-all/exhrs6ca08n232b14ue48lbye/gradle-3.5/lib/gradle-messaging-3.5.jar
7f1437003000-7f1437005000 r--s 00006000 08:07 5251687                    /home/sadiq/.gradle/wrapper/dists/gradle-3.5-all/exhrs6ca08n232b14ue48lbye/gradle-3.5/lib/gradle-process-services-3.5.jar
7f1437005000-7f1437007000 r--s 00000000 08:07 5251677                    /home/sadiq/.gradle/wrapper/dists/gradle-3.5-all/exhrs6ca08n232b14ue48lbye/gradle-3.5/lib/gradle-jvm-services-3.5.jar
7f1437007000-7f1437008000 r--s 00000000 08:07 5251842                    /home/sadiq/.gradle/wrapper/dists/gradle-3.5-all/exhrs6ca08n232b14ue48lbye/gradle-3.5/lib/gradle-version-info-3.5.jar
7f1437008000-7f1437011000 r--s 00047000 08:07 5251676                    /home/sadiq/.gradle/wrapper/dists/gradle-3.5-all/exhrs6ca08n232b14ue48lbye/gradle-3.5/lib/gradle-base-services-3.5.jar
7f1437011000-7f14370d3000 rw-p 00000000 00:00 0 
7f14370d3000-7f14370d6000 ---p 00000000 00:00 0 
7f14370d6000-7f14371d8000 rw-p 00000000 00:00 0 
7f14371d8000-7f14371dd000 r--s 00041000 08:07 5251686                    /home/sadiq/.gradle/wrapper/dists/gradle-3.5-all/exhrs6ca08n232b14ue48lbye/gradle-3.5/lib/commons-lang-2.6.jar
7f14371dd000-7f14371de000 r--s 00007000 08:07 5251684                    /home/sadiq/.gradle/wrapper/dists/gradle-3.5-all/exhrs6ca08n232b14ue48lbye/gradle-3.5/lib/slf4j-api-1.7.10.jar
7f14371de000-7f14371df000 r--s 00004000 08:07 5251710                    /home/sadiq/.gradle/wrapper/dists/gradle-3.5-all/exhrs6ca08n232b14ue48lbye/gradle-3.5/lib/ant-launcher-1.9.6.jar
7f14371df000-7f14371ea000 r--s 0005b000 08:07 5251672                    /home/sadiq/.gradle/wrapper/dists/gradle-3.5-all/exhrs6ca08n232b14ue48lbye/gradle-3.5/lib/gradle-launcher-3.5.jar
7f14371ea000-7f14371f2000 rw-s 00000000 08:07 3022012                    /tmp/hsperfdata_sadiq/13302
7f14371f2000-7f14371f3000 rw-p 00000000 00:00 0 
7f14371f3000-7f14371f4000 ---p 00000000 00:00 0 
7f14371f4000-7f14371f6000 rw-p 00000000 00:00 0 
7f14371f6000-7f14371f7000 r--p 00025000 08:07 3801175                    /lib/x86_64-linux-gnu/ld-2.23.so
7f14371f7000-7f14371f8000 rw-p 00026000 08:07 3801175                    /lib/x86_64-linux-gnu/ld-2.23.so
7f14371f8000-7f14371f9000 rw-p 00000000 00:00 0 
7ffe85a7f000-7ffe85aa0000 rw-p 00000000 00:00 0                          [stack]
7ffe85b42000-7ffe85b44000 r--p 00000000 00:00 0                          [vvar]
7ffe85b44000-7ffe85b46000 r-xp 00000000 00:00 0                          [vdso]
ffffffffff600000-ffffffffff601000 r-xp 00000000 00:00 0                  [vsyscall]

VM Arguments:
jvm_args: -Xmx1536m -Dfile.encoding=UTF-8 -Duser.country=US -Duser.language=en -Duser.variant 
java_command: org.gradle.launcher.daemon.bootstrap.GradleDaemon 3.5
java_class_path (initial): /home/sadiq/.gradle/wrapper/dists/gradle-3.5-all/exhrs6ca08n232b14ue48lbye/gradle-3.5/lib/gradle-launcher-3.5.jar
Launcher Type: SUN_STANDARD

Environment Variables:
JAVA_HOME=/usr/lib/jvm/java-8-oracle
PATH=/home/sadiq/bin:/home/sadiq/.local/bin:/usr/local/sbin:/usr/local/bin:/usr/sbin:/usr/bin:/sbin:/bin:/usr/games:/usr/local/games:/snap/bin:/usr/lib/jvm/java-8-oracle/bin:/usr/lib/jvm/java-8-oracle/db/bin:/usr/lib/jvm/java-8-oracle/jre/bin
LD_LIBRARY_PATH=/opt/android-studio/bin:
SHELL=/bin/bash
DISPLAY=:0

Signal Handlers:
SIGSEGV: [libjvm.so+0x9e5150], sa_mask[0]=11111111011111111101111111111110, sa_flags=SA_RESTART|SA_SIGINFO
SIGBUS: [libjvm.so+0x9e5150], sa_mask[0]=11111111011111111101111111111110, sa_flags=SA_RESTART|SA_SIGINFO
SIGFPE: [libjvm.so+0x848450], sa_mask[0]=11111111011111111101111111111110, sa_flags=SA_RESTART|SA_SIGINFO
SIGPIPE: [libjvm.so+0x848450], sa_mask[0]=11111111011111111101111111111110, sa_flags=SA_RESTART|SA_SIGINFO
SIGXFSZ: [libjvm.so+0x848450], sa_mask[0]=11111111011111111101111111111110, sa_flags=SA_RESTART|SA_SIGINFO
SIGILL: [libjvm.so+0x848450], sa_mask[0]=11111111011111111101111111111110, sa_flags=SA_RESTART|SA_SIGINFO
SIGUSR1: SIG_DFL, sa_mask[0]=00000000000000000000000000000000, sa_flags=none
SIGUSR2: [libjvm.so+0x848320], sa_mask[0]=00100000000000000000000000000000, sa_flags=SA_RESTART|SA_SIGINFO
SIGHUP: [libjvm.so+0x848510], sa_mask[0]=11111111011111111101111111111110, sa_flags=SA_RESTART|SA_SIGINFO
SIGINT: [libjvm.so+0x848510], sa_mask[0]=11111111011111111101111111111110, sa_flags=SA_RESTART|SA_SIGINFO
SIGTERM: [libjvm.so+0x848510], sa_mask[0]=11111111011111111101111111111110, sa_flags=SA_RESTART|SA_SIGINFO
SIGQUIT: [libjvm.so+0x848510], sa_mask[0]=11111111011111111101111111111110, sa_flags=SA_RESTART|SA_SIGINFO


---------------  S Y S T E M  ---------------

OS:DISTRIB_ID=Ubuntu
DISTRIB_RELEASE=16.04
DISTRIB_CODENAME=xenial
DISTRIB_DESCRIPTION="Ubuntu 16.04.2 LTS"

uname:Linux 4.8.0-36-generic #36~16.04.1-Ubuntu SMP Sun Feb 5 09:39:57 UTC 2017 x86_64
libc:glibc 2.23 NPTL 2.23 
rlimit: STACK 8192k, CORE 0k, NPROC 15350, NOFILE 65536, AS infinity
load average:1.65 1.06 0.91

/proc/meminfo:
MemTotal:        3972408 kB
MemFree:          273580 kB
MemAvailable:     241128 kB
Buffers:           23688 kB
Cached:           247468 kB
SwapCached:            0 kB
Active:          3297812 kB
Inactive:         204708 kB
Active(anon):    3232676 kB
Inactive(anon):   145368 kB
Active(file):      65136 kB
Inactive(file):    59340 kB
Unevictable:          32 kB
Mlocked:              32 kB
SwapTotal:             0 kB
SwapFree:              0 kB
Dirty:              8216 kB
Writeback:             0 kB
AnonPages:       3229064 kB
Mapped:            97908 kB
Shmem:            146616 kB
Slab:              92640 kB
SReclaimable:      55392 kB
SUnreclaim:        37248 kB
KernelStack:        9456 kB
PageTables:        33720 kB
NFS_Unstable:          0 kB
Bounce:                0 kB
WritebackTmp:          0 kB
CommitLimit:     1986204 kB
Committed_AS:    6630520 kB
VmallocTotal:   34359738367 kB
VmallocUsed:           0 kB
VmallocChunk:          0 kB
HardwareCorrupted:     0 kB
AnonHugePages:   1515520 kB
ShmemHugePages:        0 kB
ShmemPmdMapped:        0 kB
CmaTotal:              0 kB
CmaFree:               0 kB
HugePages_Total:       0
HugePages_Free:        0
HugePages_Rsvd:        0
HugePages_Surp:        0
Hugepagesize:       2048 kB
DirectMap4k:      121600 kB
DirectMap2M:     2951168 kB
DirectMap1G:     2097152 kB


CPU:total 4 (2 cores per cpu, 2 threads per core) family 6 model 61 stepping 4, cmov, cx8, fxsr, mmx, sse, sse2, sse3, ssse3, sse4.1, sse4.2, popcnt, avx, avx2, aes, clmul, erms, 3dnowpref, lzcnt, ht, tsc, tscinvbit, bmi1, bmi2, adx

/proc/cpuinfo:
processor	: 0
vendor_id	: GenuineIntel
cpu family	: 6
model		: 61
model name	: Intel(R) Core(TM) i5-5200U CPU @ 2.20GHz
stepping	: 4
microcode	: 0x12
cpu MHz		: 2490.979
cache size	: 3072 KB
physical id	: 0
siblings	: 4
core id		: 0
cpu cores	: 2
apicid		: 0
initial apicid	: 0
fpu		: yes
fpu_exception	: yes
cpuid level	: 20
wp		: yes
flags		: fpu vme de pse tsc msr pae mce cx8 apic sep mtrr pge mca cmov pat pse36 clflush dts acpi mmx fxsr sse sse2 ss ht tm pbe syscall nx pdpe1gb rdtscp lm constant_tsc arch_perfmon pebs bts rep_good nopl xtopology nonstop_tsc aperfmperf eagerfpu pni pclmulqdq dtes64 monitor ds_cpl vmx est tm2 ssse3 sdbg fma cx16 xtpr pdcm pcid sse4_1 sse4_2 x2apic movbe popcnt tsc_deadline_timer aes xsave avx f16c rdrand lahf_lm abm 3dnowprefetch epb intel_pt tpr_shadow vnmi flexpriority ept vpid fsgsbase tsc_adjust bmi1 avx2 smep bmi2 erms invpcid rdseed adx smap xsaveopt dtherm ida arat pln pts
bugs		:
bogomips	: 4389.83
clflush size	: 64
cache_alignment	: 64
address sizes	: 39 bits physical, 48 bits virtual
power management:

processor	: 1
vendor_id	: GenuineIntel
cpu family	: 6
model		: 61
model name	: Intel(R) Core(TM) i5-5200U CPU @ 2.20GHz
stepping	: 4
microcode	: 0x12
cpu MHz		: 2673.864
cache size	: 3072 KB
physical id	: 0
siblings	: 4
core id		: 1
cpu cores	: 2
apicid		: 2
initial apicid	: 2
fpu		: yes
fpu_exception	: yes
cpuid level	: 20
wp		: yes
flags		: fpu vme de pse tsc msr pae mce cx8 apic sep mtrr pge mca cmov pat pse36 clflush dts acpi mmx fxsr sse sse2 ss ht tm pbe syscall nx pdpe1gb rdtscp lm constant_tsc arch_perfmon pebs bts rep_good nopl xtopology nonstop_tsc aperfmperf eagerfpu pni pclmulqdq dtes64 monitor ds_cpl vmx est tm2 ssse3 sdbg fma cx16 xtpr pdcm pcid sse4_1 sse4_2 x2apic movbe popcnt tsc_deadline_timer aes xsave avx f16c rdrand lahf_lm abm 3dnowprefetch epb intel_pt tpr_shadow vnmi flexpriority ept vpid fsgsbase tsc_adjust bmi1 avx2 smep bmi2 erms invpcid rdseed adx smap xsaveopt dtherm ida arat pln pts
bugs		:
bogomips	: 4389.83
clflush size	: 64
cache_alignment	: 64
address sizes	: 39 bits physical, 48 bits virtual
power management:

processor	: 2
vendor_id	: GenuineIntel
cpu family	: 6
model		: 61
model name	: Intel(R) Core(TM) i5-5200U CPU @ 2.20GHz
stepping	: 4
microcode	: 0x12
cpu MHz		: 2499.841
cache size	: 3072 KB
physical id	: 0
siblings	: 4
core id		: 0
cpu cores	: 2
apicid		: 1
initial apicid	: 1
fpu		: yes
fpu_exception	: yes
cpuid level	: 20
wp		: yes
flags		: fpu vme de pse tsc msr pae mce cx8 apic sep mtrr pge mca cmov pat pse36 clflush dts acpi mmx fxsr sse sse2 ss ht tm pbe syscall nx pdpe1gb rdtscp lm constant_tsc arch_perfmon pebs bts rep_good nopl xtopology nonstop_tsc aperfmperf eagerfpu pni pclmulqdq dtes64 monitor ds_cpl vmx est tm2 ssse3 sdbg fma cx16 xtpr pdcm pcid sse4_1 sse4_2 x2apic movbe popcnt tsc_deadline_timer aes xsave avx f16c rdrand lahf_lm abm 3dnowprefetch epb intel_pt tpr_shadow vnmi flexpriority ept vpid fsgsbase tsc_adjust bmi1 avx2 smep bmi2 erms invpcid rdseed adx smap xsaveopt dtherm ida arat pln pts
bugs		:
bogomips	: 4389.83
clflush size	: 64
cache_alignment	: 64
address sizes	: 39 bits physical, 48 bits virtual
power management:

processor	: 3
vendor_id	: GenuineIntel
cpu family	: 6
model		: 61
model name	: Intel(R) Core(TM) i5-5200U CPU @ 2.20GHz
stepping	: 4
microcode	: 0x12
cpu MHz		: 2363.684
cache size	: 3072 KB
physical id	: 0
siblings	: 4
core id		: 1
cpu cores	: 2
apicid		: 3
initial apicid	: 3
fpu		: yes
fpu_exception	: yes
cpuid level	: 20
wp		: yes
flags		: fpu vme de pse tsc msr pae mce cx8 apic sep mtrr pge mca cmov pat pse36 clflush dts acpi mmx fxsr sse sse2 ss ht tm pbe syscall nx pdpe1gb rdtscp lm constant_tsc arch_perfmon pebs bts rep_good nopl xtopology nonstop_tsc aperfmperf eagerfpu pni pclmulqdq dtes64 monitor ds_cpl vmx est tm2 ssse3 sdbg fma cx16 xtpr pdcm pcid sse4_1 sse4_2 x2apic movbe popcnt tsc_deadline_timer aes xsave avx f16c rdrand lahf_lm abm 3dnowprefetch epb intel_pt tpr_shadow vnmi flexpriority ept vpid fsgsbase tsc_adjust bmi1 avx2 smep bmi2 erms invpcid rdseed adx smap xsaveopt dtherm ida arat pln pts
bugs		:
bogomips	: 4389.83
clflush size	: 64
cache_alignment	: 64
address sizes	: 39 bits physical, 48 bits virtual
power management:



Memory: 4k page, physical 3972408k(273580k free), swap 0k(0k free)

vm_info: OpenJDK 64-Bit Server VM (25.112-b06) for linux-amd64 JRE (1.8.0_112-release-b06), built on Dec  6 2016 12:11:18 by "builder" with gcc 4.8.4

time: Wed May 31 02:45:22 2017
elapsed time: 1248 seconds (0d 0h 20m 48s)

