#
# There is insufficient memory for the Java Runtime Environment to continue.
# Native memory allocation (mmap) failed to map 133169152 bytes for committing reserved memory.
# Possible reasons:
#   The system is out of physical RAM or swap space
#   In 32 bit mode, the process size limit was hit
# Possible solutions:
#   Reduce memory load on the system
#   Increase physical memory or swap space
#   Check if swap backing store is full
#   Use 64 bit Java on a 64 bit OS
#   Decrease Java heap size (-Xmx/-Xms)
#   Decrease number of Java threads
#   Decrease Java thread stack sizes (-Xss)
#   Set larger code cache with -XX:ReservedCodeCacheSize=
# This output file may be truncated or incomplete.
#
#  Out of Memory Error (os_linux.cpp:2627), pid=29959, tid=0x00007fb0a828f700
#
# JRE version: OpenJDK Runtime Environment (8.0_112-b06) (build 1.8.0_112-release-b06)
# Java VM: OpenJDK 64-Bit Server VM (25.112-b06 mixed mode linux-amd64 compressed oops)
# Failed to write core dump. Core dumps have been disabled. To enable core dumping, try "ulimit -c unlimited" before starting Java again
#

---------------  T H R E A D  ---------------

Current thread (0x00007fb0b8077800):  VMThread [stack: 0x00007fb0a818f000,0x00007fb0a8290000] [id=29967]

Stack: [0x00007fb0a818f000,0x00007fb0a8290000],  sp=0x00007fb0a828e4d0,  free space=1021k
Native frames: (J=compiled Java code, j=interpreted, Vv=VM code, C=native code)
V  [libjvm.so+0x9e465d]  VMError::report_and_die()+0x15d
V  [libjvm.so+0x4b6ada]  report_vm_out_of_memory(char const*, int, unsigned long, VMErrorType, char const*)+0x8a
V  [libjvm.so+0x84c860]  os::pd_commit_memory(char*, unsigned long, unsigned long, bool)+0xf0
V  [libjvm.so+0x84737f]  os::commit_memory(char*, unsigned long, unsigned long, bool)+0x1f
V  [libjvm.so+0x8bd3db]  PSVirtualSpace::expand_by(unsigned long)+0x5b
V  [libjvm.so+0x8ae1bb]  PSOldGen::expand_by(unsigned long) [clone .part.109]+0x1b
V  [libjvm.so+0x8ae37b]  PSOldGen::expand(unsigned long) [clone .part.111]+0xdb
V  [libjvm.so+0x8aec58]  PSOldGen::resize(unsigned long)+0x188
V  [libjvm.so+0x8b426c]  PSParallelCompact::invoke_no_policy(bool)+0x97c
V  [libjvm.so+0x8bb37d]  PSScavenge::invoke()+0x17d
V  [libjvm.so+0x86fcf3]  ParallelScavengeHeap::failed_mem_allocate(unsigned long)+0x63
V  [libjvm.so+0x9e6124]  VM_ParallelGCFailedAllocation::doit()+0x84
V  [libjvm.so+0x9ea537]  VM_Operation::evaluate()+0x47
V  [libjvm.so+0x9e8ff8]  VMThread::evaluate_operation(VM_Operation*)+0x2c8
V  [libjvm.so+0x9e9479]  VMThread::loop()+0x219
V  [libjvm.so+0x9e98c2]  VMThread::run()+0x72
V  [libjvm.so+0x849c82]  java_start(Thread*)+0xf2

VM_Operation (0x00007fb0376c1ea0): ParallelGCFailedAllocation, mode: safepoint, requested by thread 0x00007fb028069000


---------------  P R O C E S S  ---------------

Java Threads: ( => current thread )
  0x00007fb02806b000 JavaThread "pool-6-thread-4" [_thread_blocked, id=30046, stack(0x00007fb03704b000,0x00007fb03714c000)]
  0x00007fb02806a000 JavaThread "pool-6-thread-3" [_thread_blocked, id=30045, stack(0x00007fb0373c1000,0x00007fb0374c2000)]
  0x00007fb028069000 JavaThread "pool-6-thread-2" [_thread_blocked, id=30044, stack(0x00007fb0375c3000,0x00007fb0376c4000)]
  0x00007fb028068000 JavaThread "pool-7-thread-1" [_thread_blocked, id=30043, stack(0x00007fb0374c2000,0x00007fb0375c3000)]
  0x00007fb028067800 JavaThread "pool-6-thread-1" [_thread_blocked, id=30042, stack(0x00007fb0376fd000,0x00007fb0377fe000)]
  0x00007fb0503f0000 JavaThread "pool-4-thread-1" [_thread_blocked, id=30041, stack(0x00007fb0377fe000,0x00007fb0378ff000)]
  0x00007fb02c003800 JavaThread "process reaper" daemon [_thread_blocked, id=30029, stack(0x00007fb0376c4000,0x00007fb0376fd000)]
  0x00007fb0512f8000 JavaThread "Cache worker for file content cache (/home/sadiq/database/.gradle/3.5/fileContent)" [_thread_blocked, id=30025, stack(0x00007fb037aff000,0x00007fb037c00000)]
  0x00007fb0509a6800 JavaThread "Cache worker for task history cache (/home/sadiq/database/.gradle/3.5/taskHistory)" [_thread_blocked, id=30024, stack(0x00007fb070a16000,0x00007fb070b17000)]
  0x00007fb050999800 JavaThread "Memory manager" [_thread_blocked, id=30023, stack(0x00007fb070b17000,0x00007fb070c18000)]
  0x00007fb050a75000 JavaThread "Cache worker for Artifact transforms cache (/home/sadiq/.gradle/caches/transforms-1)" [_thread_blocked, id=30020, stack(0x00007fb0717de000,0x00007fb0718df000)]
  0x00007fb0500de800 JavaThread "File lock request listener" [_thread_in_native, id=30019, stack(0x00007fb072158000,0x00007fb072259000)]
  0x00007fb0500cd800 JavaThread "Cache worker for file hash cache (/home/sadiq/.gradle/caches/3.5/fileHashes)" [_thread_blocked, id=30018, stack(0x00007fb072259000,0x00007fb07235a000)]
  0x00007fb05000f800 JavaThread "Stdin handler" [_thread_blocked, id=30017, stack(0x00007fb07255a000,0x00007fb07265b000)]
  0x00007fb050009800 JavaThread "Asynchronous log dispatcher for DefaultDaemonConnection: socket connection from /127.0.0.1:41979 to /127.0.0.1:40858" [_thread_blocked, id=30016, stack(0x00007fb07265b000,0x00007fb07275c000)]
  0x00007fb06400a800 JavaThread "Daemon worker" [_thread_blocked, id=30013, stack(0x00007fb07275c000,0x00007fb07285d000)]
  0x00007fb064006000 JavaThread "Cancel handler" [_thread_blocked, id=30012, stack(0x00007fb07285d000,0x00007fb07295e000)]
  0x00007fb064007800 JavaThread "Handler for socket connection from /127.0.0.1:41979 to /127.0.0.1:40858" [_thread_in_native, id=30011, stack(0x00007fb07295e000,0x00007fb072a5f000)]
  0x00007fb068017800 JavaThread "Daemon" [_thread_blocked, id=30010, stack(0x00007fb072a5f000,0x00007fb072b60000)]
  0x00007fb0b8d09800 JavaThread "Daemon periodic checks" [_thread_blocked, id=30009, stack(0x00007fb072b60000,0x00007fb072c61000)]
  0x00007fb0b8cca000 JavaThread "Incoming local TCP Connector on port 41979" [_thread_in_native, id=30008, stack(0x00007fb072e68000,0x00007fb072f69000)]
  0x00007fb0b80c0800 JavaThread "Service Thread" daemon [_thread_blocked, id=29974, stack(0x00007fb0a06d3000,0x00007fb0a07d4000)]
  0x00007fb0b80bd000 JavaThread "C1 CompilerThread2" daemon [_thread_blocked, id=29973, stack(0x00007fb0a07d4000,0x00007fb0a08d5000)]
  0x00007fb0b80bb800 JavaThread "C2 CompilerThread1" daemon [_thread_blocked, id=29972, stack(0x00007fb0a08d5000,0x00007fb0a09d6000)]
  0x00007fb0b80b8800 JavaThread "C2 CompilerThread0" daemon [_thread_blocked, id=29971, stack(0x00007fb0a09d6000,0x00007fb0a0ad7000)]
  0x00007fb0b80b7000 JavaThread "Signal Dispatcher" daemon [_thread_blocked, id=29970, stack(0x00007fb0a0ad7000,0x00007fb0a0bd8000)]
  0x00007fb0b8083800 JavaThread "Finalizer" daemon [_thread_blocked, id=29969, stack(0x00007fb0a0eff000,0x00007fb0a1000000)]
  0x00007fb0b807f000 JavaThread "Reference Handler" daemon [_thread_blocked, id=29968, stack(0x00007fb0a808e000,0x00007fb0a818f000)]
  0x00007fb0b800a000 JavaThread "main" [_thread_blocked, id=29962, stack(0x00007fb0c0a41000,0x00007fb0c0b42000)]

Other Threads:
=>0x00007fb0b8077800 VMThread [stack: 0x00007fb0a818f000,0x00007fb0a8290000] [id=29967]
  0x00007fb0b80c3000 WatcherThread [stack: 0x00007fb0a05d2000,0x00007fb0a06d3000] [id=29975]

VM state:at safepoint (normal execution)

VM Mutex/Monitor currently owned by a thread:  ([mutex/lock_event])
[0x00007fb0b8005bd0] ExpandHeap_lock - owner thread: 0x00007fb0b8077800
[0x00007fb0b8006250] Threads_lock - owner thread: 0x00007fb0b8077800
[0x00007fb0b8006750] Heap_lock - owner thread: 0x00007fb028069000

Heap:
 PSYoungGen      total 391168K, used 31880K [0x00000000e0000000, 0x00000000fdf00000, 0x0000000100000000)
  eden space 303616K, 0% used [0x00000000e0000000,0x00000000e0000000,0x00000000f2880000)
  from space 87552K, 36% used [0x00000000f8080000,0x00000000f9fa23b8,0x00000000fd600000)
  to   space 90112K, 0% used [0x00000000f2880000,0x00000000f2880000,0x00000000f8080000)
 ParOldGen       total 310784K, used 310585K [0x00000000a0000000, 0x00000000b2f80000, 0x00000000e0000000)
  object space 310784K, 99% used [0x00000000a0000000,0x00000000b2f4e458,0x00000000b2f80000)
 Metaspace       used 55862K, capacity 57674K, committed 57984K, reserved 1099776K
  class space    used 7382K, capacity 7752K, committed 7808K, reserved 1048576K

Card table byte_map: [0x00007fb0bd5d3000,0x00007fb0bd8d4000] byte_map_base: 0x00007fb0bd0d3000

Marking Bits: (ParMarkBitMap*) 0x00007fb0bff10340
 Begin Bits: [0x00007fb0a1000000, 0x00007fb0a2800000)
 End Bits:   [0x00007fb0a2800000, 0x00007fb0a4000000)

Polling page: 0x00007fb0c0b62000

CodeCache: size=245760Kb used=30286Kb max_used=30286Kb free=215473Kb
 bounds [0x00007fb0a9000000, 0x00007fb0aade0000, 0x00007fb0b8000000]
 total_blobs=9224 nmethods=8468 adapters=669
 compilation: enabled

Compilation events (10 events):
Event: 34.934 Thread 0x00007fb0b80bd000 10211 % !   3       com.android.dx.dex.cf.CfTranslator::processFields @ 23 (251 bytes)
Event: 34.950 Thread 0x00007fb0b80bd000 nmethod 10211% 0x00007fb0aadafcd0 code [0x00007fb0aadb01e0, 0x00007fb0aadb3728]
Event: 34.950 Thread 0x00007fb0b80bd000 10207       1       com.android.dx.cf.code.RopperMachine::returns (5 bytes)
Event: 34.950 Thread 0x00007fb0b80bd000 nmethod 10207 0x00007fb0a9a51590 code [0x00007fb0a9a516e0, 0x00007fb0a9a517f0]
Event: 34.950 Thread 0x00007fb0b80bd000 10208       2       java.util.ArrayList$SubList::add (45 bytes)
Event: 34.951 Thread 0x00007fb0b80bd000 nmethod 10208 0x00007fb0a99a5690 code [0x00007fb0a99a5840, 0x00007fb0a99a5b98]
Event: 34.951 Thread 0x00007fb0b80bd000 10209       2       com.android.dx.ssa.SsaMethod::borrowSpareRegister (36 bytes)
Event: 34.951 Thread 0x00007fb0b80bd000 nmethod 10209 0x00007fb0aa51e8d0 code [0x00007fb0aa51ea20, 0x00007fb0aa51eb90]
Event: 34.959 Thread 0x00007fb0b80bd000 10213       2       java.util.concurrent.ConcurrentHashMap$TreeBin::<init> (259 bytes)
Event: 34.960 Thread 0x00007fb0b80bd000 nmethod 10213 0x00007fb0aa149490 code [0x00007fb0aa149640, 0x00007fb0aa149c38]

GC Heap History (10 events):
Event: 31.296 GC heap after
Heap after GC invocations=30 (full 5):
 PSYoungGen      total 306176K, used 38513K [0x00000000e0000000, 0x00000000f8500000, 0x0000000100000000)
  eden space 253440K, 0% used [0x00000000e0000000,0x00000000e0000000,0x00000000ef780000)
  from space 52736K, 73% used [0x00000000ef780000,0x00000000f1d1c578,0x00000000f2b00000)
  to   space 56320K, 0% used [0x00000000f4e00000,0x00000000f4e00000,0x00000000f8500000)
 ParOldGen       total 209408K, used 195748K [0x00000000a0000000, 0x00000000acc80000, 0x00000000e0000000)
  object space 209408K, 93% used [0x00000000a0000000,0x00000000abf29358,0x00000000acc80000)
 Metaspace       used 55846K, capacity 57674K, committed 57984K, reserved 1099776K
  class space    used 7380K, capacity 7752K, committed 7808K, reserved 1048576K
}
Event: 31.296 GC heap before
{Heap before GC invocations=31 (full 6):
 PSYoungGen      total 306176K, used 38513K [0x00000000e0000000, 0x00000000f8500000, 0x0000000100000000)
  eden space 253440K, 0% used [0x00000000e0000000,0x00000000e0000000,0x00000000ef780000)
  from space 52736K, 73% used [0x00000000ef780000,0x00000000f1d1c578,0x00000000f2b00000)
  to   space 56320K, 0% used [0x00000000f4e00000,0x00000000f4e00000,0x00000000f8500000)
 ParOldGen       total 209408K, used 195748K [0x00000000a0000000, 0x00000000acc80000, 0x00000000e0000000)
  object space 209408K, 93% used [0x00000000a0000000,0x00000000abf29358,0x00000000acc80000)
 Metaspace       used 55846K, capacity 57674K, committed 57984K, reserved 1099776K
  class space    used 7380K, capacity 7752K, committed 7808K, reserved 1048576K
Event: 32.687 GC heap after
Heap after GC invocations=31 (full 6):
 PSYoungGen      total 306176K, used 22756K [0x00000000e0000000, 0x00000000f8500000, 0x0000000100000000)
  eden space 253440K, 0% used [0x00000000e0000000,0x00000000e0000000,0x00000000ef780000)
  from space 52736K, 43% used [0x00000000ef780000,0x00000000f0db9170,0x00000000f2b00000)
  to   space 56320K, 0% used [0x00000000f4e00000,0x00000000f4e00000,0x00000000f8500000)
 ParOldGen       total 310784K, used 209240K [0x00000000a0000000, 0x00000000b2f80000, 0x00000000e0000000)
  object space 310784K, 67% used [0x00000000a0000000,0x00000000acc56278,0x00000000b2f80000)
 Metaspace       used 55846K, capacity 57674K, committed 57984K, reserved 1099776K
  class space    used 7380K, capacity 7752K, committed 7808K, reserved 1048576K
}
Event: 33.390 GC heap before
{Heap before GC invocations=32 (full 6):
 PSYoungGen      total 306176K, used 276196K [0x00000000e0000000, 0x00000000f8500000, 0x0000000100000000)
  eden space 253440K, 100% used [0x00000000e0000000,0x00000000ef780000,0x00000000ef780000)
  from space 52736K, 43% used [0x00000000ef780000,0x00000000f0db9170,0x00000000f2b00000)
  to   space 56320K, 0% used [0x00000000f4e00000,0x00000000f4e00000,0x00000000f8500000)
 ParOldGen       total 310784K, used 209240K [0x00000000a0000000, 0x00000000b2f80000, 0x00000000e0000000)
  object space 310784K, 67% used [0x00000000a0000000,0x00000000acc56278,0x00000000b2f80000)
 Metaspace       used 55857K, capacity 57674K, committed 57984K, reserved 1099776K
  class space    used 7382K, capacity 7752K, committed 7808K, reserved 1048576K
Event: 33.516 GC heap after
Heap after GC invocations=32 (full 6):
 PSYoungGen      total 332288K, used 56311K [0x00000000e0000000, 0x00000000f8d80000, 0x0000000100000000)
  eden space 275968K, 0% used [0x00000000e0000000,0x00000000e0000000,0x00000000f0d80000)
  from space 56320K, 99% used [0x00000000f4e00000,0x00000000f84fdca0,0x00000000f8500000)
  to   space 65536K, 0% used [0x00000000f0d80000,0x00000000f0d80000,0x00000000f4d80000)
 ParOldGen       total 310784K, used 209240K [0x00000000a0000000, 0x00000000b2f80000, 0x00000000e0000000)
  object space 310784K, 67% used [0x00000000a0000000,0x00000000acc56278,0x00000000b2f80000)
 Metaspace       used 55857K, capacity 57674K, committed 57984K, reserved 1099776K
  class space    used 7382K, capacity 7752K, committed 7808K, reserved 1048576K
}
Event: 34.195 GC heap before
{Heap before GC invocations=33 (full 6):
 PSYoungGen      total 332288K, used 332279K [0x00000000e0000000, 0x00000000f8d80000, 0x0000000100000000)
  eden space 275968K, 100% used [0x00000000e0000000,0x00000000f0d80000,0x00000000f0d80000)
  from space 56320K, 99% used [0x00000000f4e00000,0x00000000f84fdca0,0x00000000f8500000)
  to   space 65536K, 0% used [0x00000000f0d80000,0x00000000f0d80000,0x00000000f4d80000)
 ParOldGen       total 310784K, used 209240K [0x00000000a0000000, 0x00000000b2f80000, 0x00000000e0000000)
  object space 310784K, 67% used [0x00000000a0000000,0x00000000acc56278,0x00000000b2f80000)
 Metaspace       used 55861K, capacity 57674K, committed 57984K, reserved 1099776K
  class space    used 7382K, capacity 7752K, committed 7808K, reserved 1048576K
Event: 34.339 GC heap after
Heap after GC invocations=33 (full 6):
 PSYoungGen      total 341504K, used 65523K [0x00000000e0000000, 0x00000000fd600000, 0x0000000100000000)
  eden space 275968K, 0% used [0x00000000e0000000,0x00000000e0000000,0x00000000f0d80000)
  from space 65536K, 99% used [0x00000000f0d80000,0x00000000f4d7cf10,0x00000000f4d80000)
  to   space 87552K, 0% used [0x00000000f8080000,0x00000000f8080000,0x00000000fd600000)
 ParOldGen       total 310784K, used 238938K [0x00000000a0000000, 0x00000000b2f80000, 0x00000000e0000000)
  object space 310784K, 76% used [0x00000000a0000000,0x00000000ae956970,0x00000000b2f80000)
 Metaspace       used 55861K, capacity 57674K, committed 57984K, reserved 1099776K
  class space    used 7382K, capacity 7752K, committed 7808K, reserved 1048576K
}
Event: 34.961 GC heap before
{Heap before GC invocations=34 (full 6):
 PSYoungGen      total 341504K, used 341491K [0x00000000e0000000, 0x00000000fd600000, 0x0000000100000000)
  eden space 275968K, 100% used [0x00000000e0000000,0x00000000f0d80000,0x00000000f0d80000)
  from space 65536K, 99% used [0x00000000f0d80000,0x00000000f4d7cf10,0x00000000f4d80000)
  to   space 87552K, 0% used [0x00000000f8080000,0x00000000f8080000,0x00000000fd600000)
 ParOldGen       total 310784K, used 238938K [0x00000000a0000000, 0x00000000b2f80000, 0x00000000e0000000)
  object space 310784K, 76% used [0x00000000a0000000,0x00000000ae956970,0x00000000b2f80000)
 Metaspace       used 55862K, capacity 57674K, committed 57984K, reserved 1099776K
  class space    used 7382K, capacity 7752K, committed 7808K, reserved 1048576K
Event: 35.106 GC heap after
Heap after GC invocations=34 (full 6):
 PSYoungGen      total 391168K, used 54139K [0x00000000e0000000, 0x00000000fdf00000, 0x0000000100000000)
  eden space 303616K, 0% used [0x00000000e0000000,0x00000000e0000000,0x00000000f2880000)
  from space 87552K, 61% used [0x00000000f8080000,0x00000000fb55ef98,0x00000000fd600000)
  to   space 90112K, 0% used [0x00000000f2880000,0x00000000f2880000,0x00000000f8080000)
 ParOldGen       total 310784K, used 291176K [0x00000000a0000000, 0x00000000b2f80000, 0x00000000e0000000)
  object space 310784K, 93% used [0x00000000a0000000,0x00000000b1c5a3f0,0x00000000b2f80000)
 Metaspace       used 55862K, capacity 57674K, committed 57984K, reserved 1099776K
  class space    used 7382K, capacity 7752K, committed 7808K, reserved 1048576K
}
Event: 35.106 GC heap before
{Heap before GC invocations=35 (full 7):
 PSYoungGen      total 391168K, used 54139K [0x00000000e0000000, 0x00000000fdf00000, 0x0000000100000000)
  eden space 303616K, 0% used [0x00000000e0000000,0x00000000e0000000,0x00000000f2880000)
  from space 87552K, 61% used [0x00000000f8080000,0x00000000fb55ef98,0x00000000fd600000)
  to   space 90112K, 0% used [0x00000000f2880000,0x00000000f2880000,0x00000000f8080000)
 ParOldGen       total 310784K, used 291176K [0x00000000a0000000, 0x00000000b2f80000, 0x00000000e0000000)
  object space 310784K, 93% used [0x00000000a0000000,0x00000000b1c5a3f0,0x00000000b2f80000)
 Metaspace       used 55862K, capacity 57674K, committed 57984K, reserved 1099776K
  class space    used 7382K, capacity 7752K, committed 7808K, reserved 1048576K

Deoptimization events (10 events):
Event: 30.241 Thread 0x00007fb028067800 Uncommon trap: reason=unstable_if action=reinterpret pc=0x00007fb0a97f5504 method=java.util.concurrent.ConcurrentHashMap.transfer([Ljava/util/concurrent/ConcurrentHashMap$Node;[Ljava/util/concurrent/ConcurrentHashMap$Node;)V @ 277
Event: 30.241 Thread 0x00007fb0503f0000 Uncommon trap: reason=unstable_if action=reinterpret pc=0x00007fb0a94e0578 method=java.util.concurrent.ConcurrentHashMap.get(Ljava/lang/Object;)Ljava/lang/Object; @ 86
Event: 30.751 Thread 0x00007fb02806a000 Uncommon trap: reason=unstable_if action=reinterpret pc=0x00007fb0aac4ccac method=com.android.dx.rop.code.RegisterSpecSet.<init>(I)V @ 2
Event: 30.751 Thread 0x00007fb02806a000 Uncommon trap: reason=unstable_if action=reinterpret pc=0x00007fb0aa86c1c0 method=com.android.dx.rop.code.RegisterSpecSet.<init>(I)V @ 2
Event: 30.790 Thread 0x00007fb02806b000 Uncommon trap: reason=unstable_if action=reinterpret pc=0x00007fb0a9f83018 method=com.android.dx.cf.code.LocalVariableList$Item.matchesPcAndIndex(II)Z @ 13
Event: 30.895 Thread 0x00007fb0503f0000 Uncommon trap: reason=unstable_if action=reinterpret pc=0x00007fb0aa8292ec method=com.android.dx.ssa.SsaMethod.getExitBlock()Lcom/android/dx/ssa/SsaBasicBlock; @ 4
Event: 30.895 Thread 0x00007fb0503f0000 Uncommon trap: reason=unstable_if action=reinterpret pc=0x00007fb0aa124a98 method=com.android.dx.ssa.SsaMethod.getExitBlock()Lcom/android/dx/ssa/SsaBasicBlock; @ 4
Event: 33.768 Thread 0x00007fb0503f0000 Uncommon trap: reason=unstable_if action=reinterpret pc=0x00007fb0aac795c4 method=java.util.concurrent.ConcurrentHashMap.sumCount()J @ 30
Event: 34.113 Thread 0x00007fb02806b000 Uncommon trap: reason=unstable_if action=reinterpret pc=0x00007fb0aac88d9c method=com.android.dx.cf.code.ByteCatchList.listFor(I)Lcom/android/dx/cf/code/ByteCatchList; @ 47
Event: 34.918 Thread 0x00007fb0503f0000 Uncommon trap: reason=unstable_if action=reinterpret pc=0x00007fb0aadbd958 method=com.android.dx.cf.code.Ropper.processBlock(Lcom/android/dx/cf/code/ByteBlock;Lcom/android/dx/cf/code/Frame;[I)V @ 651

Internal exceptions (10 events):
Event: 19.371 Thread 0x00007fb06400a800 Exception <a 'java/lang/NoSuchMethodError': <clinit>> (0x00000000e1386b68) thrown at [/ssd/Android/AOSP-openjdk/external/jetbrains/jdk/hotspot/src/share/vm/prims/jni.cpp, line 1613]
Event: 19.943 Thread 0x00007fb06400a800 Exception <a 'java/lang/NoSuchMethodError': java.lang.Object.lambda$negate$1(Ljava/lang/Object;)Z> (0x00000000e2979118) thrown at [/ssd/Android/AOSP-openjdk/external/jetbrains/jdk/hotspot/src/share/vm/interpreter/linkResolver.cpp, line 582]
Event: 21.670 Thread 0x00007fb050999800 Exception <a 'java/io/IOException'> (0x00000000e4a2c698) thrown at [/ssd/Android/AOSP-openjdk/external/jetbrains/jdk/hotspot/src/share/vm/prims/jni.cpp, line 709]
Event: 25.252 Thread 0x00007fb0503f0000 Implicit null exception at 0x00007fb0a943de61 to 0x00007fb0a943eb09
Event: 25.428 Thread 0x00007fb02806a000 Implicit null exception at 0x00007fb0aa1110e2 to 0x00007fb0aa1111db
Event: 25.747 Thread 0x00007fb02806a000 Implicit null exception at 0x00007fb0aa753f08 to 0x00007fb0aa7540e5
Event: 26.670 Thread 0x00007fb050999800 Exception <a 'java/io/IOException'> (0x00000000e5f91418) thrown at [/ssd/Android/AOSP-openjdk/external/jetbrains/jdk/hotspot/src/share/vm/prims/jni.cpp, line 709]
Event: 27.851 Thread 0x00007fb0503f0000 Implicit null exception at 0x00007fb0aab2c994 to 0x00007fb0aab2d365
Event: 32.687 Thread 0x00007fb050999800 Exception <a 'java/io/IOException'> (0x00000000e0004898) thrown at [/ssd/Android/AOSP-openjdk/external/jetbrains/jdk/hotspot/src/share/vm/prims/jni.cpp, line 709]
Event: 33.768 Thread 0x00007fb0503f0000 Implicit null exception at 0x00007fb0aac78bca to 0x00007fb0aac795a1

Events (10 events):
Event: 34.922 Thread 0x00007fb0503f0000 DEOPT UNPACKING pc=0x00007fb0a9047373 sp=0x00007fb0378fc410 mode 0
Event: 34.923 Thread 0x00007fb0503f0000 DEOPT PACKING pc=0x00007fb0aa8025e6 sp=0x00007fb0378fc3e0
Event: 34.923 Thread 0x00007fb0503f0000 DEOPT UNPACKING pc=0x00007fb0a9047373 sp=0x00007fb0378fc120 mode 0
Event: 34.926 Thread 0x00007fb0503f0000 DEOPT PACKING pc=0x00007fb0aa79b2d1 sp=0x00007fb0378fc6b0
Event: 34.926 Thread 0x00007fb0503f0000 DEOPT UNPACKING pc=0x00007fb0a9047373 sp=0x00007fb0378fc3e8 mode 0
Event: 34.927 Thread 0x00007fb0503f0000 DEOPT PACKING pc=0x00007fb0a9455d7c sp=0x00007fb0378fd2b0
Event: 34.927 Thread 0x00007fb0503f0000 DEOPT UNPACKING pc=0x00007fb0a9047373 sp=0x00007fb0378fcf98 mode 0
Event: 34.951 Thread 0x00007fb02806b000 DEOPT PACKING pc=0x00007fb0aa7dfae8 sp=0x00007fb03714a180
Event: 34.951 Thread 0x00007fb02806b000 DEOPT UNPACKING pc=0x00007fb0a9047373 sp=0x00007fb037149ee8 mode 0
Event: 34.960 Executing VM operation: ParallelGCFailedAllocation


Dynamic libraries:
00400000-00401000 r-xp 00000000 08:07 2883859                            /opt/android-studio/jre/bin/java
00600000-00601000 r--p 00000000 08:07 2883859                            /opt/android-studio/jre/bin/java
00601000-00602000 rw-p 00001000 08:07 2883859                            /opt/android-studio/jre/bin/java
02436000-02457000 rw-p 00000000 00:00 0                                  [heap]
a0000000-b2f80000 rw-p 00000000 00:00 0 
bae80000-e0000000 ---p 00000000 00:00 0 
e0000000-fdf00000 rw-p 00000000 00:00 0 
fdf00000-100000000 ---p 00000000 00:00 0 
100000000-1007a0000 rw-p 00000000 00:00 0 
1007a0000-140000000 ---p 00000000 00:00 0 
7fb020000000-7fb020021000 rw-p 00000000 00:00 0 
7fb020021000-7fb024000000 ---p 00000000 00:00 0 
7fb028000000-7fb028199000 rw-p 00000000 00:00 0 
7fb028199000-7fb02c000000 ---p 00000000 00:00 0 
7fb02c000000-7fb02c038000 rw-p 00000000 00:00 0 
7fb02c038000-7fb030000000 ---p 00000000 00:00 0 
7fb030000000-7fb030021000 rw-p 00000000 00:00 0 
7fb030021000-7fb034000000 ---p 00000000 00:00 0 
7fb036e4b000-7fb036f4b000 rw-p 00000000 00:00 0 
7fb036f4b000-7fb03704b000 ---p 00000000 00:00 0 
7fb03704b000-7fb03704e000 ---p 00000000 00:00 0 
7fb03704e000-7fb03714c000 rw-p 00000000 00:00 0 
7fb03714c000-7fb0371c1000 r--s 00562000 08:07 2098539                    /home/sadiq/database/app/build/intermediates/transforms/jarMerging/debug/jars/1/1f/combined.jar
7fb0371c1000-7fb0373c1000 rw-p 00000000 00:00 0 
7fb0373c1000-7fb0373c4000 ---p 00000000 00:00 0 
7fb0373c4000-7fb0374c2000 rw-p 00000000 00:00 0 
7fb0374c2000-7fb0374c5000 ---p 00000000 00:00 0 
7fb0374c5000-7fb0375c3000 rw-p 00000000 00:00 0 
7fb0375c3000-7fb0375c6000 ---p 00000000 00:00 0 
7fb0375c6000-7fb0376c4000 rw-p 00000000 00:00 0 
7fb0376c4000-7fb0376c7000 ---p 00000000 00:00 0 
7fb0376c7000-7fb0376fd000 rw-p 00000000 00:00 0 
7fb0376fd000-7fb037700000 ---p 00000000 00:00 0 
7fb037700000-7fb0377fe000 rw-p 00000000 00:00 0 
7fb0377fe000-7fb037801000 ---p 00000000 00:00 0 
7fb037801000-7fb037aff000 rw-p 00000000 00:00 0 
7fb037aff000-7fb037b02000 ---p 00000000 00:00 0 
7fb037b02000-7fb037e00000 rw-p 00000000 00:00 0 
7fb037e00000-7fb038000000 rw-p 00000000 00:00 0 
7fb038000000-7fb038021000 rw-p 00000000 00:00 0 
7fb038021000-7fb03c000000 ---p 00000000 00:00 0 
7fb03c000000-7fb03c02d000 rw-p 00000000 00:00 0 
7fb03c02d000-7fb040000000 ---p 00000000 00:00 0 
7fb040000000-7fb040021000 rw-p 00000000 00:00 0 
7fb040021000-7fb044000000 ---p 00000000 00:00 0 
7fb044000000-7fb044021000 rw-p 00000000 00:00 0 
7fb044021000-7fb048000000 ---p 00000000 00:00 0 
7fb048000000-7fb048039000 rw-p 00000000 00:00 0 
7fb048039000-7fb04c000000 ---p 00000000 00:00 0 
7fb04c000000-7fb04c04c000 rw-p 00000000 00:00 0 
7fb04c04c000-7fb050000000 ---p 00000000 00:00 0 
7fb050000000-7fb051477000 rw-p 00000000 00:00 0 
7fb051477000-7fb054000000 ---p 00000000 00:00 0 
7fb054000000-7fb054045000 rw-p 00000000 00:00 0 
7fb054045000-7fb058000000 ---p 00000000 00:00 0 
7fb058000000-7fb058021000 rw-p 00000000 00:00 0 
7fb058021000-7fb05c000000 ---p 00000000 00:00 0 
7fb05c000000-7fb05c021000 rw-p 00000000 00:00 0 
7fb05c021000-7fb060000000 ---p 00000000 00:00 0 
7fb060000000-7fb060021000 rw-p 00000000 00:00 0 
7fb060021000-7fb064000000 ---p 00000000 00:00 0 
7fb064000000-7fb064021000 rw-p 00000000 00:00 0 
7fb064021000-7fb068000000 ---p 00000000 00:00 0 
7fb068000000-7fb068075000 rw-p 00000000 00:00 0 
7fb068075000-7fb06c000000 ---p 00000000 00:00 0 
7fb06c000000-7fb06c021000 rw-p 00000000 00:00 0 
7fb06c021000-7fb070000000 ---p 00000000 00:00 0 
7fb070016000-7fb070216000 rw-p 00000000 00:00 0 
7fb070216000-7fb070416000 rw-p 00000000 00:00 0 
7fb070416000-7fb070616000 rw-p 00000000 00:00 0 
7fb070616000-7fb070816000 rw-p 00000000 00:00 0 
7fb070816000-7fb070a16000 rw-p 00000000 00:00 0 
7fb070a16000-7fb070a19000 ---p 00000000 00:00 0 
7fb070a19000-7fb070b17000 rw-p 00000000 00:00 0 
7fb070b17000-7fb070b1a000 ---p 00000000 00:00 0 
7fb070b1a000-7fb070e18000 rw-p 00000000 00:00 0 
7fb070e18000-7fb071018000 rw-p 00000000 00:00 0 
7fb071018000-7fb071218000 rw-p 00000000 00:00 0 
7fb071218000-7fb071418000 rw-p 00000000 00:00 0 
7fb071418000-7fb071618000 rw-p 00000000 00:00 0 
7fb071620000-7fb071633000 r--s 00344000 08:07 2883882                    /opt/android-studio/jre/jre/lib/resources.jar
7fb071633000-7fb071634000 r--s 00001000 08:07 4987536                    /home/sadiq/.gradle/caches/jars-3/8e33611f59ae522ef3cf60a5759ed354/annotations-25.3.2.jar
7fb071634000-7fb07163c000 r--s 000a8000 08:07 4987534                    /home/sadiq/.gradle/caches/jars-3/6cc57ce9ec0d90186f781694264d61bc/lombok-ast-0.2.3.jar
7fb07163c000-7fb071650000 r--s 000b4000 08:07 4987532                    /home/sadiq/.gradle/caches/jars-3/d807f16514c6b4976965307bd4b79954/uast-162.2228.14.jar
7fb071650000-7fb071652000 r--s 0000d000 08:07 4987530                    /home/sadiq/.gradle/caches/jars-3/a6ebc4ec06596d0cd57fb5147503bb3c/commons-codec-1.4.jar
7fb071652000-7fb071654000 r--s 0000d000 08:07 4987528                    /home/sadiq/.gradle/caches/jars-3/ccc849edcf9fccd61ed937bf93ffe896/commons-logging-1.1.1.jar
7fb071654000-7fb071659000 r--s 00028000 08:07 4987526                    /home/sadiq/.gradle/caches/jars-3/e6a42d7d86039e4a9d03b9356afcd546/httpcore-4.1.jar
7fb071659000-7fb07165d000 r--s 0002f000 08:07 4987524                    /home/sadiq/.gradle/caches/jars-3/505fcc8c47da308b2f1262f0ff3c65f1/jimfs-1.1.jar
7fb07165d000-7fb07165e000 r--s 00004000 08:07 4987522                    /home/sadiq/.gradle/caches/jars-3/3a4299d1ce3e273e7c03a9ccf5a1e333/annotations-12.0.jar
7fb07165e000-7fb07165f000 r--s 00004000 08:07 4987520                    /home/sadiq/.gradle/caches/jars-3/3bd714e16ff981cf5f225361b18588ce/asm-analysis-5.0.4.jar
7fb07165f000-7fb071663000 r--s 00040000 08:07 4987518                    /home/sadiq/.gradle/caches/jars-3/c630b3b87cec9b9604011f4f84d72f38/lint-api-25.3.2.jar
7fb071663000-7fb071664000 r--s 0000a000 08:07 4987516                    /home/sadiq/.gradle/caches/jars-3/5b8b36ed61fe92731031cca3c9b3a0b3/kxml2-2.3.0.jar
7fb071664000-7fb071666000 r--s 00005000 08:07 4987514                    /home/sadiq/.gradle/caches/jars-3/f10e1e1978816198f2eb1189c974b440/httpmime-4.1.jar
7fb071666000-7fb07166e000 r--s 0004e000 08:07 4987512                    /home/sadiq/.gradle/caches/jars-3/b53c6235c49a94a3a8e506e42c7d54fb/httpclient-4.1.1.jar
7fb07166e000-7fb071675000 r--s 00053000 08:07 4987510                    /home/sadiq/.gradle/caches/jars-3/28e64c4d02154ee30a12b14be38e78af/commons-compress-1.8.1.jar
7fb071675000-7fb07167a000 r--s 0002a000 08:07 4987508                    /home/sadiq/.gradle/caches/jars-3/2a67de85c1e99ee62c2c2d8af5e1125b/gson-2.2.4.jar
7fb07167a000-7fb07167f000 r--s 0002e000 08:07 4987506                    /home/sadiq/.gradle/caches/jars-3/98ad39a4ef9359b2dfcaf05bb1c81397/repository-25.3.2.jar
7fb07167f000-7fb071681000 r--s 00006000 08:07 4987504                    /home/sadiq/.gradle/caches/jars-3/0a6e7ac6211eb8664a06b7a570fb8898/dvlib-25.3.2.jar
7fb071681000-7fb071684000 r--s 00012000 08:07 4987502                    /home/sadiq/.gradle/caches/jars-3/3d60b69b22edf1ea228094f367c73e08/layoutlib-api-25.3.2.jar
7fb071684000-7fb071689000 r--s 00058000 08:07 4987500                    /home/sadiq/.gradle/caches/jars-3/bb3f0c8da73e37889b65d5e152c01f8e/asm-debug-all-5.0.1.jar
7fb071689000-7fb071699000 r--s 000d5000 08:07 4987498                    /home/sadiq/.gradle/caches/jars-3/2593270bd55c0fcc5de8777526944ca9/proguard-base-5.3.2.jar
7fb071699000-7fb07169c000 r--s 00033000 08:07 4987496                    /home/sadiq/.gradle/caches/jars-3/0ce03714647bf7bd3c78634c20ddbf38/juniversalchardet-1.0.3.jar
7fb07169c000-7fb0716a0000 r--s 0002a000 08:07 4987494                    /home/sadiq/.gradle/caches/jars-3/9849af6d4b0409ba64061601342f385d/commons-io-2.4.jar
7fb0716a0000-7fb0716b7000 r--s 00154000 08:07 4987492                    /home/sadiq/.gradle/caches/jars-3/57adf9abd30c921d4ea1dfdcfe7b9efd/antlr4-4.5.3.jar
7fb0716b7000-7fb0716b9000 r--s 00002000 08:07 4987490                    /home/sadiq/.gradle/caches/jars-3/0c57e224c05bb054ffe3f6a9f46c6e79/baseLibrary-2.3.2.jar
7fb0716b9000-7fb0716e4000 r--s 001fc000 08:07 4987488                    /home/sadiq/.gradle/caches/jars-3/57dffb91fa05ba585a582c9f3b0be2b1/guava-18.0.jar
7fb0716e4000-7fb0716f7000 r--s 00241000 08:07 4987486                    /home/sadiq/.gradle/caches/jars-3/d8dc71eb6d91c966c45f7b594129e14a/ecj-4.6.1.jar
7fb0716f7000-7fb0716fe000 r--s 000d9000 08:07 4987484                    /home/sadiq/.gradle/caches/jars-3/7a1bad3500a0a4efce25c290d4dd2364/lint-checks-25.3.2.jar
7fb0716fe000-7fb071700000 r--s 00006000 08:07 4987482                    /home/sadiq/.gradle/caches/jars-3/767849ee24c8e62d79a00d769acdce90/asm-tree-5.0.4.jar
7fb071700000-7fb071733000 r--s 00203000 08:07 4987480                    /home/sadiq/.gradle/caches/jars-3/3cf93c3b296899be060ca4f9038f79b5/bcprov-jdk15on-1.48.jar
7fb071733000-7fb071741000 r--s 00081000 08:07 4987478                    /home/sadiq/.gradle/caches/jars-3/f008d91a5541639737ca5ffbc84a7b0c/bcpkix-jdk15on-1.48.jar
7fb071741000-7fb071743000 r--s 00002000 08:07 4987476                    /home/sadiq/.gradle/caches/jars-3/f268e5e8fc83bb846ac355d6a16b1f30/javawriter-2.5.0.jar
7fb071743000-7fb071745000 r--s 00004000 08:07 4987474                    /home/sadiq/.gradle/caches/jars-3/567c158f78cfafc5ea0d6d107369130f/tracker-25.3.2.jar
7fb071745000-7fb071746000 r--s 00005000 08:07 4987472                    /home/sadiq/.gradle/caches/jars-3/ca851e3dbba8af431ee9ecbfd0206194/shared-25.3.2.jar
7fb071746000-7fb071754000 r--s 00147000 08:07 4987470                    /home/sadiq/.gradle/caches/jars-3/1309204e9309ac7a5cad2c315133aac2/protos-25.3.2.jar
7fb071754000-7fb071755000 r--s 00001000 08:07 4987468                    /home/sadiq/.gradle/caches/jars-3/33c965c4ea9767c2341add6217039a89/jill-api-0.10.0.jar
7fb071755000-7fb071757000 r--s 00003000 08:07 4987466                    /home/sadiq/.gradle/caches/jars-3/e984a658c2551e60894d5aff6a0c53d1/jack-api-0.13.0.jar
7fb071757000-7fb07175d000 r--s 0004a000 08:07 4987464                    /home/sadiq/.gradle/caches/jars-3/33733172189bdef5ddcc96ee752fbbde/ddmlib-25.3.2.jar
7fb07175d000-7fb071760000 r--s 00022000 08:07 4987462                    /home/sadiq/.gradle/caches/jars-3/55ce1a25591f294ce331834e510dabdd/manifest-merger-25.3.2.jar
7fb071760000-7fb071763000 r--s 0001c000 08:07 4987460                    /home/sadiq/.gradle/caches/jars-3/7b5f9921dcdad76ea2db434d2ecae0b9/common-25.3.2.jar
7fb071763000-7fb07176c000 r--s 00089000 08:07 4987458                    /home/sadiq/.gradle/caches/jars-3/8523c0b1af8362eaa038214ca0496e0a/sdk-common-25.3.2.jar
7fb07176c000-7fb071776000 r--s 00098000 08:07 4987456                    /home/sadiq/.gradle/caches/jars-3/3071e977e115e9896a20e7f6c1017d8d/sdklib-25.3.2.jar
7fb071776000-7fb071777000 r--s 00002000 08:07 4987454                    /home/sadiq/.gradle/caches/jars-3/bb0ded7b424ac32b983e72b9331e4a0e/builder-test-api-2.3.2.jar
7fb071777000-7fb07177a000 r--s 00006000 08:07 4987452                    /home/sadiq/.gradle/caches/jars-3/3b6b0905c6e14fb367f99bcb91a3f4ef/builder-model-2.3.2.jar
7fb07177a000-7fb071789000 r--s 00130000 08:07 4987450                    /home/sadiq/.gradle/caches/jars-3/72ba1443c6adcea1f6ba21e12f0bb0fc/protobuf-java-3.0.0.jar
7fb071789000-7fb07178b000 r--s 0000f000 08:07 4987448                    /home/sadiq/.gradle/caches/jars-3/96760c32d36a5d7066e3ccf088bfd362/jopt-simple-4.9.jar
7fb07178b000-7fb07178f000 r--s 0001f000 08:07 4987446                    /home/sadiq/.gradle/caches/jars-3/bdc4a17755a6c76ca06da33f9769dd1a/org.jacoco.report-0.7.5.201505241946.jar
7fb07178f000-7fb071793000 r--s 0001d000 08:07 4987444                    /home/sadiq/.gradle/caches/jars-3/b76ebf92f16d3130bb152f3a9ed2c5da/org.jacoco.core-0.7.5.201505241946.jar
7fb071793000-7fb071795000 r--s 00002000 08:07 4987442                    /home/sadiq/.gradle/caches/jars-3/c514881ec761129e95c128962253e435/proguard-gradle-5.3.2.jar
7fb071795000-7fb071797000 r--s 00009000 08:07 4987440                    /home/sadiq/.gradle/caches/jars-3/2484aee2fe8963a490ff41f797f58c4c/asm-commons-5.0.4.jar
7fb071797000-7fb071799000 r--s 0000c000 08:07 4987438                    /home/sadiq/.gradle/caches/jars-3/89d4e96406657abb09b3aa2a0f36045e/asm-5.0.4.jar
7fb071799000-7fb07179e000 r--s 0002c000 08:07 4987436                    /home/sadiq/.gradle/caches/jars-3/5910cb4d843faab7e44c62b8d77104b7/compilerCommon-2.3.2.jar
7fb07179e000-7fb07179f000 r--s 00002000 08:07 4987434                    /home/sadiq/.gradle/caches/jars-3/89bbea579123f1b775d080eacc2a2a60/gradle-api-2.3.2.jar
7fb07179f000-7fb0717a0000 r--s 00000000 08:07 4987432                    /home/sadiq/.gradle/caches/jars-3/71f6637d86b9a321bc3f5989adcaa159/transform-api-2.0.0-deprecated-use-gradle-api.jar
7fb0717a0000-7fb0717a5000 r--s 0005e000 08:07 4987430                    /home/sadiq/.gradle/caches/jars-3/799b4386bc3941448afc6c61076250b3/lint-25.3.2.jar
7fb0717a5000-7fb0717bb000 r--s 00163000 08:07 4987428                    /home/sadiq/.gradle/caches/jars-3/a340dd39f98c3d76d7baf6187702afd6/builder-2.3.2.jar
7fb0717bb000-7fb0717da000 r--s 001ca000 08:07 4987426                    /home/sadiq/.gradle/caches/jars-3/278adc3b98be895d9ca9b6611315a8cd/gradle-core-2.3.2.jar
7fb0717da000-7fb0717dc000 r--s 00007000 08:07 3020643                    /home/sadiq/.gradle/caches/modules-2/files-2.1/com.google.gms/google-services/3.1.0/166ae4e6acd03b7bbebe221ffa54bc039fece1b9/google-services-3.1.0.jar
7fb0717dc000-7fb0717de000 r--s 0000d000 08:07 4987424                    /home/sadiq/.gradle/caches/jars-3/03d376f17b0dbe1d61fd3a23f252f570/gradle-2.3.2.jar
7fb0717de000-7fb0717e1000 ---p 00000000 00:00 0 
7fb0717e1000-7fb071adf000 rw-p 00000000 00:00 0 
7fb071adf000-7fb071cdf000 rw-p 00000000 00:00 0 
7fb071cdf000-7fb071edf000 rw-p 00000000 00:00 0 
7fb071edf000-7fb071f58000 r--s 010ed000 08:07 2883824                    /opt/android-studio/jre/lib/tools.jar
7fb071f58000-7fb072158000 rw-p 00000000 00:00 0 
7fb072158000-7fb07215b000 ---p 00000000 00:00 0 
7fb07215b000-7fb072259000 rw-p 00000000 00:00 0 
7fb072259000-7fb07225c000 ---p 00000000 00:00 0 
7fb07225c000-7fb07255a000 rw-p 00000000 00:00 0 
7fb07255a000-7fb07255d000 ---p 00000000 00:00 0 
7fb07255d000-7fb07265b000 rw-p 00000000 00:00 0 
7fb07265b000-7fb07265e000 ---p 00000000 00:00 0 
7fb07265e000-7fb07275c000 rw-p 00000000 00:00 0 
7fb07275c000-7fb07275f000 ---p 00000000 00:00 0 
7fb07275f000-7fb07285d000 rw-p 00000000 00:00 0 
7fb07285d000-7fb072860000 ---p 00000000 00:00 0 
7fb072860000-7fb07295e000 rw-p 00000000 00:00 0 
7fb07295e000-7fb072961000 ---p 00000000 00:00 0 
7fb072961000-7fb072a5f000 rw-p 00000000 00:00 0 
7fb072a5f000-7fb072a62000 ---p 00000000 00:00 0 
7fb072a62000-7fb072b60000 rw-p 00000000 00:00 0 
7fb072b60000-7fb072b63000 ---p 00000000 00:00 0 
7fb072b63000-7fb072c61000 rw-p 00000000 00:00 0 
7fb072c61000-7fb072c68000 r--s 00000000 08:07 4856472                    /usr/lib/x86_64-linux-gnu/gconv/gconv-modules.cache
7fb072c68000-7fb072e68000 rw-p 00000000 00:00 0 
7fb072e68000-7fb072e6b000 ---p 00000000 00:00 0 
7fb072e6b000-7fb072f69000 rw-p 00000000 00:00 0 
7fb072f69000-7fb072f72000 r-xp 00000000 08:07 2883960                    /opt/android-studio/jre/jre/lib/amd64/libmanagement.so
7fb072f72000-7fb073171000 ---p 00009000 08:07 2883960                    /opt/android-studio/jre/jre/lib/amd64/libmanagement.so
7fb073171000-7fb073172000 r--p 00008000 08:07 2883960                    /opt/android-studio/jre/jre/lib/amd64/libmanagement.so
7fb073172000-7fb073173000 rw-p 00009000 08:07 2883960                    /opt/android-studio/jre/jre/lib/amd64/libmanagement.so
7fb073173000-7fb073178000 r--s 00098000 08:07 2883934                    /opt/android-studio/jre/jre/lib/jsse.jar
7fb073178000-7fb07317a000 r--s 00008000 08:07 5251767                    /home/sadiq/.gradle/wrapper/dists/gradle-3.5-all/exhrs6ca08n232b14ue48lbye/gradle-3.5/lib/plugins/gradle-tooling-api-builders-3.5.jar
7fb07317a000-7fb07317d000 r--s 00009000 08:07 5251760                    /home/sadiq/.gradle/wrapper/dists/gradle-3.5-all/exhrs6ca08n232b14ue48lbye/gradle-3.5/lib/plugins/gradle-testing-native-3.5.jar
7fb07317d000-7fb073183000 r--s 00033000 08:07 5251837                    /home/sadiq/.gradle/wrapper/dists/gradle-3.5-all/exhrs6ca08n232b14ue48lbye/gradle-3.5/lib/plugins/snakeyaml-1.6.jar
7fb073183000-7fb073185000 r--s 00006000 08:07 5251836                    /home/sadiq/.gradle/wrapper/dists/gradle-3.5-all/exhrs6ca08n232b14ue48lbye/gradle-3.5/lib/plugins/jcommander-1.12.jar
7fb073185000-7fb07318a000 r--s 00040000 08:07 5251835                    /home/sadiq/.gradle/wrapper/dists/gradle-3.5-all/exhrs6ca08n232b14ue48lbye/gradle-3.5/lib/plugins/bsh-2.0b4.jar
7fb07318a000-7fb07318c000 r--s 00009000 08:07 5251841                    /home/sadiq/.gradle/wrapper/dists/gradle-3.5-all/exhrs6ca08n232b14ue48lbye/gradle-3.5/lib/plugins/hamcrest-core-1.3.jar
7fb07318c000-7fb073195000 r--s 00089000 08:07 5251792                    /home/sadiq/.gradle/wrapper/dists/gradle-3.5-all/exhrs6ca08n232b14ue48lbye/gradle-3.5/lib/plugins/testng-6.3.1.jar
7fb073195000-7fb07319d000 r--s 00045000 08:07 5251791                    /home/sadiq/.gradle/wrapper/dists/gradle-3.5-all/exhrs6ca08n232b14ue48lbye/gradle-3.5/lib/plugins/junit-4.12.jar
7fb07319d000-7fb0731a3000 r--s 0002e000 08:07 5251761                    /home/sadiq/.gradle/wrapper/dists/gradle-3.5-all/exhrs6ca08n232b14ue48lbye/gradle-3.5/lib/plugins/gradle-testing-jvm-3.5.jar
7fb0731a3000-7fb0731a7000 r--s 00016000 08:07 5251759                    /home/sadiq/.gradle/wrapper/dists/gradle-3.5-all/exhrs6ca08n232b14ue48lbye/gradle-3.5/lib/plugins/gradle-testing-base-3.5.jar
7fb0731a7000-7fb0731ae000 r--s 00038000 08:07 5251786                    /home/sadiq/.gradle/wrapper/dists/gradle-3.5-all/exhrs6ca08n232b14ue48lbye/gradle-3.5/lib/plugins/bcpg-jdk15on-1.51.jar
7fb0731ae000-7fb0731b0000 r--s 0000c000 08:07 5251738                    /home/sadiq/.gradle/wrapper/dists/gradle-3.5-all/exhrs6ca08n232b14ue48lbye/gradle-3.5/lib/plugins/gradle-signing-3.5.jar
7fb0731b0000-7fb0731b2000 r--s 00007000 08:07 5251737                    /home/sadiq/.gradle/wrapper/dists/gradle-3.5-all/exhrs6ca08n232b14ue48lbye/gradle-3.5/lib/plugins/gradle-scala-3.5.jar
7fb0731b2000-7fb0731b3000 r--s 00004000 08:07 5251765                    /home/sadiq/.gradle/wrapper/dists/gradle-3.5-all/exhrs6ca08n232b14ue48lbye/gradle-3.5/lib/plugins/gradle-resources-sftp-3.5.jar
7fb0731b3000-7fb0731c3000 r--s 00088000 08:07 5251804                    /home/sadiq/.gradle/wrapper/dists/gradle-3.5-all/exhrs6ca08n232b14ue48lbye/gradle-3.5/lib/plugins/joda-time-2.8.2.jar
7fb0731c3000-7fb0731d4000 r--s 0010d000 08:07 5251803                    /home/sadiq/.gradle/wrapper/dists/gradle-3.5-all/exhrs6ca08n232b14ue48lbye/gradle-3.5/lib/plugins/jackson-databind-2.6.6.jar
7fb0731d4000-7fb0731d7000 r--s 00009000 08:07 5251802                    /home/sadiq/.gradle/wrapper/dists/gradle-3.5-all/exhrs6ca08n232b14ue48lbye/gradle-3.5/lib/plugins/jackson-annotations-2.6.6.jar
7fb0731d7000-7fb0731db000 r--s 0003c000 08:07 5251801                    /home/sadiq/.gradle/wrapper/dists/gradle-3.5-all/exhrs6ca08n232b14ue48lbye/gradle-3.5/lib/plugins/jackson-core-2.6.6.jar
7fb0731db000-7fb0731e9000 r--s 00087000 08:07 5251800                    /home/sadiq/.gradle/wrapper/dists/gradle-3.5-all/exhrs6ca08n232b14ue48lbye/gradle-3.5/lib/plugins/aws-java-sdk-core-1.11.6.jar
7fb0731e9000-7fb0731f0000 r--s 00057000 08:07 5251799                    /home/sadiq/.gradle/wrapper/dists/gradle-3.5-all/exhrs6ca08n232b14ue48lbye/gradle-3.5/lib/plugins/aws-java-sdk-kms-1.11.6.jar
7fb0731f0000-7fb0731fd000 r--s 0008e000 08:07 5251798                    /home/sadiq/.gradle/wrapper/dists/gradle-3.5-all/exhrs6ca08n232b14ue48lbye/gradle-3.5/lib/plugins/aws-java-sdk-s3-1.11.6.jar
7fb0731fd000-7fb0731ff000 r--s 00004000 08:07 5251766                    /home/sadiq/.gradle/wrapper/dists/gradle-3.5-all/exhrs6ca08n232b14ue48lbye/gradle-3.5/lib/plugins/gradle-resources-s3-3.5.jar
7fb0731ff000-7fb073201000 r--s 0000f000 08:07 5251743                    /home/sadiq/.gradle/wrapper/dists/gradle-3.5-all/exhrs6ca08n232b14ue48lbye/gradle-3.5/lib/plugins/gradle-reporting-3.5.jar
7fb073201000-7fb073203000 r--s 00002000 08:07 5251744                    /home/sadiq/.gradle/wrapper/dists/gradle-3.5-all/exhrs6ca08n232b14ue48lbye/gradle-3.5/lib/plugins/gradle-publish-3.5.jar
7fb073203000-7fb073205000 r--s 00009000 08:07 5251773                    /home/sadiq/.gradle/wrapper/dists/gradle-3.5-all/exhrs6ca08n232b14ue48lbye/gradle-3.5/lib/plugins/commons-cli-1.2.jar
7fb073205000-7fb07320b000 r--s 00035000 08:07 5251729                    /home/sadiq/.gradle/wrapper/dists/gradle-3.5-all/exhrs6ca08n232b14ue48lbye/gradle-3.5/lib/plugins/gradle-plugins-3.5.jar
7fb07320b000-7fb07320d000 r--s 00009000 08:07 5251762                    /home/sadiq/.gradle/wrapper/dists/gradle-3.5-all/exhrs6ca08n232b14ue48lbye/gradle-3.5/lib/plugins/gradle-plugin-development-3.5.jar
7fb07320d000-7fb073213000 r--s 0002b000 08:07 5251755                    /home/sadiq/.gradle/wrapper/dists/gradle-3.5-all/exhrs6ca08n232b14ue48lbye/gradle-3.5/lib/plugins/gradle-platform-play-3.5.jar
7fb073213000-7fb073221000 r--s 00056000 08:07 5251754                    /home/sadiq/.gradle/wrapper/dists/gradle-3.5-all/exhrs6ca08n232b14ue48lbye/gradle-3.5/lib/plugins/gradle-platform-native-3.5.jar
7fb073221000-7fb073225000 r--s 0001b000 08:07 5251749                    /home/sadiq/.gradle/wrapper/dists/gradle-3.5-all/exhrs6ca08n232b14ue48lbye/gradle-3.5/lib/plugins/gradle-platform-jvm-3.5.jar
7fb073225000-7fb07322c000 r--s 00028000 08:07 5251748                    /home/sadiq/.gradle/wrapper/dists/gradle-3.5-all/exhrs6ca08n232b14ue48lbye/gradle-3.5/lib/plugins/gradle-platform-base-3.5.jar
7fb07322c000-7fb073254000 r--s 0021c000 08:07 5251781                    /home/sadiq/.gradle/wrapper/dists/gradle-3.5-all/exhrs6ca08n232b14ue48lbye/gradle-3.5/lib/plugins/biz.aQute.bndlib-3.2.0.jar
7fb073254000-7fb073256000 r--s 00003000 08:07 5251733                    /home/sadiq/.gradle/wrapper/dists/gradle-3.5-all/exhrs6ca08n232b14ue48lbye/gradle-3.5/lib/plugins/gradle-osgi-3.5.jar
7fb073256000-7fb073259000 r--s 0000c000 08:07 5251784                    /home/sadiq/.gradle/wrapper/dists/gradle-3.5-all/exhrs6ca08n232b14ue48lbye/gradle-3.5/lib/plugins/pmaven-groovy-0.8-20100325.jar
7fb073259000-7fb07325a000 r--s 00004000 08:07 5251783                    /home/sadiq/.gradle/wrapper/dists/gradle-3.5-all/exhrs6ca08n232b14ue48lbye/gradle-3.5/lib/plugins/pmaven-common-0.8-20100325.jar
7fb07325a000-7fb07325f000 r--s 00024000 08:07 5251734                    /home/sadiq/.gradle/wrapper/dists/gradle-3.5-all/exhrs6ca08n232b14ue48lbye/gradle-3.5/lib/plugins/gradle-maven-3.5.jar
7fb07325f000-7fb073262000 r--s 0000b000 08:07 5251753                    /home/sadiq/.gradle/wrapper/dists/gradle-3.5-all/exhrs6ca08n232b14ue48lbye/gradle-3.5/lib/plugins/gradle-language-scala-3.5.jar
7fb073262000-7fb073268000 r--s 0001a000 08:07 5251757                    /home/sadiq/.gradle/wrapper/dists/gradle-3.5-all/exhrs6ca08n232b14ue48lbye/gradle-3.5/lib/plugins/gradle-language-native-3.5.jar
7fb073268000-7fb07326a000 r--s 00006000 08:07 5251750                    /home/sadiq/.gradle/wrapper/dists/gradle-3.5-all/exhrs6ca08n232b14ue48lbye/gradle-3.5/lib/plugins/gradle-language-jvm-3.5.jar
7fb07326a000-7fb073271000 r--s 0002f000 08:07 5251751                    /home/sadiq/.gradle/wrapper/dists/gradle-3.5-all/exhrs6ca08n232b14ue48lbye/gradle-3.5/lib/plugins/gradle-language-java-3.5.jar
7fb073271000-7fb073273000 r--s 0000a000 08:07 5251752                    /home/sadiq/.gradle/wrapper/dists/gradle-3.5-all/exhrs6ca08n232b14ue48lbye/gradle-3.5/lib/plugins/gradle-language-groovy-3.5.jar
7fb073273000-7fb073276000 r--s 0001e000 08:07 5251810                    /home/sadiq/.gradle/wrapper/dists/gradle-3.5-all/exhrs6ca08n232b14ue48lbye/gradle-3.5/lib/plugins/jsp-api-2.1-6.1.14.jar
7fb073276000-7fb073299000 r--s 00344000 08:07 5251809                    /home/sadiq/.gradle/wrapper/dists/gradle-3.5-all/exhrs6ca08n232b14ue48lbye/gradle-3.5/lib/plugins/core-3.1.1.jar
7fb073299000-7fb07329a000 r--s 00006000 08:07 5251808                    /home/sadiq/.gradle/wrapper/dists/gradle-3.5-all/exhrs6ca08n232b14ue48lbye/gradle-3.5/lib/plugins/jetty-naming-6.1.26.jar
7fb07329a000-7fb07329b000 r--s 00002000 08:07 5251780                    /home/sadiq/.gradle/wrapper/dists/gradle-3.5-all/exhrs6ca08n232b14ue48lbye/gradle-3.5/lib/plugins/geronimo-annotation_1.0_spec-1.0.jar
7fb07329b000-7fb07329d000 r--s 00002000 08:07 5251779                    /home/sadiq/.gradle/wrapper/dists/gradle-3.5-all/exhrs6ca08n232b14ue48lbye/gradle-3.5/lib/plugins/jetty-annotations-6.1.26.jar
7fb07329d000-7fb0732ae000 r--s 000ea000 08:07 5251778                    /home/sadiq/.gradle/wrapper/dists/gradle-3.5-all/exhrs6ca08n232b14ue48lbye/gradle-3.5/lib/plugins/jsp-2.1-6.1.14.jar
7fb0732ae000-7fb0732b0000 r--s 0000d000 08:07 5251777                    /home/sadiq/.gradle/wrapper/dists/gradle-3.5-all/exhrs6ca08n232b14ue48lbye/gradle-3.5/lib/plugins/jetty-plus-6.1.26.jar
7fb0732b0000-7fb0732b2000 r--s 0001f000 08:07 5251776                    /home/sadiq/.gradle/wrapper/dists/gradle-3.5-all/exhrs6ca08n232b14ue48lbye/gradle-3.5/lib/plugins/servlet-api-2.5-20081211.jar
7fb0732b2000-7fb0732b6000 r--s 00028000 08:07 5251775                    /home/sadiq/.gradle/wrapper/dists/gradle-3.5-all/exhrs6ca08n232b14ue48lbye/gradle-3.5/lib/plugins/jetty-util-6.1.26.jar
7fb0732b6000-7fb0732bd000 r--s 0007d000 08:07 5251774                    /home/sadiq/.gradle/wrapper/dists/gradle-3.5-all/exhrs6ca08n232b14ue48lbye/gradle-3.5/lib/plugins/jetty-6.1.26.jar
7fb0732bd000-7fb0732bf000 r--s 0000a000 08:07 5251731                    /home/sadiq/.gradle/wrapper/dists/gradle-3.5-all/exhrs6ca08n232b14ue48lbye/gradle-3.5/lib/plugins/gradle-jetty-3.5.jar
7fb0732bf000-7fb0732c6000 r--s 00035000 08:07 5251789                    /home/sadiq/.gradle/wrapper/dists/gradle-3.5-all/exhrs6ca08n232b14ue48lbye/gradle-3.5/lib/plugins/simple-4.1.21.jar
7fb0732c6000-7fb0732d2000 r--s 00100000 08:07 5251787                    /home/sadiq/.gradle/wrapper/dists/gradle-3.5-all/exhrs6ca08n232b14ue48lbye/gradle-3.5/lib/plugins/rhino-1.7R3.jar
7fb0732d2000-7fb0732d6000 r--s 00012000 08:07 5251740                    /home/sadiq/.gradle/wrapper/dists/gradle-3.5-all/exhrs6ca08n232b14ue48lbye/gradle-3.5/lib/plugins/gradle-javascript-3.5.jar
7fb0732d6000-7fb0732d9000 r--s 00011000 08:07 5251746                    /home/sadiq/.gradle/wrapper/dists/gradle-3.5-all/exhrs6ca08n232b14ue48lbye/gradle-3.5/lib/plugins/gradle-jacoco-3.5.jar
7fb0732d9000-7fb0732dc000 r--s 0000e000 08:07 5251745                    /home/sadiq/.gradle/wrapper/dists/gradle-3.5-all/exhrs6ca08n232b14ue48lbye/gradle-3.5/lib/plugins/gradle-ivy-3.5.jar
7fb0732dc000-7fb0732dd000 r--s 00002000 08:07 5251756                    /home/sadiq/.gradle/wrapper/dists/gradle-3.5-all/exhrs6ca08n232b14ue48lbye/gradle-3.5/lib/plugins/gradle-ide-play-3.5.jar
7fb0732dd000-7fb0732e0000 r--s 00013000 08:07 5251758                    /home/sadiq/.gradle/wrapper/dists/gradle-3.5-all/exhrs6ca08n232b14ue48lbye/gradle-3.5/lib/plugins/gradle-ide-native-3.5.jar
7fb0732e0000-7fb0732ea000 r--s 00056000 08:07 5251735                    /home/sadiq/.gradle/wrapper/dists/gradle-3.5-all/exhrs6ca08n232b14ue48lbye/gradle-3.5/lib/plugins/gradle-ide-3.5.jar
7fb0732ea000-7fb0732ec000 r--s 00007000 08:07 5251739                    /home/sadiq/.gradle/wrapper/dists/gradle-3.5-all/exhrs6ca08n232b14ue48lbye/gradle-3.5/lib/plugins/gradle-ear-3.5.jar
7fb0732ec000-7fb0732ee000 r--s 00005000 08:07 5251790                    /home/sadiq/.gradle/wrapper/dists/gradle-3.5-all/exhrs6ca08n232b14ue48lbye/gradle-3.5/lib/plugins/jatl-0.2.2.jar
7fb0732ee000-7fb0732f4000 r--s 00039000 08:07 5251742                    /home/sadiq/.gradle/wrapper/dists/gradle-3.5-all/exhrs6ca08n232b14ue48lbye/gradle-3.5/lib/plugins/gradle-diagnostics-3.5.jar
7fb0732f4000-7fb0732f6000 r--s 00009000 08:07 5251768                    /home/sadiq/.gradle/wrapper/dists/gradle-3.5-all/exhrs6ca08n232b14ue48lbye/gradle-3.5/lib/plugins/gradle-composite-builds-3.5.jar
7fb0732f6000-7fb0732fb000 r--s 00023000 08:07 5251730                    /home/sadiq/.gradle/wrapper/dists/gradle-3.5-all/exhrs6ca08n232b14ue48lbye/gradle-3.5/lib/plugins/gradle-code-quality-3.5.jar
7fb0732fb000-7fb073300000 r--s 00022000 08:07 5251747                    /home/sadiq/.gradle/wrapper/dists/gradle-3.5-all/exhrs6ca08n232b14ue48lbye/gradle-3.5/lib/plugins/gradle-build-init-3.5.jar
7fb073300000-7fb073306000 r--s 0008e000 08:07 5251741                    /home/sadiq/.gradle/wrapper/dists/gradle-3.5-all/exhrs6ca08n232b14ue48lbye/gradle-3.5/lib/plugins/gradle-build-comparison-3.5.jar
7fb073306000-7fb073307000 r--s 00002000 08:07 5251769                    /home/sadiq/.gradle/wrapper/dists/gradle-3.5-all/exhrs6ca08n232b14ue48lbye/gradle-3.5/lib/plugins/gradle-build-cache-http-3.5.jar
7fb073307000-7fb073309000 r--s 00008000 08:07 5251732                    /home/sadiq/.gradle/wrapper/dists/gradle-3.5-all/exhrs6ca08n232b14ue48lbye/gradle-3.5/lib/plugins/gradle-antlr-3.5.jar
7fb073309000-7fb07330a000 r--s 00005000 08:07 5251736                    /home/sadiq/.gradle/wrapper/dists/gradle-3.5-all/exhrs6ca08n232b14ue48lbye/gradle-3.5/lib/plugins/gradle-announce-3.5.jar
7fb07330a000-7fb073312000 r--s 00028000 08:07 5251839                    /home/sadiq/.gradle/wrapper/dists/gradle-3.5-all/exhrs6ca08n232b14ue48lbye/gradle-3.5/lib/plugins/xml-apis-1.3.04.jar
7fb073312000-7fb073318000 r--s 00033000 08:07 5251785                    /home/sadiq/.gradle/wrapper/dists/gradle-3.5-all/exhrs6ca08n232b14ue48lbye/gradle-3.5/lib/plugins/commons-codec-1.6.jar
7fb073318000-7fb07331f000 r--s 00049000 08:07 5251838                    /home/sadiq/.gradle/wrapper/dists/gradle-3.5-all/exhrs6ca08n232b14ue48lbye/gradle-3.5/lib/plugins/httpcore-4.4.4.jar
7fb07331f000-7fb073322000 r--s 0001c000 08:07 5251796                    /home/sadiq/.gradle/wrapper/dists/gradle-3.5-all/exhrs6ca08n232b14ue48lbye/gradle-3.5/lib/plugins/nekohtml-1.9.14.jar
7fb073322000-7fb07333a000 r--s 00115000 08:07 5251795                    /home/sadiq/.gradle/wrapper/dists/gradle-3.5-all/exhrs6ca08n232b14ue48lbye/gradle-3.5/lib/plugins/xercesImpl-2.9.1.jar
7fb07333a000-7fb073340000 r--s 0005b000 08:07 5251794                    /home/sadiq/.gradle/wrapper/dists/gradle-3.5-all/exhrs6ca08n232b14ue48lbye/gradle-3.5/lib/plugins/jcifs-1.3.17.jar
7fb073340000-7fb07334d000 r--s 000a4000 08:07 5251793                    /home/sadiq/.gradle/wrapper/dists/gradle-3.5-all/exhrs6ca08n232b14ue48lbye/gradle-3.5/lib/plugins/httpclient-4.4.1.jar
7fb07334d000-7fb073350000 r--s 0000a000 08:07 5251764                    /home/sadiq/.gradle/wrapper/dists/gradle-3.5-all/exhrs6ca08n232b14ue48lbye/gradle-3.5/lib/plugins/gradle-resources-http-3.5.jar
7fb073350000-7fb073366000 r-xp 00000000 08:07 3805734                    /lib/x86_64-linux-gnu/libgcc_s.so.1
7fb073366000-7fb073565000 ---p 00016000 08:07 3805734                    /lib/x86_64-linux-gnu/libgcc_s.so.1
7fb073565000-7fb073566000 rw-p 00015000 08:07 3805734                    /lib/x86_64-linux-gnu/libgcc_s.so.1
7fb073566000-7fb0736d8000 r-xp 00000000 08:07 4597219                    /usr/lib/x86_64-linux-gnu/libstdc++.so.6.0.21
7fb0736d8000-7fb0738d8000 ---p 00172000 08:07 4597219                    /usr/lib/x86_64-linux-gnu/libstdc++.so.6.0.21
7fb0738d8000-7fb0738e2000 r--p 00172000 08:07 4597219                    /usr/lib/x86_64-linux-gnu/libstdc++.so.6.0.21
7fb0738e2000-7fb0738e4000 rw-p 0017c000 08:07 4597219                    /usr/lib/x86_64-linux-gnu/libstdc++.so.6.0.21
7fb0738e4000-7fb0738e8000 rw-p 00000000 00:00 0 
7fb0738e8000-7fb0738ed000 r-xp 00000000 08:07 4856717                    /home/sadiq/.gradle/native/25/linux-amd64/libnative-platform.so
7fb0738ed000-7fb073aec000 ---p 00005000 08:07 4856717                    /home/sadiq/.gradle/native/25/linux-amd64/libnative-platform.so
7fb073aec000-7fb073aed000 rw-p 00004000 08:07 4856717                    /home/sadiq/.gradle/native/25/linux-amd64/libnative-platform.so
7fb073aed000-7fb073afe000 r-xp 00000000 08:07 2883948                    /opt/android-studio/jre/jre/lib/amd64/libnio.so
7fb073afe000-7fb073cfd000 ---p 00011000 08:07 2883948                    /opt/android-studio/jre/jre/lib/amd64/libnio.so
7fb073cfd000-7fb073cfe000 r--p 00010000 08:07 2883948                    /opt/android-studio/jre/jre/lib/amd64/libnio.so
7fb073cfe000-7fb073cff000 rw-p 00011000 08:07 2883948                    /opt/android-studio/jre/jre/lib/amd64/libnio.so
7fb073cff000-7fb074000000 rw-p 00000000 00:00 0 
7fb074000000-7fb075084000 rw-p 00000000 00:00 0 
7fb075084000-7fb078000000 ---p 00000000 00:00 0 
7fb078000000-7fb078021000 rw-p 00000000 00:00 0 
7fb078021000-7fb07c000000 ---p 00000000 00:00 0 
7fb07c000000-7fb07e379000 rw-p 00000000 00:00 0 
7fb07e379000-7fb080000000 ---p 00000000 00:00 0 
7fb080000000-7fb0822c1000 rw-p 00000000 00:00 0 
7fb0822c1000-7fb084000000 ---p 00000000 00:00 0 
7fb084000000-7fb084021000 rw-p 00000000 00:00 0 
7fb084021000-7fb088000000 ---p 00000000 00:00 0 
7fb088000000-7fb088021000 rw-p 00000000 00:00 0 
7fb088021000-7fb08c000000 ---p 00000000 00:00 0 
7fb08c000000-7fb08c2a0000 rw-p 00000000 00:00 0 
7fb08c2a0000-7fb090000000 ---p 00000000 00:00 0 
7fb090000000-7fb090021000 rw-p 00000000 00:00 0 
7fb090021000-7fb094000000 ---p 00000000 00:00 0 
7fb094000000-7fb094041000 rw-p 00000000 00:00 0 
7fb094041000-7fb098000000 ---p 00000000 00:00 0 
7fb098000000-7fb098021000 rw-p 00000000 00:00 0 
7fb098021000-7fb09c000000 ---p 00000000 00:00 0 
7fb09c000000-7fb09c021000 rw-p 00000000 00:00 0 
7fb09c021000-7fb0a0000000 ---p 00000000 00:00 0 
7fb0a0000000-7fb0a0004000 r--s 00017000 08:07 5251763                    /home/sadiq/.gradle/wrapper/dists/gradle-3.5-all/exhrs6ca08n232b14ue48lbye/gradle-3.5/lib/plugins/gradle-plugin-use-3.5.jar
7fb0a0004000-7fb0a0005000 r--s 00000000 08:07 5251673                    /home/sadiq/.gradle/wrapper/dists/gradle-3.5-all/exhrs6ca08n232b14ue48lbye/gradle-3.5/lib/gradle-runtime-api-info-3.5.jar
7fb0a0005000-7fb0a0006000 r--s 00000000 08:07 5251675                    /home/sadiq/.gradle/wrapper/dists/gradle-3.5-all/exhrs6ca08n232b14ue48lbye/gradle-3.5/lib/gradle-installation-beacon-3.5.jar
7fb0a0006000-7fb0a0008000 r--s 00006000 08:07 5251834                    /home/sadiq/.gradle/wrapper/dists/gradle-3.5-all/exhrs6ca08n232b14ue48lbye/gradle-3.5/lib/plugins/aether-connector-wagon-1.13.1.jar
7fb0a0008000-7fb0a000c000 r--s 0001c000 08:07 5251833                    /home/sadiq/.gradle/wrapper/dists/gradle-3.5-all/exhrs6ca08n232b14ue48lbye/gradle-3.5/lib/plugins/aether-util-1.13.1.jar
7fb0a000c000-7fb0a000d000 r--s 00003000 08:07 5251832                    /home/sadiq/.gradle/wrapper/dists/gradle-3.5-all/exhrs6ca08n232b14ue48lbye/gradle-3.5/lib/plugins/aether-spi-1.13.1.jar
7fb0a000d000-7fb0a0010000 r--s 0001d000 08:07 5251831                    /home/sadiq/.gradle/wrapper/dists/gradle-3.5-all/exhrs6ca08n232b14ue48lbye/gradle-3.5/lib/plugins/aether-impl-1.13.1.jar
7fb0a0010000-7fb0a0013000 r--s 00013000 08:07 5251830                    /home/sadiq/.gradle/wrapper/dists/gradle-3.5-all/exhrs6ca08n232b14ue48lbye/gradle-3.5/lib/plugins/aether-api-1.13.1.jar
7fb0a0013000-7fb0a0014000 r--s 00007000 08:07 5251829                    /home/sadiq/.gradle/wrapper/dists/gradle-3.5-all/exhrs6ca08n232b14ue48lbye/gradle-3.5/lib/plugins/wagon-http-shared4-2.4.jar
7fb0a0014000-7fb0a0016000 r--s 0000b000 08:07 5251828                    /home/sadiq/.gradle/wrapper/dists/gradle-3.5-all/exhrs6ca08n232b14ue48lbye/gradle-3.5/lib/plugins/wagon-provider-api-2.4.jar
7fb0a0016000-7fb0a0017000 r--s 00002000 08:07 5251827                    /home/sadiq/.gradle/wrapper/dists/gradle-3.5-all/exhrs6ca08n232b14ue48lbye/gradle-3.5/lib/plugins/wagon-http-2.4.jar
7fb0a0017000-7fb0a0018000 r--s 00002000 08:07 5251826                    /home/sadiq/.gradle/wrapper/dists/gradle-3.5-all/exhrs6ca08n232b14ue48lbye/gradle-3.5/lib/plugins/wagon-file-2.4.jar
7fb0a0018000-7fb0a001a000 r--s 0000c000 08:07 5251825                    /home/sadiq/.gradle/wrapper/dists/gradle-3.5-all/exhrs6ca08n232b14ue48lbye/gradle-3.5/lib/plugins/maven-aether-provider-3.0.4.jar
7fb0a001a000-7fb0a001c000 r--s 0000b000 08:07 5251824                    /home/sadiq/.gradle/wrapper/dists/gradle-3.5-all/exhrs6ca08n232b14ue48lbye/gradle-3.5/lib/plugins/maven-plugin-api-3.0.4.jar
7fb0a001c000-7fb0a001e000 r--s 00006000 08:07 5251823                    /home/sadiq/.gradle/wrapper/dists/gradle-3.5-all/exhrs6ca08n232b14ue48lbye/gradle-3.5/lib/plugins/maven-repository-metadata-3.0.4.jar
7fb0a001e000-7fb0a0020000 r--s 0000b000 08:07 5251822                    /home/sadiq/.gradle/wrapper/dists/gradle-3.5-all/exhrs6ca08n232b14ue48lbye/gradle-3.5/lib/plugins/maven-artifact-3.0.4.jar
7fb0a0020000-7fb0a0022000 r--s 00026000 08:07 5251821                    /home/sadiq/.gradle/wrapper/dists/gradle-3.5-all/exhrs6ca08n232b14ue48lbye/gradle-3.5/lib/plugins/maven-model-3.0.4.jar
7fb0a0022000-7fb0a0026000 r--s 00021000 08:07 5251820                    /home/sadiq/.gradle/wrapper/dists/gradle-3.5-all/exhrs6ca08n232b14ue48lbye/gradle-3.5/lib/plugins/maven-model-builder-3.0.4.jar
7fb0a0026000-7fb0a002c000 r--s 0003f000 08:07 5251819                    /home/sadiq/.gradle/wrapper/dists/gradle-3.5-all/exhrs6ca08n232b14ue48lbye/gradle-3.5/lib/plugins/maven-compat-3.0.4.jar
7fb0a002c000-7fb0a002d000 r--s 00006000 08:07 5251818                    /home/sadiq/.gradle/wrapper/dists/gradle-3.5-all/exhrs6ca08n232b14ue48lbye/gradle-3.5/lib/plugins/plexus-sec-dispatcher-1.3.jar
7fb0a002d000-7fb0a002f000 r--s 00002000 08:07 5251817                    /home/sadiq/.gradle/wrapper/dists/gradle-3.5-all/exhrs6ca08n232b14ue48lbye/gradle-3.5/lib/plugins/plexus-cipher-1.7.jar
7fb0a002f000-7fb0a0031000 r--s 0000a000 08:07 5251816                    /home/sadiq/.gradle/wrapper/dists/gradle-3.5-all/exhrs6ca08n232b14ue48lbye/gradle-3.5/lib/plugins/plexus-classworlds-2.4.jar
7fb0a0031000-7fb0a0038000 r--s 0002e000 08:07 5251815                    /home/sadiq/.gradle/wrapper/dists/gradle-3.5-all/exhrs6ca08n232b14ue48lbye/gradle-3.5/lib/plugins/plexus-container-default-1.5.5.jar
7fb0a0038000-7fb0a003a000 r--s 00000000 08:07 5251840                    /home/sadiq/.gradle/wrapper/dists/gradle-3.5-all/exhrs6ca08n232b14ue48lbye/gradle-3.5/lib/plugins/plexus-component-annotations-1.5.5.jar
7fb0a003a000-7fb0a003c000 r--s 0000d000 08:07 5251814                    /home/sadiq/.gradle/wrapper/dists/gradle-3.5-all/exhrs6ca08n232b14ue48lbye/gradle-3.5/lib/plugins/plexus-interpolation-1.14.jar
7fb0a003c000-7fb0a0040000 r--s 00033000 08:07 5251813                    /home/sadiq/.gradle/wrapper/dists/gradle-3.5-all/exhrs6ca08n232b14ue48lbye/gradle-3.5/lib/plugins/plexus-utils-2.0.6.jar
7fb0a0040000-7fb0a0043000 r--s 00008000 08:07 5251812                    /home/sadiq/.gradle/wrapper/dists/gradle-3.5-all/exhrs6ca08n232b14ue48lbye/gradle-3.5/lib/plugins/maven-settings-builder-3.0.4.jar
7fb0a0043000-7fb0a0045000 r--s 0000a000 08:07 5251811                    /home/sadiq/.gradle/wrapper/dists/gradle-3.5-all/exhrs6ca08n232b14ue48lbye/gradle-3.5/lib/plugins/maven-settings-3.0.4.jar
7fb0a0045000-7fb0a004a000 r--s 00040000 08:07 5251797                    /home/sadiq/.gradle/wrapper/dists/gradle-3.5-all/exhrs6ca08n232b14ue48lbye/gradle-3.5/lib/plugins/jsch-0.1.54.jar
7fb0a004a000-7fb0a008a000 r--s 00277000 08:07 5251807                    /home/sadiq/.gradle/wrapper/dists/gradle-3.5-all/exhrs6ca08n232b14ue48lbye/gradle-3.5/lib/plugins/bcprov-jdk15on-1.51.jar
7fb0a008a000-7fb0a008e000 r--s 0001d000 08:07 5251806                    /home/sadiq/.gradle/wrapper/dists/gradle-3.5-all/exhrs6ca08n232b14ue48lbye/gradle-3.5/lib/plugins/xbean-reflect-3.4.jar
7fb0a008e000-7fb0a009a000 r--s 0007d000 08:07 5251782                    /home/sadiq/.gradle/wrapper/dists/gradle-3.5-all/exhrs6ca08n232b14ue48lbye/gradle-3.5/lib/plugins/maven-core-3.0.4.jar
7fb0a009a000-7fb0a009f000 r--s 00034000 08:07 5251788                    /home/sadiq/.gradle/wrapper/dists/gradle-3.5-all/exhrs6ca08n232b14ue48lbye/gradle-3.5/lib/plugins/gson-2.7.jar
7fb0a009f000-7fb0a00ae000 r--s 000d9000 08:07 5251805                    /home/sadiq/.gradle/wrapper/dists/gradle-3.5-all/exhrs6ca08n232b14ue48lbye/gradle-3.5/lib/plugins/ivy-2.2.0.jar
7fb0a00ae000-7fb0a00cf000 r--s 00106000 08:07 5251771                    /home/sadiq/.gradle/wrapper/dists/gradle-3.5-all/exhrs6ca08n232b14ue48lbye/gradle-3.5/lib/plugins/gradle-dependency-management-3.5.jar
7fb0a00cf000-7fb0a00d1000 r--s 00007000 08:07 5251770                    /home/sadiq/.gradle/wrapper/dists/gradle-3.5-all/exhrs6ca08n232b14ue48lbye/gradle-3.5/lib/plugins/gradle-workers-3.5.jar
7fb0a00d1000-7fb0a00e8000 r-xp 00000000 08:07 2883946                    /opt/android-studio/jre/jre/lib/amd64/libnet.so
7fb0a00e8000-7fb0a02e7000 ---p 00017000 08:07 2883946                    /opt/android-studio/jre/jre/lib/amd64/libnet.so
7fb0a02e7000-7fb0a02e8000 r--p 00016000 08:07 2883946                    /opt/android-studio/jre/jre/lib/amd64/libnet.so
7fb0a02e8000-7fb0a02e9000 rw-p 00017000 08:07 2883946                    /opt/android-studio/jre/jre/lib/amd64/libnet.so
7fb0a02e9000-7fb0a02ea000 r--s 00006000 08:07 5251674                    /home/sadiq/.gradle/wrapper/dists/gradle-3.5-all/exhrs6ca08n232b14ue48lbye/gradle-3.5/lib/gradle-wrapper-3.5.jar
7fb0a02ea000-7fb0a02f8000 r--s 00043000 08:07 5251681                    /home/sadiq/.gradle/wrapper/dists/gradle-3.5-all/exhrs6ca08n232b14ue48lbye/gradle-3.5/lib/gradle-tooling-api-3.5.jar
7fb0a02f8000-7fb0a02fa000 r--s 00002000 08:07 5251702                    /home/sadiq/.gradle/wrapper/dists/gradle-3.5-all/exhrs6ca08n232b14ue48lbye/gradle-3.5/lib/gradle-open-api-3.5.jar
7fb0a02fa000-7fb0a0300000 r--s 00032000 08:07 5251704                    /home/sadiq/.gradle/wrapper/dists/gradle-3.5-all/exhrs6ca08n232b14ue48lbye/gradle-3.5/lib/jaxen-1.1.jar
7fb0a0300000-7fb0a0305000 r--s 00048000 08:07 5251703                    /home/sadiq/.gradle/wrapper/dists/gradle-3.5-all/exhrs6ca08n232b14ue48lbye/gradle-3.5/lib/dom4j-1.6.1.jar
7fb0a0305000-7fb0a0310000 r--s 00059000 08:07 5251680                    /home/sadiq/.gradle/wrapper/dists/gradle-3.5-all/exhrs6ca08n232b14ue48lbye/gradle-3.5/lib/gradle-ui-3.5.jar
7fb0a0310000-7fb0a031e000 r--s 000cb000 08:07 5251671                    /home/sadiq/.gradle/wrapper/dists/gradle-3.5-all/exhrs6ca08n232b14ue48lbye/gradle-3.5/lib/kotlin-stdlib-1.1.0.jar
7fb0a031e000-7fb0a0355000 r--s 00284000 08:07 5251670                    /home/sadiq/.gradle/wrapper/dists/gradle-3.5-all/exhrs6ca08n232b14ue48lbye/gradle-3.5/lib/kotlin-reflect-1.1.0.jar
7fb0a0355000-7fb0a051a000 r--s 017fb000 08:07 5251669                    /home/sadiq/.gradle/wrapper/dists/gradle-3.5-all/exhrs6ca08n232b14ue48lbye/gradle-3.5/lib/kotlin-compiler-embeddable-1.1.0.jar
7fb0a051a000-7fb0a051c000 r--s 00003000 08:07 5251667                    /home/sadiq/.gradle/wrapper/dists/gradle-3.5-all/exhrs6ca08n232b14ue48lbye/gradle-3.5/lib/annotations-13.0.jar
7fb0a051c000-7fb0a0524000 r--s 00055000 08:07 5251668                    /home/sadiq/.gradle/wrapper/dists/gradle-3.5-all/exhrs6ca08n232b14ue48lbye/gradle-3.5/lib/gradle-script-kotlin-0.8.0.jar
7fb0a0524000-7fb0a0527000 r--s 0000b000 08:07 5251690                    /home/sadiq/.gradle/wrapper/dists/gradle-3.5-all/exhrs6ca08n232b14ue48lbye/gradle-3.5/lib/gradle-resources-3.5.jar
7fb0a0527000-7fb0a0529000 r--s 00005000 08:07 5251679                    /home/sadiq/.gradle/wrapper/dists/gradle-3.5-all/exhrs6ca08n232b14ue48lbye/gradle-3.5/lib/gradle-cli-3.5.jar
7fb0a0529000-7fb0a052b000 r--s 00003000 08:07 5251708                    /home/sadiq/.gradle/wrapper/dists/gradle-3.5-all/exhrs6ca08n232b14ue48lbye/gradle-3.5/lib/jcl-over-slf4j-1.7.10.jar
7fb0a052b000-7fb0a052c000 r--s 00005000 08:07 5251707                    /home/sadiq/.gradle/wrapper/dists/gradle-3.5-all/exhrs6ca08n232b14ue48lbye/gradle-3.5/lib/log4j-over-slf4j-1.7.10.jar
7fb0a052c000-7fb0a052e000 r--s 00000000 08:07 5251706                    /home/sadiq/.gradle/wrapper/dists/gradle-3.5-all/exhrs6ca08n232b14ue48lbye/gradle-3.5/lib/jul-to-slf4j-1.7.10.jar
7fb0a052e000-7fb0a0535000 r--s 00027000 08:07 5251683                    /home/sadiq/.gradle/wrapper/dists/gradle-3.5-all/exhrs6ca08n232b14ue48lbye/gradle-3.5/lib/gradle-logging-3.5.jar
7fb0a0535000-7fb0a0544000 r--s 0007f000 08:07 5251691                    /home/sadiq/.gradle/wrapper/dists/gradle-3.5-all/exhrs6ca08n232b14ue48lbye/gradle-3.5/lib/gradle-model-core-3.5.jar
7fb0a0544000-7fb0a0546000 r--s 00006000 08:07 5251688                    /home/sadiq/.gradle/wrapper/dists/gradle-3.5-all/exhrs6ca08n232b14ue48lbye/gradle-3.5/lib/gradle-base-services-groovy-3.5.jar
7fb0a0546000-7fb0a0548000 r--s 00007000 08:07 5251696                    /home/sadiq/.gradle/wrapper/dists/gradle-3.5-all/exhrs6ca08n232b14ue48lbye/gradle-3.5/lib/gradle-model-groovy-3.5.jar
7fb0a0548000-7fb0a0549000 r--s 00002000 08:07 5251701                    /home/sadiq/.gradle/wrapper/dists/gradle-3.5-all/exhrs6ca08n232b14ue48lbye/gradle-3.5/lib/gradle-docs-3.5.jar
7fb0a0549000-7fb0a054a000 r--s 00000000 08:07 5251699                    /home/sadiq/.gradle/wrapper/dists/gradle-3.5-all/exhrs6ca08n232b14ue48lbye/gradle-3.5/lib/jcip-annotations-1.0.jar
7fb0a054a000-7fb0a0557000 r--s 00083000 08:07 5251697                    /home/sadiq/.gradle/wrapper/dists/gradle-3.5-all/exhrs6ca08n232b14ue48lbye/gradle-3.5/lib/commons-collections-3.2.2.jar
7fb0a0557000-7fb0a0558000 r--s 00000000 08:07 5251695                    /home/sadiq/.gradle/wrapper/dists/gradle-3.5-all/exhrs6ca08n232b14ue48lbye/gradle-3.5/lib/javax.inject-1.jar
7fb0a0558000-7fb0a05c8000 r--s 00645000 08:07 5251692                    /home/sadiq/.gradle/wrapper/dists/gradle-3.5-all/exhrs6ca08n232b14ue48lbye/gradle-3.5/lib/groovy-all-2.4.10.jar
7fb0a05c8000-7fb0a05c9000 r--s 00001000 08:07 5251724                    /home/sadiq/.gradle/wrapper/dists/gradle-3.5-all/exhrs6ca08n232b14ue48lbye/gradle-3.5/lib/native-platform-linux-i386-ncurses6-0.14.jar
7fb0a05c9000-7fb0a05ca000 r--s 00001000 08:07 5251723                    /home/sadiq/.gradle/wrapper/dists/gradle-3.5-all/exhrs6ca08n232b14ue48lbye/gradle-3.5/lib/native-platform-linux-i386-ncurses5-0.14.jar
7fb0a05ca000-7fb0a05cb000 r--s 00001000 08:07 5251722                    /home/sadiq/.gradle/wrapper/dists/gradle-3.5-all/exhrs6ca08n232b14ue48lbye/gradle-3.5/lib/native-platform-linux-amd64-ncurses6-0.14.jar
7fb0a05cb000-7fb0a05cc000 r--s 00001000 08:07 5251721                    /home/sadiq/.gradle/wrapper/dists/gradle-3.5-all/exhrs6ca08n232b14ue48lbye/gradle-3.5/lib/native-platform-linux-amd64-ncurses5-0.14.jar
7fb0a05cc000-7fb0a05cd000 r--s 0000b000 08:07 5251720                    /home/sadiq/.gradle/wrapper/dists/gradle-3.5-all/exhrs6ca08n232b14ue48lbye/gradle-3.5/lib/native-platform-windows-i386-0.14.jar
7fb0a05cd000-7fb0a05cf000 r--s 0000b000 08:07 5251719                    /home/sadiq/.gradle/wrapper/dists/gradle-3.5-all/exhrs6ca08n232b14ue48lbye/gradle-3.5/lib/native-platform-windows-amd64-0.14.jar
7fb0a05cf000-7fb0a05d0000 r--s 00003000 08:07 5251718                    /home/sadiq/.gradle/wrapper/dists/gradle-3.5-all/exhrs6ca08n232b14ue48lbye/gradle-3.5/lib/native-platform-osx-i386-0.14.jar
7fb0a05d0000-7fb0a05d2000 r--s 00002000 08:07 5251717                    /home/sadiq/.gradle/wrapper/dists/gradle-3.5-all/exhrs6ca08n232b14ue48lbye/gradle-3.5/lib/native-platform-osx-amd64-0.14.jar
7fb0a05d2000-7fb0a05d3000 ---p 00000000 00:00 0 
7fb0a05d3000-7fb0a06d3000 rw-p 00000000 00:00 0 
7fb0a06d3000-7fb0a06d6000 ---p 00000000 00:00 0 
7fb0a06d6000-7fb0a07d4000 rw-p 00000000 00:00 0 
7fb0a07d4000-7fb0a07d7000 ---p 00000000 00:00 0 
7fb0a07d7000-7fb0a08d5000 rw-p 00000000 00:00 0 
7fb0a08d5000-7fb0a08d8000 ---p 00000000 00:00 0 
7fb0a08d8000-7fb0a09d6000 rw-p 00000000 00:00 0 
7fb0a09d6000-7fb0a09d9000 ---p 00000000 00:00 0 
7fb0a09d9000-7fb0a0ad7000 rw-p 00000000 00:00 0 
7fb0a0ad7000-7fb0a0ada000 ---p 00000000 00:00 0 
7fb0a0ada000-7fb0a0bd8000 rw-p 00000000 00:00 0 
7fb0a0bd8000-7fb0a0eff000 r--p 00000000 08:07 4590299                    /usr/lib/locale/locale-archive
7fb0a0eff000-7fb0a0f02000 ---p 00000000 00:00 0 
7fb0a0f02000-7fb0a4000000 rw-p 00000000 00:00 0 
7fb0a4000000-7fb0a404b000 rw-p 00000000 00:00 0 
7fb0a404b000-7fb0a8000000 ---p 00000000 00:00 0 
7fb0a8000000-7fb0a8001000 r--s 00002000 08:07 5251716                    /home/sadiq/.gradle/wrapper/dists/gradle-3.5-all/exhrs6ca08n232b14ue48lbye/gradle-3.5/lib/native-platform-linux-i386-0.14.jar
7fb0a8001000-7fb0a8002000 r--s 00002000 08:07 5251715                    /home/sadiq/.gradle/wrapper/dists/gradle-3.5-all/exhrs6ca08n232b14ue48lbye/gradle-3.5/lib/native-platform-linux-amd64-0.14.jar
7fb0a8002000-7fb0a8003000 r--s 00003000 08:07 5251714                    /home/sadiq/.gradle/wrapper/dists/gradle-3.5-all/exhrs6ca08n232b14ue48lbye/gradle-3.5/lib/native-platform-freebsd-i386-libstdcpp-0.14.jar
7fb0a8003000-7fb0a8004000 r--s 00004000 08:07 5251713                    /home/sadiq/.gradle/wrapper/dists/gradle-3.5-all/exhrs6ca08n232b14ue48lbye/gradle-3.5/lib/native-platform-freebsd-i386-libcpp-0.14.jar
7fb0a8004000-7fb0a8005000 r--s 00004000 08:07 5251712                    /home/sadiq/.gradle/wrapper/dists/gradle-3.5-all/exhrs6ca08n232b14ue48lbye/gradle-3.5/lib/native-platform-freebsd-amd64-libstdcpp-0.14.jar
7fb0a8005000-7fb0a802d000 r--s 001cf000 08:07 5251685                    /home/sadiq/.gradle/wrapper/dists/gradle-3.5-all/exhrs6ca08n232b14ue48lbye/gradle-3.5/lib/guava-jdk5-17.0.jar
7fb0a802d000-7fb0a804c000 r--s 001d1000 08:07 5251694                    /home/sadiq/.gradle/wrapper/dists/gradle-3.5-all/exhrs6ca08n232b14ue48lbye/gradle-3.5/lib/ant-1.9.6.jar
7fb0a804c000-7fb0a808e000 r--s 00220000 08:07 5251678                    /home/sadiq/.gradle/wrapper/dists/gradle-3.5-all/exhrs6ca08n232b14ue48lbye/gradle-3.5/lib/gradle-core-3.5.jar
7fb0a808e000-7fb0a8091000 ---p 00000000 00:00 0 
7fb0a8091000-7fb0a818f000 rw-p 00000000 00:00 0 
7fb0a818f000-7fb0a8190000 ---p 00000000 00:00 0 
7fb0a8190000-7fb0a9000000 rw-p 00000000 00:00 0 
7fb0a9000000-7fb0aade0000 rwxp 00000000 00:00 0 
7fb0aade0000-7fb0b8000000 ---p 00000000 00:00 0 
7fb0b8000000-7fb0b8d0f000 rw-p 00000000 00:00 0 
7fb0b8d0f000-7fb0bc000000 ---p 00000000 00:00 0 
7fb0bc000000-7fb0bc003000 r--s 00023000 08:07 5251705                    /home/sadiq/.gradle/wrapper/dists/gradle-3.5-all/exhrs6ca08n232b14ue48lbye/gradle-3.5/lib/jansi-1.14.jar
7fb0bc003000-7fb0bc007000 r--s 00027000 08:07 5251698                    /home/sadiq/.gradle/wrapper/dists/gradle-3.5-all/exhrs6ca08n232b14ue48lbye/gradle-3.5/lib/commons-io-2.2.jar
7fb0bc007000-7fb0bc00b000 r--s 00012000 08:07 5251700                    /home/sadiq/.gradle/wrapper/dists/gradle-3.5-all/exhrs6ca08n232b14ue48lbye/gradle-3.5/lib/native-platform-0.14.jar
7fb0bc00b000-7fb0bc00e000 r--s 0000c000 08:07 5251682                    /home/sadiq/.gradle/wrapper/dists/gradle-3.5-all/exhrs6ca08n232b14ue48lbye/gradle-3.5/lib/gradle-native-3.5.jar
7fb0bc00e000-7fb0bc010000 r--s 00007000 08:07 5251727                    /home/sadiq/.gradle/wrapper/dists/gradle-3.5-all/exhrs6ca08n232b14ue48lbye/gradle-3.5/lib/objenesis-1.2.jar
7fb0bc010000-7fb0bc012000 r--s 00000000 08:07 5251726                    /home/sadiq/.gradle/wrapper/dists/gradle-3.5-all/exhrs6ca08n232b14ue48lbye/gradle-3.5/lib/minlog-1.2.jar
7fb0bc012000-7fb0bc014000 r--s 0000f000 08:07 5251725                    /home/sadiq/.gradle/wrapper/dists/gradle-3.5-all/exhrs6ca08n232b14ue48lbye/gradle-3.5/lib/reflectasm-1.07-shaded.jar
7fb0bc014000-7fb0bc019000 r--s 00038000 08:07 5251693                    /home/sadiq/.gradle/wrapper/dists/gradle-3.5-all/exhrs6ca08n232b14ue48lbye/gradle-3.5/lib/asm-all-5.1.jar
7fb0bc019000-7fb0bc28a000 rw-p 00000000 00:00 0 
7fb0bc28a000-7fb0bc459000 r--s 03c1b000 08:07 2883916                    /opt/android-studio/jre/jre/lib/rt.jar
7fb0bc459000-7fb0bcfcf000 rw-p 00000000 00:00 0 
7fb0bcfcf000-7fb0bcfd0000 ---p 00000000 00:00 0 
7fb0bcfd0000-7fb0bd0d0000 rw-p 00000000 00:00 0 
7fb0bd0d0000-7fb0bd0d1000 ---p 00000000 00:00 0 
7fb0bd0d1000-7fb0bd1d1000 rw-p 00000000 00:00 0 
7fb0bd1d1000-7fb0bd1d2000 ---p 00000000 00:00 0 
7fb0bd1d2000-7fb0bd2d2000 rw-p 00000000 00:00 0 
7fb0bd2d2000-7fb0bd2d3000 ---p 00000000 00:00 0 
7fb0bd2d3000-7fb0bd46b000 rw-p 00000000 00:00 0 
7fb0bd46b000-7fb0bd5d3000 ---p 00000000 00:00 0 
7fb0bd5d3000-7fb0bd66b000 rw-p 00000000 00:00 0 
7fb0bd66b000-7fb0bd7d3000 ---p 00000000 00:00 0 
7fb0bd7d3000-7fb0bd8c3000 rw-p 00000000 00:00 0 
7fb0bd8c3000-7fb0bd8d3000 ---p 00000000 00:00 0 
7fb0bd8d3000-7fb0bd94c000 rw-p 00000000 00:00 0 
7fb0bd94c000-7fb0bdc94000 ---p 00000000 00:00 0 
7fb0bdc94000-7fb0bdcae000 r-xp 00000000 08:07 2883943                    /opt/android-studio/jre/jre/lib/amd64/libzip.so
7fb0bdcae000-7fb0bdeae000 ---p 0001a000 08:07 2883943                    /opt/android-studio/jre/jre/lib/amd64/libzip.so
7fb0bdeae000-7fb0bdeaf000 r--p 0001a000 08:07 2883943                    /opt/android-studio/jre/jre/lib/amd64/libzip.so
7fb0bdeaf000-7fb0bdeb0000 rw-p 0001b000 08:07 2883943                    /opt/android-studio/jre/jre/lib/amd64/libzip.so
7fb0bdeb0000-7fb0bdebb000 r-xp 00000000 08:07 3801178                    /lib/x86_64-linux-gnu/libnss_files-2.23.so
7fb0bdebb000-7fb0be0ba000 ---p 0000b000 08:07 3801178                    /lib/x86_64-linux-gnu/libnss_files-2.23.so
7fb0be0ba000-7fb0be0bb000 r--p 0000a000 08:07 3801178                    /lib/x86_64-linux-gnu/libnss_files-2.23.so
7fb0be0bb000-7fb0be0bc000 rw-p 0000b000 08:07 3801178                    /lib/x86_64-linux-gnu/libnss_files-2.23.so
7fb0be0bc000-7fb0be0c2000 rw-p 00000000 00:00 0 
7fb0be0c2000-7fb0be0cd000 r-xp 00000000 08:07 3801171                    /lib/x86_64-linux-gnu/libnss_nis-2.23.so
7fb0be0cd000-7fb0be2cc000 ---p 0000b000 08:07 3801171                    /lib/x86_64-linux-gnu/libnss_nis-2.23.so
7fb0be2cc000-7fb0be2cd000 r--p 0000a000 08:07 3801171                    /lib/x86_64-linux-gnu/libnss_nis-2.23.so
7fb0be2cd000-7fb0be2ce000 rw-p 0000b000 08:07 3801171                    /lib/x86_64-linux-gnu/libnss_nis-2.23.so
7fb0be2ce000-7fb0be2e4000 r-xp 00000000 08:07 3801173                    /lib/x86_64-linux-gnu/libnsl-2.23.so
7fb0be2e4000-7fb0be4e3000 ---p 00016000 08:07 3801173                    /lib/x86_64-linux-gnu/libnsl-2.23.so
7fb0be4e3000-7fb0be4e4000 r--p 00015000 08:07 3801173                    /lib/x86_64-linux-gnu/libnsl-2.23.so
7fb0be4e4000-7fb0be4e5000 rw-p 00016000 08:07 3801173                    /lib/x86_64-linux-gnu/libnsl-2.23.so
7fb0be4e5000-7fb0be4e7000 rw-p 00000000 00:00 0 
7fb0be4e7000-7fb0be4ef000 r-xp 00000000 08:07 3801180                    /lib/x86_64-linux-gnu/libnss_compat-2.23.so
7fb0be4ef000-7fb0be6ee000 ---p 00008000 08:07 3801180                    /lib/x86_64-linux-gnu/libnss_compat-2.23.so
7fb0be6ee000-7fb0be6ef000 r--p 00007000 08:07 3801180                    /lib/x86_64-linux-gnu/libnss_compat-2.23.so
7fb0be6ef000-7fb0be6f0000 rw-p 00008000 08:07 3801180                    /lib/x86_64-linux-gnu/libnss_compat-2.23.so
7fb0be6f0000-7fb0be71d000 r-xp 00000000 08:07 2883953                    /opt/android-studio/jre/jre/lib/amd64/libjava.so
7fb0be71d000-7fb0be91c000 ---p 0002d000 08:07 2883953                    /opt/android-studio/jre/jre/lib/amd64/libjava.so
7fb0be91c000-7fb0be91d000 r--p 0002c000 08:07 2883953                    /opt/android-studio/jre/jre/lib/amd64/libjava.so
7fb0be91d000-7fb0be91f000 rw-p 0002d000 08:07 2883953                    /opt/android-studio/jre/jre/lib/amd64/libjava.so
7fb0be91f000-7fb0be92f000 r-xp 00000000 08:07 2883969                    /opt/android-studio/jre/jre/lib/amd64/libverify.so
7fb0be92f000-7fb0beb2e000 ---p 00010000 08:07 2883969                    /opt/android-studio/jre/jre/lib/amd64/libverify.so
7fb0beb2e000-7fb0beb30000 r--p 0000f000 08:07 2883969                    /opt/android-studio/jre/jre/lib/amd64/libverify.so
7fb0beb30000-7fb0beb31000 rw-p 00011000 08:07 2883969                    /opt/android-studio/jre/jre/lib/amd64/libverify.so
7fb0beb31000-7fb0beb38000 r-xp 00000000 08:07 3801181                    /lib/x86_64-linux-gnu/librt-2.23.so
7fb0beb38000-7fb0bed37000 ---p 00007000 08:07 3801181                    /lib/x86_64-linux-gnu/librt-2.23.so
7fb0bed37000-7fb0bed38000 r--p 00006000 08:07 3801181                    /lib/x86_64-linux-gnu/librt-2.23.so
7fb0bed38000-7fb0bed39000 rw-p 00007000 08:07 3801181                    /lib/x86_64-linux-gnu/librt-2.23.so
7fb0bed39000-7fb0bee41000 r-xp 00000000 08:07 3801172                    /lib/x86_64-linux-gnu/libm-2.23.so
7fb0bee41000-7fb0bf040000 ---p 00108000 08:07 3801172                    /lib/x86_64-linux-gnu/libm-2.23.so
7fb0bf040000-7fb0bf041000 r--p 00107000 08:07 3801172                    /lib/x86_64-linux-gnu/libm-2.23.so
7fb0bf041000-7fb0bf042000 rw-p 00108000 08:07 3801172                    /lib/x86_64-linux-gnu/libm-2.23.so
7fb0bf042000-7fb0bfc33000 r-xp 00000000 08:07 2883973                    /opt/android-studio/jre/jre/lib/amd64/server/libjvm.so
7fb0bfc33000-7fb0bfe33000 ---p 00bf1000 08:07 2883973                    /opt/android-studio/jre/jre/lib/amd64/server/libjvm.so
7fb0bfe33000-7fb0bfed2000 r--p 00bf1000 08:07 2883973                    /opt/android-studio/jre/jre/lib/amd64/server/libjvm.so
7fb0bfed2000-7fb0bfefb000 rw-p 00c90000 08:07 2883973                    /opt/android-studio/jre/jre/lib/amd64/server/libjvm.so
7fb0bfefb000-7fb0bff3f000 rw-p 00000000 00:00 0 
7fb0bff3f000-7fb0bff57000 r-xp 00000000 08:07 3801185                    /lib/x86_64-linux-gnu/libpthread-2.23.so
7fb0bff57000-7fb0c0156000 ---p 00018000 08:07 3801185                    /lib/x86_64-linux-gnu/libpthread-2.23.so
7fb0c0156000-7fb0c0157000 r--p 00017000 08:07 3801185                    /lib/x86_64-linux-gnu/libpthread-2.23.so
7fb0c0157000-7fb0c0158000 rw-p 00018000 08:07 3801185                    /lib/x86_64-linux-gnu/libpthread-2.23.so
7fb0c0158000-7fb0c015c000 rw-p 00000000 00:00 0 
7fb0c015c000-7fb0c015f000 r-xp 00000000 08:07 3801113                    /lib/x86_64-linux-gnu/libdl-2.23.so
7fb0c015f000-7fb0c035e000 ---p 00003000 08:07 3801113                    /lib/x86_64-linux-gnu/libdl-2.23.so
7fb0c035e000-7fb0c035f000 r--p 00002000 08:07 3801113                    /lib/x86_64-linux-gnu/libdl-2.23.so
7fb0c035f000-7fb0c0360000 rw-p 00003000 08:07 3801113                    /lib/x86_64-linux-gnu/libdl-2.23.so
7fb0c0360000-7fb0c051f000 r-xp 00000000 08:07 3801174                    /lib/x86_64-linux-gnu/libc-2.23.so
7fb0c051f000-7fb0c071f000 ---p 001bf000 08:07 3801174                    /lib/x86_64-linux-gnu/libc-2.23.so
7fb0c071f000-7fb0c0723000 r--p 001bf000 08:07 3801174                    /lib/x86_64-linux-gnu/libc-2.23.so
7fb0c0723000-7fb0c0725000 rw-p 001c3000 08:07 3801174                    /lib/x86_64-linux-gnu/libc-2.23.so
7fb0c0725000-7fb0c0729000 rw-p 00000000 00:00 0 
7fb0c0729000-7fb0c073f000 r-xp 00000000 08:07 2883833                    /opt/android-studio/jre/lib/amd64/jli/libjli.so
7fb0c073f000-7fb0c093e000 ---p 00016000 08:07 2883833                    /opt/android-studio/jre/lib/amd64/jli/libjli.so
7fb0c093e000-7fb0c093f000 r--p 00015000 08:07 2883833                    /opt/android-studio/jre/lib/amd64/jli/libjli.so
7fb0c093f000-7fb0c0940000 rw-p 00016000 08:07 2883833                    /opt/android-studio/jre/lib/amd64/jli/libjli.so
7fb0c0940000-7fb0c0966000 r-xp 00000000 08:07 3801175                    /lib/x86_64-linux-gnu/ld-2.23.so
7fb0c0966000-7fb0c0967000 r--s 00004000 08:07 5251711                    /home/sadiq/.gradle/wrapper/dists/gradle-3.5-all/exhrs6ca08n232b14ue48lbye/gradle-3.5/lib/native-platform-freebsd-amd64-libcpp-0.14.jar
7fb0c0967000-7fb0c096b000 r--s 00026000 08:07 5251709                    /home/sadiq/.gradle/wrapper/dists/gradle-3.5-all/exhrs6ca08n232b14ue48lbye/gradle-3.5/lib/kryo-2.20.jar
7fb0c096b000-7fb0c0972000 r--s 0002a000 08:07 5251689                    /home/sadiq/.gradle/wrapper/dists/gradle-3.5-all/exhrs6ca08n232b14ue48lbye/gradle-3.5/lib/gradle-messaging-3.5.jar
7fb0c0972000-7fb0c0974000 r--s 00006000 08:07 5251687                    /home/sadiq/.gradle/wrapper/dists/gradle-3.5-all/exhrs6ca08n232b14ue48lbye/gradle-3.5/lib/gradle-process-services-3.5.jar
7fb0c0974000-7fb0c0976000 r--s 00000000 08:07 5251677                    /home/sadiq/.gradle/wrapper/dists/gradle-3.5-all/exhrs6ca08n232b14ue48lbye/gradle-3.5/lib/gradle-jvm-services-3.5.jar
7fb0c0976000-7fb0c097f000 r--s 00047000 08:07 5251676                    /home/sadiq/.gradle/wrapper/dists/gradle-3.5-all/exhrs6ca08n232b14ue48lbye/gradle-3.5/lib/gradle-base-services-3.5.jar
7fb0c097f000-7fb0c0a41000 rw-p 00000000 00:00 0 
7fb0c0a41000-7fb0c0a44000 ---p 00000000 00:00 0 
7fb0c0a44000-7fb0c0b46000 rw-p 00000000 00:00 0 
7fb0c0b46000-7fb0c0b47000 r--s 00000000 08:07 5251842                    /home/sadiq/.gradle/wrapper/dists/gradle-3.5-all/exhrs6ca08n232b14ue48lbye/gradle-3.5/lib/gradle-version-info-3.5.jar
7fb0c0b47000-7fb0c0b4c000 r--s 00041000 08:07 5251686                    /home/sadiq/.gradle/wrapper/dists/gradle-3.5-all/exhrs6ca08n232b14ue48lbye/gradle-3.5/lib/commons-lang-2.6.jar
7fb0c0b4c000-7fb0c0b4d000 r--s 00007000 08:07 5251684                    /home/sadiq/.gradle/wrapper/dists/gradle-3.5-all/exhrs6ca08n232b14ue48lbye/gradle-3.5/lib/slf4j-api-1.7.10.jar
7fb0c0b4d000-7fb0c0b4e000 r--s 00004000 08:07 5251710                    /home/sadiq/.gradle/wrapper/dists/gradle-3.5-all/exhrs6ca08n232b14ue48lbye/gradle-3.5/lib/ant-launcher-1.9.6.jar
7fb0c0b4e000-7fb0c0b59000 r--s 0005b000 08:07 5251672                    /home/sadiq/.gradle/wrapper/dists/gradle-3.5-all/exhrs6ca08n232b14ue48lbye/gradle-3.5/lib/gradle-launcher-3.5.jar
7fb0c0b59000-7fb0c0b61000 rw-s 00000000 08:07 3022748                    /tmp/hsperfdata_sadiq/29959
7fb0c0b61000-7fb0c0b62000 rw-p 00000000 00:00 0 
7fb0c0b62000-7fb0c0b63000 ---p 00000000 00:00 0 
7fb0c0b63000-7fb0c0b65000 rw-p 00000000 00:00 0 
7fb0c0b65000-7fb0c0b66000 r--p 00025000 08:07 3801175                    /lib/x86_64-linux-gnu/ld-2.23.so
7fb0c0b66000-7fb0c0b67000 rw-p 00026000 08:07 3801175                    /lib/x86_64-linux-gnu/ld-2.23.so
7fb0c0b67000-7fb0c0b68000 rw-p 00000000 00:00 0 
7fff86292000-7fff862b3000 rw-p 00000000 00:00 0                          [stack]
7fff862ec000-7fff862ee000 r--p 00000000 00:00 0                          [vvar]
7fff862ee000-7fff862f0000 r-xp 00000000 00:00 0                          [vdso]
ffffffffff600000-ffffffffff601000 r-xp 00000000 00:00 0                  [vsyscall]

VM Arguments:
jvm_args: -Xmx1536m -Dfile.encoding=UTF-8 -Duser.country=US -Duser.language=en -Duser.variant 
java_command: org.gradle.launcher.daemon.bootstrap.GradleDaemon 3.5
java_class_path (initial): /home/sadiq/.gradle/wrapper/dists/gradle-3.5-all/exhrs6ca08n232b14ue48lbye/gradle-3.5/lib/gradle-launcher-3.5.jar
Launcher Type: SUN_STANDARD

Environment Variables:
JAVA_HOME=/usr/lib/jvm/java-8-oracle
PATH=/home/sadiq/bin:/home/sadiq/.local/bin:/usr/local/sbin:/usr/local/bin:/usr/sbin:/usr/bin:/sbin:/bin:/usr/games:/usr/local/games:/snap/bin:/usr/lib/jvm/java-8-oracle/bin:/usr/lib/jvm/java-8-oracle/db/bin:/usr/lib/jvm/java-8-oracle/jre/bin
LD_LIBRARY_PATH=/opt/android-studio/bin:
SHELL=/bin/bash
DISPLAY=:0

Signal Handlers:
SIGSEGV: [libjvm.so+0x9e5150], sa_mask[0]=11111111011111111101111111111110, sa_flags=SA_RESTART|SA_SIGINFO
SIGBUS: [libjvm.so+0x9e5150], sa_mask[0]=11111111011111111101111111111110, sa_flags=SA_RESTART|SA_SIGINFO
SIGFPE: [libjvm.so+0x848450], sa_mask[0]=11111111011111111101111111111110, sa_flags=SA_RESTART|SA_SIGINFO
SIGPIPE: [libjvm.so+0x848450], sa_mask[0]=11111111011111111101111111111110, sa_flags=SA_RESTART|SA_SIGINFO
SIGXFSZ: [libjvm.so+0x848450], sa_mask[0]=11111111011111111101111111111110, sa_flags=SA_RESTART|SA_SIGINFO
SIGILL: [libjvm.so+0x848450], sa_mask[0]=11111111011111111101111111111110, sa_flags=SA_RESTART|SA_SIGINFO
SIGUSR1: SIG_DFL, sa_mask[0]=00000000000000000000000000000000, sa_flags=none
SIGUSR2: [libjvm.so+0x848320], sa_mask[0]=00100000000000000000000000000000, sa_flags=SA_RESTART|SA_SIGINFO
SIGHUP: [libjvm.so+0x848510], sa_mask[0]=11111111011111111101111111111110, sa_flags=SA_RESTART|SA_SIGINFO
SIGINT: [libjvm.so+0x848510], sa_mask[0]=11111111011111111101111111111110, sa_flags=SA_RESTART|SA_SIGINFO
SIGTERM: [libjvm.so+0x848510], sa_mask[0]=11111111011111111101111111111110, sa_flags=SA_RESTART|SA_SIGINFO
SIGQUIT: [libjvm.so+0x848510], sa_mask[0]=11111111011111111101111111111110, sa_flags=SA_RESTART|SA_SIGINFO


---------------  S Y S T E M  ---------------

OS:DISTRIB_ID=Ubuntu
DISTRIB_RELEASE=16.04
DISTRIB_CODENAME=xenial
DISTRIB_DESCRIPTION="Ubuntu 16.04.2 LTS"

uname:Linux 4.8.0-52-generic #55~16.04.1-Ubuntu SMP Fri Apr 28 14:36:29 UTC 2017 x86_64
libc:glibc 2.23 NPTL 2.23 
rlimit: STACK 8192k, CORE 0k, NPROC 15350, NOFILE 65536, AS infinity
load average:2.52 2.33 1.83

/proc/meminfo:
MemTotal:        3972364 kB
MemFree:          105756 kB
MemAvailable:      33944 kB
Buffers:            1292 kB
Cached:           218436 kB
SwapCached:            0 kB
Active:          3484580 kB
Inactive:         192392 kB
Active(anon):    3458568 kB
Inactive(anon):   164892 kB
Active(file):      26012 kB
Inactive(file):    27500 kB
Unevictable:          32 kB
Mlocked:              32 kB
SwapTotal:             0 kB
SwapFree:              0 kB
Dirty:               284 kB
Writeback:             0 kB
AnonPages:       3457408 kB
Mapped:            78572 kB
Shmem:            166160 kB
Slab:              85408 kB
SReclaimable:      47800 kB
SUnreclaim:        37608 kB
KernelStack:        9136 kB
PageTables:        34604 kB
NFS_Unstable:          0 kB
Bounce:                0 kB
WritebackTmp:          0 kB
CommitLimit:     1986180 kB
Committed_AS:    6672752 kB
VmallocTotal:   34359738367 kB
VmallocUsed:           0 kB
VmallocChunk:          0 kB
HardwareCorrupted:     0 kB
AnonHugePages:   2183168 kB
ShmemHugePages:        0 kB
ShmemPmdMapped:        0 kB
CmaTotal:              0 kB
CmaFree:               0 kB
HugePages_Total:       0
HugePages_Free:        0
HugePages_Rsvd:        0
HugePages_Surp:        0
Hugepagesize:       2048 kB
DirectMap4k:      162560 kB
DirectMap2M:     3958784 kB
DirectMap1G:     1048576 kB


CPU:total 4 (2 cores per cpu, 2 threads per core) family 6 model 61 stepping 4, cmov, cx8, fxsr, mmx, sse, sse2, sse3, ssse3, sse4.1, sse4.2, popcnt, avx, avx2, aes, clmul, erms, 3dnowpref, lzcnt, ht, tsc, tscinvbit, bmi1, bmi2, adx

/proc/cpuinfo:
processor	: 0
vendor_id	: GenuineIntel
cpu family	: 6
model		: 61
model name	: Intel(R) Core(TM) i5-5200U CPU @ 2.20GHz
stepping	: 4
microcode	: 0x12
cpu MHz		: 2154.345
cache size	: 3072 KB
physical id	: 0
siblings	: 4
core id		: 0
cpu cores	: 2
apicid		: 0
initial apicid	: 0
fpu		: yes
fpu_exception	: yes
cpuid level	: 20
wp		: yes
flags		: fpu vme de pse tsc msr pae mce cx8 apic sep mtrr pge mca cmov pat pse36 clflush dts acpi mmx fxsr sse sse2 ss ht tm pbe syscall nx pdpe1gb rdtscp lm constant_tsc arch_perfmon pebs bts rep_good nopl xtopology nonstop_tsc aperfmperf eagerfpu pni pclmulqdq dtes64 monitor ds_cpl vmx est tm2 ssse3 sdbg fma cx16 xtpr pdcm pcid sse4_1 sse4_2 x2apic movbe popcnt tsc_deadline_timer aes xsave avx f16c rdrand lahf_lm abm 3dnowprefetch epb intel_pt tpr_shadow vnmi flexpriority ept vpid fsgsbase tsc_adjust bmi1 avx2 smep bmi2 erms invpcid rdseed adx smap xsaveopt dtherm ida arat pln pts
bugs		:
bogomips	: 4389.65
clflush size	: 64
cache_alignment	: 64
address sizes	: 39 bits physical, 48 bits virtual
power management:

processor	: 1
vendor_id	: GenuineIntel
cpu family	: 6
model		: 61
model name	: Intel(R) Core(TM) i5-5200U CPU @ 2.20GHz
stepping	: 4
microcode	: 0x12
cpu MHz		: 1120.275
cache size	: 3072 KB
physical id	: 0
siblings	: 4
core id		: 1
cpu cores	: 2
apicid		: 2
initial apicid	: 2
fpu		: yes
fpu_exception	: yes
cpuid level	: 20
wp		: yes
flags		: fpu vme de pse tsc msr pae mce cx8 apic sep mtrr pge mca cmov pat pse36 clflush dts acpi mmx fxsr sse sse2 ss ht tm pbe syscall nx pdpe1gb rdtscp lm constant_tsc arch_perfmon pebs bts rep_good nopl xtopology nonstop_tsc aperfmperf eagerfpu pni pclmulqdq dtes64 monitor ds_cpl vmx est tm2 ssse3 sdbg fma cx16 xtpr pdcm pcid sse4_1 sse4_2 x2apic movbe popcnt tsc_deadline_timer aes xsave avx f16c rdrand lahf_lm abm 3dnowprefetch epb intel_pt tpr_shadow vnmi flexpriority ept vpid fsgsbase tsc_adjust bmi1 avx2 smep bmi2 erms invpcid rdseed adx smap xsaveopt dtherm ida arat pln pts
bugs		:
bogomips	: 4389.65
clflush size	: 64
cache_alignment	: 64
address sizes	: 39 bits physical, 48 bits virtual
power management:

processor	: 2
vendor_id	: GenuineIntel
cpu family	: 6
model		: 61
model name	: Intel(R) Core(TM) i5-5200U CPU @ 2.20GHz
stepping	: 4
microcode	: 0x12
cpu MHz		: 938.061
cache size	: 3072 KB
physical id	: 0
siblings	: 4
core id		: 0
cpu cores	: 2
apicid		: 1
initial apicid	: 1
fpu		: yes
fpu_exception	: yes
cpuid level	: 20
wp		: yes
flags		: fpu vme de pse tsc msr pae mce cx8 apic sep mtrr pge mca cmov pat pse36 clflush dts acpi mmx fxsr sse sse2 ss ht tm pbe syscall nx pdpe1gb rdtscp lm constant_tsc arch_perfmon pebs bts rep_good nopl xtopology nonstop_tsc aperfmperf eagerfpu pni pclmulqdq dtes64 monitor ds_cpl vmx est tm2 ssse3 sdbg fma cx16 xtpr pdcm pcid sse4_1 sse4_2 x2apic movbe popcnt tsc_deadline_timer aes xsave avx f16c rdrand lahf_lm abm 3dnowprefetch epb intel_pt tpr_shadow vnmi flexpriority ept vpid fsgsbase tsc_adjust bmi1 avx2 smep bmi2 erms invpcid rdseed adx smap xsaveopt dtherm ida arat pln pts
bugs		:
bogomips	: 4389.65
clflush size	: 64
cache_alignment	: 64
address sizes	: 39 bits physical, 48 bits virtual
power management:

processor	: 3
vendor_id	: GenuineIntel
cpu family	: 6
model		: 61
model name	: Intel(R) Core(TM) i5-5200U CPU @ 2.20GHz
stepping	: 4
microcode	: 0x12
cpu MHz		: 1760.241
cache size	: 3072 KB
physical id	: 0
siblings	: 4
core id		: 1
cpu cores	: 2
apicid		: 3
initial apicid	: 3
fpu		: yes
fpu_exception	: yes
cpuid level	: 20
wp		: yes
flags		: fpu vme de pse tsc msr pae mce cx8 apic sep mtrr pge mca cmov pat pse36 clflush dts acpi mmx fxsr sse sse2 ss ht tm pbe syscall nx pdpe1gb rdtscp lm constant_tsc arch_perfmon pebs bts rep_good nopl xtopology nonstop_tsc aperfmperf eagerfpu pni pclmulqdq dtes64 monitor ds_cpl vmx est tm2 ssse3 sdbg fma cx16 xtpr pdcm pcid sse4_1 sse4_2 x2apic movbe popcnt tsc_deadline_timer aes xsave avx f16c rdrand lahf_lm abm 3dnowprefetch epb intel_pt tpr_shadow vnmi flexpriority ept vpid fsgsbase tsc_adjust bmi1 avx2 smep bmi2 erms invpcid rdseed adx smap xsaveopt dtherm ida arat pln pts
bugs		:
bogomips	: 4389.65
clflush size	: 64
cache_alignment	: 64
address sizes	: 39 bits physical, 48 bits virtual
power management:



Memory: 4k page, physical 3972364k(105756k free), swap 0k(0k free)

vm_info: OpenJDK 64-Bit Server VM (25.112-b06) for linux-amd64 JRE (1.8.0_112-release-b06), built on Dec  6 2016 12:11:18 by "builder" with gcc 4.8.4

time: Fri Jun  2 22:21:43 2017
elapsed time: 36 seconds (0d 0h 0m 36s)

