#
# There is insufficient memory for the Java Runtime Environment to continue.
# Native memory allocation (mmap) failed to map 222822400 bytes for committing reserved memory.
# Possible reasons:
#   The system is out of physical RAM or swap space
#   In 32 bit mode, the process size limit was hit
# Possible solutions:
#   Reduce memory load on the system
#   Increase physical memory or swap space
#   Check if swap backing store is full
#   Use 64 bit Java on a 64 bit OS
#   Decrease Java heap size (-Xmx/-Xms)
#   Decrease number of Java threads
#   Decrease Java thread stack sizes (-Xss)
#   Set larger code cache with -XX:ReservedCodeCacheSize=
# This output file may be truncated or incomplete.
#
#  Out of Memory Error (os_linux.cpp:2627), pid=14957, tid=0x00007f797a5f0700
#
# JRE version: OpenJDK Runtime Environment (8.0_112-b06) (build 1.8.0_112-release-b06)
# Java VM: OpenJDK 64-Bit Server VM (25.112-b06 mixed mode linux-amd64 compressed oops)
# Failed to write core dump. Core dumps have been disabled. To enable core dumping, try "ulimit -c unlimited" before starting Java again
#

---------------  T H R E A D  ---------------

Current thread (0x00007f7994077800):  VMThread [stack: 0x00007f797a4f0000,0x00007f797a5f1000] [id=14965]

Stack: [0x00007f797a4f0000,0x00007f797a5f1000],  sp=0x00007f797a5ef4d0,  free space=1021k
Native frames: (J=compiled Java code, j=interpreted, Vv=VM code, C=native code)
V  [libjvm.so+0x9e465d]  VMError::report_and_die()+0x15d
V  [libjvm.so+0x4b6ada]  report_vm_out_of_memory(char const*, int, unsigned long, VMErrorType, char const*)+0x8a
V  [libjvm.so+0x84c860]  os::pd_commit_memory(char*, unsigned long, unsigned long, bool)+0xf0
V  [libjvm.so+0x84737f]  os::commit_memory(char*, unsigned long, unsigned long, bool)+0x1f
V  [libjvm.so+0x8bd3db]  PSVirtualSpace::expand_by(unsigned long)+0x5b
V  [libjvm.so+0x8ae1bb]  PSOldGen::expand_by(unsigned long) [clone .part.109]+0x1b
V  [libjvm.so+0x8ae37b]  PSOldGen::expand(unsigned long) [clone .part.111]+0xdb
V  [libjvm.so+0x8aec58]  PSOldGen::resize(unsigned long)+0x188
V  [libjvm.so+0x8b426c]  PSParallelCompact::invoke_no_policy(bool)+0x97c
V  [libjvm.so+0x8bb37d]  PSScavenge::invoke()+0x17d
V  [libjvm.so+0x86fcf3]  ParallelScavengeHeap::failed_mem_allocate(unsigned long)+0x63
V  [libjvm.so+0x9e6124]  VM_ParallelGCFailedAllocation::doit()+0x84
V  [libjvm.so+0x9ea537]  VM_Operation::evaluate()+0x47
V  [libjvm.so+0x9e8ff8]  VMThread::evaluate_operation(VM_Operation*)+0x2c8
V  [libjvm.so+0x9e9479]  VMThread::loop()+0x219
V  [libjvm.so+0x9e98c2]  VMThread::run()+0x72
V  [libjvm.so+0x849c82]  java_start(Thread*)+0xf2

VM_Operation (0x00007f790b9fc3c0): ParallelGCFailedAllocation, mode: safepoint, requested by thread 0x00007f79380aa000


---------------  P R O C E S S  ---------------

Java Threads: ( => current thread )
  0x00007f79380aa000 JavaThread "pool-15-thread-1" [_thread_blocked, id=16394, stack(0x00007f790b8fd000,0x00007f790b9fe000)]
  0x00007f792c05d800 JavaThread "pool-2-thread-4" [_thread_blocked, id=16388, stack(0x00007f790adfa000,0x00007f790aefb000)]
  0x00007f792001e000 JavaThread "process reaper" daemon [_thread_blocked, id=16367, stack(0x00007f797107f000,0x00007f79710b8000)]
  0x00007f792c008000 JavaThread "Cache worker for Java compile cache (/home/sadiq/database/.gradle/3.5/javaCompile)" [_thread_blocked, id=16364, stack(0x00007f79716cb000,0x00007f79717cc000)]
  0x00007f792c0f0000 JavaThread "Cache worker for file content cache (/home/sadiq/database/.gradle/3.5/fileContent)" [_thread_blocked, id=16363, stack(0x00007f79706b8000,0x00007f79707b9000)]
  0x00007f792c006000 JavaThread "Cache worker for task history cache (/home/sadiq/database/.gradle/3.5/taskHistory)" [_thread_blocked, id=16362, stack(0x00007f79731f4000,0x00007f79732f5000)]
  0x00007f792c002800 JavaThread "Stdin handler" [_thread_blocked, id=16356, stack(0x00007f79732f5000,0x00007f79733f6000)]
  0x00007f792c001800 JavaThread "Asynchronous log dispatcher for DefaultDaemonConnection: socket connection from /127.0.0.1:34069 to /127.0.0.1:49468" [_thread_blocked, id=16355, stack(0x00007f790b4fb000,0x00007f790b5fc000)]
  0x00007f7934009800 JavaThread "Daemon worker Thread 4" [_thread_blocked, id=16354, stack(0x00007f79733f6000,0x00007f79734f7000)]
  0x00007f7934007800 JavaThread "Cancel handler" [_thread_blocked, id=16353, stack(0x00007f79734f7000,0x00007f79735f8000)]
  0x00007f7934006000 JavaThread "Handler for socket connection from /127.0.0.1:34069 to /127.0.0.1:49468" [_thread_in_native, id=16352, stack(0x00007f79735f8000,0x00007f79736f9000)]
  0x00007f793c017800 JavaThread "Daemon Thread 4" [_thread_blocked, id=16351, stack(0x00007f79736f9000,0x00007f79737fa000)]
  0x00007f7930e76000 JavaThread "pool-2-thread-3" [_thread_blocked, id=15995, stack(0x00007f79703b7000,0x00007f79704b8000)]
  0x00007f79380a9000 JavaThread "pool-2-thread-2" [_thread_blocked, id=15294, stack(0x00007f790baff000,0x00007f790bc00000)]
  0x00007f79313ed000 JavaThread "pool-2-thread-1" [_thread_blocked, id=15107, stack(0x00007f79700b6000,0x00007f79701b7000)]
  0x00007f7930118800 JavaThread "Memory manager" [_thread_blocked, id=14988, stack(0x00007f79717cc000,0x00007f79718cd000)]
  0x00007f7930c95800 JavaThread "Cache worker for Artifact transforms cache (/home/sadiq/.gradle/caches/transforms-1)" [_thread_blocked, id=14987, stack(0x00007f7972278000,0x00007f7972379000)]
  0x00007f79300d1800 JavaThread "File lock request listener" [_thread_in_native, id=14985, stack(0x00007f7972df2000,0x00007f7972ef3000)]
  0x00007f79300d3800 JavaThread "Cache worker for file hash cache (/home/sadiq/.gradle/caches/3.5/fileHashes)" [_thread_blocked, id=14984, stack(0x00007f7972ef3000,0x00007f7972ff4000)]
  0x00007f7994d2f000 JavaThread "Daemon periodic checks" [_thread_blocked, id=14975, stack(0x00007f79737fa000,0x00007f79738fb000)]
  0x00007f7994cf6800 JavaThread "Incoming local TCP Connector on port 34069" [_thread_in_native, id=14974, stack(0x00007f7973b02000,0x00007f7973c03000)]
  0x00007f79940d2800 JavaThread "Service Thread" daemon [_thread_blocked, id=14972, stack(0x00007f79793da000,0x00007f79794db000)]
  0x00007f79940bd000 JavaThread "C1 CompilerThread2" daemon [_thread_blocked, id=14971, stack(0x00007f79794db000,0x00007f79795dc000)]
  0x00007f79940bb800 JavaThread "C2 CompilerThread1" daemon [_thread_blocked, id=14970, stack(0x00007f79795dc000,0x00007f79796dd000)]
  0x00007f79940b8800 JavaThread "C2 CompilerThread0" daemon [_thread_blocked, id=14969, stack(0x00007f79796dd000,0x00007f79797de000)]
  0x00007f79940b7000 JavaThread "Signal Dispatcher" daemon [_thread_blocked, id=14968, stack(0x00007f79797de000,0x00007f79798df000)]
  0x00007f7994083800 JavaThread "Finalizer" daemon [_thread_blocked, id=14967, stack(0x00007f797a2ee000,0x00007f797a3ef000)]
  0x00007f799407f000 JavaThread "Reference Handler" daemon [_thread_blocked, id=14966, stack(0x00007f797a3ef000,0x00007f797a4f0000)]
  0x00007f799400a000 JavaThread "main" [_thread_blocked, id=14960, stack(0x00007f7999dc4000,0x00007f7999ec5000)]

Other Threads:
=>0x00007f7994077800 VMThread [stack: 0x00007f797a4f0000,0x00007f797a5f1000] [id=14965]
  0x00007f79940d5000 WatcherThread [stack: 0x00007f79792d9000,0x00007f79793da000] [id=14973]

VM state:at safepoint (normal execution)

VM Mutex/Monitor currently owned by a thread:  ([mutex/lock_event])
[0x00007f7994005bd0] ExpandHeap_lock - owner thread: 0x00007f7994077800
[0x00007f7994006250] Threads_lock - owner thread: 0x00007f7994077800
[0x00007f7994006750] Heap_lock - owner thread: 0x00007f79380aa000

Heap:
 PSYoungGen      total 350720K, used 0K [0x00000000e0000000, 0x00000000ffd80000, 0x0000000100000000)
  eden space 182272K, 0% used [0x00000000e0000000,0x00000000e0000000,0x00000000eb200000)
  from space 168448K, 0% used [0x00000000f4f80000,0x00000000f4f80000,0x00000000ff400000)
  to   space 161280K, 0% used [0x00000000eb200000,0x00000000eb200000,0x00000000f4f80000)
 ParOldGen       total 497664K, used 456641K [0x00000000a0000000, 0x00000000be600000, 0x00000000e0000000)
  object space 497664K, 91% used [0x00000000a0000000,0x00000000bbdf0690,0x00000000be600000)
 Metaspace       used 69126K, capacity 71402K, committed 71936K, reserved 1112064K
  class space    used 8647K, capacity 9061K, committed 9216K, reserved 1048576K

Card table byte_map: [0x00007f798389a000,0x00007f7983b9b000] byte_map_base: 0x00007f798339a000

Marking Bits: (ParMarkBitMap*) 0x00007f7999292340
 Begin Bits: [0x00007f7980296000, 0x00007f7981a96000)
 End Bits:   [0x00007f7981a96000, 0x00007f7983296000)

Polling page: 0x00007f7999ee4000

CodeCache: size=245760Kb used=53486Kb max_used=53679Kb free=192273Kb
 bounds [0x00007f7983f5b000, 0x00007f798742b000, 0x00007f7992f5b000]
 total_blobs=15755 nmethods=14968 adapters=698
 compilation: enabled

Compilation events (10 events):
Event: 3693.574 Thread 0x00007f79940b8800 20399       4       com.android.dx.dex.file.AnnotationSetRefItem::addContents (21 bytes)
Event: 3693.575 Thread 0x00007f79940b8800 nmethod 20399 0x00007f7984624250 code [0x00007f79846243c0, 0x00007f79846244c8]
Event: 3693.681 Thread 0x00007f79940bb800 20400       4       com.android.dx.dex.file.StringIdsSection::orderItems (46 bytes)
Event: 3693.688 Thread 0x00007f79940bb800 nmethod 20400 0x00007f7985f04f90 code [0x00007f7985f05120, 0x00007f7985f05438]
Event: 3693.694 Thread 0x00007f79940b8800 20401       4       com.android.dx.dex.file.AnnotationSetItem::place0 (8 bytes)
Event: 3693.694 Thread 0x00007f79940bb800 20402       4       com.android.dx.dex.file.AnnotationItem$TypeIdSorter::compare (13 bytes)
Event: 3693.694 Thread 0x00007f79940b8800 nmethod 20401 0x00007f7985016b90 code [0x00007f7985016ce0, 0x00007f7985016d68]
Event: 3693.695 Thread 0x00007f79940bb800 nmethod 20402 0x00007f79842b2110 code [0x00007f79842b2280, 0x00007f79842b2418]
Event: 3693.718 Thread 0x00007f79940b8800 20403       4       com.android.dx.dex.code.DalvInsn::makeMove (153 bytes)
Event: 3693.724 Thread 0x00007f79940b8800 nmethod 20403 0x00007f79848fb3d0 code [0x00007f79848fb560, 0x00007f79848fb998]

GC Heap History (10 events):
Event: 3692.613 GC heap after
Heap after GC invocations=107 (full 13):
 PSYoungGen      total 349696K, used 27943K [0x00000000e0000000, 0x0000000100000000, 0x0000000100000000)
  eden space 175104K, 0% used [0x00000000e0000000,0x00000000e0000000,0x00000000eab00000)
  from space 174592K, 16% used [0x00000000f5580000,0x00000000f70c9da0,0x0000000100000000)
  to   space 174592K, 0% used [0x00000000eab00000,0x00000000eab00000,0x00000000f5580000)
 ParOldGen       total 497664K, used 370618K [0x00000000a0000000, 0x00000000be600000, 0x00000000e0000000)
  object space 497664K, 74% used [0x00000000a0000000,0x00000000b69eeaf8,0x00000000be600000)
 Metaspace       used 69123K, capacity 71402K, committed 71936K, reserved 1112064K
  class space    used 8647K, capacity 9061K, committed 9216K, reserved 1048576K
}
Event: 3692.789 GC heap before
{Heap before GC invocations=108 (full 13):
 PSYoungGen      total 349696K, used 203047K [0x00000000e0000000, 0x0000000100000000, 0x0000000100000000)
  eden space 175104K, 100% used [0x00000000e0000000,0x00000000eab00000,0x00000000eab00000)
  from space 174592K, 16% used [0x00000000f5580000,0x00000000f70c9da0,0x0000000100000000)
  to   space 174592K, 0% used [0x00000000eab00000,0x00000000eab00000,0x00000000f5580000)
 ParOldGen       total 497664K, used 370621K [0x00000000a0000000, 0x00000000be600000, 0x00000000e0000000)
  object space 497664K, 74% used [0x00000000a0000000,0x00000000b69ef5e8,0x00000000be600000)
 Metaspace       used 69123K, capacity 71402K, committed 71936K, reserved 1112064K
  class space    used 8647K, capacity 9061K, committed 9216K, reserved 1048576K
Event: 3692.848 GC heap after
Heap after GC invocations=108 (full 13):
 PSYoungGen      total 349696K, used 29983K [0x00000000e0000000, 0x0000000100000000, 0x0000000100000000)
  eden space 175104K, 0% used [0x00000000e0000000,0x00000000e0000000,0x00000000eab00000)
  from space 174592K, 17% used [0x00000000eab00000,0x00000000ec847f18,0x00000000f5580000)
  to   space 174592K, 0% used [0x00000000f5580000,0x00000000f5580000,0x0000000100000000)
 ParOldGen       total 497664K, used 397648K [0x00000000a0000000, 0x00000000be600000, 0x00000000e0000000)
  object space 497664K, 79% used [0x00000000a0000000,0x00000000b8454330,0x00000000be600000)
 Metaspace       used 69123K, capacity 71402K, committed 71936K, reserved 1112064K
  class space    used 8647K, capacity 9061K, committed 9216K, reserved 1048576K
}
Event: 3692.848 GC heap before
{Heap before GC invocations=109 (full 13):
 PSYoungGen      total 349696K, used 31576K [0x00000000e0000000, 0x0000000100000000, 0x0000000100000000)
  eden space 175104K, 0% used [0x00000000e0000000,0x00000000e018e340,0x00000000eab00000)
  from space 174592K, 17% used [0x00000000eab00000,0x00000000ec847f18,0x00000000f5580000)
  to   space 174592K, 0% used [0x00000000f5580000,0x00000000f5580000,0x0000000100000000)
 ParOldGen       total 497664K, used 397648K [0x00000000a0000000, 0x00000000be600000, 0x00000000e0000000)
  object space 497664K, 79% used [0x00000000a0000000,0x00000000b8454330,0x00000000be600000)
 Metaspace       used 69123K, capacity 71402K, committed 71936K, reserved 1112064K
  class space    used 8647K, capacity 9061K, committed 9216K, reserved 1048576K
Event: 3692.878 GC heap after
Heap after GC invocations=109 (full 13):
 PSYoungGen      total 349696K, used 32K [0x00000000e0000000, 0x0000000100000000, 0x0000000100000000)
  eden space 175104K, 0% used [0x00000000e0000000,0x00000000e0000000,0x00000000eab00000)
  from space 174592K, 0% used [0x00000000f5580000,0x00000000f5588000,0x0000000100000000)
  to   space 174592K, 0% used [0x00000000eab00000,0x00000000eab00000,0x00000000f5580000)
 ParOldGen       total 497664K, used 427713K [0x00000000a0000000, 0x00000000be600000, 0x00000000e0000000)
  object space 497664K, 85% used [0x00000000a0000000,0x00000000ba1b04a8,0x00000000be600000)
 Metaspace       used 69123K, capacity 71402K, committed 71936K, reserved 1112064K
  class space    used 8647K, capacity 9061K, committed 9216K, reserved 1048576K
}
Event: 3693.040 GC heap before
{Heap before GC invocations=110 (full 13):
 PSYoungGen      total 349696K, used 175136K [0x00000000e0000000, 0x0000000100000000, 0x0000000100000000)
  eden space 175104K, 100% used [0x00000000e0000000,0x00000000eab00000,0x00000000eab00000)
  from space 174592K, 0% used [0x00000000f5580000,0x00000000f5588000,0x0000000100000000)
  to   space 174592K, 0% used [0x00000000eab00000,0x00000000eab00000,0x00000000f5580000)
 ParOldGen       total 497664K, used 427713K [0x00000000a0000000, 0x00000000be600000, 0x00000000e0000000)
  object space 497664K, 85% used [0x00000000a0000000,0x00000000ba1b04a8,0x00000000be600000)
 Metaspace       used 69123K, capacity 71402K, committed 71936K, reserved 1112064K
  class space    used 8647K, capacity 9061K, committed 9216K, reserved 1048576K
Event: 3693.069 GC heap after
Heap after GC invocations=110 (full 13):
 PSYoungGen      total 199680K, used 24444K [0x00000000e0000000, 0x00000000ff400000, 0x0000000100000000)
  eden space 175104K, 0% used [0x00000000e0000000,0x00000000e0000000,0x00000000eab00000)
  from space 24576K, 99% used [0x00000000eab00000,0x00000000ec2df008,0x00000000ec300000)
  to   space 168448K, 0% used [0x00000000f4f80000,0x00000000f4f80000,0x00000000ff400000)
 ParOldGen       total 497664K, used 427721K [0x00000000a0000000, 0x00000000be600000, 0x00000000e0000000)
  object space 497664K, 85% used [0x00000000a0000000,0x00000000ba1b24a8,0x00000000be600000)
 Metaspace       used 69123K, capacity 71402K, committed 71936K, reserved 1112064K
  class space    used 8647K, capacity 9061K, committed 9216K, reserved 1048576K
}
Event: 3693.726 GC heap before
{Heap before GC invocations=111 (full 13):
 PSYoungGen      total 199680K, used 199548K [0x00000000e0000000, 0x00000000ff400000, 0x0000000100000000)
  eden space 175104K, 100% used [0x00000000e0000000,0x00000000eab00000,0x00000000eab00000)
  from space 24576K, 99% used [0x00000000eab00000,0x00000000ec2df008,0x00000000ec300000)
  to   space 168448K, 0% used [0x00000000f4f80000,0x00000000f4f80000,0x00000000ff400000)
 ParOldGen       total 497664K, used 427721K [0x00000000a0000000, 0x00000000be600000, 0x00000000e0000000)
  object space 497664K, 85% used [0x00000000a0000000,0x00000000ba1b24a8,0x00000000be600000)
 Metaspace       used 69126K, capacity 71402K, committed 71936K, reserved 1112064K
  class space    used 8647K, capacity 9061K, committed 9216K, reserved 1048576K
Event: 3693.798 GC heap after
Heap after GC invocations=111 (full 13):
 PSYoungGen      total 350720K, used 26898K [0x00000000e0000000, 0x00000000ffd80000, 0x0000000100000000)
  eden space 182272K, 0% used [0x00000000e0000000,0x00000000e0000000,0x00000000eb200000)
  from space 168448K, 15% used [0x00000000f4f80000,0x00000000f69c4930,0x00000000ff400000)
  to   space 161280K, 0% used [0x00000000eb200000,0x00000000eb200000,0x00000000f4f80000)
 ParOldGen       total 497664K, used 450538K [0x00000000a0000000, 0x00000000be600000, 0x00000000e0000000)
  object space 497664K, 90% used [0x00000000a0000000,0x00000000bb7fa858,0x00000000be600000)
 Metaspace       used 69126K, capacity 71402K, committed 71936K, reserved 1112064K
  class space    used 8647K, capacity 9061K, committed 9216K, reserved 1048576K
}
Event: 3693.798 GC heap before
{Heap before GC invocations=112 (full 14):
 PSYoungGen      total 350720K, used 26898K [0x00000000e0000000, 0x00000000ffd80000, 0x0000000100000000)
  eden space 182272K, 0% used [0x00000000e0000000,0x00000000e0000000,0x00000000eb200000)
  from space 168448K, 15% used [0x00000000f4f80000,0x00000000f69c4930,0x00000000ff400000)
  to   space 161280K, 0% used [0x00000000eb200000,0x00000000eb200000,0x00000000f4f80000)
 ParOldGen       total 497664K, used 450538K [0x00000000a0000000, 0x00000000be600000, 0x00000000e0000000)
  object space 497664K, 90% used [0x00000000a0000000,0x00000000bb7fa858,0x00000000be600000)
 Metaspace       used 69126K, capacity 71402K, committed 71936K, reserved 1112064K
  class space    used 8647K, capacity 9061K, committed 9216K, reserved 1048576K

Deoptimization events (10 events):
Event: 3684.621 Thread 0x00007f7934009800 Uncommon trap: reason=bimorphic action=maybe_recompile pc=0x00007f798576911c method=proguard.classfile.constant.ClassConstant.accept(Lproguard/classfile/Clazz;Lproguard/classfile/constant/visitor/ConstantVisitor;)V @ 3
Event: 3684.621 Thread 0x00007f7934009800 Uncommon trap: reason=array_check action=maybe_recompile pc=0x00007f7987094ea8 method=proguard.shrink.ClassShrinker.shrinkArray([Lproguard/classfile/VisitorAccepter;I)I @ 36
Event: 3684.621 Thread 0x00007f7934009800 Uncommon trap: reason=array_check action=maybe_recompile pc=0x00007f7987094ea8 method=proguard.shrink.ClassShrinker.shrinkArray([Lproguard/classfile/VisitorAccepter;I)I @ 36
Event: 3684.621 Thread 0x00007f7934009800 Uncommon trap: reason=array_check action=maybe_recompile pc=0x00007f7987094ea8 method=proguard.shrink.ClassShrinker.shrinkArray([Lproguard/classfile/VisitorAccepter;I)I @ 36
Event: 3684.621 Thread 0x00007f7934009800 Uncommon trap: reason=array_check action=maybe_recompile pc=0x00007f7987094ea8 method=proguard.shrink.ClassShrinker.shrinkArray([Lproguard/classfile/VisitorAccepter;I)I @ 36
Event: 3691.505 Thread 0x00007f792c05d800 Uncommon trap: reason=unstable_if action=reinterpret pc=0x00007f798521ff34 method=java.lang.ref.SoftReference.get()Ljava/lang/Object; @ 6
Event: 3692.032 Thread 0x00007f7938050800 Uncommon trap: reason=unstable_if action=reinterpret pc=0x00007f7984f2d3f4 method=com.android.dx.cf.code.Merger.mergeType(Lcom/android/dx/rop/type/TypeBearer;Lcom/android/dx/rop/type/TypeBearer;)Lcom/android/dx/rop/type/TypeBearer; @ 102
Event: 3692.760 Thread 0x00007f79380b5000 Uncommon trap: reason=speculate_class_check action=maybe_recompile pc=0x00007f798661c2f8 method=com.android.dx.rop.cst.TypedConstant.getBasicType()I @ 1
Event: 3693.715 Thread 0x00007f79380aa000 Uncommon trap: reason=array_check action=maybe_recompile pc=0x00007f7984d0f8d8 method=java.util.ComparableTimSort.mergeHi(IIII)V @ 101
Event: 3693.725 Thread 0x00007f79380aa000 Uncommon trap: reason=array_check action=maybe_recompile pc=0x00007f7984d0f8d8 method=java.util.ComparableTimSort.mergeHi(IIII)V @ 101

Internal exceptions (10 events):
Event: 3677.282 Thread 0x00007f7934009800 Exception <a 'sun/nio/fs/UnixException'> (0x00000000e24f5700) thrown at [/ssd/Android/AOSP-openjdk/external/jetbrains/jdk/hotspot/src/share/vm/prims/jni.cpp, line 709]
Event: 3677.282 Thread 0x00007f7934009800 Exception <a 'sun/nio/fs/UnixException'> (0x00000000e24f6a00) thrown at [/ssd/Android/AOSP-openjdk/external/jetbrains/jdk/hotspot/src/share/vm/prims/jni.cpp, line 709]
Event: 3677.282 Thread 0x00007f7934009800 Exception <a 'sun/nio/fs/UnixException'> (0x00000000e24f8728) thrown at [/ssd/Android/AOSP-openjdk/external/jetbrains/jdk/hotspot/src/share/vm/prims/jni.cpp, line 709]
Event: 3677.283 Thread 0x00007f7934009800 Exception <a 'sun/nio/fs/UnixException'> (0x00000000e24f9a48) thrown at [/ssd/Android/AOSP-openjdk/external/jetbrains/jdk/hotspot/src/share/vm/prims/jni.cpp, line 709]
Event: 3677.283 Thread 0x00007f7934009800 Exception <a 'sun/nio/fs/UnixException'> (0x00000000e24fbc88) thrown at [/ssd/Android/AOSP-openjdk/external/jetbrains/jdk/hotspot/src/share/vm/prims/jni.cpp, line 709]
Event: 3677.283 Thread 0x00007f7934009800 Exception <a 'sun/nio/fs/UnixException'> (0x00000000e24fcf98) thrown at [/ssd/Android/AOSP-openjdk/external/jetbrains/jdk/hotspot/src/share/vm/prims/jni.cpp, line 709]
Event: 3680.815 Thread 0x00007f7930118800 Exception <a 'java/io/IOException'> (0x00000000e5134860) thrown at [/ssd/Android/AOSP-openjdk/external/jetbrains/jdk/hotspot/src/share/vm/prims/jni.cpp, line 709]
Event: 3685.815 Thread 0x00007f7930118800 Exception <a 'java/io/IOException'> (0x00000000e9712eb0) thrown at [/ssd/Android/AOSP-openjdk/external/jetbrains/jdk/hotspot/src/share/vm/prims/jni.cpp, line 709]
Event: 3691.228 Thread 0x00007f7930118800 Exception <a 'java/io/IOException'> (0x00000000e0142f28) thrown at [/ssd/Android/AOSP-openjdk/external/jetbrains/jdk/hotspot/src/share/vm/prims/jni.cpp, line 709]
Event: 3691.505 Thread 0x00007f792c05d800 Implicit null exception at 0x00007f7985218c9b to 0x00007f798521ff09

Events (10 events):
Event: 3693.320 Thread 0x00007f79940b8800 flushing nmethod 0x00007f79870e1050
Event: 3693.681 Thread 0x00007f79380aa000 DEOPT PACKING pc=0x00007f7985770297 sp=0x00007f790b9fc5b0
Event: 3693.681 Thread 0x00007f79380aa000 DEOPT UNPACKING pc=0x00007f7983fa2373 sp=0x00007f790b9fc340 mode 0
Event: 3693.715 Thread 0x00007f79380aa000 Uncommon trap: trap_request=0xffffffd6 fr.pc=0x00007f7984d0f8d8
Event: 3693.715 Thread 0x00007f79380aa000 DEOPT PACKING pc=0x00007f7984d0f8d8 sp=0x00007f790b9fc3b0
Event: 3693.715 Thread 0x00007f79380aa000 DEOPT UNPACKING pc=0x00007f7983f5ff69 sp=0x00007f790b9fc388 mode 2
Event: 3693.725 Thread 0x00007f79380aa000 Uncommon trap: trap_request=0xffffffd6 fr.pc=0x00007f7984d0f8d8
Event: 3693.725 Thread 0x00007f79380aa000 DEOPT PACKING pc=0x00007f7984d0f8d8 sp=0x00007f790b9fc3b0
Event: 3693.725 Thread 0x00007f79380aa000 DEOPT UNPACKING pc=0x00007f7983f5ff69 sp=0x00007f790b9fc388 mode 2
Event: 3693.726 Executing VM operation: ParallelGCFailedAllocation


Dynamic libraries:
00400000-00401000 r-xp 00000000 08:07 2883859                            /opt/android-studio/jre/bin/java
00600000-00601000 r--p 00000000 08:07 2883859                            /opt/android-studio/jre/bin/java
00601000-00602000 rw-p 00001000 08:07 2883859                            /opt/android-studio/jre/bin/java
02283000-02797000 rw-p 00000000 00:00 0                                  [heap]
a0000000-be600000 rw-p 00000000 00:00 0 
cba80000-e0000000 ---p 00000000 00:00 0 
e0000000-ffd80000 rw-p 00000000 00:00 0 
ffd80000-100000000 ---p 00000000 00:00 0 
100000000-100900000 rw-p 00000000 00:00 0 
100900000-140000000 ---p 00000000 00:00 0 
7f78f8000000-7f78f8021000 rw-p 00000000 00:00 0 
7f78f8021000-7f78fc000000 ---p 00000000 00:00 0 
7f7900000000-7f7900187000 rw-p 00000000 00:00 0 
7f7900187000-7f7904000000 ---p 00000000 00:00 0 
7f7904000000-7f7904021000 rw-p 00000000 00:00 0 
7f7904021000-7f7908000000 ---p 00000000 00:00 0 
7f790a9f8000-7f790a9fb000 ---p 00000000 00:00 0 
7f790a9fb000-7f790aaf9000 rw-p 00000000 00:00 0 
7f790aaf9000-7f790aafc000 ---p 00000000 00:00 0 
7f790aafc000-7f790ad3a000 rw-p 00000000 00:00 0 
7f790ad3a000-7f790adfa000 ---p 00000000 00:00 0 
7f790adfa000-7f790adfd000 ---p 00000000 00:00 0 
7f790adfd000-7f790b0fb000 rw-p 00000000 00:00 0 
7f790b0fb000-7f790b2fb000 rw-p 00000000 00:00 0 
7f790b2fb000-7f790b4fb000 rw-p 00000000 00:00 0 
7f790b4fb000-7f790b4fe000 ---p 00000000 00:00 0 
7f790b4fe000-7f790b5fc000 rw-p 00000000 00:00 0 
7f790b5fc000-7f790b5ff000 ---p 00000000 00:00 0 
7f790b5ff000-7f790b8fd000 rw-p 00000000 00:00 0 
7f790b8fd000-7f790b900000 ---p 00000000 00:00 0 
7f790b900000-7f790b9fe000 rw-p 00000000 00:00 0 
7f790b9fe000-7f790ba01000 ---p 00000000 00:00 0 
7f790ba01000-7f790baff000 rw-p 00000000 00:00 0 
7f790baff000-7f790bb02000 ---p 00000000 00:00 0 
7f790bb02000-7f790be00000 rw-p 00000000 00:00 0 
7f790be00000-7f790c000000 rw-p 00000000 00:00 0 
7f790c000000-7f790c02a000 rw-p 00000000 00:00 0 
7f790c02a000-7f7910000000 ---p 00000000 00:00 0 
7f7910000000-7f791051e000 rw-p 00000000 00:00 0 
7f791051e000-7f7914000000 ---p 00000000 00:00 0 
7f7914000000-7f791411c000 rw-p 00000000 00:00 0 
7f791411c000-7f7918000000 ---p 00000000 00:00 0 
7f7918000000-7f791803c000 rw-p 00000000 00:00 0 
7f791803c000-7f791c000000 ---p 00000000 00:00 0 
7f791c000000-7f791c079000 rw-p 00000000 00:00 0 
7f791c079000-7f7920000000 ---p 00000000 00:00 0 
7f7920000000-7f7920031000 rw-p 00000000 00:00 0 
7f7920031000-7f7924000000 ---p 00000000 00:00 0 
7f7924000000-7f792408d000 rw-p 00000000 00:00 0 
7f792408d000-7f7928000000 ---p 00000000 00:00 0 
7f7928000000-7f7928049000 rw-p 00000000 00:00 0 
7f7928049000-7f792c000000 ---p 00000000 00:00 0 
7f792c000000-7f792c239000 rw-p 00000000 00:00 0 
7f792c239000-7f7930000000 ---p 00000000 00:00 0 
7f7930000000-7f7931bbf000 rw-p 00000000 00:00 0 
7f7931bbf000-7f7934000000 ---p 00000000 00:00 0 
7f7934000000-7f7934021000 rw-p 00000000 00:00 0 
7f7934021000-7f7938000000 ---p 00000000 00:00 0 
7f7938000000-7f7938a11000 rw-p 00000000 00:00 0 
7f7938a11000-7f793c000000 ---p 00000000 00:00 0 
7f793c000000-7f793c073000 rw-p 00000000 00:00 0 
7f793c073000-7f7940000000 ---p 00000000 00:00 0 
7f7940000000-7f7940021000 rw-p 00000000 00:00 0 
7f7940021000-7f7944000000 ---p 00000000 00:00 0 
7f7944000000-7f7944021000 rw-p 00000000 00:00 0 
7f7944021000-7f7948000000 ---p 00000000 00:00 0 
7f7948000000-7f7948021000 rw-p 00000000 00:00 0 
7f7948021000-7f794c000000 ---p 00000000 00:00 0 
7f794c000000-7f794fb6e000 rw-p 00000000 00:00 0 
7f794fb6e000-7f7950000000 ---p 00000000 00:00 0 
7f7950000000-7f795115d000 rw-p 00000000 00:00 0 
7f795115d000-7f7954000000 ---p 00000000 00:00 0 
7f7954000000-7f7954021000 rw-p 00000000 00:00 0 
7f7954021000-7f7958000000 ---p 00000000 00:00 0 
7f7958000000-7f795a0fe000 rw-p 00000000 00:00 0 
7f795a0fe000-7f795c000000 ---p 00000000 00:00 0 
7f795c000000-7f795c0cc000 rw-p 00000000 00:00 0 
7f795c0cc000-7f7960000000 ---p 00000000 00:00 0 
7f7960000000-7f7960044000 rw-p 00000000 00:00 0 
7f7960044000-7f7964000000 ---p 00000000 00:00 0 
7f7964000000-7f7964040000 rw-p 00000000 00:00 0 
7f7964040000-7f7968000000 ---p 00000000 00:00 0 
7f7968000000-7f79682c2000 rw-p 00000000 00:00 0 
7f79682c2000-7f796c000000 ---p 00000000 00:00 0 
7f796c000000-7f796c158000 rw-p 00000000 00:00 0 
7f796c158000-7f7970000000 ---p 00000000 00:00 0 
7f79700b6000-7f79700b9000 ---p 00000000 00:00 0 
7f79700b9000-7f79703b7000 rw-p 00000000 00:00 0 
7f79703b7000-7f79703ba000 ---p 00000000 00:00 0 
7f79703ba000-7f79706b8000 rw-p 00000000 00:00 0 
7f79706b8000-7f79706bb000 ---p 00000000 00:00 0 
7f79706bb000-7f79709b9000 rw-p 00000000 00:00 0 
7f79709b9000-7f7970bb9000 rw-p 00000000 00:00 0 
7f7970bb9000-7f7970db9000 rw-p 00000000 00:00 0 
7f7970db9000-7f7970fb9000 rw-p 00000000 00:00 0 
7f797107c000-7f797107f000 r--s 00015000 08:07 2883982                    /opt/android-studio/jre/jre/lib/jce.jar
7f797107f000-7f7971082000 ---p 00000000 00:00 0 
7f7971082000-7f79712b8000 rw-p 00000000 00:00 0 
7f79712b8000-7f79712cb000 r--s 00344000 08:07 2883882                    /opt/android-studio/jre/jre/lib/resources.jar
7f79712cb000-7f79714cb000 rw-p 00000000 00:00 0 
7f79714cb000-7f79716cb000 rw-p 00000000 00:00 0 
7f79716cb000-7f79716ce000 ---p 00000000 00:00 0 
7f79716ce000-7f79717cc000 rw-p 00000000 00:00 0 
7f79717cc000-7f79717cf000 ---p 00000000 00:00 0 
7f79717cf000-7f7971acd000 rw-p 00000000 00:00 0 
7f7971acd000-7f7971ccd000 rw-p 00000000 00:00 0 
7f7971ccd000-7f7971cce000 r--s 00001000 08:07 4987536                    /home/sadiq/.gradle/caches/jars-3/8e33611f59ae522ef3cf60a5759ed354/annotations-25.3.2.jar
7f7971cce000-7f7971cd6000 r--s 000a8000 08:07 4987534                    /home/sadiq/.gradle/caches/jars-3/6cc57ce9ec0d90186f781694264d61bc/lombok-ast-0.2.3.jar
7f7971cd6000-7f7971cea000 r--s 000b4000 08:07 4987532                    /home/sadiq/.gradle/caches/jars-3/d807f16514c6b4976965307bd4b79954/uast-162.2228.14.jar
7f7971cea000-7f7971cec000 r--s 0000d000 08:07 4987530                    /home/sadiq/.gradle/caches/jars-3/a6ebc4ec06596d0cd57fb5147503bb3c/commons-codec-1.4.jar
7f7971cec000-7f7971cee000 r--s 0000d000 08:07 4987528                    /home/sadiq/.gradle/caches/jars-3/ccc849edcf9fccd61ed937bf93ffe896/commons-logging-1.1.1.jar
7f7971cee000-7f7971cf3000 r--s 00028000 08:07 4987526                    /home/sadiq/.gradle/caches/jars-3/e6a42d7d86039e4a9d03b9356afcd546/httpcore-4.1.jar
7f7971cf3000-7f7971cf7000 r--s 0002f000 08:07 4987524                    /home/sadiq/.gradle/caches/jars-3/505fcc8c47da308b2f1262f0ff3c65f1/jimfs-1.1.jar
7f7971cf7000-7f7971cf8000 r--s 00004000 08:07 4987522                    /home/sadiq/.gradle/caches/jars-3/3a4299d1ce3e273e7c03a9ccf5a1e333/annotations-12.0.jar
7f7971cf8000-7f7971cf9000 r--s 00004000 08:07 4987520                    /home/sadiq/.gradle/caches/jars-3/3bd714e16ff981cf5f225361b18588ce/asm-analysis-5.0.4.jar
7f7971cf9000-7f7971cfd000 r--s 00040000 08:07 4987518                    /home/sadiq/.gradle/caches/jars-3/c630b3b87cec9b9604011f4f84d72f38/lint-api-25.3.2.jar
7f7971cfd000-7f7971cfe000 r--s 0000a000 08:07 4987516                    /home/sadiq/.gradle/caches/jars-3/5b8b36ed61fe92731031cca3c9b3a0b3/kxml2-2.3.0.jar
7f7971cfe000-7f7971d00000 r--s 00005000 08:07 4987514                    /home/sadiq/.gradle/caches/jars-3/f10e1e1978816198f2eb1189c974b440/httpmime-4.1.jar
7f7971d00000-7f7971d08000 r--s 0004e000 08:07 4987512                    /home/sadiq/.gradle/caches/jars-3/b53c6235c49a94a3a8e506e42c7d54fb/httpclient-4.1.1.jar
7f7971d08000-7f7971d0f000 r--s 00053000 08:07 4987510                    /home/sadiq/.gradle/caches/jars-3/28e64c4d02154ee30a12b14be38e78af/commons-compress-1.8.1.jar
7f7971d0f000-7f7971d14000 r--s 0002a000 08:07 4987508                    /home/sadiq/.gradle/caches/jars-3/2a67de85c1e99ee62c2c2d8af5e1125b/gson-2.2.4.jar
7f7971d14000-7f7971d19000 r--s 0002e000 08:07 4987506                    /home/sadiq/.gradle/caches/jars-3/98ad39a4ef9359b2dfcaf05bb1c81397/repository-25.3.2.jar
7f7971d19000-7f7971d1b000 r--s 00006000 08:07 4987504                    /home/sadiq/.gradle/caches/jars-3/0a6e7ac6211eb8664a06b7a570fb8898/dvlib-25.3.2.jar
7f7971d1b000-7f7971d1e000 r--s 00012000 08:07 4987502                    /home/sadiq/.gradle/caches/jars-3/3d60b69b22edf1ea228094f367c73e08/layoutlib-api-25.3.2.jar
7f7971d1e000-7f7971d23000 r--s 00058000 08:07 4987500                    /home/sadiq/.gradle/caches/jars-3/bb3f0c8da73e37889b65d5e152c01f8e/asm-debug-all-5.0.1.jar
7f7971d23000-7f7971d33000 r--s 000d5000 08:07 4987498                    /home/sadiq/.gradle/caches/jars-3/2593270bd55c0fcc5de8777526944ca9/proguard-base-5.3.2.jar
7f7971d33000-7f7971d36000 r--s 00033000 08:07 4987496                    /home/sadiq/.gradle/caches/jars-3/0ce03714647bf7bd3c78634c20ddbf38/juniversalchardet-1.0.3.jar
7f7971d36000-7f7971d3a000 r--s 0002a000 08:07 4987494                    /home/sadiq/.gradle/caches/jars-3/9849af6d4b0409ba64061601342f385d/commons-io-2.4.jar
7f7971d3a000-7f7971d51000 r--s 00154000 08:07 4987492                    /home/sadiq/.gradle/caches/jars-3/57adf9abd30c921d4ea1dfdcfe7b9efd/antlr4-4.5.3.jar
7f7971d51000-7f7971d53000 r--s 00002000 08:07 4987490                    /home/sadiq/.gradle/caches/jars-3/0c57e224c05bb054ffe3f6a9f46c6e79/baseLibrary-2.3.2.jar
7f7971d53000-7f7971d7e000 r--s 001fc000 08:07 4987488                    /home/sadiq/.gradle/caches/jars-3/57dffb91fa05ba585a582c9f3b0be2b1/guava-18.0.jar
7f7971d7e000-7f7971d91000 r--s 00241000 08:07 4987486                    /home/sadiq/.gradle/caches/jars-3/d8dc71eb6d91c966c45f7b594129e14a/ecj-4.6.1.jar
7f7971d91000-7f7971d98000 r--s 000d9000 08:07 4987484                    /home/sadiq/.gradle/caches/jars-3/7a1bad3500a0a4efce25c290d4dd2364/lint-checks-25.3.2.jar
7f7971d98000-7f7971d9a000 r--s 00006000 08:07 4987482                    /home/sadiq/.gradle/caches/jars-3/767849ee24c8e62d79a00d769acdce90/asm-tree-5.0.4.jar
7f7971d9a000-7f7971dcd000 r--s 00203000 08:07 4987480                    /home/sadiq/.gradle/caches/jars-3/3cf93c3b296899be060ca4f9038f79b5/bcprov-jdk15on-1.48.jar
7f7971dcd000-7f7971ddb000 r--s 00081000 08:07 4987478                    /home/sadiq/.gradle/caches/jars-3/f008d91a5541639737ca5ffbc84a7b0c/bcpkix-jdk15on-1.48.jar
7f7971ddb000-7f7971ddd000 r--s 00002000 08:07 4987476                    /home/sadiq/.gradle/caches/jars-3/f268e5e8fc83bb846ac355d6a16b1f30/javawriter-2.5.0.jar
7f7971ddd000-7f7971ddf000 r--s 00004000 08:07 4987474                    /home/sadiq/.gradle/caches/jars-3/567c158f78cfafc5ea0d6d107369130f/tracker-25.3.2.jar
7f7971ddf000-7f7971de0000 r--s 00005000 08:07 4987472                    /home/sadiq/.gradle/caches/jars-3/ca851e3dbba8af431ee9ecbfd0206194/shared-25.3.2.jar
7f7971de0000-7f7971dee000 r--s 00147000 08:07 4987470                    /home/sadiq/.gradle/caches/jars-3/1309204e9309ac7a5cad2c315133aac2/protos-25.3.2.jar
7f7971dee000-7f7971def000 r--s 00001000 08:07 4987468                    /home/sadiq/.gradle/caches/jars-3/33c965c4ea9767c2341add6217039a89/jill-api-0.10.0.jar
7f7971def000-7f7971df1000 r--s 00003000 08:07 4987466                    /home/sadiq/.gradle/caches/jars-3/e984a658c2551e60894d5aff6a0c53d1/jack-api-0.13.0.jar
7f7971df1000-7f7971df7000 r--s 0004a000 08:07 4987464                    /home/sadiq/.gradle/caches/jars-3/33733172189bdef5ddcc96ee752fbbde/ddmlib-25.3.2.jar
7f7971df7000-7f7971dfa000 r--s 00022000 08:07 4987462                    /home/sadiq/.gradle/caches/jars-3/55ce1a25591f294ce331834e510dabdd/manifest-merger-25.3.2.jar
7f7971dfa000-7f7971dfd000 r--s 0001c000 08:07 4987460                    /home/sadiq/.gradle/caches/jars-3/7b5f9921dcdad76ea2db434d2ecae0b9/common-25.3.2.jar
7f7971dfd000-7f7971e06000 r--s 00089000 08:07 4987458                    /home/sadiq/.gradle/caches/jars-3/8523c0b1af8362eaa038214ca0496e0a/sdk-common-25.3.2.jar
7f7971e06000-7f7971e10000 r--s 00098000 08:07 4987456                    /home/sadiq/.gradle/caches/jars-3/3071e977e115e9896a20e7f6c1017d8d/sdklib-25.3.2.jar
7f7971e10000-7f7971e11000 r--s 00002000 08:07 4987454                    /home/sadiq/.gradle/caches/jars-3/bb0ded7b424ac32b983e72b9331e4a0e/builder-test-api-2.3.2.jar
7f7971e11000-7f7971e14000 r--s 00006000 08:07 4987452                    /home/sadiq/.gradle/caches/jars-3/3b6b0905c6e14fb367f99bcb91a3f4ef/builder-model-2.3.2.jar
7f7971e14000-7f7971e23000 r--s 00130000 08:07 4987450                    /home/sadiq/.gradle/caches/jars-3/72ba1443c6adcea1f6ba21e12f0bb0fc/protobuf-java-3.0.0.jar
7f7971e23000-7f7971e25000 r--s 0000f000 08:07 4987448                    /home/sadiq/.gradle/caches/jars-3/96760c32d36a5d7066e3ccf088bfd362/jopt-simple-4.9.jar
7f7971e25000-7f7971e29000 r--s 0001f000 08:07 4987446                    /home/sadiq/.gradle/caches/jars-3/bdc4a17755a6c76ca06da33f9769dd1a/org.jacoco.report-0.7.5.201505241946.jar
7f7971e29000-7f7971e2d000 r--s 0001d000 08:07 4987444                    /home/sadiq/.gradle/caches/jars-3/b76ebf92f16d3130bb152f3a9ed2c5da/org.jacoco.core-0.7.5.201505241946.jar
7f7971e2d000-7f7971e2f000 r--s 00002000 08:07 4987442                    /home/sadiq/.gradle/caches/jars-3/c514881ec761129e95c128962253e435/proguard-gradle-5.3.2.jar
7f7971e2f000-7f7971e31000 r--s 00009000 08:07 4987440                    /home/sadiq/.gradle/caches/jars-3/2484aee2fe8963a490ff41f797f58c4c/asm-commons-5.0.4.jar
7f7971e31000-7f7971e33000 r--s 0000c000 08:07 4987438                    /home/sadiq/.gradle/caches/jars-3/89d4e96406657abb09b3aa2a0f36045e/asm-5.0.4.jar
7f7971e33000-7f7971e38000 r--s 0002c000 08:07 4987436                    /home/sadiq/.gradle/caches/jars-3/5910cb4d843faab7e44c62b8d77104b7/compilerCommon-2.3.2.jar
7f7971e38000-7f7971e39000 r--s 00002000 08:07 4987434                    /home/sadiq/.gradle/caches/jars-3/89bbea579123f1b775d080eacc2a2a60/gradle-api-2.3.2.jar
7f7971e39000-7f7971e3a000 r--s 00000000 08:07 4987432                    /home/sadiq/.gradle/caches/jars-3/71f6637d86b9a321bc3f5989adcaa159/transform-api-2.0.0-deprecated-use-gradle-api.jar
7f7971e3a000-7f7971e3f000 r--s 0005e000 08:07 4987430                    /home/sadiq/.gradle/caches/jars-3/799b4386bc3941448afc6c61076250b3/lint-25.3.2.jar
7f7971e3f000-7f7971e55000 r--s 00163000 08:07 4987428                    /home/sadiq/.gradle/caches/jars-3/a340dd39f98c3d76d7baf6187702afd6/builder-2.3.2.jar
7f7971e55000-7f7971e74000 r--s 001ca000 08:07 4987426                    /home/sadiq/.gradle/caches/jars-3/278adc3b98be895d9ca9b6611315a8cd/gradle-core-2.3.2.jar
7f7971e74000-7f7971e76000 r--s 00007000 08:07 3020643                    /home/sadiq/.gradle/caches/modules-2/files-2.1/com.google.gms/google-services/3.1.0/166ae4e6acd03b7bbebe221ffa54bc039fece1b9/google-services-3.1.0.jar
7f7971e76000-7f7971e78000 r--s 0000d000 08:07 4987424                    /home/sadiq/.gradle/caches/jars-3/03d376f17b0dbe1d61fd3a23f252f570/gradle-2.3.2.jar
7f7971e78000-7f7972078000 rw-p 00000000 00:00 0 
7f7972078000-7f7972278000 rw-p 00000000 00:00 0 
7f7972278000-7f797227b000 ---p 00000000 00:00 0 
7f797227b000-7f7972579000 rw-p 00000000 00:00 0 
7f7972579000-7f7972779000 rw-p 00000000 00:00 0 
7f7972779000-7f7972979000 rw-p 00000000 00:00 0 
7f7972979000-7f7972b79000 rw-p 00000000 00:00 0 
7f7972b79000-7f7972bf2000 r--s 010ed000 08:07 2883824                    /opt/android-studio/jre/lib/tools.jar
7f7972bf2000-7f7972df2000 rw-p 00000000 00:00 0 
7f7972df2000-7f7972df5000 ---p 00000000 00:00 0 
7f7972df5000-7f7972ef3000 rw-p 00000000 00:00 0 
7f7972ef3000-7f7972ef6000 ---p 00000000 00:00 0 
7f7972ef6000-7f79731f4000 rw-p 00000000 00:00 0 
7f79731f4000-7f79731f7000 ---p 00000000 00:00 0 
7f79731f7000-7f79732f5000 rw-p 00000000 00:00 0 
7f79732f5000-7f79732f8000 ---p 00000000 00:00 0 
7f79732f8000-7f79733f6000 rw-p 00000000 00:00 0 
7f79733f6000-7f79733f9000 ---p 00000000 00:00 0 
7f79733f9000-7f79734f7000 rw-p 00000000 00:00 0 
7f79734f7000-7f79734fa000 ---p 00000000 00:00 0 
7f79734fa000-7f79735f8000 rw-p 00000000 00:00 0 
7f79735f8000-7f79735fb000 ---p 00000000 00:00 0 
7f79735fb000-7f79736f9000 rw-p 00000000 00:00 0 
7f79736f9000-7f79736fc000 ---p 00000000 00:00 0 
7f79736fc000-7f79737fa000 rw-p 00000000 00:00 0 
7f79737fa000-7f79737fd000 ---p 00000000 00:00 0 
7f79737fd000-7f79738fb000 rw-p 00000000 00:00 0 
7f79738fb000-7f7973902000 r--s 00000000 08:07 4856472                    /usr/lib/x86_64-linux-gnu/gconv/gconv-modules.cache
7f7973902000-7f7973b02000 rw-p 00000000 00:00 0 
7f7973b02000-7f7973b05000 ---p 00000000 00:00 0 
7f7973b05000-7f7973c03000 rw-p 00000000 00:00 0 
7f7973c03000-7f7973c0c000 r-xp 00000000 08:07 2883960                    /opt/android-studio/jre/jre/lib/amd64/libmanagement.so
7f7973c0c000-7f7973e0b000 ---p 00009000 08:07 2883960                    /opt/android-studio/jre/jre/lib/amd64/libmanagement.so
7f7973e0b000-7f7973e0c000 r--p 00008000 08:07 2883960                    /opt/android-studio/jre/jre/lib/amd64/libmanagement.so
7f7973e0c000-7f7973e0d000 rw-p 00009000 08:07 2883960                    /opt/android-studio/jre/jre/lib/amd64/libmanagement.so
7f7973e0d000-7f7973e12000 r--s 00098000 08:07 2883934                    /opt/android-studio/jre/jre/lib/jsse.jar
7f7973e12000-7f7973e14000 r--s 00008000 08:07 5251767                    /home/sadiq/.gradle/wrapper/dists/gradle-3.5-all/exhrs6ca08n232b14ue48lbye/gradle-3.5/lib/plugins/gradle-tooling-api-builders-3.5.jar
7f7973e14000-7f7973e17000 r--s 00009000 08:07 5251760                    /home/sadiq/.gradle/wrapper/dists/gradle-3.5-all/exhrs6ca08n232b14ue48lbye/gradle-3.5/lib/plugins/gradle-testing-native-3.5.jar
7f7973e17000-7f7973e1d000 r--s 00033000 08:07 5251837                    /home/sadiq/.gradle/wrapper/dists/gradle-3.5-all/exhrs6ca08n232b14ue48lbye/gradle-3.5/lib/plugins/snakeyaml-1.6.jar
7f7973e1d000-7f7973e1f000 r--s 00006000 08:07 5251836                    /home/sadiq/.gradle/wrapper/dists/gradle-3.5-all/exhrs6ca08n232b14ue48lbye/gradle-3.5/lib/plugins/jcommander-1.12.jar
7f7973e1f000-7f7973e24000 r--s 00040000 08:07 5251835                    /home/sadiq/.gradle/wrapper/dists/gradle-3.5-all/exhrs6ca08n232b14ue48lbye/gradle-3.5/lib/plugins/bsh-2.0b4.jar
7f7973e24000-7f7973e26000 r--s 00009000 08:07 5251841                    /home/sadiq/.gradle/wrapper/dists/gradle-3.5-all/exhrs6ca08n232b14ue48lbye/gradle-3.5/lib/plugins/hamcrest-core-1.3.jar
7f7973e26000-7f7973e2f000 r--s 00089000 08:07 5251792                    /home/sadiq/.gradle/wrapper/dists/gradle-3.5-all/exhrs6ca08n232b14ue48lbye/gradle-3.5/lib/plugins/testng-6.3.1.jar
7f7973e2f000-7f7973e37000 r--s 00045000 08:07 5251791                    /home/sadiq/.gradle/wrapper/dists/gradle-3.5-all/exhrs6ca08n232b14ue48lbye/gradle-3.5/lib/plugins/junit-4.12.jar
7f7973e37000-7f7973e3d000 r--s 0002e000 08:07 5251761                    /home/sadiq/.gradle/wrapper/dists/gradle-3.5-all/exhrs6ca08n232b14ue48lbye/gradle-3.5/lib/plugins/gradle-testing-jvm-3.5.jar
7f7973e3d000-7f7973e41000 r--s 00016000 08:07 5251759                    /home/sadiq/.gradle/wrapper/dists/gradle-3.5-all/exhrs6ca08n232b14ue48lbye/gradle-3.5/lib/plugins/gradle-testing-base-3.5.jar
7f7973e41000-7f7973e48000 r--s 00038000 08:07 5251786                    /home/sadiq/.gradle/wrapper/dists/gradle-3.5-all/exhrs6ca08n232b14ue48lbye/gradle-3.5/lib/plugins/bcpg-jdk15on-1.51.jar
7f7973e48000-7f7973e4a000 r--s 0000c000 08:07 5251738                    /home/sadiq/.gradle/wrapper/dists/gradle-3.5-all/exhrs6ca08n232b14ue48lbye/gradle-3.5/lib/plugins/gradle-signing-3.5.jar
7f7973e4a000-7f7973e4c000 r--s 00007000 08:07 5251737                    /home/sadiq/.gradle/wrapper/dists/gradle-3.5-all/exhrs6ca08n232b14ue48lbye/gradle-3.5/lib/plugins/gradle-scala-3.5.jar
7f7973e4c000-7f7973e4d000 r--s 00004000 08:07 5251765                    /home/sadiq/.gradle/wrapper/dists/gradle-3.5-all/exhrs6ca08n232b14ue48lbye/gradle-3.5/lib/plugins/gradle-resources-sftp-3.5.jar
7f7973e4d000-7f7973e5d000 r--s 00088000 08:07 5251804                    /home/sadiq/.gradle/wrapper/dists/gradle-3.5-all/exhrs6ca08n232b14ue48lbye/gradle-3.5/lib/plugins/joda-time-2.8.2.jar
7f7973e5d000-7f7973e6e000 r--s 0010d000 08:07 5251803                    /home/sadiq/.gradle/wrapper/dists/gradle-3.5-all/exhrs6ca08n232b14ue48lbye/gradle-3.5/lib/plugins/jackson-databind-2.6.6.jar
7f7973e6e000-7f7973e71000 r--s 00009000 08:07 5251802                    /home/sadiq/.gradle/wrapper/dists/gradle-3.5-all/exhrs6ca08n232b14ue48lbye/gradle-3.5/lib/plugins/jackson-annotations-2.6.6.jar
7f7973e71000-7f7973e75000 r--s 0003c000 08:07 5251801                    /home/sadiq/.gradle/wrapper/dists/gradle-3.5-all/exhrs6ca08n232b14ue48lbye/gradle-3.5/lib/plugins/jackson-core-2.6.6.jar
7f7973e75000-7f7973e83000 r--s 00087000 08:07 5251800                    /home/sadiq/.gradle/wrapper/dists/gradle-3.5-all/exhrs6ca08n232b14ue48lbye/gradle-3.5/lib/plugins/aws-java-sdk-core-1.11.6.jar
7f7973e83000-7f7973e8a000 r--s 00057000 08:07 5251799                    /home/sadiq/.gradle/wrapper/dists/gradle-3.5-all/exhrs6ca08n232b14ue48lbye/gradle-3.5/lib/plugins/aws-java-sdk-kms-1.11.6.jar
7f7973e8a000-7f7973e97000 r--s 0008e000 08:07 5251798                    /home/sadiq/.gradle/wrapper/dists/gradle-3.5-all/exhrs6ca08n232b14ue48lbye/gradle-3.5/lib/plugins/aws-java-sdk-s3-1.11.6.jar
7f7973e97000-7f7973e99000 r--s 00004000 08:07 5251766                    /home/sadiq/.gradle/wrapper/dists/gradle-3.5-all/exhrs6ca08n232b14ue48lbye/gradle-3.5/lib/plugins/gradle-resources-s3-3.5.jar
7f7973e99000-7f7973e9b000 r--s 0000f000 08:07 5251743                    /home/sadiq/.gradle/wrapper/dists/gradle-3.5-all/exhrs6ca08n232b14ue48lbye/gradle-3.5/lib/plugins/gradle-reporting-3.5.jar
7f7973e9b000-7f7973e9d000 r--s 00002000 08:07 5251744                    /home/sadiq/.gradle/wrapper/dists/gradle-3.5-all/exhrs6ca08n232b14ue48lbye/gradle-3.5/lib/plugins/gradle-publish-3.5.jar
7f7973e9d000-7f7973e9f000 r--s 00009000 08:07 5251773                    /home/sadiq/.gradle/wrapper/dists/gradle-3.5-all/exhrs6ca08n232b14ue48lbye/gradle-3.5/lib/plugins/commons-cli-1.2.jar
7f7973e9f000-7f7973ea5000 r--s 00035000 08:07 5251729                    /home/sadiq/.gradle/wrapper/dists/gradle-3.5-all/exhrs6ca08n232b14ue48lbye/gradle-3.5/lib/plugins/gradle-plugins-3.5.jar
7f7973ea5000-7f7973ea7000 r--s 00009000 08:07 5251762                    /home/sadiq/.gradle/wrapper/dists/gradle-3.5-all/exhrs6ca08n232b14ue48lbye/gradle-3.5/lib/plugins/gradle-plugin-development-3.5.jar
7f7973ea7000-7f7973ead000 r--s 0002b000 08:07 5251755                    /home/sadiq/.gradle/wrapper/dists/gradle-3.5-all/exhrs6ca08n232b14ue48lbye/gradle-3.5/lib/plugins/gradle-platform-play-3.5.jar
7f7973ead000-7f7973ebb000 r--s 00056000 08:07 5251754                    /home/sadiq/.gradle/wrapper/dists/gradle-3.5-all/exhrs6ca08n232b14ue48lbye/gradle-3.5/lib/plugins/gradle-platform-native-3.5.jar
7f7973ebb000-7f7973ebf000 r--s 0001b000 08:07 5251749                    /home/sadiq/.gradle/wrapper/dists/gradle-3.5-all/exhrs6ca08n232b14ue48lbye/gradle-3.5/lib/plugins/gradle-platform-jvm-3.5.jar
7f7973ebf000-7f7973ec6000 r--s 00028000 08:07 5251748                    /home/sadiq/.gradle/wrapper/dists/gradle-3.5-all/exhrs6ca08n232b14ue48lbye/gradle-3.5/lib/plugins/gradle-platform-base-3.5.jar
7f7973ec6000-7f7973eee000 r--s 0021c000 08:07 5251781                    /home/sadiq/.gradle/wrapper/dists/gradle-3.5-all/exhrs6ca08n232b14ue48lbye/gradle-3.5/lib/plugins/biz.aQute.bndlib-3.2.0.jar
7f7973eee000-7f7973ef0000 r--s 00003000 08:07 5251733                    /home/sadiq/.gradle/wrapper/dists/gradle-3.5-all/exhrs6ca08n232b14ue48lbye/gradle-3.5/lib/plugins/gradle-osgi-3.5.jar
7f7973ef0000-7f7973ef3000 r--s 0000c000 08:07 5251784                    /home/sadiq/.gradle/wrapper/dists/gradle-3.5-all/exhrs6ca08n232b14ue48lbye/gradle-3.5/lib/plugins/pmaven-groovy-0.8-20100325.jar
7f7973ef3000-7f7973ef4000 r--s 00004000 08:07 5251783                    /home/sadiq/.gradle/wrapper/dists/gradle-3.5-all/exhrs6ca08n232b14ue48lbye/gradle-3.5/lib/plugins/pmaven-common-0.8-20100325.jar
7f7973ef4000-7f7973ef9000 r--s 00024000 08:07 5251734                    /home/sadiq/.gradle/wrapper/dists/gradle-3.5-all/exhrs6ca08n232b14ue48lbye/gradle-3.5/lib/plugins/gradle-maven-3.5.jar
7f7973ef9000-7f7973efc000 r--s 0000b000 08:07 5251753                    /home/sadiq/.gradle/wrapper/dists/gradle-3.5-all/exhrs6ca08n232b14ue48lbye/gradle-3.5/lib/plugins/gradle-language-scala-3.5.jar
7f7973efc000-7f7973f02000 r--s 0001a000 08:07 5251757                    /home/sadiq/.gradle/wrapper/dists/gradle-3.5-all/exhrs6ca08n232b14ue48lbye/gradle-3.5/lib/plugins/gradle-language-native-3.5.jar
7f7973f02000-7f7973f04000 r--s 00006000 08:07 5251750                    /home/sadiq/.gradle/wrapper/dists/gradle-3.5-all/exhrs6ca08n232b14ue48lbye/gradle-3.5/lib/plugins/gradle-language-jvm-3.5.jar
7f7973f04000-7f7973f0b000 r--s 0002f000 08:07 5251751                    /home/sadiq/.gradle/wrapper/dists/gradle-3.5-all/exhrs6ca08n232b14ue48lbye/gradle-3.5/lib/plugins/gradle-language-java-3.5.jar
7f7973f0b000-7f7973f0d000 r--s 0000a000 08:07 5251752                    /home/sadiq/.gradle/wrapper/dists/gradle-3.5-all/exhrs6ca08n232b14ue48lbye/gradle-3.5/lib/plugins/gradle-language-groovy-3.5.jar
7f7973f0d000-7f7973f10000 r--s 0001e000 08:07 5251810                    /home/sadiq/.gradle/wrapper/dists/gradle-3.5-all/exhrs6ca08n232b14ue48lbye/gradle-3.5/lib/plugins/jsp-api-2.1-6.1.14.jar
7f7973f10000-7f7973f33000 r--s 00344000 08:07 5251809                    /home/sadiq/.gradle/wrapper/dists/gradle-3.5-all/exhrs6ca08n232b14ue48lbye/gradle-3.5/lib/plugins/core-3.1.1.jar
7f7973f33000-7f7973f34000 r--s 00006000 08:07 5251808                    /home/sadiq/.gradle/wrapper/dists/gradle-3.5-all/exhrs6ca08n232b14ue48lbye/gradle-3.5/lib/plugins/jetty-naming-6.1.26.jar
7f7973f34000-7f7973f35000 r--s 00002000 08:07 5251780                    /home/sadiq/.gradle/wrapper/dists/gradle-3.5-all/exhrs6ca08n232b14ue48lbye/gradle-3.5/lib/plugins/geronimo-annotation_1.0_spec-1.0.jar
7f7973f35000-7f7973f37000 r--s 00002000 08:07 5251779                    /home/sadiq/.gradle/wrapper/dists/gradle-3.5-all/exhrs6ca08n232b14ue48lbye/gradle-3.5/lib/plugins/jetty-annotations-6.1.26.jar
7f7973f37000-7f7973f48000 r--s 000ea000 08:07 5251778                    /home/sadiq/.gradle/wrapper/dists/gradle-3.5-all/exhrs6ca08n232b14ue48lbye/gradle-3.5/lib/plugins/jsp-2.1-6.1.14.jar
7f7973f48000-7f7973f4a000 r--s 0000d000 08:07 5251777                    /home/sadiq/.gradle/wrapper/dists/gradle-3.5-all/exhrs6ca08n232b14ue48lbye/gradle-3.5/lib/plugins/jetty-plus-6.1.26.jar
7f7973f4a000-7f7973f4c000 r--s 0001f000 08:07 5251776                    /home/sadiq/.gradle/wrapper/dists/gradle-3.5-all/exhrs6ca08n232b14ue48lbye/gradle-3.5/lib/plugins/servlet-api-2.5-20081211.jar
7f7973f4c000-7f7973f50000 r--s 00028000 08:07 5251775                    /home/sadiq/.gradle/wrapper/dists/gradle-3.5-all/exhrs6ca08n232b14ue48lbye/gradle-3.5/lib/plugins/jetty-util-6.1.26.jar
7f7973f50000-7f7973f57000 r--s 0007d000 08:07 5251774                    /home/sadiq/.gradle/wrapper/dists/gradle-3.5-all/exhrs6ca08n232b14ue48lbye/gradle-3.5/lib/plugins/jetty-6.1.26.jar
7f7973f57000-7f7973f59000 r--s 0000a000 08:07 5251731                    /home/sadiq/.gradle/wrapper/dists/gradle-3.5-all/exhrs6ca08n232b14ue48lbye/gradle-3.5/lib/plugins/gradle-jetty-3.5.jar
7f7973f59000-7f7973f60000 r--s 00035000 08:07 5251789                    /home/sadiq/.gradle/wrapper/dists/gradle-3.5-all/exhrs6ca08n232b14ue48lbye/gradle-3.5/lib/plugins/simple-4.1.21.jar
7f7973f60000-7f7973f6c000 r--s 00100000 08:07 5251787                    /home/sadiq/.gradle/wrapper/dists/gradle-3.5-all/exhrs6ca08n232b14ue48lbye/gradle-3.5/lib/plugins/rhino-1.7R3.jar
7f7973f6c000-7f7973f70000 r--s 00012000 08:07 5251740                    /home/sadiq/.gradle/wrapper/dists/gradle-3.5-all/exhrs6ca08n232b14ue48lbye/gradle-3.5/lib/plugins/gradle-javascript-3.5.jar
7f7973f70000-7f7973f73000 r--s 00011000 08:07 5251746                    /home/sadiq/.gradle/wrapper/dists/gradle-3.5-all/exhrs6ca08n232b14ue48lbye/gradle-3.5/lib/plugins/gradle-jacoco-3.5.jar
7f7973f73000-7f7973f76000 r--s 0000e000 08:07 5251745                    /home/sadiq/.gradle/wrapper/dists/gradle-3.5-all/exhrs6ca08n232b14ue48lbye/gradle-3.5/lib/plugins/gradle-ivy-3.5.jar
7f7973f76000-7f7973f77000 r--s 00002000 08:07 5251756                    /home/sadiq/.gradle/wrapper/dists/gradle-3.5-all/exhrs6ca08n232b14ue48lbye/gradle-3.5/lib/plugins/gradle-ide-play-3.5.jar
7f7973f77000-7f7973f7a000 r--s 00013000 08:07 5251758                    /home/sadiq/.gradle/wrapper/dists/gradle-3.5-all/exhrs6ca08n232b14ue48lbye/gradle-3.5/lib/plugins/gradle-ide-native-3.5.jar
7f7973f7a000-7f7973f84000 r--s 00056000 08:07 5251735                    /home/sadiq/.gradle/wrapper/dists/gradle-3.5-all/exhrs6ca08n232b14ue48lbye/gradle-3.5/lib/plugins/gradle-ide-3.5.jar
7f7973f84000-7f7973f86000 r--s 00007000 08:07 5251739                    /home/sadiq/.gradle/wrapper/dists/gradle-3.5-all/exhrs6ca08n232b14ue48lbye/gradle-3.5/lib/plugins/gradle-ear-3.5.jar
7f7973f86000-7f7973f88000 r--s 00005000 08:07 5251790                    /home/sadiq/.gradle/wrapper/dists/gradle-3.5-all/exhrs6ca08n232b14ue48lbye/gradle-3.5/lib/plugins/jatl-0.2.2.jar
7f7973f88000-7f7973f8e000 r--s 00039000 08:07 5251742                    /home/sadiq/.gradle/wrapper/dists/gradle-3.5-all/exhrs6ca08n232b14ue48lbye/gradle-3.5/lib/plugins/gradle-diagnostics-3.5.jar
7f7973f8e000-7f7973f90000 r--s 00009000 08:07 5251768                    /home/sadiq/.gradle/wrapper/dists/gradle-3.5-all/exhrs6ca08n232b14ue48lbye/gradle-3.5/lib/plugins/gradle-composite-builds-3.5.jar
7f7973f90000-7f7973f95000 r--s 00023000 08:07 5251730                    /home/sadiq/.gradle/wrapper/dists/gradle-3.5-all/exhrs6ca08n232b14ue48lbye/gradle-3.5/lib/plugins/gradle-code-quality-3.5.jar
7f7973f95000-7f7973f9a000 r--s 00022000 08:07 5251747                    /home/sadiq/.gradle/wrapper/dists/gradle-3.5-all/exhrs6ca08n232b14ue48lbye/gradle-3.5/lib/plugins/gradle-build-init-3.5.jar
7f7973f9a000-7f7973fa0000 r--s 0008e000 08:07 5251741                    /home/sadiq/.gradle/wrapper/dists/gradle-3.5-all/exhrs6ca08n232b14ue48lbye/gradle-3.5/lib/plugins/gradle-build-comparison-3.5.jar
7f7973fa0000-7f7973fa1000 r--s 00002000 08:07 5251769                    /home/sadiq/.gradle/wrapper/dists/gradle-3.5-all/exhrs6ca08n232b14ue48lbye/gradle-3.5/lib/plugins/gradle-build-cache-http-3.5.jar
7f7973fa1000-7f7973fa3000 r--s 00008000 08:07 5251732                    /home/sadiq/.gradle/wrapper/dists/gradle-3.5-all/exhrs6ca08n232b14ue48lbye/gradle-3.5/lib/plugins/gradle-antlr-3.5.jar
7f7973fa3000-7f7973fa4000 r--s 00005000 08:07 5251736                    /home/sadiq/.gradle/wrapper/dists/gradle-3.5-all/exhrs6ca08n232b14ue48lbye/gradle-3.5/lib/plugins/gradle-announce-3.5.jar
7f7973fa4000-7f7973fac000 r--s 00028000 08:07 5251839                    /home/sadiq/.gradle/wrapper/dists/gradle-3.5-all/exhrs6ca08n232b14ue48lbye/gradle-3.5/lib/plugins/xml-apis-1.3.04.jar
7f7973fac000-7f7973fb2000 r--s 00033000 08:07 5251785                    /home/sadiq/.gradle/wrapper/dists/gradle-3.5-all/exhrs6ca08n232b14ue48lbye/gradle-3.5/lib/plugins/commons-codec-1.6.jar
7f7973fb2000-7f7973fb9000 r--s 00049000 08:07 5251838                    /home/sadiq/.gradle/wrapper/dists/gradle-3.5-all/exhrs6ca08n232b14ue48lbye/gradle-3.5/lib/plugins/httpcore-4.4.4.jar
7f7973fb9000-7f7973fbc000 r--s 0001c000 08:07 5251796                    /home/sadiq/.gradle/wrapper/dists/gradle-3.5-all/exhrs6ca08n232b14ue48lbye/gradle-3.5/lib/plugins/nekohtml-1.9.14.jar
7f7973fbc000-7f7973fd4000 r--s 00115000 08:07 5251795                    /home/sadiq/.gradle/wrapper/dists/gradle-3.5-all/exhrs6ca08n232b14ue48lbye/gradle-3.5/lib/plugins/xercesImpl-2.9.1.jar
7f7973fd4000-7f7973fda000 r--s 0005b000 08:07 5251794                    /home/sadiq/.gradle/wrapper/dists/gradle-3.5-all/exhrs6ca08n232b14ue48lbye/gradle-3.5/lib/plugins/jcifs-1.3.17.jar
7f7973fda000-7f7973fe7000 r--s 000a4000 08:07 5251793                    /home/sadiq/.gradle/wrapper/dists/gradle-3.5-all/exhrs6ca08n232b14ue48lbye/gradle-3.5/lib/plugins/httpclient-4.4.1.jar
7f7973fe7000-7f7973fea000 r--s 0000a000 08:07 5251764                    /home/sadiq/.gradle/wrapper/dists/gradle-3.5-all/exhrs6ca08n232b14ue48lbye/gradle-3.5/lib/plugins/gradle-resources-http-3.5.jar
7f7973fea000-7f7973fee000 r--s 00017000 08:07 5251763                    /home/sadiq/.gradle/wrapper/dists/gradle-3.5-all/exhrs6ca08n232b14ue48lbye/gradle-3.5/lib/plugins/gradle-plugin-use-3.5.jar
7f7973fee000-7f7973fef000 r--s 00000000 08:07 5251673                    /home/sadiq/.gradle/wrapper/dists/gradle-3.5-all/exhrs6ca08n232b14ue48lbye/gradle-3.5/lib/gradle-runtime-api-info-3.5.jar
7f7973fef000-7f7973ff0000 r--s 00000000 08:07 5251675                    /home/sadiq/.gradle/wrapper/dists/gradle-3.5-all/exhrs6ca08n232b14ue48lbye/gradle-3.5/lib/gradle-installation-beacon-3.5.jar
7f7973ff0000-7f7973ff2000 r--s 00006000 08:07 5251834                    /home/sadiq/.gradle/wrapper/dists/gradle-3.5-all/exhrs6ca08n232b14ue48lbye/gradle-3.5/lib/plugins/aether-connector-wagon-1.13.1.jar
7f7973ff2000-7f7973ff6000 r--s 0001c000 08:07 5251833                    /home/sadiq/.gradle/wrapper/dists/gradle-3.5-all/exhrs6ca08n232b14ue48lbye/gradle-3.5/lib/plugins/aether-util-1.13.1.jar
7f7973ff6000-7f7973ff7000 r--s 00003000 08:07 5251832                    /home/sadiq/.gradle/wrapper/dists/gradle-3.5-all/exhrs6ca08n232b14ue48lbye/gradle-3.5/lib/plugins/aether-spi-1.13.1.jar
7f7973ff7000-7f7973ffa000 r--s 0001d000 08:07 5251831                    /home/sadiq/.gradle/wrapper/dists/gradle-3.5-all/exhrs6ca08n232b14ue48lbye/gradle-3.5/lib/plugins/aether-impl-1.13.1.jar
7f7973ffa000-7f7973ffd000 r--s 00013000 08:07 5251830                    /home/sadiq/.gradle/wrapper/dists/gradle-3.5-all/exhrs6ca08n232b14ue48lbye/gradle-3.5/lib/plugins/aether-api-1.13.1.jar
7f7973ffd000-7f7973ffe000 r--s 00007000 08:07 5251829                    /home/sadiq/.gradle/wrapper/dists/gradle-3.5-all/exhrs6ca08n232b14ue48lbye/gradle-3.5/lib/plugins/wagon-http-shared4-2.4.jar
7f7973ffe000-7f7974000000 r--s 0000b000 08:07 5251828                    /home/sadiq/.gradle/wrapper/dists/gradle-3.5-all/exhrs6ca08n232b14ue48lbye/gradle-3.5/lib/plugins/wagon-provider-api-2.4.jar
7f7974000000-7f7974021000 rw-p 00000000 00:00 0 
7f7974021000-7f7978000000 ---p 00000000 00:00 0 
7f7978000000-7f7978001000 r--s 00002000 08:07 5251827                    /home/sadiq/.gradle/wrapper/dists/gradle-3.5-all/exhrs6ca08n232b14ue48lbye/gradle-3.5/lib/plugins/wagon-http-2.4.jar
7f7978001000-7f7978002000 r--s 00002000 08:07 5251826                    /home/sadiq/.gradle/wrapper/dists/gradle-3.5-all/exhrs6ca08n232b14ue48lbye/gradle-3.5/lib/plugins/wagon-file-2.4.jar
7f7978002000-7f7978004000 r--s 0000c000 08:07 5251825                    /home/sadiq/.gradle/wrapper/dists/gradle-3.5-all/exhrs6ca08n232b14ue48lbye/gradle-3.5/lib/plugins/maven-aether-provider-3.0.4.jar
7f7978004000-7f7978006000 r--s 0000b000 08:07 5251824                    /home/sadiq/.gradle/wrapper/dists/gradle-3.5-all/exhrs6ca08n232b14ue48lbye/gradle-3.5/lib/plugins/maven-plugin-api-3.0.4.jar
7f7978006000-7f7978008000 r--s 00006000 08:07 5251823                    /home/sadiq/.gradle/wrapper/dists/gradle-3.5-all/exhrs6ca08n232b14ue48lbye/gradle-3.5/lib/plugins/maven-repository-metadata-3.0.4.jar
7f7978008000-7f797800a000 r--s 0000b000 08:07 5251822                    /home/sadiq/.gradle/wrapper/dists/gradle-3.5-all/exhrs6ca08n232b14ue48lbye/gradle-3.5/lib/plugins/maven-artifact-3.0.4.jar
7f797800a000-7f797800c000 r--s 00026000 08:07 5251821                    /home/sadiq/.gradle/wrapper/dists/gradle-3.5-all/exhrs6ca08n232b14ue48lbye/gradle-3.5/lib/plugins/maven-model-3.0.4.jar
7f797800c000-7f7978010000 r--s 00021000 08:07 5251820                    /home/sadiq/.gradle/wrapper/dists/gradle-3.5-all/exhrs6ca08n232b14ue48lbye/gradle-3.5/lib/plugins/maven-model-builder-3.0.4.jar
7f7978010000-7f7978016000 r--s 0003f000 08:07 5251819                    /home/sadiq/.gradle/wrapper/dists/gradle-3.5-all/exhrs6ca08n232b14ue48lbye/gradle-3.5/lib/plugins/maven-compat-3.0.4.jar
7f7978016000-7f7978017000 r--s 00006000 08:07 5251818                    /home/sadiq/.gradle/wrapper/dists/gradle-3.5-all/exhrs6ca08n232b14ue48lbye/gradle-3.5/lib/plugins/plexus-sec-dispatcher-1.3.jar
7f7978017000-7f7978019000 r--s 00002000 08:07 5251817                    /home/sadiq/.gradle/wrapper/dists/gradle-3.5-all/exhrs6ca08n232b14ue48lbye/gradle-3.5/lib/plugins/plexus-cipher-1.7.jar
7f7978019000-7f797801b000 r--s 0000a000 08:07 5251816                    /home/sadiq/.gradle/wrapper/dists/gradle-3.5-all/exhrs6ca08n232b14ue48lbye/gradle-3.5/lib/plugins/plexus-classworlds-2.4.jar
7f797801b000-7f7978022000 r--s 0002e000 08:07 5251815                    /home/sadiq/.gradle/wrapper/dists/gradle-3.5-all/exhrs6ca08n232b14ue48lbye/gradle-3.5/lib/plugins/plexus-container-default-1.5.5.jar
7f7978022000-7f7978024000 r--s 00000000 08:07 5251840                    /home/sadiq/.gradle/wrapper/dists/gradle-3.5-all/exhrs6ca08n232b14ue48lbye/gradle-3.5/lib/plugins/plexus-component-annotations-1.5.5.jar
7f7978024000-7f7978026000 r--s 0000d000 08:07 5251814                    /home/sadiq/.gradle/wrapper/dists/gradle-3.5-all/exhrs6ca08n232b14ue48lbye/gradle-3.5/lib/plugins/plexus-interpolation-1.14.jar
7f7978026000-7f797802a000 r--s 00033000 08:07 5251813                    /home/sadiq/.gradle/wrapper/dists/gradle-3.5-all/exhrs6ca08n232b14ue48lbye/gradle-3.5/lib/plugins/plexus-utils-2.0.6.jar
7f797802a000-7f797802d000 r--s 00008000 08:07 5251812                    /home/sadiq/.gradle/wrapper/dists/gradle-3.5-all/exhrs6ca08n232b14ue48lbye/gradle-3.5/lib/plugins/maven-settings-builder-3.0.4.jar
7f797802d000-7f7978032000 r--s 00040000 08:07 5251797                    /home/sadiq/.gradle/wrapper/dists/gradle-3.5-all/exhrs6ca08n232b14ue48lbye/gradle-3.5/lib/plugins/jsch-0.1.54.jar
7f7978032000-7f7978072000 r--s 00277000 08:07 5251807                    /home/sadiq/.gradle/wrapper/dists/gradle-3.5-all/exhrs6ca08n232b14ue48lbye/gradle-3.5/lib/plugins/bcprov-jdk15on-1.51.jar
7f7978072000-7f797807e000 r--s 0007d000 08:07 5251782                    /home/sadiq/.gradle/wrapper/dists/gradle-3.5-all/exhrs6ca08n232b14ue48lbye/gradle-3.5/lib/plugins/maven-core-3.0.4.jar
7f797807e000-7f797809f000 r--s 00106000 08:07 5251771                    /home/sadiq/.gradle/wrapper/dists/gradle-3.5-all/exhrs6ca08n232b14ue48lbye/gradle-3.5/lib/plugins/gradle-dependency-management-3.5.jar
7f797809f000-7f79780b5000 r-xp 00000000 08:07 3805734                    /lib/x86_64-linux-gnu/libgcc_s.so.1
7f79780b5000-7f79782b4000 ---p 00016000 08:07 3805734                    /lib/x86_64-linux-gnu/libgcc_s.so.1
7f79782b4000-7f79782b5000 rw-p 00015000 08:07 3805734                    /lib/x86_64-linux-gnu/libgcc_s.so.1
7f79782b5000-7f7978427000 r-xp 00000000 08:07 4597219                    /usr/lib/x86_64-linux-gnu/libstdc++.so.6.0.21
7f7978427000-7f7978627000 ---p 00172000 08:07 4597219                    /usr/lib/x86_64-linux-gnu/libstdc++.so.6.0.21
7f7978627000-7f7978631000 r--p 00172000 08:07 4597219                    /usr/lib/x86_64-linux-gnu/libstdc++.so.6.0.21
7f7978631000-7f7978633000 rw-p 0017c000 08:07 4597219                    /usr/lib/x86_64-linux-gnu/libstdc++.so.6.0.21
7f7978633000-7f7978637000 rw-p 00000000 00:00 0 
7f7978637000-7f7978639000 r--s 0000a000 08:07 5251811                    /home/sadiq/.gradle/wrapper/dists/gradle-3.5-all/exhrs6ca08n232b14ue48lbye/gradle-3.5/lib/plugins/maven-settings-3.0.4.jar
7f7978639000-7f797863d000 r--s 0001d000 08:07 5251806                    /home/sadiq/.gradle/wrapper/dists/gradle-3.5-all/exhrs6ca08n232b14ue48lbye/gradle-3.5/lib/plugins/xbean-reflect-3.4.jar
7f797863d000-7f7978642000 r--s 00034000 08:07 5251788                    /home/sadiq/.gradle/wrapper/dists/gradle-3.5-all/exhrs6ca08n232b14ue48lbye/gradle-3.5/lib/plugins/gson-2.7.jar
7f7978642000-7f7978651000 r--s 000d9000 08:07 5251805                    /home/sadiq/.gradle/wrapper/dists/gradle-3.5-all/exhrs6ca08n232b14ue48lbye/gradle-3.5/lib/plugins/ivy-2.2.0.jar
7f7978651000-7f7978653000 r--s 00007000 08:07 5251770                    /home/sadiq/.gradle/wrapper/dists/gradle-3.5-all/exhrs6ca08n232b14ue48lbye/gradle-3.5/lib/plugins/gradle-workers-3.5.jar
7f7978653000-7f7978658000 r-xp 00000000 08:07 4856717                    /home/sadiq/.gradle/native/25/linux-amd64/libnative-platform.so
7f7978658000-7f7978857000 ---p 00005000 08:07 4856717                    /home/sadiq/.gradle/native/25/linux-amd64/libnative-platform.so
7f7978857000-7f7978858000 rw-p 00004000 08:07 4856717                    /home/sadiq/.gradle/native/25/linux-amd64/libnative-platform.so
7f7978858000-7f7978869000 r-xp 00000000 08:07 2883948                    /opt/android-studio/jre/jre/lib/amd64/libnio.so
7f7978869000-7f7978a68000 ---p 00011000 08:07 2883948                    /opt/android-studio/jre/jre/lib/amd64/libnio.so
7f7978a68000-7f7978a69000 r--p 00010000 08:07 2883948                    /opt/android-studio/jre/jre/lib/amd64/libnio.so
7f7978a69000-7f7978a6a000 rw-p 00011000 08:07 2883948                    /opt/android-studio/jre/jre/lib/amd64/libnio.so
7f7978a6a000-7f7978d6b000 rw-p 00000000 00:00 0 
7f7978d6b000-7f7978d82000 r-xp 00000000 08:07 2883946                    /opt/android-studio/jre/jre/lib/amd64/libnet.so
7f7978d82000-7f7978f81000 ---p 00017000 08:07 2883946                    /opt/android-studio/jre/jre/lib/amd64/libnet.so
7f7978f81000-7f7978f82000 r--p 00016000 08:07 2883946                    /opt/android-studio/jre/jre/lib/amd64/libnet.so
7f7978f82000-7f7978f83000 rw-p 00017000 08:07 2883946                    /opt/android-studio/jre/jre/lib/amd64/libnet.so
7f7978f83000-7f7978f84000 r--s 00006000 08:07 5251674                    /home/sadiq/.gradle/wrapper/dists/gradle-3.5-all/exhrs6ca08n232b14ue48lbye/gradle-3.5/lib/gradle-wrapper-3.5.jar
7f7978f84000-7f7978f92000 r--s 00043000 08:07 5251681                    /home/sadiq/.gradle/wrapper/dists/gradle-3.5-all/exhrs6ca08n232b14ue48lbye/gradle-3.5/lib/gradle-tooling-api-3.5.jar
7f7978f92000-7f7978f94000 r--s 00002000 08:07 5251702                    /home/sadiq/.gradle/wrapper/dists/gradle-3.5-all/exhrs6ca08n232b14ue48lbye/gradle-3.5/lib/gradle-open-api-3.5.jar
7f7978f94000-7f7978f9a000 r--s 00032000 08:07 5251704                    /home/sadiq/.gradle/wrapper/dists/gradle-3.5-all/exhrs6ca08n232b14ue48lbye/gradle-3.5/lib/jaxen-1.1.jar
7f7978f9a000-7f7978f9f000 r--s 00048000 08:07 5251703                    /home/sadiq/.gradle/wrapper/dists/gradle-3.5-all/exhrs6ca08n232b14ue48lbye/gradle-3.5/lib/dom4j-1.6.1.jar
7f7978f9f000-7f7978faa000 r--s 00059000 08:07 5251680                    /home/sadiq/.gradle/wrapper/dists/gradle-3.5-all/exhrs6ca08n232b14ue48lbye/gradle-3.5/lib/gradle-ui-3.5.jar
7f7978faa000-7f7978fb8000 r--s 000cb000 08:07 5251671                    /home/sadiq/.gradle/wrapper/dists/gradle-3.5-all/exhrs6ca08n232b14ue48lbye/gradle-3.5/lib/kotlin-stdlib-1.1.0.jar
7f7978fb8000-7f7978fef000 r--s 00284000 08:07 5251670                    /home/sadiq/.gradle/wrapper/dists/gradle-3.5-all/exhrs6ca08n232b14ue48lbye/gradle-3.5/lib/kotlin-reflect-1.1.0.jar
7f7978fef000-7f79791b4000 r--s 017fb000 08:07 5251669                    /home/sadiq/.gradle/wrapper/dists/gradle-3.5-all/exhrs6ca08n232b14ue48lbye/gradle-3.5/lib/kotlin-compiler-embeddable-1.1.0.jar
7f79791b4000-7f79791b6000 r--s 00003000 08:07 5251667                    /home/sadiq/.gradle/wrapper/dists/gradle-3.5-all/exhrs6ca08n232b14ue48lbye/gradle-3.5/lib/annotations-13.0.jar
7f79791b6000-7f79791be000 r--s 00055000 08:07 5251668                    /home/sadiq/.gradle/wrapper/dists/gradle-3.5-all/exhrs6ca08n232b14ue48lbye/gradle-3.5/lib/gradle-script-kotlin-0.8.0.jar
7f79791be000-7f79791c1000 r--s 0000b000 08:07 5251690                    /home/sadiq/.gradle/wrapper/dists/gradle-3.5-all/exhrs6ca08n232b14ue48lbye/gradle-3.5/lib/gradle-resources-3.5.jar
7f79791c1000-7f79791c3000 r--s 00005000 08:07 5251679                    /home/sadiq/.gradle/wrapper/dists/gradle-3.5-all/exhrs6ca08n232b14ue48lbye/gradle-3.5/lib/gradle-cli-3.5.jar
7f79791c3000-7f79791c5000 r--s 00003000 08:07 5251708                    /home/sadiq/.gradle/wrapper/dists/gradle-3.5-all/exhrs6ca08n232b14ue48lbye/gradle-3.5/lib/jcl-over-slf4j-1.7.10.jar
7f79791c5000-7f79791c6000 r--s 00005000 08:07 5251707                    /home/sadiq/.gradle/wrapper/dists/gradle-3.5-all/exhrs6ca08n232b14ue48lbye/gradle-3.5/lib/log4j-over-slf4j-1.7.10.jar
7f79791c6000-7f79791c8000 r--s 00000000 08:07 5251706                    /home/sadiq/.gradle/wrapper/dists/gradle-3.5-all/exhrs6ca08n232b14ue48lbye/gradle-3.5/lib/jul-to-slf4j-1.7.10.jar
7f79791c8000-7f79791cf000 r--s 00027000 08:07 5251683                    /home/sadiq/.gradle/wrapper/dists/gradle-3.5-all/exhrs6ca08n232b14ue48lbye/gradle-3.5/lib/gradle-logging-3.5.jar
7f79791cf000-7f79791de000 r--s 0007f000 08:07 5251691                    /home/sadiq/.gradle/wrapper/dists/gradle-3.5-all/exhrs6ca08n232b14ue48lbye/gradle-3.5/lib/gradle-model-core-3.5.jar
7f79791de000-7f79791e0000 r--s 00006000 08:07 5251688                    /home/sadiq/.gradle/wrapper/dists/gradle-3.5-all/exhrs6ca08n232b14ue48lbye/gradle-3.5/lib/gradle-base-services-groovy-3.5.jar
7f79791e0000-7f79791e2000 r--s 00007000 08:07 5251696                    /home/sadiq/.gradle/wrapper/dists/gradle-3.5-all/exhrs6ca08n232b14ue48lbye/gradle-3.5/lib/gradle-model-groovy-3.5.jar
7f79791e2000-7f79791e3000 r--s 00002000 08:07 5251701                    /home/sadiq/.gradle/wrapper/dists/gradle-3.5-all/exhrs6ca08n232b14ue48lbye/gradle-3.5/lib/gradle-docs-3.5.jar
7f79791e3000-7f79791e4000 r--s 00000000 08:07 5251699                    /home/sadiq/.gradle/wrapper/dists/gradle-3.5-all/exhrs6ca08n232b14ue48lbye/gradle-3.5/lib/jcip-annotations-1.0.jar
7f79791e4000-7f79791f1000 r--s 00083000 08:07 5251697                    /home/sadiq/.gradle/wrapper/dists/gradle-3.5-all/exhrs6ca08n232b14ue48lbye/gradle-3.5/lib/commons-collections-3.2.2.jar
7f79791f1000-7f79791f2000 r--s 00000000 08:07 5251695                    /home/sadiq/.gradle/wrapper/dists/gradle-3.5-all/exhrs6ca08n232b14ue48lbye/gradle-3.5/lib/javax.inject-1.jar
7f79791f2000-7f7979262000 r--s 00645000 08:07 5251692                    /home/sadiq/.gradle/wrapper/dists/gradle-3.5-all/exhrs6ca08n232b14ue48lbye/gradle-3.5/lib/groovy-all-2.4.10.jar
7f7979262000-7f7979263000 r--s 00001000 08:07 5251724                    /home/sadiq/.gradle/wrapper/dists/gradle-3.5-all/exhrs6ca08n232b14ue48lbye/gradle-3.5/lib/native-platform-linux-i386-ncurses6-0.14.jar
7f7979263000-7f7979264000 r--s 00001000 08:07 5251723                    /home/sadiq/.gradle/wrapper/dists/gradle-3.5-all/exhrs6ca08n232b14ue48lbye/gradle-3.5/lib/native-platform-linux-i386-ncurses5-0.14.jar
7f7979264000-7f7979265000 r--s 00001000 08:07 5251722                    /home/sadiq/.gradle/wrapper/dists/gradle-3.5-all/exhrs6ca08n232b14ue48lbye/gradle-3.5/lib/native-platform-linux-amd64-ncurses6-0.14.jar
7f7979265000-7f7979266000 r--s 00001000 08:07 5251721                    /home/sadiq/.gradle/wrapper/dists/gradle-3.5-all/exhrs6ca08n232b14ue48lbye/gradle-3.5/lib/native-platform-linux-amd64-ncurses5-0.14.jar
7f7979266000-7f7979267000 r--s 0000b000 08:07 5251720                    /home/sadiq/.gradle/wrapper/dists/gradle-3.5-all/exhrs6ca08n232b14ue48lbye/gradle-3.5/lib/native-platform-windows-i386-0.14.jar
7f7979267000-7f7979269000 r--s 0000b000 08:07 5251719                    /home/sadiq/.gradle/wrapper/dists/gradle-3.5-all/exhrs6ca08n232b14ue48lbye/gradle-3.5/lib/native-platform-windows-amd64-0.14.jar
7f7979269000-7f797926a000 r--s 00003000 08:07 5251718                    /home/sadiq/.gradle/wrapper/dists/gradle-3.5-all/exhrs6ca08n232b14ue48lbye/gradle-3.5/lib/native-platform-osx-i386-0.14.jar
7f797926a000-7f797926c000 r--s 00002000 08:07 5251717                    /home/sadiq/.gradle/wrapper/dists/gradle-3.5-all/exhrs6ca08n232b14ue48lbye/gradle-3.5/lib/native-platform-osx-amd64-0.14.jar
7f797926c000-7f797926d000 r--s 00002000 08:07 5251716                    /home/sadiq/.gradle/wrapper/dists/gradle-3.5-all/exhrs6ca08n232b14ue48lbye/gradle-3.5/lib/native-platform-linux-i386-0.14.jar
7f797926d000-7f797926e000 r--s 00002000 08:07 5251715                    /home/sadiq/.gradle/wrapper/dists/gradle-3.5-all/exhrs6ca08n232b14ue48lbye/gradle-3.5/lib/native-platform-linux-amd64-0.14.jar
7f797926e000-7f797926f000 r--s 00003000 08:07 5251714                    /home/sadiq/.gradle/wrapper/dists/gradle-3.5-all/exhrs6ca08n232b14ue48lbye/gradle-3.5/lib/native-platform-freebsd-i386-libstdcpp-0.14.jar
7f797926f000-7f7979297000 r--s 001cf000 08:07 5251685                    /home/sadiq/.gradle/wrapper/dists/gradle-3.5-all/exhrs6ca08n232b14ue48lbye/gradle-3.5/lib/guava-jdk5-17.0.jar
7f7979297000-7f79792d9000 r--s 00220000 08:07 5251678                    /home/sadiq/.gradle/wrapper/dists/gradle-3.5-all/exhrs6ca08n232b14ue48lbye/gradle-3.5/lib/gradle-core-3.5.jar
7f79792d9000-7f79792da000 ---p 00000000 00:00 0 
7f79792da000-7f79793da000 rw-p 00000000 00:00 0 
7f79793da000-7f79793dd000 ---p 00000000 00:00 0 
7f79793dd000-7f79794db000 rw-p 00000000 00:00 0 
7f79794db000-7f79794de000 ---p 00000000 00:00 0 
7f79794de000-7f79795dc000 rw-p 00000000 00:00 0 
7f79795dc000-7f79795df000 ---p 00000000 00:00 0 
7f79795df000-7f79796dd000 rw-p 00000000 00:00 0 
7f79796dd000-7f79796e0000 ---p 00000000 00:00 0 
7f79796e0000-7f79797de000 rw-p 00000000 00:00 0 
7f79797de000-7f79797e1000 ---p 00000000 00:00 0 
7f79797e1000-7f79798df000 rw-p 00000000 00:00 0 
7f79798df000-7f797a2ee000 r--p 00000000 08:07 4594996                    /usr/lib/locale/locale-archive
7f797a2ee000-7f797a2f1000 ---p 00000000 00:00 0 
7f797a2f1000-7f797a3ef000 rw-p 00000000 00:00 0 
7f797a3ef000-7f797a3f2000 ---p 00000000 00:00 0 
7f797a3f2000-7f797a4f0000 rw-p 00000000 00:00 0 
7f797a4f0000-7f797a4f1000 ---p 00000000 00:00 0 
7f797a4f1000-7f797c000000 rw-p 00000000 00:00 0 
7f797c000000-7f797c10f000 rw-p 00000000 00:00 0 
7f797c10f000-7f7980000000 ---p 00000000 00:00 0 
7f7980000000-7f7980001000 r--s 00004000 08:07 5251713                    /home/sadiq/.gradle/wrapper/dists/gradle-3.5-all/exhrs6ca08n232b14ue48lbye/gradle-3.5/lib/native-platform-freebsd-i386-libcpp-0.14.jar
7f7980001000-7f7980004000 r--s 00023000 08:07 5251705                    /home/sadiq/.gradle/wrapper/dists/gradle-3.5-all/exhrs6ca08n232b14ue48lbye/gradle-3.5/lib/jansi-1.14.jar
7f7980004000-7f7980008000 r--s 00027000 08:07 5251698                    /home/sadiq/.gradle/wrapper/dists/gradle-3.5-all/exhrs6ca08n232b14ue48lbye/gradle-3.5/lib/commons-io-2.2.jar
7f7980008000-7f798000c000 r--s 00012000 08:07 5251700                    /home/sadiq/.gradle/wrapper/dists/gradle-3.5-all/exhrs6ca08n232b14ue48lbye/gradle-3.5/lib/native-platform-0.14.jar
7f798000c000-7f798000f000 r--s 0000c000 08:07 5251682                    /home/sadiq/.gradle/wrapper/dists/gradle-3.5-all/exhrs6ca08n232b14ue48lbye/gradle-3.5/lib/gradle-native-3.5.jar
7f798000f000-7f7980011000 r--s 00007000 08:07 5251727                    /home/sadiq/.gradle/wrapper/dists/gradle-3.5-all/exhrs6ca08n232b14ue48lbye/gradle-3.5/lib/objenesis-1.2.jar
7f7980011000-7f7980013000 r--s 00000000 08:07 5251726                    /home/sadiq/.gradle/wrapper/dists/gradle-3.5-all/exhrs6ca08n232b14ue48lbye/gradle-3.5/lib/minlog-1.2.jar
7f7980013000-7f7980018000 r--s 00038000 08:07 5251693                    /home/sadiq/.gradle/wrapper/dists/gradle-3.5-all/exhrs6ca08n232b14ue48lbye/gradle-3.5/lib/asm-all-5.1.jar
7f7980018000-7f7980037000 r--s 001d1000 08:07 5251694                    /home/sadiq/.gradle/wrapper/dists/gradle-3.5-all/exhrs6ca08n232b14ue48lbye/gradle-3.5/lib/ant-1.9.6.jar
7f7980037000-7f79800c7000 rw-p 00000000 00:00 0 
7f79800c7000-7f7980296000 r--s 03c1b000 08:07 2883916                    /opt/android-studio/jre/jre/lib/rt.jar
7f7980296000-7f7983296000 rw-p 00000000 00:00 0 
7f7983296000-7f7983297000 ---p 00000000 00:00 0 
7f7983297000-7f7983397000 rw-p 00000000 00:00 0 
7f7983397000-7f7983398000 ---p 00000000 00:00 0 
7f7983398000-7f7983498000 rw-p 00000000 00:00 0 
7f7983498000-7f7983499000 ---p 00000000 00:00 0 
7f7983499000-7f7983599000 rw-p 00000000 00:00 0 
7f7983599000-7f798359a000 ---p 00000000 00:00 0 
7f798359a000-7f798378d000 rw-p 00000000 00:00 0 
7f798378d000-7f798389a000 ---p 00000000 00:00 0 
7f798389a000-7f798398d000 rw-p 00000000 00:00 0 
7f798398d000-7f7983a9a000 ---p 00000000 00:00 0 
7f7983a9a000-7f7983b99000 rw-p 00000000 00:00 0 
7f7983b99000-7f7983b9a000 ---p 00000000 00:00 0 
7f7983b9a000-7f7983c6f000 rw-p 00000000 00:00 0 
7f7983c6f000-7f7983f5b000 ---p 00000000 00:00 0 
7f7983f5b000-7f798742b000 rwxp 00000000 00:00 0 
7f798742b000-7f7992f5b000 ---p 00000000 00:00 0 
7f7992f5b000-7f7992f75000 r-xp 00000000 08:07 2883943                    /opt/android-studio/jre/jre/lib/amd64/libzip.so
7f7992f75000-7f7993175000 ---p 0001a000 08:07 2883943                    /opt/android-studio/jre/jre/lib/amd64/libzip.so
7f7993175000-7f7993176000 r--p 0001a000 08:07 2883943                    /opt/android-studio/jre/jre/lib/amd64/libzip.so
7f7993176000-7f7993177000 rw-p 0001b000 08:07 2883943                    /opt/android-studio/jre/jre/lib/amd64/libzip.so
7f7993177000-7f7993182000 r-xp 00000000 08:07 3801178                    /lib/x86_64-linux-gnu/libnss_files-2.23.so
7f7993182000-7f7993381000 ---p 0000b000 08:07 3801178                    /lib/x86_64-linux-gnu/libnss_files-2.23.so
7f7993381000-7f7993382000 r--p 0000a000 08:07 3801178                    /lib/x86_64-linux-gnu/libnss_files-2.23.so
7f7993382000-7f7993383000 rw-p 0000b000 08:07 3801178                    /lib/x86_64-linux-gnu/libnss_files-2.23.so
7f7993383000-7f7993389000 rw-p 00000000 00:00 0 
7f7993389000-7f7993394000 r-xp 00000000 08:07 3801171                    /lib/x86_64-linux-gnu/libnss_nis-2.23.so
7f7993394000-7f7993593000 ---p 0000b000 08:07 3801171                    /lib/x86_64-linux-gnu/libnss_nis-2.23.so
7f7993593000-7f7993594000 r--p 0000a000 08:07 3801171                    /lib/x86_64-linux-gnu/libnss_nis-2.23.so
7f7993594000-7f7993595000 rw-p 0000b000 08:07 3801171                    /lib/x86_64-linux-gnu/libnss_nis-2.23.so
7f7993595000-7f79935ab000 r-xp 00000000 08:07 3801173                    /lib/x86_64-linux-gnu/libnsl-2.23.so
7f79935ab000-7f79937aa000 ---p 00016000 08:07 3801173                    /lib/x86_64-linux-gnu/libnsl-2.23.so
7f79937aa000-7f79937ab000 r--p 00015000 08:07 3801173                    /lib/x86_64-linux-gnu/libnsl-2.23.so
7f79937ab000-7f79937ac000 rw-p 00016000 08:07 3801173                    /lib/x86_64-linux-gnu/libnsl-2.23.so
7f79937ac000-7f79937ae000 rw-p 00000000 00:00 0 
7f79937ae000-7f79937b6000 r-xp 00000000 08:07 3801180                    /lib/x86_64-linux-gnu/libnss_compat-2.23.so
7f79937b6000-7f79939b5000 ---p 00008000 08:07 3801180                    /lib/x86_64-linux-gnu/libnss_compat-2.23.so
7f79939b5000-7f79939b6000 r--p 00007000 08:07 3801180                    /lib/x86_64-linux-gnu/libnss_compat-2.23.so
7f79939b6000-7f79939b7000 rw-p 00008000 08:07 3801180                    /lib/x86_64-linux-gnu/libnss_compat-2.23.so
7f79939b7000-7f79939e4000 r-xp 00000000 08:07 2883953                    /opt/android-studio/jre/jre/lib/amd64/libjava.so
7f79939e4000-7f7993be3000 ---p 0002d000 08:07 2883953                    /opt/android-studio/jre/jre/lib/amd64/libjava.so
7f7993be3000-7f7993be4000 r--p 0002c000 08:07 2883953                    /opt/android-studio/jre/jre/lib/amd64/libjava.so
7f7993be4000-7f7993be6000 rw-p 0002d000 08:07 2883953                    /opt/android-studio/jre/jre/lib/amd64/libjava.so
7f7993be6000-7f7993bf6000 r-xp 00000000 08:07 2883969                    /opt/android-studio/jre/jre/lib/amd64/libverify.so
7f7993bf6000-7f7993df5000 ---p 00010000 08:07 2883969                    /opt/android-studio/jre/jre/lib/amd64/libverify.so
7f7993df5000-7f7993df7000 r--p 0000f000 08:07 2883969                    /opt/android-studio/jre/jre/lib/amd64/libverify.so
7f7993df7000-7f7993df8000 rw-p 00011000 08:07 2883969                    /opt/android-studio/jre/jre/lib/amd64/libverify.so
7f7993df8000-7f7993dff000 r-xp 00000000 08:07 3801181                    /lib/x86_64-linux-gnu/librt-2.23.so
7f7993dff000-7f7993ffe000 ---p 00007000 08:07 3801181                    /lib/x86_64-linux-gnu/librt-2.23.so
7f7993ffe000-7f7993fff000 r--p 00006000 08:07 3801181                    /lib/x86_64-linux-gnu/librt-2.23.so
7f7993fff000-7f7994000000 rw-p 00007000 08:07 3801181                    /lib/x86_64-linux-gnu/librt-2.23.so
7f7994000000-7f7994d39000 rw-p 00000000 00:00 0 
7f7994d39000-7f7998000000 ---p 00000000 00:00 0 
7f7998000000-7f7998001000 r--s 00004000 08:07 5251712                    /home/sadiq/.gradle/wrapper/dists/gradle-3.5-all/exhrs6ca08n232b14ue48lbye/gradle-3.5/lib/native-platform-freebsd-amd64-libstdcpp-0.14.jar
7f7998001000-7f7998003000 r--s 0000f000 08:07 5251725                    /home/sadiq/.gradle/wrapper/dists/gradle-3.5-all/exhrs6ca08n232b14ue48lbye/gradle-3.5/lib/reflectasm-1.07-shaded.jar
7f7998003000-7f79980bb000 rw-p 00000000 00:00 0 
7f79980bb000-7f79981c3000 r-xp 00000000 08:07 3801172                    /lib/x86_64-linux-gnu/libm-2.23.so
7f79981c3000-7f79983c2000 ---p 00108000 08:07 3801172                    /lib/x86_64-linux-gnu/libm-2.23.so
7f79983c2000-7f79983c3000 r--p 00107000 08:07 3801172                    /lib/x86_64-linux-gnu/libm-2.23.so
7f79983c3000-7f79983c4000 rw-p 00108000 08:07 3801172                    /lib/x86_64-linux-gnu/libm-2.23.so
7f79983c4000-7f7998fb5000 r-xp 00000000 08:07 2883973                    /opt/android-studio/jre/jre/lib/amd64/server/libjvm.so
7f7998fb5000-7f79991b5000 ---p 00bf1000 08:07 2883973                    /opt/android-studio/jre/jre/lib/amd64/server/libjvm.so
7f79991b5000-7f7999254000 r--p 00bf1000 08:07 2883973                    /opt/android-studio/jre/jre/lib/amd64/server/libjvm.so
7f7999254000-7f799927d000 rw-p 00c90000 08:07 2883973                    /opt/android-studio/jre/jre/lib/amd64/server/libjvm.so
7f799927d000-7f79992c1000 rw-p 00000000 00:00 0 
7f79992c1000-7f79992d9000 r-xp 00000000 08:07 3801185                    /lib/x86_64-linux-gnu/libpthread-2.23.so
7f79992d9000-7f79994d8000 ---p 00018000 08:07 3801185                    /lib/x86_64-linux-gnu/libpthread-2.23.so
7f79994d8000-7f79994d9000 r--p 00017000 08:07 3801185                    /lib/x86_64-linux-gnu/libpthread-2.23.so
7f79994d9000-7f79994da000 rw-p 00018000 08:07 3801185                    /lib/x86_64-linux-gnu/libpthread-2.23.so
7f79994da000-7f79994de000 rw-p 00000000 00:00 0 
7f79994de000-7f79994e1000 r-xp 00000000 08:07 3801113                    /lib/x86_64-linux-gnu/libdl-2.23.so
7f79994e1000-7f79996e0000 ---p 00003000 08:07 3801113                    /lib/x86_64-linux-gnu/libdl-2.23.so
7f79996e0000-7f79996e1000 r--p 00002000 08:07 3801113                    /lib/x86_64-linux-gnu/libdl-2.23.so
7f79996e1000-7f79996e2000 rw-p 00003000 08:07 3801113                    /lib/x86_64-linux-gnu/libdl-2.23.so
7f79996e2000-7f79998a1000 r-xp 00000000 08:07 3801174                    /lib/x86_64-linux-gnu/libc-2.23.so
7f79998a1000-7f7999aa1000 ---p 001bf000 08:07 3801174                    /lib/x86_64-linux-gnu/libc-2.23.so
7f7999aa1000-7f7999aa5000 r--p 001bf000 08:07 3801174                    /lib/x86_64-linux-gnu/libc-2.23.so
7f7999aa5000-7f7999aa7000 rw-p 001c3000 08:07 3801174                    /lib/x86_64-linux-gnu/libc-2.23.so
7f7999aa7000-7f7999aab000 rw-p 00000000 00:00 0 
7f7999aab000-7f7999ac1000 r-xp 00000000 08:07 2883833                    /opt/android-studio/jre/lib/amd64/jli/libjli.so
7f7999ac1000-7f7999cc0000 ---p 00016000 08:07 2883833                    /opt/android-studio/jre/lib/amd64/jli/libjli.so
7f7999cc0000-7f7999cc1000 r--p 00015000 08:07 2883833                    /opt/android-studio/jre/lib/amd64/jli/libjli.so
7f7999cc1000-7f7999cc2000 rw-p 00016000 08:07 2883833                    /opt/android-studio/jre/lib/amd64/jli/libjli.so
7f7999cc2000-7f7999ce8000 r-xp 00000000 08:07 3801175                    /lib/x86_64-linux-gnu/ld-2.23.so
7f7999ce8000-7f7999ce9000 r--s 00004000 08:07 5251711                    /home/sadiq/.gradle/wrapper/dists/gradle-3.5-all/exhrs6ca08n232b14ue48lbye/gradle-3.5/lib/native-platform-freebsd-amd64-libcpp-0.14.jar
7f7999ce9000-7f7999ced000 r--s 00026000 08:07 5251709                    /home/sadiq/.gradle/wrapper/dists/gradle-3.5-all/exhrs6ca08n232b14ue48lbye/gradle-3.5/lib/kryo-2.20.jar
7f7999ced000-7f7999cf4000 r--s 0002a000 08:07 5251689                    /home/sadiq/.gradle/wrapper/dists/gradle-3.5-all/exhrs6ca08n232b14ue48lbye/gradle-3.5/lib/gradle-messaging-3.5.jar
7f7999cf4000-7f7999cf6000 r--s 00006000 08:07 5251687                    /home/sadiq/.gradle/wrapper/dists/gradle-3.5-all/exhrs6ca08n232b14ue48lbye/gradle-3.5/lib/gradle-process-services-3.5.jar
7f7999cf6000-7f7999cf8000 r--s 00000000 08:07 5251677                    /home/sadiq/.gradle/wrapper/dists/gradle-3.5-all/exhrs6ca08n232b14ue48lbye/gradle-3.5/lib/gradle-jvm-services-3.5.jar
7f7999cf8000-7f7999cf9000 r--s 00000000 08:07 5251842                    /home/sadiq/.gradle/wrapper/dists/gradle-3.5-all/exhrs6ca08n232b14ue48lbye/gradle-3.5/lib/gradle-version-info-3.5.jar
7f7999cf9000-7f7999d02000 r--s 00047000 08:07 5251676                    /home/sadiq/.gradle/wrapper/dists/gradle-3.5-all/exhrs6ca08n232b14ue48lbye/gradle-3.5/lib/gradle-base-services-3.5.jar
7f7999d02000-7f7999dc4000 rw-p 00000000 00:00 0 
7f7999dc4000-7f7999dc7000 ---p 00000000 00:00 0 
7f7999dc7000-7f7999ec9000 rw-p 00000000 00:00 0 
7f7999ec9000-7f7999ece000 r--s 00041000 08:07 5251686                    /home/sadiq/.gradle/wrapper/dists/gradle-3.5-all/exhrs6ca08n232b14ue48lbye/gradle-3.5/lib/commons-lang-2.6.jar
7f7999ece000-7f7999ecf000 r--s 00007000 08:07 5251684                    /home/sadiq/.gradle/wrapper/dists/gradle-3.5-all/exhrs6ca08n232b14ue48lbye/gradle-3.5/lib/slf4j-api-1.7.10.jar
7f7999ecf000-7f7999ed0000 r--s 00004000 08:07 5251710                    /home/sadiq/.gradle/wrapper/dists/gradle-3.5-all/exhrs6ca08n232b14ue48lbye/gradle-3.5/lib/ant-launcher-1.9.6.jar
7f7999ed0000-7f7999edb000 r--s 0005b000 08:07 5251672                    /home/sadiq/.gradle/wrapper/dists/gradle-3.5-all/exhrs6ca08n232b14ue48lbye/gradle-3.5/lib/gradle-launcher-3.5.jar
7f7999edb000-7f7999ee3000 rw-s 00000000 08:07 3022494                    /tmp/hsperfdata_sadiq/14957
7f7999ee3000-7f7999ee4000 rw-p 00000000 00:00 0 
7f7999ee4000-7f7999ee5000 ---p 00000000 00:00 0 
7f7999ee5000-7f7999ee7000 rw-p 00000000 00:00 0 
7f7999ee7000-7f7999ee8000 r--p 00025000 08:07 3801175                    /lib/x86_64-linux-gnu/ld-2.23.so
7f7999ee8000-7f7999ee9000 rw-p 00026000 08:07 3801175                    /lib/x86_64-linux-gnu/ld-2.23.so
7f7999ee9000-7f7999eea000 rw-p 00000000 00:00 0 
7fff0142e000-7fff0144f000 rw-p 00000000 00:00 0                          [stack]
7fff0154e000-7fff01550000 r--p 00000000 00:00 0                          [vvar]
7fff01550000-7fff01552000 r-xp 00000000 00:00 0                          [vdso]
ffffffffff600000-ffffffffff601000 r-xp 00000000 00:00 0                  [vsyscall]

VM Arguments:
jvm_args: -Xmx1536m -Dfile.encoding=UTF-8 -Duser.country=US -Duser.language=en -Duser.variant 
java_command: org.gradle.launcher.daemon.bootstrap.GradleDaemon 3.5
java_class_path (initial): /home/sadiq/.gradle/wrapper/dists/gradle-3.5-all/exhrs6ca08n232b14ue48lbye/gradle-3.5/lib/gradle-launcher-3.5.jar
Launcher Type: SUN_STANDARD

Environment Variables:
JAVA_HOME=/usr/lib/jvm/java-8-oracle
PATH=/home/sadiq/bin:/home/sadiq/.local/bin:/usr/local/sbin:/usr/local/bin:/usr/sbin:/usr/bin:/sbin:/bin:/usr/games:/usr/local/games:/snap/bin:/usr/lib/jvm/java-8-oracle/bin:/usr/lib/jvm/java-8-oracle/db/bin:/usr/lib/jvm/java-8-oracle/jre/bin
LD_LIBRARY_PATH=/opt/android-studio/bin:
SHELL=/bin/bash
DISPLAY=:0

Signal Handlers:
SIGSEGV: [libjvm.so+0x9e5150], sa_mask[0]=11111111011111111101111111111110, sa_flags=SA_RESTART|SA_SIGINFO
SIGBUS: [libjvm.so+0x9e5150], sa_mask[0]=11111111011111111101111111111110, sa_flags=SA_RESTART|SA_SIGINFO
SIGFPE: [libjvm.so+0x848450], sa_mask[0]=11111111011111111101111111111110, sa_flags=SA_RESTART|SA_SIGINFO
SIGPIPE: [libjvm.so+0x848450], sa_mask[0]=11111111011111111101111111111110, sa_flags=SA_RESTART|SA_SIGINFO
SIGXFSZ: [libjvm.so+0x848450], sa_mask[0]=11111111011111111101111111111110, sa_flags=SA_RESTART|SA_SIGINFO
SIGILL: [libjvm.so+0x848450], sa_mask[0]=11111111011111111101111111111110, sa_flags=SA_RESTART|SA_SIGINFO
SIGUSR1: SIG_DFL, sa_mask[0]=00000000000000000000000000000000, sa_flags=none
SIGUSR2: [libjvm.so+0x848320], sa_mask[0]=00100000000000000000000000000000, sa_flags=SA_RESTART|SA_SIGINFO
SIGHUP: [libjvm.so+0x848510], sa_mask[0]=11111111011111111101111111111110, sa_flags=SA_RESTART|SA_SIGINFO
SIGINT: [libjvm.so+0x848510], sa_mask[0]=11111111011111111101111111111110, sa_flags=SA_RESTART|SA_SIGINFO
SIGTERM: [libjvm.so+0x848510], sa_mask[0]=11111111011111111101111111111110, sa_flags=SA_RESTART|SA_SIGINFO
SIGQUIT: [libjvm.so+0x848510], sa_mask[0]=11111111011111111101111111111110, sa_flags=SA_RESTART|SA_SIGINFO


---------------  S Y S T E M  ---------------

OS:DISTRIB_ID=Ubuntu
DISTRIB_RELEASE=16.04
DISTRIB_CODENAME=xenial
DISTRIB_DESCRIPTION="Ubuntu 16.04.2 LTS"

uname:Linux 4.8.0-36-generic #36~16.04.1-Ubuntu SMP Sun Feb 5 09:39:57 UTC 2017 x86_64
libc:glibc 2.23 NPTL 2.23 
rlimit: STACK 8192k, CORE 0k, NPROC 15350, NOFILE 65536, AS infinity
load average:1.67 0.83 0.62

/proc/meminfo:
MemTotal:        3972408 kB
MemFree:          230536 kB
MemAvailable:     157280 kB
Buffers:            1844 kB
Cached:           202800 kB
SwapCached:            0 kB
Active:          3392440 kB
Inactive:         168656 kB
Active(anon):    3357784 kB
Inactive(anon):   143456 kB
Active(file):      34656 kB
Inactive(file):    25200 kB
Unevictable:          32 kB
Mlocked:              32 kB
SwapTotal:             0 kB
SwapFree:              0 kB
Dirty:              8312 kB
Writeback:             0 kB
AnonPages:       3356572 kB
Mapped:            77908 kB
Shmem:            144704 kB
Slab:              76252 kB
SReclaimable:      38404 kB
SUnreclaim:        37848 kB
KernelStack:        9440 kB
PageTables:        34092 kB
NFS_Unstable:          0 kB
Bounce:                0 kB
WritebackTmp:          0 kB
CommitLimit:     1986204 kB
Committed_AS:    6772312 kB
VmallocTotal:   34359738367 kB
VmallocUsed:           0 kB
VmallocChunk:          0 kB
HardwareCorrupted:     0 kB
AnonHugePages:   1751040 kB
ShmemHugePages:        0 kB
ShmemPmdMapped:        0 kB
CmaTotal:              0 kB
CmaFree:               0 kB
HugePages_Total:       0
HugePages_Free:        0
HugePages_Rsvd:        0
HugePages_Surp:        0
Hugepagesize:       2048 kB
DirectMap4k:      135936 kB
DirectMap2M:     3985408 kB
DirectMap1G:     1048576 kB


CPU:total 4 (2 cores per cpu, 2 threads per core) family 6 model 61 stepping 4, cmov, cx8, fxsr, mmx, sse, sse2, sse3, ssse3, sse4.1, sse4.2, popcnt, avx, avx2, aes, clmul, erms, 3dnowpref, lzcnt, ht, tsc, tscinvbit, bmi1, bmi2, adx

/proc/cpuinfo:
processor	: 0
vendor_id	: GenuineIntel
cpu family	: 6
model		: 61
model name	: Intel(R) Core(TM) i5-5200U CPU @ 2.20GHz
stepping	: 4
microcode	: 0x12
cpu MHz		: 2432.031
cache size	: 3072 KB
physical id	: 0
siblings	: 4
core id		: 0
cpu cores	: 2
apicid		: 0
initial apicid	: 0
fpu		: yes
fpu_exception	: yes
cpuid level	: 20
wp		: yes
flags		: fpu vme de pse tsc msr pae mce cx8 apic sep mtrr pge mca cmov pat pse36 clflush dts acpi mmx fxsr sse sse2 ss ht tm pbe syscall nx pdpe1gb rdtscp lm constant_tsc arch_perfmon pebs bts rep_good nopl xtopology nonstop_tsc aperfmperf eagerfpu pni pclmulqdq dtes64 monitor ds_cpl vmx est tm2 ssse3 sdbg fma cx16 xtpr pdcm pcid sse4_1 sse4_2 x2apic movbe popcnt tsc_deadline_timer aes xsave avx f16c rdrand lahf_lm abm 3dnowprefetch epb intel_pt tpr_shadow vnmi flexpriority ept vpid fsgsbase tsc_adjust bmi1 avx2 smep bmi2 erms invpcid rdseed adx smap xsaveopt dtherm ida arat pln pts
bugs		:
bogomips	: 4389.83
clflush size	: 64
cache_alignment	: 64
address sizes	: 39 bits physical, 48 bits virtual
power management:

processor	: 1
vendor_id	: GenuineIntel
cpu family	: 6
model		: 61
model name	: Intel(R) Core(TM) i5-5200U CPU @ 2.20GHz
stepping	: 4
microcode	: 0x12
cpu MHz		: 2200.000
cache size	: 3072 KB
physical id	: 0
siblings	: 4
core id		: 1
cpu cores	: 2
apicid		: 2
initial apicid	: 2
fpu		: yes
fpu_exception	: yes
cpuid level	: 20
wp		: yes
flags		: fpu vme de pse tsc msr pae mce cx8 apic sep mtrr pge mca cmov pat pse36 clflush dts acpi mmx fxsr sse sse2 ss ht tm pbe syscall nx pdpe1gb rdtscp lm constant_tsc arch_perfmon pebs bts rep_good nopl xtopology nonstop_tsc aperfmperf eagerfpu pni pclmulqdq dtes64 monitor ds_cpl vmx est tm2 ssse3 sdbg fma cx16 xtpr pdcm pcid sse4_1 sse4_2 x2apic movbe popcnt tsc_deadline_timer aes xsave avx f16c rdrand lahf_lm abm 3dnowprefetch epb intel_pt tpr_shadow vnmi flexpriority ept vpid fsgsbase tsc_adjust bmi1 avx2 smep bmi2 erms invpcid rdseed adx smap xsaveopt dtherm ida arat pln pts
bugs		:
bogomips	: 4389.83
clflush size	: 64
cache_alignment	: 64
address sizes	: 39 bits physical, 48 bits virtual
power management:

processor	: 2
vendor_id	: GenuineIntel
cpu family	: 6
model		: 61
model name	: Intel(R) Core(TM) i5-5200U CPU @ 2.20GHz
stepping	: 4
microcode	: 0x12
cpu MHz		: 2200.805
cache size	: 3072 KB
physical id	: 0
siblings	: 4
core id		: 0
cpu cores	: 2
apicid		: 1
initial apicid	: 1
fpu		: yes
fpu_exception	: yes
cpuid level	: 20
wp		: yes
flags		: fpu vme de pse tsc msr pae mce cx8 apic sep mtrr pge mca cmov pat pse36 clflush dts acpi mmx fxsr sse sse2 ss ht tm pbe syscall nx pdpe1gb rdtscp lm constant_tsc arch_perfmon pebs bts rep_good nopl xtopology nonstop_tsc aperfmperf eagerfpu pni pclmulqdq dtes64 monitor ds_cpl vmx est tm2 ssse3 sdbg fma cx16 xtpr pdcm pcid sse4_1 sse4_2 x2apic movbe popcnt tsc_deadline_timer aes xsave avx f16c rdrand lahf_lm abm 3dnowprefetch epb intel_pt tpr_shadow vnmi flexpriority ept vpid fsgsbase tsc_adjust bmi1 avx2 smep bmi2 erms invpcid rdseed adx smap xsaveopt dtherm ida arat pln pts
bugs		:
bogomips	: 4389.83
clflush size	: 64
cache_alignment	: 64
address sizes	: 39 bits physical, 48 bits virtual
power management:

processor	: 3
vendor_id	: GenuineIntel
cpu family	: 6
model		: 61
model name	: Intel(R) Core(TM) i5-5200U CPU @ 2.20GHz
stepping	: 4
microcode	: 0x12
cpu MHz		: 2357.641
cache size	: 3072 KB
physical id	: 0
siblings	: 4
core id		: 1
cpu cores	: 2
apicid		: 3
initial apicid	: 3
fpu		: yes
fpu_exception	: yes
cpuid level	: 20
wp		: yes
flags		: fpu vme de pse tsc msr pae mce cx8 apic sep mtrr pge mca cmov pat pse36 clflush dts acpi mmx fxsr sse sse2 ss ht tm pbe syscall nx pdpe1gb rdtscp lm constant_tsc arch_perfmon pebs bts rep_good nopl xtopology nonstop_tsc aperfmperf eagerfpu pni pclmulqdq dtes64 monitor ds_cpl vmx est tm2 ssse3 sdbg fma cx16 xtpr pdcm pcid sse4_1 sse4_2 x2apic movbe popcnt tsc_deadline_timer aes xsave avx f16c rdrand lahf_lm abm 3dnowprefetch epb intel_pt tpr_shadow vnmi flexpriority ept vpid fsgsbase tsc_adjust bmi1 avx2 smep bmi2 erms invpcid rdseed adx smap xsaveopt dtherm ida arat pln pts
bugs		:
bogomips	: 4389.83
clflush size	: 64
cache_alignment	: 64
address sizes	: 39 bits physical, 48 bits virtual
power management:



Memory: 4k page, physical 3972408k(230536k free), swap 0k(0k free)

vm_info: OpenJDK 64-Bit Server VM (25.112-b06) for linux-amd64 JRE (1.8.0_112-release-b06), built on Dec  6 2016 12:11:18 by "builder" with gcc 4.8.4

time: Wed May 31 03:48:33 2017
elapsed time: 3696 seconds (0d 1h 1m 36s)

