#
# There is insufficient memory for the Java Runtime Environment to continue.
# Native memory allocation (mmap) failed to map 135790592 bytes for committing reserved memory.
# Possible reasons:
#   The system is out of physical RAM or swap space
#   In 32 bit mode, the process size limit was hit
# Possible solutions:
#   Reduce memory load on the system
#   Increase physical memory or swap space
#   Check if swap backing store is full
#   Use 64 bit Java on a 64 bit OS
#   Decrease Java heap size (-Xmx/-Xms)
#   Decrease number of Java threads
#   Decrease Java thread stack sizes (-Xss)
#   Set larger code cache with -XX:ReservedCodeCacheSize=
# This output file may be truncated or incomplete.
#
#  Out of Memory Error (os_linux.cpp:2627), pid=28424, tid=0x00007efc737f7700
#
# JRE version: OpenJDK Runtime Environment (8.0_112-b06) (build 1.8.0_112-release-b06)
# Java VM: OpenJDK 64-Bit Server VM (25.112-b06 mixed mode linux-amd64 compressed oops)
# Failed to write core dump. Core dumps have been disabled. To enable core dumping, try "ulimit -c unlimited" before starting Java again
#

---------------  T H R E A D  ---------------

Current thread (0x00007efc90077800):  VMThread [stack: 0x00007efc736f7000,0x00007efc737f8000] [id=28432]

Stack: [0x00007efc736f7000,0x00007efc737f8000],  sp=0x00007efc737f64d0,  free space=1021k
Native frames: (J=compiled Java code, j=interpreted, Vv=VM code, C=native code)
V  [libjvm.so+0x9e465d]  VMError::report_and_die()+0x15d
V  [libjvm.so+0x4b6ada]  report_vm_out_of_memory(char const*, int, unsigned long, VMErrorType, char const*)+0x8a
V  [libjvm.so+0x84c860]  os::pd_commit_memory(char*, unsigned long, unsigned long, bool)+0xf0
V  [libjvm.so+0x84737f]  os::commit_memory(char*, unsigned long, unsigned long, bool)+0x1f
V  [libjvm.so+0x8bd3db]  PSVirtualSpace::expand_by(unsigned long)+0x5b
V  [libjvm.so+0x8ae1bb]  PSOldGen::expand_by(unsigned long) [clone .part.109]+0x1b
V  [libjvm.so+0x8ae37b]  PSOldGen::expand(unsigned long) [clone .part.111]+0xdb
V  [libjvm.so+0x8aec58]  PSOldGen::resize(unsigned long)+0x188
V  [libjvm.so+0x8b426c]  PSParallelCompact::invoke_no_policy(bool)+0x97c
V  [libjvm.so+0x8bb37d]  PSScavenge::invoke()+0x17d
V  [libjvm.so+0x86fcf3]  ParallelScavengeHeap::failed_mem_allocate(unsigned long)+0x63
V  [libjvm.so+0x9e6124]  VM_ParallelGCFailedAllocation::doit()+0x84
V  [libjvm.so+0x9ea537]  VM_Operation::evaluate()+0x47
V  [libjvm.so+0x9e8ff8]  VMThread::evaluate_operation(VM_Operation*)+0x2c8
V  [libjvm.so+0x9e9479]  VMThread::loop()+0x219
V  [libjvm.so+0x9e98c2]  VMThread::run()+0x72
V  [libjvm.so+0x849c82]  java_start(Thread*)+0xf2

VM_Operation (0x00007efc1976ed20): ParallelGCFailedAllocation, mode: safepoint, requested by thread 0x00007efc4803d800


---------------  P R O C E S S  ---------------

Java Threads: ( => current thread )
  0x00007efc4803d800 JavaThread "pool-16-thread-4" [_thread_blocked, id=28678, stack(0x00007efc19670000,0x00007efc19771000)]
  0x00007efc4803c800 JavaThread "pool-16-thread-3" [_thread_blocked, id=28677, stack(0x00007efc190f9000,0x00007efc191fa000)]
  0x00007efc4803b800 JavaThread "pool-16-thread-2" [_thread_blocked, id=28676, stack(0x00007efc18c83000,0x00007efc18d84000)]
  0x00007efc4803b000 JavaThread "pool-17-thread-1" [_thread_blocked, id=28675, stack(0x00007efc1956f000,0x00007efc19670000)]
  0x00007efc4803a000 JavaThread "pool-16-thread-1" [_thread_blocked, id=28674, stack(0x00007efc19872000,0x00007efc19973000)]
  0x00007efc3134d800 JavaThread "pool-14-thread-1" [_thread_blocked, id=28673, stack(0x00007efc18d84000,0x00007efc18e85000)]
  0x00007efc30c43000 JavaThread "Cache worker for Java compile cache (/home/sadiq/database/.gradle/3.5/javaCompile)" [_thread_blocked, id=28644, stack(0x00007efc191fa000,0x00007efc192fb000)]
  0x00007efc3074f800 JavaThread "pool-10-thread-4" [_thread_blocked, id=28637, stack(0x00007efc19973000,0x00007efc19a74000)]
  0x00007efc30c02000 JavaThread "pool-10-thread-3" [_thread_blocked, id=28636, stack(0x00007efc19c74000,0x00007efc19d75000)]
  0x00007efc30c01000 JavaThread "pool-10-thread-2" [_thread_blocked, id=28635, stack(0x00007efc19d75000,0x00007efc19e76000)]
  0x00007efc30c00800 JavaThread "pool-10-thread-1" [_thread_blocked, id=28634, stack(0x00007efc19f77000,0x00007efc1a078000)]
  0x00007efc302ae800 JavaThread "Cache worker for file content cache (/home/sadiq/database/.gradle/3.5/fileContent)" [_thread_blocked, id=28633, stack(0x00007efc19e76000,0x00007efc19f77000)]
  0x00007efc30e82000 JavaThread "Cache worker for task history cache (/home/sadiq/database/.gradle/3.5/taskHistory)" [_thread_blocked, id=28632, stack(0x00007efc1b08b000,0x00007efc1b18c000)]
  0x00007efc3000f800 JavaThread "Stdin handler" [_thread_blocked, id=28628, stack(0x00007efc70bb4000,0x00007efc70cb5000)]
  0x00007efc30009800 JavaThread "Asynchronous log dispatcher for DefaultDaemonConnection: socket connection from /127.0.0.1:38509 to /127.0.0.1:60904" [_thread_blocked, id=28627, stack(0x00007efc70cb5000,0x00007efc70db6000)]
  0x00007efc34006000 JavaThread "Cancel handler" [_thread_blocked, id=28625, stack(0x00007efc70eb7000,0x00007efc70fb8000)]
  0x00007efc34007800 JavaThread "Handler for socket connection from /127.0.0.1:38509 to /127.0.0.1:60904" [_thread_in_native, id=28624, stack(0x00007efc70fb8000,0x00007efc710b9000)]
  0x00007efc04003000 JavaThread "process reaper" daemon [_thread_blocked, id=28537, stack(0x00007efc18c4a000,0x00007efc18c83000)]
  0x00007efc00001800 JavaThread "process reaper" daemon [_thread_blocked, id=28534, stack(0x00007efc18e85000,0x00007efc18ebe000)]
  0x000000000215a000 JavaThread "process reaper" daemon [_thread_blocked, id=28531, stack(0x00007efc190c0000,0x00007efc190f9000)]
  0x00007efc08006800 JavaThread "process reaper" daemon [_thread_blocked, id=28526, stack(0x00007efc194fd000,0x00007efc19536000)]
  0x00007efbfc002000 JavaThread "process reaper" daemon [_thread_blocked, id=28525, stack(0x00007efc19536000,0x00007efc1956f000)]
  0x00007efc30d14800 JavaThread "Memory manager" [_thread_blocked, id=28508, stack(0x00007efc1b18c000,0x00007efc1b28d000)]
  0x00007efc30a43000 JavaThread "Cache worker for Artifact transforms cache (/home/sadiq/.gradle/caches/transforms-1)" [_thread_blocked, id=28502, stack(0x00007efc70038000,0x00007efc70139000)]
  0x00007efc300dc800 JavaThread "File lock request listener" [_thread_in_native, id=28499, stack(0x00007efc707b2000,0x00007efc708b3000)]
  0x00007efc300c2800 JavaThread "Cache worker for file hash cache (/home/sadiq/.gradle/caches/3.5/fileHashes)" [_thread_blocked, id=28498, stack(0x00007efc708b3000,0x00007efc709b4000)]
  0x00007efc3400a800 JavaThread "Daemon worker" [_thread_blocked, id=28493, stack(0x00007efc70db6000,0x00007efc70eb7000)]
  0x00007efc3c018800 JavaThread "Daemon" [_thread_blocked, id=28490, stack(0x00007efc710b9000,0x00007efc711ba000)]
  0x00007efc90d0b000 JavaThread "Daemon periodic checks" [_thread_blocked, id=28489, stack(0x00007efc711ba000,0x00007efc712bb000)]
  0x00007efc90cce000 JavaThread "Incoming local TCP Connector on port 38509" [_thread_in_native, id=28488, stack(0x00007efc714c2000,0x00007efc715c3000)]
  0x00007efc900c8000 JavaThread "Service Thread" daemon [_thread_blocked, id=28439, stack(0x00007efc72cc9000,0x00007efc72dca000)]
  0x00007efc900bd000 JavaThread "C1 CompilerThread2" daemon [_thread_blocked, id=28438, stack(0x00007efc72dca000,0x00007efc72ecb000)]
  0x00007efc900bb800 JavaThread "C2 CompilerThread1" daemon [_thread_blocked, id=28437, stack(0x00007efc72ecb000,0x00007efc72fcc000)]
  0x00007efc900b8800 JavaThread "C2 CompilerThread0" daemon [_thread_blocked, id=28436, stack(0x00007efc72fcc000,0x00007efc730cd000)]
  0x00007efc900b7000 JavaThread "Signal Dispatcher" daemon [_thread_blocked, id=28435, stack(0x00007efc730cd000,0x00007efc731ce000)]
  0x00007efc90083800 JavaThread "Finalizer" daemon [_thread_blocked, id=28434, stack(0x00007efc734f5000,0x00007efc735f6000)]
  0x00007efc9007f000 JavaThread "Reference Handler" daemon [_thread_blocked, id=28433, stack(0x00007efc735f6000,0x00007efc736f7000)]
  0x00007efc9000a000 JavaThread "main" [_thread_blocked, id=28427, stack(0x00007efc9709b000,0x00007efc9719c000)]

Other Threads:
=>0x00007efc90077800 VMThread [stack: 0x00007efc736f7000,0x00007efc737f8000] [id=28432]
  0x00007efc900ca800 WatcherThread [stack: 0x00007efc72bc8000,0x00007efc72cc9000] [id=28440]

VM state:at safepoint (normal execution)

VM Mutex/Monitor currently owned by a thread:  ([mutex/lock_event])
[0x00007efc90005bd0] ExpandHeap_lock - owner thread: 0x00007efc90077800
[0x00007efc90006250] Threads_lock - owner thread: 0x00007efc90077800
[0x00007efc90006750] Heap_lock - owner thread: 0x00007efc4803d800

Heap:
 PSYoungGen      total 382464K, used 12045K [0x00000000e0000000, 0x00000000fe900000, 0x0000000100000000)
  eden space 297984K, 0% used [0x00000000e0000000,0x00000000e0000000,0x00000000f2300000)
  from space 84480K, 14% used [0x00000000f2300000,0x00000000f2ec3540,0x00000000f7580000)
  to   space 81920K, 0% used [0x00000000f9900000,0x00000000f9900000,0x00000000fe900000)
 ParOldGen       total 276992K, used 276563K [0x00000000a0000000, 0x00000000b0e80000, 0x00000000e0000000)
  object space 276992K, 99% used [0x00000000a0000000,0x00000000b0e14f18,0x00000000b0e80000)
 Metaspace       used 76148K, capacity 78476K, committed 78720K, reserved 1118208K
  class space    used 9259K, capacity 9748K, committed 9856K, reserved 1048576K

Card table byte_map: [0x00007efc8093f000,0x00007efc80c40000] byte_map_base: 0x00007efc8043f000

Marking Bits: (ParMarkBitMap*) 0x00007efc9656a340
 Begin Bits: [0x00007efc79000000, 0x00007efc7a800000)
 End Bits:   [0x00007efc7a800000, 0x00007efc7c000000)

Polling page: 0x00007efc971bc000

CodeCache: size=245760Kb used=48657Kb max_used=48657Kb free=197102Kb
 bounds [0x00007efc81000000, 0x00007efc84010000, 0x00007efc90000000]
 total_blobs=15025 nmethods=14209 adapters=727
 compilation: enabled

Compilation events (10 events):
Event: 87.445 Thread 0x00007efc900bd000 18269       2       com.android.dx.cf.attrib.AttExceptions::byteLength (15 bytes)
Event: 87.445 Thread 0x00007efc900bd000 nmethod 18269 0x00007efc839d6d90 code [0x00007efc839d6f00, 0x00007efc839d7088]
Event: 87.457 Thread 0x00007efc900bd000 18270 % !   3       java.util.concurrent.ConcurrentHashMap$TreeBin::putTreeVal @ 12 (371 bytes)
Event: 87.460 Thread 0x00007efc900bd000 nmethod 18270% 0x00007efc83a52dd0 code [0x00007efc83a53080, 0x00007efc83a546f8]
Event: 87.472 Thread 0x00007efc900bd000 18272 % !   3       com.android.dx.cf.code.RopperMachine::run @ 247 (1550 bytes)
Event: 87.509 Thread 0x00007efc900bd000 nmethod 18272% 0x00007efc83fd67d0 code [0x00007efc83fd7760, 0x00007efc83fe3f38]
Event: 87.530 Thread 0x00007efc900bd000 18273   !   3       com.android.dx.cf.code.RopperMachine::run (1550 bytes)
Event: 87.569 Thread 0x00007efc900bd000 nmethod 18273 0x00007efc83fef4d0 code [0x00007efc83ff0460, 0x00007efc83ffcb58]
Event: 87.569 Thread 0x00007efc900bd000 18274   !   3       java.util.concurrent.ConcurrentHashMap$TreeBin::putTreeVal (371 bytes)
Event: 87.572 Thread 0x00007efc900bd000 nmethod 18274 0x00007efc83a50c10 code [0x00007efc83a50ea0, 0x00007efc83a523f8]

GC Heap History (10 events):
Event: 84.034 GC heap after
Heap after GC invocations=41 (full 5):
 PSYoungGen      total 356352K, used 24545K [0x00000000e0000000, 0x00000000fa180000, 0x0000000100000000)
  eden space 283648K, 0% used [0x00000000e0000000,0x00000000e0000000,0x00000000f1500000)
  from space 72704K, 33% used [0x00000000f5a80000,0x00000000f72787e8,0x00000000fa180000)
  to   space 71168K, 0% used [0x00000000f1500000,0x00000000f1500000,0x00000000f5a80000)
 ParOldGen       total 178688K, used 151234K [0x00000000a0000000, 0x00000000aae80000, 0x00000000e0000000)
  object space 178688K, 84% used [0x00000000a0000000,0x00000000a93b08a0,0x00000000aae80000)
 Metaspace       used 76121K, capacity 78412K, committed 78720K, reserved 1118208K
  class space    used 9259K, capacity 9748K, committed 9856K, reserved 1048576K
}
Event: 84.034 GC heap before
{Heap before GC invocations=42 (full 6):
 PSYoungGen      total 356352K, used 24545K [0x00000000e0000000, 0x00000000fa180000, 0x0000000100000000)
  eden space 283648K, 0% used [0x00000000e0000000,0x00000000e0000000,0x00000000f1500000)
  from space 72704K, 33% used [0x00000000f5a80000,0x00000000f72787e8,0x00000000fa180000)
  to   space 71168K, 0% used [0x00000000f1500000,0x00000000f1500000,0x00000000f5a80000)
 ParOldGen       total 178688K, used 151234K [0x00000000a0000000, 0x00000000aae80000, 0x00000000e0000000)
  object space 178688K, 84% used [0x00000000a0000000,0x00000000a93b08a0,0x00000000aae80000)
 Metaspace       used 76121K, capacity 78412K, committed 78720K, reserved 1118208K
  class space    used 9259K, capacity 9748K, committed 9856K, reserved 1048576K
Event: 84.837 GC heap after
Heap after GC invocations=42 (full 6):
 PSYoungGen      total 356352K, used 0K [0x00000000e0000000, 0x00000000fa180000, 0x0000000100000000)
  eden space 283648K, 0% used [0x00000000e0000000,0x00000000e0000000,0x00000000f1500000)
  from space 72704K, 0% used [0x00000000f5a80000,0x00000000f5a80000,0x00000000fa180000)
  to   space 71168K, 0% used [0x00000000f1500000,0x00000000f1500000,0x00000000f5a80000)
 ParOldGen       total 276992K, used 170854K [0x00000000a0000000, 0x00000000b0e80000, 0x00000000e0000000)
  object space 276992K, 61% used [0x00000000a0000000,0x00000000aa6d9ae0,0x00000000b0e80000)
 Metaspace       used 76121K, capacity 78412K, committed 78720K, reserved 1118208K
  class space    used 9259K, capacity 9748K, committed 9856K, reserved 1048576K
}
Event: 85.687 GC heap before
{Heap before GC invocations=43 (full 6):
 PSYoungGen      total 356352K, used 283648K [0x00000000e0000000, 0x00000000fa180000, 0x0000000100000000)
  eden space 283648K, 100% used [0x00000000e0000000,0x00000000f1500000,0x00000000f1500000)
  from space 72704K, 0% used [0x00000000f5a80000,0x00000000f5a80000,0x00000000fa180000)
  to   space 71168K, 0% used [0x00000000f1500000,0x00000000f1500000,0x00000000f5a80000)
 ParOldGen       total 276992K, used 170854K [0x00000000a0000000, 0x00000000b0e80000, 0x00000000e0000000)
  object space 276992K, 61% used [0x00000000a0000000,0x00000000aa6d9ae0,0x00000000b0e80000)
 Metaspace       used 76130K, capacity 78476K, committed 78720K, reserved 1118208K
  class space    used 9259K, capacity 9748K, committed 9856K, reserved 1048576K
Event: 85.736 GC heap after
Heap after GC invocations=43 (full 6):
 PSYoungGen      total 354816K, used 40086K [0x00000000e0000000, 0x00000000fba80000, 0x0000000100000000)
  eden space 283648K, 0% used [0x00000000e0000000,0x00000000e0000000,0x00000000f1500000)
  from space 71168K, 56% used [0x00000000f1500000,0x00000000f3c25a18,0x00000000f5a80000)
  to   space 70656K, 0% used [0x00000000f7580000,0x00000000f7580000,0x00000000fba80000)
 ParOldGen       total 276992K, used 170862K [0x00000000a0000000, 0x00000000b0e80000, 0x00000000e0000000)
  object space 276992K, 61% used [0x00000000a0000000,0x00000000aa6dbae0,0x00000000b0e80000)
 Metaspace       used 76130K, capacity 78476K, committed 78720K, reserved 1118208K
  class space    used 9259K, capacity 9748K, committed 9856K, reserved 1048576K
}
Event: 86.623 GC heap before
{Heap before GC invocations=44 (full 6):
 PSYoungGen      total 354816K, used 323734K [0x00000000e0000000, 0x00000000fba80000, 0x0000000100000000)
  eden space 283648K, 100% used [0x00000000e0000000,0x00000000f1500000,0x00000000f1500000)
  from space 71168K, 56% used [0x00000000f1500000,0x00000000f3c25a18,0x00000000f5a80000)
  to   space 70656K, 0% used [0x00000000f7580000,0x00000000f7580000,0x00000000fba80000)
 ParOldGen       total 276992K, used 170862K [0x00000000a0000000, 0x00000000b0e80000, 0x00000000e0000000)
  object space 276992K, 61% used [0x00000000a0000000,0x00000000aa6dbae0,0x00000000b0e80000)
 Metaspace       used 76143K, capacity 78476K, committed 78720K, reserved 1118208K
  class space    used 9259K, capacity 9748K, committed 9856K, reserved 1048576K
Event: 86.738 GC heap after
Heap after GC invocations=44 (full 6):
 PSYoungGen      total 368640K, used 70637K [0x00000000e0000000, 0x00000000fd980000, 0x0000000100000000)
  eden space 297984K, 0% used [0x00000000e0000000,0x00000000e0000000,0x00000000f2300000)
  from space 70656K, 99% used [0x00000000f7580000,0x00000000fba7b678,0x00000000fba80000)
  to   space 84480K, 0% used [0x00000000f2300000,0x00000000f2300000,0x00000000f7580000)
 ParOldGen       total 276992K, used 180929K [0x00000000a0000000, 0x00000000b0e80000, 0x00000000e0000000)
  object space 276992K, 65% used [0x00000000a0000000,0x00000000ab0b06f0,0x00000000b0e80000)
 Metaspace       used 76143K, capacity 78476K, committed 78720K, reserved 1118208K
  class space    used 9259K, capacity 9748K, committed 9856K, reserved 1048576K
}
Event: 87.584 GC heap before
{Heap before GC invocations=45 (full 6):
 PSYoungGen      total 368640K, used 368621K [0x00000000e0000000, 0x00000000fd980000, 0x0000000100000000)
  eden space 297984K, 100% used [0x00000000e0000000,0x00000000f2300000,0x00000000f2300000)
  from space 70656K, 99% used [0x00000000f7580000,0x00000000fba7b678,0x00000000fba80000)
  to   space 84480K, 0% used [0x00000000f2300000,0x00000000f2300000,0x00000000f7580000)
 ParOldGen       total 276992K, used 180929K [0x00000000a0000000, 0x00000000b0e80000, 0x00000000e0000000)
  object space 276992K, 65% used [0x00000000a0000000,0x00000000ab0b06f0,0x00000000b0e80000)
 Metaspace       used 76148K, capacity 78476K, committed 78720K, reserved 1118208K
  class space    used 9259K, capacity 9748K, committed 9856K, reserved 1048576K
Event: 87.744 GC heap after
Heap after GC invocations=45 (full 6):
 PSYoungGen      total 382464K, used 42958K [0x00000000e0000000, 0x00000000fe900000, 0x0000000100000000)
  eden space 297984K, 0% used [0x00000000e0000000,0x00000000e0000000,0x00000000f2300000)
  from space 84480K, 50% used [0x00000000f2300000,0x00000000f4cf3bd8,0x00000000f7580000)
  to   space 81920K, 0% used [0x00000000f9900000,0x00000000f9900000,0x00000000fe900000)
 ParOldGen       total 276992K, used 251740K [0x00000000a0000000, 0x00000000b0e80000, 0x00000000e0000000)
  object space 276992K, 90% used [0x00000000a0000000,0x00000000af5d7340,0x00000000b0e80000)
 Metaspace       used 76148K, capacity 78476K, committed 78720K, reserved 1118208K
  class space    used 9259K, capacity 9748K, committed 9856K, reserved 1048576K
}
Event: 87.745 GC heap before
{Heap before GC invocations=46 (full 7):
 PSYoungGen      total 382464K, used 42958K [0x00000000e0000000, 0x00000000fe900000, 0x0000000100000000)
  eden space 297984K, 0% used [0x00000000e0000000,0x00000000e0000000,0x00000000f2300000)
  from space 84480K, 50% used [0x00000000f2300000,0x00000000f4cf3bd8,0x00000000f7580000)
  to   space 81920K, 0% used [0x00000000f9900000,0x00000000f9900000,0x00000000fe900000)
 ParOldGen       total 276992K, used 251740K [0x00000000a0000000, 0x00000000b0e80000, 0x00000000e0000000)
  object space 276992K, 90% used [0x00000000a0000000,0x00000000af5d7340,0x00000000b0e80000)
 Metaspace       used 76148K, capacity 78476K, committed 78720K, reserved 1118208K
  class space    used 9259K, capacity 9748K, committed 9856K, reserved 1048576K

Deoptimization events (10 events):
Event: 85.613 Thread 0x00007efc4803b800 Uncommon trap: reason=unstable_if action=reinterpret pc=0x00007efc8181e780 method=java.util.concurrent.ConcurrentHashMap.transfer([Ljava/util/concurrent/ConcurrentHashMap$Node;[Ljava/util/concurrent/ConcurrentHashMap$Node;)V @ 277
Event: 86.087 Thread 0x00007efc4803b800 Uncommon trap: reason=unstable_if action=reinterpret pc=0x00007efc83b22468 method=com.android.dx.cf.code.BaseMachine.getLocalTarget(Z)Lcom/android/dx/rop/code/RegisterSpec; @ 131
Event: 86.133 Thread 0x00007efc4803a000 Uncommon trap: reason=unstable_if action=reinterpret pc=0x00007efc83b40c44 method=com.android.dx.rop.code.RegisterSpecSet.<init>(I)V @ 2
Event: 86.259 Thread 0x00007efc3134d800 Uncommon trap: reason=unstable_if action=reinterpret pc=0x00007efc839907a0 method=com.android.dx.ssa.SsaMethod.getExitBlock()Lcom/android/dx/ssa/SsaBasicBlock; @ 4
Event: 86.259 Thread 0x00007efc3134d800 Uncommon trap: reason=unstable_if action=reinterpret pc=0x00007efc83ace918 method=com.android.dx.ssa.SsaMethod.getExitBlock()Lcom/android/dx/ssa/SsaBasicBlock; @ 4
Event: 86.259 Thread 0x00007efc3134d800 Uncommon trap: reason=unstable_if action=reinterpret pc=0x00007efc83a82fa0 method=com.android.dx.ssa.SsaMethod.getExitBlock()Lcom/android/dx/ssa/SsaBasicBlock; @ 4
Event: 86.495 Thread 0x00007efc4803c800 Uncommon trap: reason=unstable_if action=reinterpret pc=0x00007efc83a70928 method=java.util.concurrent.ConcurrentHashMap.putVal(Ljava/lang/Object;Ljava/lang/Object;Z)Ljava/lang/Object; @ 98
Event: 86.849 Thread 0x00007efc4803b800 Uncommon trap: reason=class_check action=maybe_recompile pc=0x00007efc83f73574 method=com.android.dx.ssa.SCCP.simulateBranch(Lcom/android/dx/ssa/SsaInsn;)V @ 145
Event: 86.849 Thread 0x00007efc4803b800 Uncommon trap: reason=class_check action=maybe_recompile pc=0x00007efc83f73574 method=com.android.dx.ssa.SCCP.simulateBranch(Lcom/android/dx/ssa/SsaInsn;)V @ 145
Event: 86.852 Thread 0x00007efc4803b800 Uncommon trap: reason=class_check action=maybe_recompile pc=0x00007efc83f73574 method=com.android.dx.ssa.SCCP.simulateBranch(Lcom/android/dx/ssa/SsaInsn;)V @ 145

Internal exceptions (10 events):
Event: 69.462 Thread 0x00007efc3400a800 Implicit null exception at 0x00007efc811623bd to 0x00007efc8116255d
Event: 69.474 Thread 0x00007efc3400a800 Implicit null exception at 0x00007efc82d85a3a to 0x00007efc82d85c7d
Event: 69.476 Thread 0x00007efc3400a800 Implicit null exception at 0x00007efc81860519 to 0x00007efc81860579
Event: 72.079 Thread 0x00007efc3400a800 Implicit null exception at 0x00007efc827a5b31 to 0x00007efc827a5ba7
Event: 72.940 Thread 0x00007efc3400a800 Implicit null exception at 0x00007efc82fc5867 to 0x00007efc82fc5f95
Event: 72.942 Thread 0x00007efc30d14800 Exception <a 'java/io/IOException'> (0x00000000e0331f58) thrown at [/ssd/Android/AOSP-openjdk/external/jetbrains/jdk/hotspot/src/share/vm/prims/jni.cpp, line 709]
Event: 77.780 Thread 0x00007efc30d14800 Exception <a 'java/io/IOException'> (0x00000000e43bb880) thrown at [/ssd/Android/AOSP-openjdk/external/jetbrains/jdk/hotspot/src/share/vm/prims/jni.cpp, line 709]
Event: 77.886 Thread 0x00007efc3400a800 Implicit null exception at 0x00007efc83a3658f to 0x00007efc83a36d71
Event: 80.247 Thread 0x00007efc4803d800 Implicit null exception at 0x00007efc83975761 to 0x00007efc8397642d
Event: 82.780 Thread 0x00007efc30d14800 Exception <a 'java/io/IOException'> (0x00000000e2b45210) thrown at [/ssd/Android/AOSP-openjdk/external/jetbrains/jdk/hotspot/src/share/vm/prims/jni.cpp, line 709]

Events (10 events):
Event: 87.422 Thread 0x00007efc4803c800 DEOPT UNPACKING pc=0x00007efc81047373 sp=0x00007efc191f7d98 mode 0
Event: 87.464 Thread 0x00007efc3134d800 DEOPT PACKING pc=0x00007efc8248a3fc sp=0x00007efc18e831b0
Event: 87.464 Thread 0x00007efc3134d800 DEOPT UNPACKING pc=0x00007efc81047373 sp=0x00007efc18e82e98 mode 0
Event: 87.508 Thread 0x00007efc4803d800 DEOPT PACKING pc=0x00007efc83a447c5 sp=0x00007efc1976f1c0
Event: 87.508 Thread 0x00007efc4803d800 DEOPT UNPACKING pc=0x00007efc81047373 sp=0x00007efc1976ef80 mode 0
Event: 87.577 Thread 0x00007efc4803d800 DEOPT PACKING pc=0x00007efc83c4be2d sp=0x00007efc1976f1a0
Event: 87.577 Thread 0x00007efc4803d800 DEOPT UNPACKING pc=0x00007efc81047373 sp=0x00007efc1976ef50 mode 0
Event: 87.581 Thread 0x00007efc4803c800 DEOPT PACKING pc=0x00007efc83016661 sp=0x00007efc191f7fe0
Event: 87.581 Thread 0x00007efc4803c800 DEOPT UNPACKING pc=0x00007efc81047373 sp=0x00007efc191f7d98 mode 0
Event: 87.584 Executing VM operation: ParallelGCFailedAllocation


Dynamic libraries:
00400000-00401000 r-xp 00000000 08:07 2883859                            /opt/android-studio/jre/bin/java
00600000-00601000 r--p 00000000 08:07 2883859                            /opt/android-studio/jre/bin/java
00601000-00602000 rw-p 00001000 08:07 2883859                            /opt/android-studio/jre/bin/java
02157000-02178000 rw-p 00000000 00:00 0                                  [heap]
a0000000-b0e80000 rw-p 00000000 00:00 0 
b9000000-e0000000 ---p 00000000 00:00 0 
e0000000-fe900000 rw-p 00000000 00:00 0 
fe900000-100000000 ---p 00000000 00:00 0 
100000000-1009a0000 rw-p 00000000 00:00 0 
1009a0000-140000000 ---p 00000000 00:00 0 
7efbfb400000-7efbfb540000 rw-p 00000000 00:00 0 
7efbfb540000-7efbfb600000 ---p 00000000 00:00 0 
7efbfb600000-7efbfb800000 rw-p 00000000 00:00 0 
7efbfb800000-7efbfba00000 rw-p 00000000 00:00 0 
7efbfba00000-7efbfbc00000 rw-p 00000000 00:00 0 
7efbfbc00000-7efbfbe00000 rw-p 00000000 00:00 0 
7efbfbe00000-7efbfc000000 rw-p 00000000 00:00 0 
7efbfc000000-7efbfc030000 rw-p 00000000 00:00 0 
7efbfc030000-7efc00000000 ---p 00000000 00:00 0 
7efc00000000-7efc00021000 rw-p 00000000 00:00 0 
7efc00021000-7efc04000000 ---p 00000000 00:00 0 
7efc04000000-7efc04021000 rw-p 00000000 00:00 0 
7efc04021000-7efc08000000 ---p 00000000 00:00 0 
7efc08000000-7efc08021000 rw-p 00000000 00:00 0 
7efc08021000-7efc0c000000 ---p 00000000 00:00 0 
7efc0c000000-7efc0c021000 rw-p 00000000 00:00 0 
7efc0c021000-7efc10000000 ---p 00000000 00:00 0 
7efc10000000-7efc10030000 rw-p 00000000 00:00 0 
7efc10030000-7efc14000000 ---p 00000000 00:00 0 
7efc14000000-7efc14021000 rw-p 00000000 00:00 0 
7efc14021000-7efc18000000 ---p 00000000 00:00 0 
7efc180d2000-7efc18147000 r--s 00562000 08:07 2098539                    /home/sadiq/database/app/build/intermediates/transforms/jarMerging/debug/jars/1/1f/combined.jar
7efc18147000-7efc18347000 rw-p 00000000 00:00 0 
7efc18347000-7efc18547000 rw-p 00000000 00:00 0 
7efc18547000-7efc18747000 rw-p 00000000 00:00 0 
7efc18747000-7efc18947000 rw-p 00000000 00:00 0 
7efc18947000-7efc1894a000 ---p 00000000 00:00 0 
7efc1894a000-7efc18a48000 rw-p 00000000 00:00 0 
7efc18a48000-7efc18a4b000 ---p 00000000 00:00 0 
7efc18a4b000-7efc18b49000 rw-p 00000000 00:00 0 
7efc18b49000-7efc18b4c000 ---p 00000000 00:00 0 
7efc18b4c000-7efc18c4a000 rw-p 00000000 00:00 0 
7efc18c4a000-7efc18c4d000 ---p 00000000 00:00 0 
7efc18c4d000-7efc18c83000 rw-p 00000000 00:00 0 
7efc18c83000-7efc18c86000 ---p 00000000 00:00 0 
7efc18c86000-7efc18d84000 rw-p 00000000 00:00 0 
7efc18d84000-7efc18d87000 ---p 00000000 00:00 0 
7efc18d87000-7efc18e85000 rw-p 00000000 00:00 0 
7efc18e85000-7efc18e88000 ---p 00000000 00:00 0 
7efc18e88000-7efc18ebe000 rw-p 00000000 00:00 0 
7efc18ebe000-7efc18ec1000 ---p 00000000 00:00 0 
7efc18ec1000-7efc18fbf000 rw-p 00000000 00:00 0 
7efc18fbf000-7efc18fc2000 ---p 00000000 00:00 0 
7efc18fc2000-7efc190c0000 rw-p 00000000 00:00 0 
7efc190c0000-7efc190c3000 ---p 00000000 00:00 0 
7efc190c3000-7efc190f9000 rw-p 00000000 00:00 0 
7efc190f9000-7efc190fc000 ---p 00000000 00:00 0 
7efc190fc000-7efc191fa000 rw-p 00000000 00:00 0 
7efc191fa000-7efc191fd000 ---p 00000000 00:00 0 
7efc191fd000-7efc192fb000 rw-p 00000000 00:00 0 
7efc192fb000-7efc192fe000 ---p 00000000 00:00 0 
7efc192fe000-7efc193fc000 rw-p 00000000 00:00 0 
7efc193fc000-7efc193ff000 ---p 00000000 00:00 0 
7efc193ff000-7efc194fd000 rw-p 00000000 00:00 0 
7efc194fd000-7efc19500000 ---p 00000000 00:00 0 
7efc19500000-7efc19536000 rw-p 00000000 00:00 0 
7efc19536000-7efc19539000 ---p 00000000 00:00 0 
7efc19539000-7efc1956f000 rw-p 00000000 00:00 0 
7efc1956f000-7efc19572000 ---p 00000000 00:00 0 
7efc19572000-7efc19670000 rw-p 00000000 00:00 0 
7efc19670000-7efc19673000 ---p 00000000 00:00 0 
7efc19673000-7efc19771000 rw-p 00000000 00:00 0 
7efc19771000-7efc19774000 ---p 00000000 00:00 0 
7efc19774000-7efc19872000 rw-p 00000000 00:00 0 
7efc19872000-7efc19875000 ---p 00000000 00:00 0 
7efc19875000-7efc19973000 rw-p 00000000 00:00 0 
7efc19973000-7efc19976000 ---p 00000000 00:00 0 
7efc19976000-7efc19c74000 rw-p 00000000 00:00 0 
7efc19c74000-7efc19c77000 ---p 00000000 00:00 0 
7efc19c77000-7efc19d75000 rw-p 00000000 00:00 0 
7efc19d75000-7efc19d78000 ---p 00000000 00:00 0 
7efc19d78000-7efc19e76000 rw-p 00000000 00:00 0 
7efc19e76000-7efc19e79000 ---p 00000000 00:00 0 
7efc19e79000-7efc19f77000 rw-p 00000000 00:00 0 
7efc19f77000-7efc19f7a000 ---p 00000000 00:00 0 
7efc19f7a000-7efc1a278000 rw-p 00000000 00:00 0 
7efc1a278000-7efc1a478000 rw-p 00000000 00:00 0 
7efc1a478000-7efc1a678000 rw-p 00000000 00:00 0 
7efc1a678000-7efc1a878000 rw-p 00000000 00:00 0 
7efc1a878000-7efc1aa78000 rw-p 00000000 00:00 0 
7efc1aa78000-7efc1aa8b000 r--s 00344000 08:07 2883882                    /opt/android-studio/jre/jre/lib/resources.jar
7efc1aa8b000-7efc1ac8b000 rw-p 00000000 00:00 0 
7efc1ac8b000-7efc1ae8b000 rw-p 00000000 00:00 0 
7efc1ae8b000-7efc1b08b000 rw-p 00000000 00:00 0 
7efc1b08b000-7efc1b08e000 ---p 00000000 00:00 0 
7efc1b08e000-7efc1b18c000 rw-p 00000000 00:00 0 
7efc1b18c000-7efc1b18f000 ---p 00000000 00:00 0 
7efc1b18f000-7efc1b48d000 rw-p 00000000 00:00 0 
7efc1b48d000-7efc1b68d000 rw-p 00000000 00:00 0 
7efc1b68d000-7efc1b68e000 r--s 00001000 08:07 4987536                    /home/sadiq/.gradle/caches/jars-3/8e33611f59ae522ef3cf60a5759ed354/annotations-25.3.2.jar
7efc1b68e000-7efc1b696000 r--s 000a8000 08:07 4987534                    /home/sadiq/.gradle/caches/jars-3/6cc57ce9ec0d90186f781694264d61bc/lombok-ast-0.2.3.jar
7efc1b696000-7efc1b6aa000 r--s 000b4000 08:07 4987532                    /home/sadiq/.gradle/caches/jars-3/d807f16514c6b4976965307bd4b79954/uast-162.2228.14.jar
7efc1b6aa000-7efc1b6ac000 r--s 0000d000 08:07 4987530                    /home/sadiq/.gradle/caches/jars-3/a6ebc4ec06596d0cd57fb5147503bb3c/commons-codec-1.4.jar
7efc1b6ac000-7efc1b6ae000 r--s 0000d000 08:07 4987528                    /home/sadiq/.gradle/caches/jars-3/ccc849edcf9fccd61ed937bf93ffe896/commons-logging-1.1.1.jar
7efc1b6ae000-7efc1b6b3000 r--s 00028000 08:07 4987526                    /home/sadiq/.gradle/caches/jars-3/e6a42d7d86039e4a9d03b9356afcd546/httpcore-4.1.jar
7efc1b6b3000-7efc1b6b7000 r--s 0002f000 08:07 4987524                    /home/sadiq/.gradle/caches/jars-3/505fcc8c47da308b2f1262f0ff3c65f1/jimfs-1.1.jar
7efc1b6b7000-7efc1b6b8000 r--s 00004000 08:07 4987522                    /home/sadiq/.gradle/caches/jars-3/3a4299d1ce3e273e7c03a9ccf5a1e333/annotations-12.0.jar
7efc1b6b8000-7efc1b6b9000 r--s 00004000 08:07 4987520                    /home/sadiq/.gradle/caches/jars-3/3bd714e16ff981cf5f225361b18588ce/asm-analysis-5.0.4.jar
7efc1b6b9000-7efc1b6bd000 r--s 00040000 08:07 4987518                    /home/sadiq/.gradle/caches/jars-3/c630b3b87cec9b9604011f4f84d72f38/lint-api-25.3.2.jar
7efc1b6bd000-7efc1b6be000 r--s 0000a000 08:07 4987516                    /home/sadiq/.gradle/caches/jars-3/5b8b36ed61fe92731031cca3c9b3a0b3/kxml2-2.3.0.jar
7efc1b6be000-7efc1b6c0000 r--s 00005000 08:07 4987514                    /home/sadiq/.gradle/caches/jars-3/f10e1e1978816198f2eb1189c974b440/httpmime-4.1.jar
7efc1b6c0000-7efc1b6c8000 r--s 0004e000 08:07 4987512                    /home/sadiq/.gradle/caches/jars-3/b53c6235c49a94a3a8e506e42c7d54fb/httpclient-4.1.1.jar
7efc1b6c8000-7efc1b6cf000 r--s 00053000 08:07 4987510                    /home/sadiq/.gradle/caches/jars-3/28e64c4d02154ee30a12b14be38e78af/commons-compress-1.8.1.jar
7efc1b6cf000-7efc1b6d4000 r--s 0002a000 08:07 4987508                    /home/sadiq/.gradle/caches/jars-3/2a67de85c1e99ee62c2c2d8af5e1125b/gson-2.2.4.jar
7efc1b6d4000-7efc1b6d9000 r--s 0002e000 08:07 4987506                    /home/sadiq/.gradle/caches/jars-3/98ad39a4ef9359b2dfcaf05bb1c81397/repository-25.3.2.jar
7efc1b6d9000-7efc1b6db000 r--s 00006000 08:07 4987504                    /home/sadiq/.gradle/caches/jars-3/0a6e7ac6211eb8664a06b7a570fb8898/dvlib-25.3.2.jar
7efc1b6db000-7efc1b6de000 r--s 00012000 08:07 4987502                    /home/sadiq/.gradle/caches/jars-3/3d60b69b22edf1ea228094f367c73e08/layoutlib-api-25.3.2.jar
7efc1b6de000-7efc1b6e3000 r--s 00058000 08:07 4987500                    /home/sadiq/.gradle/caches/jars-3/bb3f0c8da73e37889b65d5e152c01f8e/asm-debug-all-5.0.1.jar
7efc1b6e3000-7efc1b6f3000 r--s 000d5000 08:07 4987498                    /home/sadiq/.gradle/caches/jars-3/2593270bd55c0fcc5de8777526944ca9/proguard-base-5.3.2.jar
7efc1b6f3000-7efc1b6f6000 r--s 00033000 08:07 4987496                    /home/sadiq/.gradle/caches/jars-3/0ce03714647bf7bd3c78634c20ddbf38/juniversalchardet-1.0.3.jar
7efc1b6f6000-7efc1b6fa000 r--s 0002a000 08:07 4987494                    /home/sadiq/.gradle/caches/jars-3/9849af6d4b0409ba64061601342f385d/commons-io-2.4.jar
7efc1b6fa000-7efc1b711000 r--s 00154000 08:07 4987492                    /home/sadiq/.gradle/caches/jars-3/57adf9abd30c921d4ea1dfdcfe7b9efd/antlr4-4.5.3.jar
7efc1b711000-7efc1b713000 r--s 00002000 08:07 4987490                    /home/sadiq/.gradle/caches/jars-3/0c57e224c05bb054ffe3f6a9f46c6e79/baseLibrary-2.3.2.jar
7efc1b713000-7efc1b73e000 r--s 001fc000 08:07 4987488                    /home/sadiq/.gradle/caches/jars-3/57dffb91fa05ba585a582c9f3b0be2b1/guava-18.0.jar
7efc1b73e000-7efc1b751000 r--s 00241000 08:07 4987486                    /home/sadiq/.gradle/caches/jars-3/d8dc71eb6d91c966c45f7b594129e14a/ecj-4.6.1.jar
7efc1b751000-7efc1b758000 r--s 000d9000 08:07 4987484                    /home/sadiq/.gradle/caches/jars-3/7a1bad3500a0a4efce25c290d4dd2364/lint-checks-25.3.2.jar
7efc1b758000-7efc1b75a000 r--s 00006000 08:07 4987482                    /home/sadiq/.gradle/caches/jars-3/767849ee24c8e62d79a00d769acdce90/asm-tree-5.0.4.jar
7efc1b75a000-7efc1b78d000 r--s 00203000 08:07 4987480                    /home/sadiq/.gradle/caches/jars-3/3cf93c3b296899be060ca4f9038f79b5/bcprov-jdk15on-1.48.jar
7efc1b78d000-7efc1b79b000 r--s 00081000 08:07 4987478                    /home/sadiq/.gradle/caches/jars-3/f008d91a5541639737ca5ffbc84a7b0c/bcpkix-jdk15on-1.48.jar
7efc1b79b000-7efc1b79d000 r--s 00002000 08:07 4987476                    /home/sadiq/.gradle/caches/jars-3/f268e5e8fc83bb846ac355d6a16b1f30/javawriter-2.5.0.jar
7efc1b79d000-7efc1b79f000 r--s 00004000 08:07 4987474                    /home/sadiq/.gradle/caches/jars-3/567c158f78cfafc5ea0d6d107369130f/tracker-25.3.2.jar
7efc1b79f000-7efc1b7a0000 r--s 00005000 08:07 4987472                    /home/sadiq/.gradle/caches/jars-3/ca851e3dbba8af431ee9ecbfd0206194/shared-25.3.2.jar
7efc1b7a0000-7efc1b7ae000 r--s 00147000 08:07 4987470                    /home/sadiq/.gradle/caches/jars-3/1309204e9309ac7a5cad2c315133aac2/protos-25.3.2.jar
7efc1b7ae000-7efc1b7af000 r--s 00001000 08:07 4987468                    /home/sadiq/.gradle/caches/jars-3/33c965c4ea9767c2341add6217039a89/jill-api-0.10.0.jar
7efc1b7af000-7efc1b7b1000 r--s 00003000 08:07 4987466                    /home/sadiq/.gradle/caches/jars-3/e984a658c2551e60894d5aff6a0c53d1/jack-api-0.13.0.jar
7efc1b7b1000-7efc1b7b7000 r--s 0004a000 08:07 4987464                    /home/sadiq/.gradle/caches/jars-3/33733172189bdef5ddcc96ee752fbbde/ddmlib-25.3.2.jar
7efc1b7b7000-7efc1b7ba000 r--s 00022000 08:07 4987462                    /home/sadiq/.gradle/caches/jars-3/55ce1a25591f294ce331834e510dabdd/manifest-merger-25.3.2.jar
7efc1b7ba000-7efc1b7bd000 r--s 0001c000 08:07 4987460                    /home/sadiq/.gradle/caches/jars-3/7b5f9921dcdad76ea2db434d2ecae0b9/common-25.3.2.jar
7efc1b7bd000-7efc1b7c6000 r--s 00089000 08:07 4987458                    /home/sadiq/.gradle/caches/jars-3/8523c0b1af8362eaa038214ca0496e0a/sdk-common-25.3.2.jar
7efc1b7c6000-7efc1b7d0000 r--s 00098000 08:07 4987456                    /home/sadiq/.gradle/caches/jars-3/3071e977e115e9896a20e7f6c1017d8d/sdklib-25.3.2.jar
7efc1b7d0000-7efc1b7d3000 r--s 00006000 08:07 4987452                    /home/sadiq/.gradle/caches/jars-3/3b6b0905c6e14fb367f99bcb91a3f4ef/builder-model-2.3.2.jar
7efc1b7d3000-7efc1b7e2000 r--s 00130000 08:07 4987450                    /home/sadiq/.gradle/caches/jars-3/72ba1443c6adcea1f6ba21e12f0bb0fc/protobuf-java-3.0.0.jar
7efc1b7e2000-7efc1b7e6000 r--s 0001f000 08:07 4987446                    /home/sadiq/.gradle/caches/jars-3/bdc4a17755a6c76ca06da33f9769dd1a/org.jacoco.report-0.7.5.201505241946.jar
7efc1b7e6000-7efc1b7ea000 r--s 0001d000 08:07 4987444                    /home/sadiq/.gradle/caches/jars-3/b76ebf92f16d3130bb152f3a9ed2c5da/org.jacoco.core-0.7.5.201505241946.jar
7efc1b7ea000-7efc1b800000 r--s 00163000 08:07 4987428                    /home/sadiq/.gradle/caches/jars-3/a340dd39f98c3d76d7baf6187702afd6/builder-2.3.2.jar
7efc1b800000-7efc1ba00000 rw-p 00000000 00:00 0 
7efc1ba00000-7efc1bc00000 rw-p 00000000 00:00 0 
7efc1bc00000-7efc1be00000 rw-p 00000000 00:00 0 
7efc1be00000-7efc1c000000 rw-p 00000000 00:00 0 
7efc1c000000-7efc1c085000 rw-p 00000000 00:00 0 
7efc1c085000-7efc20000000 ---p 00000000 00:00 0 
7efc20000000-7efc20021000 rw-p 00000000 00:00 0 
7efc20021000-7efc24000000 ---p 00000000 00:00 0 
7efc24000000-7efc24021000 rw-p 00000000 00:00 0 
7efc24021000-7efc28000000 ---p 00000000 00:00 0 
7efc28000000-7efc28021000 rw-p 00000000 00:00 0 
7efc28021000-7efc2c000000 ---p 00000000 00:00 0 
7efc2c000000-7efc2c021000 rw-p 00000000 00:00 0 
7efc2c021000-7efc30000000 ---p 00000000 00:00 0 
7efc30000000-7efc31464000 rw-p 00000000 00:00 0 
7efc31464000-7efc34000000 ---p 00000000 00:00 0 
7efc34000000-7efc34021000 rw-p 00000000 00:00 0 
7efc34021000-7efc38000000 ---p 00000000 00:00 0 
7efc38000000-7efc38022000 rw-p 00000000 00:00 0 
7efc38022000-7efc3c000000 ---p 00000000 00:00 0 
7efc3c000000-7efc3c077000 rw-p 00000000 00:00 0 
7efc3c077000-7efc40000000 ---p 00000000 00:00 0 
7efc40000000-7efc40021000 rw-p 00000000 00:00 0 
7efc40021000-7efc44000000 ---p 00000000 00:00 0 
7efc44000000-7efc44035000 rw-p 00000000 00:00 0 
7efc44035000-7efc48000000 ---p 00000000 00:00 0 
7efc48000000-7efc48121000 rw-p 00000000 00:00 0 
7efc48121000-7efc4c000000 ---p 00000000 00:00 0 
7efc4c000000-7efc4e03d000 rw-p 00000000 00:00 0 
7efc4e03d000-7efc50000000 ---p 00000000 00:00 0 
7efc50000000-7efc5134e000 rw-p 00000000 00:00 0 
7efc5134e000-7efc54000000 ---p 00000000 00:00 0 
7efc54000000-7efc54028000 rw-p 00000000 00:00 0 
7efc54028000-7efc58000000 ---p 00000000 00:00 0 
7efc58000000-7efc5a5d4000 rw-p 00000000 00:00 0 
7efc5a5d4000-7efc5c000000 ---p 00000000 00:00 0 
7efc5c000000-7efc5c021000 rw-p 00000000 00:00 0 
7efc5c021000-7efc60000000 ---p 00000000 00:00 0 
7efc60000000-7efc60021000 rw-p 00000000 00:00 0 
7efc60021000-7efc64000000 ---p 00000000 00:00 0 
7efc64000000-7efc64021000 rw-p 00000000 00:00 0 
7efc64021000-7efc68000000 ---p 00000000 00:00 0 
7efc68000000-7efc683d8000 rw-p 00000000 00:00 0 
7efc683d8000-7efc6c000000 ---p 00000000 00:00 0 
7efc6c000000-7efc6c04c000 rw-p 00000000 00:00 0 
7efc6c04c000-7efc70000000 ---p 00000000 00:00 0 
7efc70000000-7efc70001000 r--s 00002000 08:07 4987454                    /home/sadiq/.gradle/caches/jars-3/bb0ded7b424ac32b983e72b9331e4a0e/builder-test-api-2.3.2.jar
7efc70001000-7efc70003000 r--s 0000f000 08:07 4987448                    /home/sadiq/.gradle/caches/jars-3/96760c32d36a5d7066e3ccf088bfd362/jopt-simple-4.9.jar
7efc70003000-7efc70005000 r--s 00002000 08:07 4987442                    /home/sadiq/.gradle/caches/jars-3/c514881ec761129e95c128962253e435/proguard-gradle-5.3.2.jar
7efc70005000-7efc70007000 r--s 00009000 08:07 4987440                    /home/sadiq/.gradle/caches/jars-3/2484aee2fe8963a490ff41f797f58c4c/asm-commons-5.0.4.jar
7efc70007000-7efc70009000 r--s 0000c000 08:07 4987438                    /home/sadiq/.gradle/caches/jars-3/89d4e96406657abb09b3aa2a0f36045e/asm-5.0.4.jar
7efc70009000-7efc7000e000 r--s 0002c000 08:07 4987436                    /home/sadiq/.gradle/caches/jars-3/5910cb4d843faab7e44c62b8d77104b7/compilerCommon-2.3.2.jar
7efc7000e000-7efc7000f000 r--s 00002000 08:07 4987434                    /home/sadiq/.gradle/caches/jars-3/89bbea579123f1b775d080eacc2a2a60/gradle-api-2.3.2.jar
7efc7000f000-7efc70010000 r--s 00000000 08:07 4987432                    /home/sadiq/.gradle/caches/jars-3/71f6637d86b9a321bc3f5989adcaa159/transform-api-2.0.0-deprecated-use-gradle-api.jar
7efc70010000-7efc70015000 r--s 0005e000 08:07 4987430                    /home/sadiq/.gradle/caches/jars-3/799b4386bc3941448afc6c61076250b3/lint-25.3.2.jar
7efc70015000-7efc70034000 r--s 001ca000 08:07 4987426                    /home/sadiq/.gradle/caches/jars-3/278adc3b98be895d9ca9b6611315a8cd/gradle-core-2.3.2.jar
7efc70034000-7efc70036000 r--s 00007000 08:07 3020643                    /home/sadiq/.gradle/caches/modules-2/files-2.1/com.google.gms/google-services/3.1.0/166ae4e6acd03b7bbebe221ffa54bc039fece1b9/google-services-3.1.0.jar
7efc70036000-7efc70038000 r--s 0000d000 08:07 4987424                    /home/sadiq/.gradle/caches/jars-3/03d376f17b0dbe1d61fd3a23f252f570/gradle-2.3.2.jar
7efc70038000-7efc7003b000 ---p 00000000 00:00 0 
7efc7003b000-7efc70339000 rw-p 00000000 00:00 0 
7efc70339000-7efc70539000 rw-p 00000000 00:00 0 
7efc70539000-7efc705b2000 r--s 010ed000 08:07 2883824                    /opt/android-studio/jre/lib/tools.jar
7efc705b2000-7efc707b2000 rw-p 00000000 00:00 0 
7efc707b2000-7efc707b5000 ---p 00000000 00:00 0 
7efc707b5000-7efc708b3000 rw-p 00000000 00:00 0 
7efc708b3000-7efc708b6000 ---p 00000000 00:00 0 
7efc708b6000-7efc70bb4000 rw-p 00000000 00:00 0 
7efc70bb4000-7efc70bb7000 ---p 00000000 00:00 0 
7efc70bb7000-7efc70cb5000 rw-p 00000000 00:00 0 
7efc70cb5000-7efc70cb8000 ---p 00000000 00:00 0 
7efc70cb8000-7efc70db6000 rw-p 00000000 00:00 0 
7efc70db6000-7efc70db9000 ---p 00000000 00:00 0 
7efc70db9000-7efc70eb7000 rw-p 00000000 00:00 0 
7efc70eb7000-7efc70eba000 ---p 00000000 00:00 0 
7efc70eba000-7efc70fb8000 rw-p 00000000 00:00 0 
7efc70fb8000-7efc70fbb000 ---p 00000000 00:00 0 
7efc70fbb000-7efc710b9000 rw-p 00000000 00:00 0 
7efc710b9000-7efc710bc000 ---p 00000000 00:00 0 
7efc710bc000-7efc711ba000 rw-p 00000000 00:00 0 
7efc711ba000-7efc711bd000 ---p 00000000 00:00 0 
7efc711bd000-7efc712bb000 rw-p 00000000 00:00 0 
7efc712bb000-7efc712c2000 r--s 00000000 08:07 4856472                    /usr/lib/x86_64-linux-gnu/gconv/gconv-modules.cache
7efc712c2000-7efc714c2000 rw-p 00000000 00:00 0 
7efc714c2000-7efc714c5000 ---p 00000000 00:00 0 
7efc714c5000-7efc715c3000 rw-p 00000000 00:00 0 
7efc715c3000-7efc715cc000 r-xp 00000000 08:07 2883960                    /opt/android-studio/jre/jre/lib/amd64/libmanagement.so
7efc715cc000-7efc717cb000 ---p 00009000 08:07 2883960                    /opt/android-studio/jre/jre/lib/amd64/libmanagement.so
7efc717cb000-7efc717cc000 r--p 00008000 08:07 2883960                    /opt/android-studio/jre/jre/lib/amd64/libmanagement.so
7efc717cc000-7efc717cd000 rw-p 00009000 08:07 2883960                    /opt/android-studio/jre/jre/lib/amd64/libmanagement.so
7efc717cd000-7efc717d2000 r--s 00098000 08:07 2883934                    /opt/android-studio/jre/jre/lib/jsse.jar
7efc717d2000-7efc717d4000 r--s 00008000 08:07 5251767                    /home/sadiq/.gradle/wrapper/dists/gradle-3.5-all/exhrs6ca08n232b14ue48lbye/gradle-3.5/lib/plugins/gradle-tooling-api-builders-3.5.jar
7efc717d4000-7efc717d7000 r--s 00009000 08:07 5251760                    /home/sadiq/.gradle/wrapper/dists/gradle-3.5-all/exhrs6ca08n232b14ue48lbye/gradle-3.5/lib/plugins/gradle-testing-native-3.5.jar
7efc717d7000-7efc717dd000 r--s 00033000 08:07 5251837                    /home/sadiq/.gradle/wrapper/dists/gradle-3.5-all/exhrs6ca08n232b14ue48lbye/gradle-3.5/lib/plugins/snakeyaml-1.6.jar
7efc717dd000-7efc717df000 r--s 00006000 08:07 5251836                    /home/sadiq/.gradle/wrapper/dists/gradle-3.5-all/exhrs6ca08n232b14ue48lbye/gradle-3.5/lib/plugins/jcommander-1.12.jar
7efc717df000-7efc717e4000 r--s 00040000 08:07 5251835                    /home/sadiq/.gradle/wrapper/dists/gradle-3.5-all/exhrs6ca08n232b14ue48lbye/gradle-3.5/lib/plugins/bsh-2.0b4.jar
7efc717e4000-7efc717e6000 r--s 00009000 08:07 5251841                    /home/sadiq/.gradle/wrapper/dists/gradle-3.5-all/exhrs6ca08n232b14ue48lbye/gradle-3.5/lib/plugins/hamcrest-core-1.3.jar
7efc717e6000-7efc717ef000 r--s 00089000 08:07 5251792                    /home/sadiq/.gradle/wrapper/dists/gradle-3.5-all/exhrs6ca08n232b14ue48lbye/gradle-3.5/lib/plugins/testng-6.3.1.jar
7efc717ef000-7efc717f7000 r--s 00045000 08:07 5251791                    /home/sadiq/.gradle/wrapper/dists/gradle-3.5-all/exhrs6ca08n232b14ue48lbye/gradle-3.5/lib/plugins/junit-4.12.jar
7efc717f7000-7efc717fd000 r--s 0002e000 08:07 5251761                    /home/sadiq/.gradle/wrapper/dists/gradle-3.5-all/exhrs6ca08n232b14ue48lbye/gradle-3.5/lib/plugins/gradle-testing-jvm-3.5.jar
7efc717fd000-7efc71801000 r--s 00016000 08:07 5251759                    /home/sadiq/.gradle/wrapper/dists/gradle-3.5-all/exhrs6ca08n232b14ue48lbye/gradle-3.5/lib/plugins/gradle-testing-base-3.5.jar
7efc71801000-7efc71808000 r--s 00038000 08:07 5251786                    /home/sadiq/.gradle/wrapper/dists/gradle-3.5-all/exhrs6ca08n232b14ue48lbye/gradle-3.5/lib/plugins/bcpg-jdk15on-1.51.jar
7efc71808000-7efc7180a000 r--s 0000c000 08:07 5251738                    /home/sadiq/.gradle/wrapper/dists/gradle-3.5-all/exhrs6ca08n232b14ue48lbye/gradle-3.5/lib/plugins/gradle-signing-3.5.jar
7efc7180a000-7efc7180c000 r--s 00007000 08:07 5251737                    /home/sadiq/.gradle/wrapper/dists/gradle-3.5-all/exhrs6ca08n232b14ue48lbye/gradle-3.5/lib/plugins/gradle-scala-3.5.jar
7efc7180c000-7efc7180d000 r--s 00004000 08:07 5251765                    /home/sadiq/.gradle/wrapper/dists/gradle-3.5-all/exhrs6ca08n232b14ue48lbye/gradle-3.5/lib/plugins/gradle-resources-sftp-3.5.jar
7efc7180d000-7efc7181d000 r--s 00088000 08:07 5251804                    /home/sadiq/.gradle/wrapper/dists/gradle-3.5-all/exhrs6ca08n232b14ue48lbye/gradle-3.5/lib/plugins/joda-time-2.8.2.jar
7efc7181d000-7efc7182e000 r--s 0010d000 08:07 5251803                    /home/sadiq/.gradle/wrapper/dists/gradle-3.5-all/exhrs6ca08n232b14ue48lbye/gradle-3.5/lib/plugins/jackson-databind-2.6.6.jar
7efc7182e000-7efc71831000 r--s 00009000 08:07 5251802                    /home/sadiq/.gradle/wrapper/dists/gradle-3.5-all/exhrs6ca08n232b14ue48lbye/gradle-3.5/lib/plugins/jackson-annotations-2.6.6.jar
7efc71831000-7efc71835000 r--s 0003c000 08:07 5251801                    /home/sadiq/.gradle/wrapper/dists/gradle-3.5-all/exhrs6ca08n232b14ue48lbye/gradle-3.5/lib/plugins/jackson-core-2.6.6.jar
7efc71835000-7efc71843000 r--s 00087000 08:07 5251800                    /home/sadiq/.gradle/wrapper/dists/gradle-3.5-all/exhrs6ca08n232b14ue48lbye/gradle-3.5/lib/plugins/aws-java-sdk-core-1.11.6.jar
7efc71843000-7efc7184a000 r--s 00057000 08:07 5251799                    /home/sadiq/.gradle/wrapper/dists/gradle-3.5-all/exhrs6ca08n232b14ue48lbye/gradle-3.5/lib/plugins/aws-java-sdk-kms-1.11.6.jar
7efc7184a000-7efc71857000 r--s 0008e000 08:07 5251798                    /home/sadiq/.gradle/wrapper/dists/gradle-3.5-all/exhrs6ca08n232b14ue48lbye/gradle-3.5/lib/plugins/aws-java-sdk-s3-1.11.6.jar
7efc71857000-7efc71859000 r--s 00004000 08:07 5251766                    /home/sadiq/.gradle/wrapper/dists/gradle-3.5-all/exhrs6ca08n232b14ue48lbye/gradle-3.5/lib/plugins/gradle-resources-s3-3.5.jar
7efc71859000-7efc7185b000 r--s 0000f000 08:07 5251743                    /home/sadiq/.gradle/wrapper/dists/gradle-3.5-all/exhrs6ca08n232b14ue48lbye/gradle-3.5/lib/plugins/gradle-reporting-3.5.jar
7efc7185b000-7efc7185d000 r--s 00002000 08:07 5251744                    /home/sadiq/.gradle/wrapper/dists/gradle-3.5-all/exhrs6ca08n232b14ue48lbye/gradle-3.5/lib/plugins/gradle-publish-3.5.jar
7efc7185d000-7efc7185f000 r--s 00009000 08:07 5251773                    /home/sadiq/.gradle/wrapper/dists/gradle-3.5-all/exhrs6ca08n232b14ue48lbye/gradle-3.5/lib/plugins/commons-cli-1.2.jar
7efc7185f000-7efc71865000 r--s 00035000 08:07 5251729                    /home/sadiq/.gradle/wrapper/dists/gradle-3.5-all/exhrs6ca08n232b14ue48lbye/gradle-3.5/lib/plugins/gradle-plugins-3.5.jar
7efc71865000-7efc71867000 r--s 00009000 08:07 5251762                    /home/sadiq/.gradle/wrapper/dists/gradle-3.5-all/exhrs6ca08n232b14ue48lbye/gradle-3.5/lib/plugins/gradle-plugin-development-3.5.jar
7efc71867000-7efc7186d000 r--s 0002b000 08:07 5251755                    /home/sadiq/.gradle/wrapper/dists/gradle-3.5-all/exhrs6ca08n232b14ue48lbye/gradle-3.5/lib/plugins/gradle-platform-play-3.5.jar
7efc7186d000-7efc7187b000 r--s 00056000 08:07 5251754                    /home/sadiq/.gradle/wrapper/dists/gradle-3.5-all/exhrs6ca08n232b14ue48lbye/gradle-3.5/lib/plugins/gradle-platform-native-3.5.jar
7efc7187b000-7efc7187f000 r--s 0001b000 08:07 5251749                    /home/sadiq/.gradle/wrapper/dists/gradle-3.5-all/exhrs6ca08n232b14ue48lbye/gradle-3.5/lib/plugins/gradle-platform-jvm-3.5.jar
7efc7187f000-7efc71886000 r--s 00028000 08:07 5251748                    /home/sadiq/.gradle/wrapper/dists/gradle-3.5-all/exhrs6ca08n232b14ue48lbye/gradle-3.5/lib/plugins/gradle-platform-base-3.5.jar
7efc71886000-7efc718ae000 r--s 0021c000 08:07 5251781                    /home/sadiq/.gradle/wrapper/dists/gradle-3.5-all/exhrs6ca08n232b14ue48lbye/gradle-3.5/lib/plugins/biz.aQute.bndlib-3.2.0.jar
7efc718ae000-7efc718b0000 r--s 00003000 08:07 5251733                    /home/sadiq/.gradle/wrapper/dists/gradle-3.5-all/exhrs6ca08n232b14ue48lbye/gradle-3.5/lib/plugins/gradle-osgi-3.5.jar
7efc718b0000-7efc718b3000 r--s 0000c000 08:07 5251784                    /home/sadiq/.gradle/wrapper/dists/gradle-3.5-all/exhrs6ca08n232b14ue48lbye/gradle-3.5/lib/plugins/pmaven-groovy-0.8-20100325.jar
7efc718b3000-7efc718b4000 r--s 00004000 08:07 5251783                    /home/sadiq/.gradle/wrapper/dists/gradle-3.5-all/exhrs6ca08n232b14ue48lbye/gradle-3.5/lib/plugins/pmaven-common-0.8-20100325.jar
7efc718b4000-7efc718b9000 r--s 00024000 08:07 5251734                    /home/sadiq/.gradle/wrapper/dists/gradle-3.5-all/exhrs6ca08n232b14ue48lbye/gradle-3.5/lib/plugins/gradle-maven-3.5.jar
7efc718b9000-7efc718bc000 r--s 0000b000 08:07 5251753                    /home/sadiq/.gradle/wrapper/dists/gradle-3.5-all/exhrs6ca08n232b14ue48lbye/gradle-3.5/lib/plugins/gradle-language-scala-3.5.jar
7efc718bc000-7efc718c2000 r--s 0001a000 08:07 5251757                    /home/sadiq/.gradle/wrapper/dists/gradle-3.5-all/exhrs6ca08n232b14ue48lbye/gradle-3.5/lib/plugins/gradle-language-native-3.5.jar
7efc718c2000-7efc718c4000 r--s 00006000 08:07 5251750                    /home/sadiq/.gradle/wrapper/dists/gradle-3.5-all/exhrs6ca08n232b14ue48lbye/gradle-3.5/lib/plugins/gradle-language-jvm-3.5.jar
7efc718c4000-7efc718cb000 r--s 0002f000 08:07 5251751                    /home/sadiq/.gradle/wrapper/dists/gradle-3.5-all/exhrs6ca08n232b14ue48lbye/gradle-3.5/lib/plugins/gradle-language-java-3.5.jar
7efc718cb000-7efc718cd000 r--s 0000a000 08:07 5251752                    /home/sadiq/.gradle/wrapper/dists/gradle-3.5-all/exhrs6ca08n232b14ue48lbye/gradle-3.5/lib/plugins/gradle-language-groovy-3.5.jar
7efc718cd000-7efc718d0000 r--s 0001e000 08:07 5251810                    /home/sadiq/.gradle/wrapper/dists/gradle-3.5-all/exhrs6ca08n232b14ue48lbye/gradle-3.5/lib/plugins/jsp-api-2.1-6.1.14.jar
7efc718d0000-7efc718f3000 r--s 00344000 08:07 5251809                    /home/sadiq/.gradle/wrapper/dists/gradle-3.5-all/exhrs6ca08n232b14ue48lbye/gradle-3.5/lib/plugins/core-3.1.1.jar
7efc718f3000-7efc718f4000 r--s 00006000 08:07 5251808                    /home/sadiq/.gradle/wrapper/dists/gradle-3.5-all/exhrs6ca08n232b14ue48lbye/gradle-3.5/lib/plugins/jetty-naming-6.1.26.jar
7efc718f4000-7efc718f5000 r--s 00002000 08:07 5251780                    /home/sadiq/.gradle/wrapper/dists/gradle-3.5-all/exhrs6ca08n232b14ue48lbye/gradle-3.5/lib/plugins/geronimo-annotation_1.0_spec-1.0.jar
7efc718f5000-7efc718f7000 r--s 00002000 08:07 5251779                    /home/sadiq/.gradle/wrapper/dists/gradle-3.5-all/exhrs6ca08n232b14ue48lbye/gradle-3.5/lib/plugins/jetty-annotations-6.1.26.jar
7efc718f7000-7efc71908000 r--s 000ea000 08:07 5251778                    /home/sadiq/.gradle/wrapper/dists/gradle-3.5-all/exhrs6ca08n232b14ue48lbye/gradle-3.5/lib/plugins/jsp-2.1-6.1.14.jar
7efc71908000-7efc7190a000 r--s 0000d000 08:07 5251777                    /home/sadiq/.gradle/wrapper/dists/gradle-3.5-all/exhrs6ca08n232b14ue48lbye/gradle-3.5/lib/plugins/jetty-plus-6.1.26.jar
7efc7190a000-7efc7190c000 r--s 0001f000 08:07 5251776                    /home/sadiq/.gradle/wrapper/dists/gradle-3.5-all/exhrs6ca08n232b14ue48lbye/gradle-3.5/lib/plugins/servlet-api-2.5-20081211.jar
7efc7190c000-7efc71910000 r--s 00028000 08:07 5251775                    /home/sadiq/.gradle/wrapper/dists/gradle-3.5-all/exhrs6ca08n232b14ue48lbye/gradle-3.5/lib/plugins/jetty-util-6.1.26.jar
7efc71910000-7efc71917000 r--s 0007d000 08:07 5251774                    /home/sadiq/.gradle/wrapper/dists/gradle-3.5-all/exhrs6ca08n232b14ue48lbye/gradle-3.5/lib/plugins/jetty-6.1.26.jar
7efc71917000-7efc71919000 r--s 0000a000 08:07 5251731                    /home/sadiq/.gradle/wrapper/dists/gradle-3.5-all/exhrs6ca08n232b14ue48lbye/gradle-3.5/lib/plugins/gradle-jetty-3.5.jar
7efc71919000-7efc71920000 r--s 00035000 08:07 5251789                    /home/sadiq/.gradle/wrapper/dists/gradle-3.5-all/exhrs6ca08n232b14ue48lbye/gradle-3.5/lib/plugins/simple-4.1.21.jar
7efc71920000-7efc7192c000 r--s 00100000 08:07 5251787                    /home/sadiq/.gradle/wrapper/dists/gradle-3.5-all/exhrs6ca08n232b14ue48lbye/gradle-3.5/lib/plugins/rhino-1.7R3.jar
7efc7192c000-7efc71930000 r--s 00012000 08:07 5251740                    /home/sadiq/.gradle/wrapper/dists/gradle-3.5-all/exhrs6ca08n232b14ue48lbye/gradle-3.5/lib/plugins/gradle-javascript-3.5.jar
7efc71930000-7efc71933000 r--s 00011000 08:07 5251746                    /home/sadiq/.gradle/wrapper/dists/gradle-3.5-all/exhrs6ca08n232b14ue48lbye/gradle-3.5/lib/plugins/gradle-jacoco-3.5.jar
7efc71933000-7efc71936000 r--s 0000e000 08:07 5251745                    /home/sadiq/.gradle/wrapper/dists/gradle-3.5-all/exhrs6ca08n232b14ue48lbye/gradle-3.5/lib/plugins/gradle-ivy-3.5.jar
7efc71936000-7efc71937000 r--s 00002000 08:07 5251756                    /home/sadiq/.gradle/wrapper/dists/gradle-3.5-all/exhrs6ca08n232b14ue48lbye/gradle-3.5/lib/plugins/gradle-ide-play-3.5.jar
7efc71937000-7efc7193a000 r--s 00013000 08:07 5251758                    /home/sadiq/.gradle/wrapper/dists/gradle-3.5-all/exhrs6ca08n232b14ue48lbye/gradle-3.5/lib/plugins/gradle-ide-native-3.5.jar
7efc7193a000-7efc71944000 r--s 00056000 08:07 5251735                    /home/sadiq/.gradle/wrapper/dists/gradle-3.5-all/exhrs6ca08n232b14ue48lbye/gradle-3.5/lib/plugins/gradle-ide-3.5.jar
7efc71944000-7efc71946000 r--s 00007000 08:07 5251739                    /home/sadiq/.gradle/wrapper/dists/gradle-3.5-all/exhrs6ca08n232b14ue48lbye/gradle-3.5/lib/plugins/gradle-ear-3.5.jar
7efc71946000-7efc71948000 r--s 00005000 08:07 5251790                    /home/sadiq/.gradle/wrapper/dists/gradle-3.5-all/exhrs6ca08n232b14ue48lbye/gradle-3.5/lib/plugins/jatl-0.2.2.jar
7efc71948000-7efc7194e000 r--s 00039000 08:07 5251742                    /home/sadiq/.gradle/wrapper/dists/gradle-3.5-all/exhrs6ca08n232b14ue48lbye/gradle-3.5/lib/plugins/gradle-diagnostics-3.5.jar
7efc7194e000-7efc71950000 r--s 00009000 08:07 5251768                    /home/sadiq/.gradle/wrapper/dists/gradle-3.5-all/exhrs6ca08n232b14ue48lbye/gradle-3.5/lib/plugins/gradle-composite-builds-3.5.jar
7efc71950000-7efc71955000 r--s 00023000 08:07 5251730                    /home/sadiq/.gradle/wrapper/dists/gradle-3.5-all/exhrs6ca08n232b14ue48lbye/gradle-3.5/lib/plugins/gradle-code-quality-3.5.jar
7efc71955000-7efc7195a000 r--s 00022000 08:07 5251747                    /home/sadiq/.gradle/wrapper/dists/gradle-3.5-all/exhrs6ca08n232b14ue48lbye/gradle-3.5/lib/plugins/gradle-build-init-3.5.jar
7efc7195a000-7efc71960000 r--s 0008e000 08:07 5251741                    /home/sadiq/.gradle/wrapper/dists/gradle-3.5-all/exhrs6ca08n232b14ue48lbye/gradle-3.5/lib/plugins/gradle-build-comparison-3.5.jar
7efc71960000-7efc71961000 r--s 00002000 08:07 5251769                    /home/sadiq/.gradle/wrapper/dists/gradle-3.5-all/exhrs6ca08n232b14ue48lbye/gradle-3.5/lib/plugins/gradle-build-cache-http-3.5.jar
7efc71961000-7efc71963000 r--s 00008000 08:07 5251732                    /home/sadiq/.gradle/wrapper/dists/gradle-3.5-all/exhrs6ca08n232b14ue48lbye/gradle-3.5/lib/plugins/gradle-antlr-3.5.jar
7efc71963000-7efc71964000 r--s 00005000 08:07 5251736                    /home/sadiq/.gradle/wrapper/dists/gradle-3.5-all/exhrs6ca08n232b14ue48lbye/gradle-3.5/lib/plugins/gradle-announce-3.5.jar
7efc71964000-7efc7196c000 r--s 00028000 08:07 5251839                    /home/sadiq/.gradle/wrapper/dists/gradle-3.5-all/exhrs6ca08n232b14ue48lbye/gradle-3.5/lib/plugins/xml-apis-1.3.04.jar
7efc7196c000-7efc71972000 r--s 00033000 08:07 5251785                    /home/sadiq/.gradle/wrapper/dists/gradle-3.5-all/exhrs6ca08n232b14ue48lbye/gradle-3.5/lib/plugins/commons-codec-1.6.jar
7efc71972000-7efc71979000 r--s 00049000 08:07 5251838                    /home/sadiq/.gradle/wrapper/dists/gradle-3.5-all/exhrs6ca08n232b14ue48lbye/gradle-3.5/lib/plugins/httpcore-4.4.4.jar
7efc71979000-7efc7197c000 r--s 0001c000 08:07 5251796                    /home/sadiq/.gradle/wrapper/dists/gradle-3.5-all/exhrs6ca08n232b14ue48lbye/gradle-3.5/lib/plugins/nekohtml-1.9.14.jar
7efc7197c000-7efc71994000 r--s 00115000 08:07 5251795                    /home/sadiq/.gradle/wrapper/dists/gradle-3.5-all/exhrs6ca08n232b14ue48lbye/gradle-3.5/lib/plugins/xercesImpl-2.9.1.jar
7efc71994000-7efc7199a000 r--s 0005b000 08:07 5251794                    /home/sadiq/.gradle/wrapper/dists/gradle-3.5-all/exhrs6ca08n232b14ue48lbye/gradle-3.5/lib/plugins/jcifs-1.3.17.jar
7efc7199a000-7efc719a7000 r--s 000a4000 08:07 5251793                    /home/sadiq/.gradle/wrapper/dists/gradle-3.5-all/exhrs6ca08n232b14ue48lbye/gradle-3.5/lib/plugins/httpclient-4.4.1.jar
7efc719a7000-7efc719aa000 r--s 0000a000 08:07 5251764                    /home/sadiq/.gradle/wrapper/dists/gradle-3.5-all/exhrs6ca08n232b14ue48lbye/gradle-3.5/lib/plugins/gradle-resources-http-3.5.jar
7efc719aa000-7efc719ae000 r--s 00017000 08:07 5251763                    /home/sadiq/.gradle/wrapper/dists/gradle-3.5-all/exhrs6ca08n232b14ue48lbye/gradle-3.5/lib/plugins/gradle-plugin-use-3.5.jar
7efc719ae000-7efc719af000 r--s 00000000 08:07 5251673                    /home/sadiq/.gradle/wrapper/dists/gradle-3.5-all/exhrs6ca08n232b14ue48lbye/gradle-3.5/lib/gradle-runtime-api-info-3.5.jar
7efc719af000-7efc719b0000 r--s 00000000 08:07 5251675                    /home/sadiq/.gradle/wrapper/dists/gradle-3.5-all/exhrs6ca08n232b14ue48lbye/gradle-3.5/lib/gradle-installation-beacon-3.5.jar
7efc719b0000-7efc719b2000 r--s 00006000 08:07 5251834                    /home/sadiq/.gradle/wrapper/dists/gradle-3.5-all/exhrs6ca08n232b14ue48lbye/gradle-3.5/lib/plugins/aether-connector-wagon-1.13.1.jar
7efc719b2000-7efc719b6000 r--s 0001c000 08:07 5251833                    /home/sadiq/.gradle/wrapper/dists/gradle-3.5-all/exhrs6ca08n232b14ue48lbye/gradle-3.5/lib/plugins/aether-util-1.13.1.jar
7efc719b6000-7efc719b7000 r--s 00003000 08:07 5251832                    /home/sadiq/.gradle/wrapper/dists/gradle-3.5-all/exhrs6ca08n232b14ue48lbye/gradle-3.5/lib/plugins/aether-spi-1.13.1.jar
7efc719b7000-7efc719ba000 r--s 0001d000 08:07 5251831                    /home/sadiq/.gradle/wrapper/dists/gradle-3.5-all/exhrs6ca08n232b14ue48lbye/gradle-3.5/lib/plugins/aether-impl-1.13.1.jar
7efc719ba000-7efc719bd000 r--s 00013000 08:07 5251830                    /home/sadiq/.gradle/wrapper/dists/gradle-3.5-all/exhrs6ca08n232b14ue48lbye/gradle-3.5/lib/plugins/aether-api-1.13.1.jar
7efc719bd000-7efc719be000 r--s 00007000 08:07 5251829                    /home/sadiq/.gradle/wrapper/dists/gradle-3.5-all/exhrs6ca08n232b14ue48lbye/gradle-3.5/lib/plugins/wagon-http-shared4-2.4.jar
7efc719be000-7efc719c0000 r--s 0000b000 08:07 5251828                    /home/sadiq/.gradle/wrapper/dists/gradle-3.5-all/exhrs6ca08n232b14ue48lbye/gradle-3.5/lib/plugins/wagon-provider-api-2.4.jar
7efc719c0000-7efc719c1000 r--s 00002000 08:07 5251827                    /home/sadiq/.gradle/wrapper/dists/gradle-3.5-all/exhrs6ca08n232b14ue48lbye/gradle-3.5/lib/plugins/wagon-http-2.4.jar
7efc719c1000-7efc719c2000 r--s 00002000 08:07 5251826                    /home/sadiq/.gradle/wrapper/dists/gradle-3.5-all/exhrs6ca08n232b14ue48lbye/gradle-3.5/lib/plugins/wagon-file-2.4.jar
7efc719c2000-7efc719c4000 r--s 0000c000 08:07 5251825                    /home/sadiq/.gradle/wrapper/dists/gradle-3.5-all/exhrs6ca08n232b14ue48lbye/gradle-3.5/lib/plugins/maven-aether-provider-3.0.4.jar
7efc719c4000-7efc719c6000 r--s 0000b000 08:07 5251824                    /home/sadiq/.gradle/wrapper/dists/gradle-3.5-all/exhrs6ca08n232b14ue48lbye/gradle-3.5/lib/plugins/maven-plugin-api-3.0.4.jar
7efc719c6000-7efc719c8000 r--s 00006000 08:07 5251823                    /home/sadiq/.gradle/wrapper/dists/gradle-3.5-all/exhrs6ca08n232b14ue48lbye/gradle-3.5/lib/plugins/maven-repository-metadata-3.0.4.jar
7efc719c8000-7efc719ca000 r--s 0000b000 08:07 5251822                    /home/sadiq/.gradle/wrapper/dists/gradle-3.5-all/exhrs6ca08n232b14ue48lbye/gradle-3.5/lib/plugins/maven-artifact-3.0.4.jar
7efc719ca000-7efc719cc000 r--s 00026000 08:07 5251821                    /home/sadiq/.gradle/wrapper/dists/gradle-3.5-all/exhrs6ca08n232b14ue48lbye/gradle-3.5/lib/plugins/maven-model-3.0.4.jar
7efc719cc000-7efc719d0000 r--s 00021000 08:07 5251820                    /home/sadiq/.gradle/wrapper/dists/gradle-3.5-all/exhrs6ca08n232b14ue48lbye/gradle-3.5/lib/plugins/maven-model-builder-3.0.4.jar
7efc719d0000-7efc719d6000 r--s 0003f000 08:07 5251819                    /home/sadiq/.gradle/wrapper/dists/gradle-3.5-all/exhrs6ca08n232b14ue48lbye/gradle-3.5/lib/plugins/maven-compat-3.0.4.jar
7efc719d6000-7efc719d8000 r--s 00002000 08:07 5251817                    /home/sadiq/.gradle/wrapper/dists/gradle-3.5-all/exhrs6ca08n232b14ue48lbye/gradle-3.5/lib/plugins/plexus-cipher-1.7.jar
7efc719d8000-7efc719da000 r--s 0000a000 08:07 5251816                    /home/sadiq/.gradle/wrapper/dists/gradle-3.5-all/exhrs6ca08n232b14ue48lbye/gradle-3.5/lib/plugins/plexus-classworlds-2.4.jar
7efc719da000-7efc719e1000 r--s 0002e000 08:07 5251815                    /home/sadiq/.gradle/wrapper/dists/gradle-3.5-all/exhrs6ca08n232b14ue48lbye/gradle-3.5/lib/plugins/plexus-container-default-1.5.5.jar
7efc719e1000-7efc719e3000 r--s 00000000 08:07 5251840                    /home/sadiq/.gradle/wrapper/dists/gradle-3.5-all/exhrs6ca08n232b14ue48lbye/gradle-3.5/lib/plugins/plexus-component-annotations-1.5.5.jar
7efc719e3000-7efc719e5000 r--s 0000d000 08:07 5251814                    /home/sadiq/.gradle/wrapper/dists/gradle-3.5-all/exhrs6ca08n232b14ue48lbye/gradle-3.5/lib/plugins/plexus-interpolation-1.14.jar
7efc719e5000-7efc719e9000 r--s 00033000 08:07 5251813                    /home/sadiq/.gradle/wrapper/dists/gradle-3.5-all/exhrs6ca08n232b14ue48lbye/gradle-3.5/lib/plugins/plexus-utils-2.0.6.jar
7efc719e9000-7efc719ec000 r--s 00008000 08:07 5251812                    /home/sadiq/.gradle/wrapper/dists/gradle-3.5-all/exhrs6ca08n232b14ue48lbye/gradle-3.5/lib/plugins/maven-settings-builder-3.0.4.jar
7efc719ec000-7efc719f1000 r--s 00040000 08:07 5251797                    /home/sadiq/.gradle/wrapper/dists/gradle-3.5-all/exhrs6ca08n232b14ue48lbye/gradle-3.5/lib/plugins/jsch-0.1.54.jar
7efc719f1000-7efc71a31000 r--s 00277000 08:07 5251807                    /home/sadiq/.gradle/wrapper/dists/gradle-3.5-all/exhrs6ca08n232b14ue48lbye/gradle-3.5/lib/plugins/bcprov-jdk15on-1.51.jar
7efc71a31000-7efc71a3d000 r--s 0007d000 08:07 5251782                    /home/sadiq/.gradle/wrapper/dists/gradle-3.5-all/exhrs6ca08n232b14ue48lbye/gradle-3.5/lib/plugins/maven-core-3.0.4.jar
7efc71a3d000-7efc71a5e000 r--s 00106000 08:07 5251771                    /home/sadiq/.gradle/wrapper/dists/gradle-3.5-all/exhrs6ca08n232b14ue48lbye/gradle-3.5/lib/plugins/gradle-dependency-management-3.5.jar
7efc71a5e000-7efc71a74000 r-xp 00000000 08:07 3805734                    /lib/x86_64-linux-gnu/libgcc_s.so.1
7efc71a74000-7efc71c73000 ---p 00016000 08:07 3805734                    /lib/x86_64-linux-gnu/libgcc_s.so.1
7efc71c73000-7efc71c74000 rw-p 00015000 08:07 3805734                    /lib/x86_64-linux-gnu/libgcc_s.so.1
7efc71c74000-7efc71de6000 r-xp 00000000 08:07 4597219                    /usr/lib/x86_64-linux-gnu/libstdc++.so.6.0.21
7efc71de6000-7efc71fe6000 ---p 00172000 08:07 4597219                    /usr/lib/x86_64-linux-gnu/libstdc++.so.6.0.21
7efc71fe6000-7efc71ff0000 r--p 00172000 08:07 4597219                    /usr/lib/x86_64-linux-gnu/libstdc++.so.6.0.21
7efc71ff0000-7efc71ff2000 rw-p 0017c000 08:07 4597219                    /usr/lib/x86_64-linux-gnu/libstdc++.so.6.0.21
7efc71ff2000-7efc71ff6000 rw-p 00000000 00:00 0 
7efc71ff6000-7efc71ff7000 r--s 00006000 08:07 5251818                    /home/sadiq/.gradle/wrapper/dists/gradle-3.5-all/exhrs6ca08n232b14ue48lbye/gradle-3.5/lib/plugins/plexus-sec-dispatcher-1.3.jar
7efc71ff7000-7efc71ff9000 r--s 0000a000 08:07 5251811                    /home/sadiq/.gradle/wrapper/dists/gradle-3.5-all/exhrs6ca08n232b14ue48lbye/gradle-3.5/lib/plugins/maven-settings-3.0.4.jar
7efc71ff9000-7efc71ffd000 r--s 0001d000 08:07 5251806                    /home/sadiq/.gradle/wrapper/dists/gradle-3.5-all/exhrs6ca08n232b14ue48lbye/gradle-3.5/lib/plugins/xbean-reflect-3.4.jar
7efc71ffd000-7efc72002000 r--s 00034000 08:07 5251788                    /home/sadiq/.gradle/wrapper/dists/gradle-3.5-all/exhrs6ca08n232b14ue48lbye/gradle-3.5/lib/plugins/gson-2.7.jar
7efc72002000-7efc72011000 r--s 000d9000 08:07 5251805                    /home/sadiq/.gradle/wrapper/dists/gradle-3.5-all/exhrs6ca08n232b14ue48lbye/gradle-3.5/lib/plugins/ivy-2.2.0.jar
7efc72011000-7efc72013000 r--s 00007000 08:07 5251770                    /home/sadiq/.gradle/wrapper/dists/gradle-3.5-all/exhrs6ca08n232b14ue48lbye/gradle-3.5/lib/plugins/gradle-workers-3.5.jar
7efc72013000-7efc72018000 r-xp 00000000 08:07 4856717                    /home/sadiq/.gradle/native/25/linux-amd64/libnative-platform.so
7efc72018000-7efc72217000 ---p 00005000 08:07 4856717                    /home/sadiq/.gradle/native/25/linux-amd64/libnative-platform.so
7efc72217000-7efc72218000 rw-p 00004000 08:07 4856717                    /home/sadiq/.gradle/native/25/linux-amd64/libnative-platform.so
7efc72218000-7efc72229000 r-xp 00000000 08:07 2883948                    /opt/android-studio/jre/jre/lib/amd64/libnio.so
7efc72229000-7efc72428000 ---p 00011000 08:07 2883948                    /opt/android-studio/jre/jre/lib/amd64/libnio.so
7efc72428000-7efc72429000 r--p 00010000 08:07 2883948                    /opt/android-studio/jre/jre/lib/amd64/libnio.so
7efc72429000-7efc7242a000 rw-p 00011000 08:07 2883948                    /opt/android-studio/jre/jre/lib/amd64/libnio.so
7efc7242a000-7efc7272b000 rw-p 00000000 00:00 0 
7efc7272b000-7efc72742000 r-xp 00000000 08:07 2883946                    /opt/android-studio/jre/jre/lib/amd64/libnet.so
7efc72742000-7efc72941000 ---p 00017000 08:07 2883946                    /opt/android-studio/jre/jre/lib/amd64/libnet.so
7efc72941000-7efc72942000 r--p 00016000 08:07 2883946                    /opt/android-studio/jre/jre/lib/amd64/libnet.so
7efc72942000-7efc72943000 rw-p 00017000 08:07 2883946                    /opt/android-studio/jre/jre/lib/amd64/libnet.so
7efc72943000-7efc72951000 r--s 00043000 08:07 5251681                    /home/sadiq/.gradle/wrapper/dists/gradle-3.5-all/exhrs6ca08n232b14ue48lbye/gradle-3.5/lib/gradle-tooling-api-3.5.jar
7efc72951000-7efc72957000 r--s 00032000 08:07 5251704                    /home/sadiq/.gradle/wrapper/dists/gradle-3.5-all/exhrs6ca08n232b14ue48lbye/gradle-3.5/lib/jaxen-1.1.jar
7efc72957000-7efc7295c000 r--s 00048000 08:07 5251703                    /home/sadiq/.gradle/wrapper/dists/gradle-3.5-all/exhrs6ca08n232b14ue48lbye/gradle-3.5/lib/dom4j-1.6.1.jar
7efc7295c000-7efc72993000 r--s 00284000 08:07 5251670                    /home/sadiq/.gradle/wrapper/dists/gradle-3.5-all/exhrs6ca08n232b14ue48lbye/gradle-3.5/lib/kotlin-reflect-1.1.0.jar
7efc72993000-7efc72b58000 r--s 017fb000 08:07 5251669                    /home/sadiq/.gradle/wrapper/dists/gradle-3.5-all/exhrs6ca08n232b14ue48lbye/gradle-3.5/lib/kotlin-compiler-embeddable-1.1.0.jar
7efc72b58000-7efc72bc8000 r--s 00645000 08:07 5251692                    /home/sadiq/.gradle/wrapper/dists/gradle-3.5-all/exhrs6ca08n232b14ue48lbye/gradle-3.5/lib/groovy-all-2.4.10.jar
7efc72bc8000-7efc72bc9000 ---p 00000000 00:00 0 
7efc72bc9000-7efc72cc9000 rw-p 00000000 00:00 0 
7efc72cc9000-7efc72ccc000 ---p 00000000 00:00 0 
7efc72ccc000-7efc72dca000 rw-p 00000000 00:00 0 
7efc72dca000-7efc72dcd000 ---p 00000000 00:00 0 
7efc72dcd000-7efc72ecb000 rw-p 00000000 00:00 0 
7efc72ecb000-7efc72ece000 ---p 00000000 00:00 0 
7efc72ece000-7efc72fcc000 rw-p 00000000 00:00 0 
7efc72fcc000-7efc72fcf000 ---p 00000000 00:00 0 
7efc72fcf000-7efc730cd000 rw-p 00000000 00:00 0 
7efc730cd000-7efc730d0000 ---p 00000000 00:00 0 
7efc730d0000-7efc731ce000 rw-p 00000000 00:00 0 
7efc731ce000-7efc734f5000 r--p 00000000 08:07 4590299                    /usr/lib/locale/locale-archive
7efc734f5000-7efc734f8000 ---p 00000000 00:00 0 
7efc734f8000-7efc735f6000 rw-p 00000000 00:00 0 
7efc735f6000-7efc735f9000 ---p 00000000 00:00 0 
7efc735f9000-7efc736f7000 rw-p 00000000 00:00 0 
7efc736f7000-7efc736f8000 ---p 00000000 00:00 0 
7efc736f8000-7efc74000000 rw-p 00000000 00:00 0 
7efc74000000-7efc74054000 rw-p 00000000 00:00 0 
7efc74054000-7efc78000000 ---p 00000000 00:00 0 
7efc78000000-7efc78001000 r--s 00006000 08:07 5251674                    /home/sadiq/.gradle/wrapper/dists/gradle-3.5-all/exhrs6ca08n232b14ue48lbye/gradle-3.5/lib/gradle-wrapper-3.5.jar
7efc78001000-7efc78003000 r--s 00002000 08:07 5251702                    /home/sadiq/.gradle/wrapper/dists/gradle-3.5-all/exhrs6ca08n232b14ue48lbye/gradle-3.5/lib/gradle-open-api-3.5.jar
7efc78003000-7efc7800e000 r--s 00059000 08:07 5251680                    /home/sadiq/.gradle/wrapper/dists/gradle-3.5-all/exhrs6ca08n232b14ue48lbye/gradle-3.5/lib/gradle-ui-3.5.jar
7efc7800e000-7efc7801c000 r--s 000cb000 08:07 5251671                    /home/sadiq/.gradle/wrapper/dists/gradle-3.5-all/exhrs6ca08n232b14ue48lbye/gradle-3.5/lib/kotlin-stdlib-1.1.0.jar
7efc7801c000-7efc7801e000 r--s 00003000 08:07 5251667                    /home/sadiq/.gradle/wrapper/dists/gradle-3.5-all/exhrs6ca08n232b14ue48lbye/gradle-3.5/lib/annotations-13.0.jar
7efc7801e000-7efc78026000 r--s 00055000 08:07 5251668                    /home/sadiq/.gradle/wrapper/dists/gradle-3.5-all/exhrs6ca08n232b14ue48lbye/gradle-3.5/lib/gradle-script-kotlin-0.8.0.jar
7efc78026000-7efc78029000 r--s 0000b000 08:07 5251690                    /home/sadiq/.gradle/wrapper/dists/gradle-3.5-all/exhrs6ca08n232b14ue48lbye/gradle-3.5/lib/gradle-resources-3.5.jar
7efc78029000-7efc7802b000 r--s 00005000 08:07 5251679                    /home/sadiq/.gradle/wrapper/dists/gradle-3.5-all/exhrs6ca08n232b14ue48lbye/gradle-3.5/lib/gradle-cli-3.5.jar
7efc7802b000-7efc7802d000 r--s 00003000 08:07 5251708                    /home/sadiq/.gradle/wrapper/dists/gradle-3.5-all/exhrs6ca08n232b14ue48lbye/gradle-3.5/lib/jcl-over-slf4j-1.7.10.jar
7efc7802d000-7efc7802e000 r--s 00005000 08:07 5251707                    /home/sadiq/.gradle/wrapper/dists/gradle-3.5-all/exhrs6ca08n232b14ue48lbye/gradle-3.5/lib/log4j-over-slf4j-1.7.10.jar
7efc7802e000-7efc78030000 r--s 00000000 08:07 5251706                    /home/sadiq/.gradle/wrapper/dists/gradle-3.5-all/exhrs6ca08n232b14ue48lbye/gradle-3.5/lib/jul-to-slf4j-1.7.10.jar
7efc78030000-7efc78037000 r--s 00027000 08:07 5251683                    /home/sadiq/.gradle/wrapper/dists/gradle-3.5-all/exhrs6ca08n232b14ue48lbye/gradle-3.5/lib/gradle-logging-3.5.jar
7efc78037000-7efc78046000 r--s 0007f000 08:07 5251691                    /home/sadiq/.gradle/wrapper/dists/gradle-3.5-all/exhrs6ca08n232b14ue48lbye/gradle-3.5/lib/gradle-model-core-3.5.jar
7efc78046000-7efc78048000 r--s 00006000 08:07 5251688                    /home/sadiq/.gradle/wrapper/dists/gradle-3.5-all/exhrs6ca08n232b14ue48lbye/gradle-3.5/lib/gradle-base-services-groovy-3.5.jar
7efc78048000-7efc7804a000 r--s 00007000 08:07 5251696                    /home/sadiq/.gradle/wrapper/dists/gradle-3.5-all/exhrs6ca08n232b14ue48lbye/gradle-3.5/lib/gradle-model-groovy-3.5.jar
7efc7804a000-7efc7804b000 r--s 00002000 08:07 5251701                    /home/sadiq/.gradle/wrapper/dists/gradle-3.5-all/exhrs6ca08n232b14ue48lbye/gradle-3.5/lib/gradle-docs-3.5.jar
7efc7804b000-7efc7804c000 r--s 00000000 08:07 5251699                    /home/sadiq/.gradle/wrapper/dists/gradle-3.5-all/exhrs6ca08n232b14ue48lbye/gradle-3.5/lib/jcip-annotations-1.0.jar
7efc7804c000-7efc78059000 r--s 00083000 08:07 5251697                    /home/sadiq/.gradle/wrapper/dists/gradle-3.5-all/exhrs6ca08n232b14ue48lbye/gradle-3.5/lib/commons-collections-3.2.2.jar
7efc78059000-7efc7805a000 r--s 00000000 08:07 5251695                    /home/sadiq/.gradle/wrapper/dists/gradle-3.5-all/exhrs6ca08n232b14ue48lbye/gradle-3.5/lib/javax.inject-1.jar
7efc7805a000-7efc7805b000 r--s 00001000 08:07 5251724                    /home/sadiq/.gradle/wrapper/dists/gradle-3.5-all/exhrs6ca08n232b14ue48lbye/gradle-3.5/lib/native-platform-linux-i386-ncurses6-0.14.jar
7efc7805b000-7efc7805c000 r--s 00001000 08:07 5251723                    /home/sadiq/.gradle/wrapper/dists/gradle-3.5-all/exhrs6ca08n232b14ue48lbye/gradle-3.5/lib/native-platform-linux-i386-ncurses5-0.14.jar
7efc7805c000-7efc7805d000 r--s 00001000 08:07 5251722                    /home/sadiq/.gradle/wrapper/dists/gradle-3.5-all/exhrs6ca08n232b14ue48lbye/gradle-3.5/lib/native-platform-linux-amd64-ncurses6-0.14.jar
7efc7805d000-7efc7805e000 r--s 00001000 08:07 5251721                    /home/sadiq/.gradle/wrapper/dists/gradle-3.5-all/exhrs6ca08n232b14ue48lbye/gradle-3.5/lib/native-platform-linux-amd64-ncurses5-0.14.jar
7efc7805e000-7efc7805f000 r--s 0000b000 08:07 5251720                    /home/sadiq/.gradle/wrapper/dists/gradle-3.5-all/exhrs6ca08n232b14ue48lbye/gradle-3.5/lib/native-platform-windows-i386-0.14.jar
7efc7805f000-7efc78061000 r--s 0000b000 08:07 5251719                    /home/sadiq/.gradle/wrapper/dists/gradle-3.5-all/exhrs6ca08n232b14ue48lbye/gradle-3.5/lib/native-platform-windows-amd64-0.14.jar
7efc78061000-7efc78062000 r--s 00003000 08:07 5251718                    /home/sadiq/.gradle/wrapper/dists/gradle-3.5-all/exhrs6ca08n232b14ue48lbye/gradle-3.5/lib/native-platform-osx-i386-0.14.jar
7efc78062000-7efc78064000 r--s 00002000 08:07 5251717                    /home/sadiq/.gradle/wrapper/dists/gradle-3.5-all/exhrs6ca08n232b14ue48lbye/gradle-3.5/lib/native-platform-osx-amd64-0.14.jar
7efc78064000-7efc78065000 r--s 00002000 08:07 5251716                    /home/sadiq/.gradle/wrapper/dists/gradle-3.5-all/exhrs6ca08n232b14ue48lbye/gradle-3.5/lib/native-platform-linux-i386-0.14.jar
7efc78065000-7efc78066000 r--s 00002000 08:07 5251715                    /home/sadiq/.gradle/wrapper/dists/gradle-3.5-all/exhrs6ca08n232b14ue48lbye/gradle-3.5/lib/native-platform-linux-amd64-0.14.jar
7efc78066000-7efc78067000 r--s 00003000 08:07 5251714                    /home/sadiq/.gradle/wrapper/dists/gradle-3.5-all/exhrs6ca08n232b14ue48lbye/gradle-3.5/lib/native-platform-freebsd-i386-libstdcpp-0.14.jar
7efc78067000-7efc78068000 r--s 00004000 08:07 5251713                    /home/sadiq/.gradle/wrapper/dists/gradle-3.5-all/exhrs6ca08n232b14ue48lbye/gradle-3.5/lib/native-platform-freebsd-i386-libcpp-0.14.jar
7efc78068000-7efc78069000 r--s 00004000 08:07 5251712                    /home/sadiq/.gradle/wrapper/dists/gradle-3.5-all/exhrs6ca08n232b14ue48lbye/gradle-3.5/lib/native-platform-freebsd-amd64-libstdcpp-0.14.jar
7efc78069000-7efc7806c000 r--s 00023000 08:07 5251705                    /home/sadiq/.gradle/wrapper/dists/gradle-3.5-all/exhrs6ca08n232b14ue48lbye/gradle-3.5/lib/jansi-1.14.jar
7efc7806c000-7efc78070000 r--s 00027000 08:07 5251698                    /home/sadiq/.gradle/wrapper/dists/gradle-3.5-all/exhrs6ca08n232b14ue48lbye/gradle-3.5/lib/commons-io-2.2.jar
7efc78070000-7efc78098000 r--s 001cf000 08:07 5251685                    /home/sadiq/.gradle/wrapper/dists/gradle-3.5-all/exhrs6ca08n232b14ue48lbye/gradle-3.5/lib/guava-jdk5-17.0.jar
7efc78098000-7efc780b7000 r--s 001d1000 08:07 5251694                    /home/sadiq/.gradle/wrapper/dists/gradle-3.5-all/exhrs6ca08n232b14ue48lbye/gradle-3.5/lib/ant-1.9.6.jar
7efc780b7000-7efc780f9000 r--s 00220000 08:07 5251678                    /home/sadiq/.gradle/wrapper/dists/gradle-3.5-all/exhrs6ca08n232b14ue48lbye/gradle-3.5/lib/gradle-core-3.5.jar
7efc780f9000-7efc7c000000 rw-p 00000000 00:00 0 
7efc7c000000-7efc7c037000 rw-p 00000000 00:00 0 
7efc7c037000-7efc80000000 ---p 00000000 00:00 0 
7efc80000000-7efc80004000 r--s 00012000 08:07 5251700                    /home/sadiq/.gradle/wrapper/dists/gradle-3.5-all/exhrs6ca08n232b14ue48lbye/gradle-3.5/lib/native-platform-0.14.jar
7efc80004000-7efc80007000 r--s 0000c000 08:07 5251682                    /home/sadiq/.gradle/wrapper/dists/gradle-3.5-all/exhrs6ca08n232b14ue48lbye/gradle-3.5/lib/gradle-native-3.5.jar
7efc80007000-7efc80009000 r--s 00007000 08:07 5251727                    /home/sadiq/.gradle/wrapper/dists/gradle-3.5-all/exhrs6ca08n232b14ue48lbye/gradle-3.5/lib/objenesis-1.2.jar
7efc80009000-7efc8006c000 rw-p 00000000 00:00 0 
7efc8006c000-7efc8023b000 r--s 03c1b000 08:07 2883916                    /opt/android-studio/jre/jre/lib/rt.jar
7efc8023b000-7efc8053b000 rw-p 00000000 00:00 0 
7efc8053b000-7efc8053c000 ---p 00000000 00:00 0 
7efc8053c000-7efc8063c000 rw-p 00000000 00:00 0 
7efc8063c000-7efc8063d000 ---p 00000000 00:00 0 
7efc8063d000-7efc8073d000 rw-p 00000000 00:00 0 
7efc8073d000-7efc8073e000 ---p 00000000 00:00 0 
7efc8073e000-7efc8083e000 rw-p 00000000 00:00 0 
7efc8083e000-7efc8083f000 ---p 00000000 00:00 0 
7efc8083f000-7efc809c7000 rw-p 00000000 00:00 0 
7efc809c7000-7efc80b3f000 ---p 00000000 00:00 0 
7efc80b3f000-7efc80c34000 rw-p 00000000 00:00 0 
7efc80c34000-7efc80c3f000 ---p 00000000 00:00 0 
7efc80c3f000-7efc80d01000 rw-p 00000000 00:00 0 
7efc80d01000-7efc81000000 ---p 00000000 00:00 0 
7efc81000000-7efc84010000 rwxp 00000000 00:00 0 
7efc84010000-7efc90000000 ---p 00000000 00:00 0 
7efc90000000-7efc90d0e000 rw-p 00000000 00:00 0 
7efc90d0e000-7efc94000000 ---p 00000000 00:00 0 
7efc94000000-7efc94002000 r--s 00000000 08:07 5251726                    /home/sadiq/.gradle/wrapper/dists/gradle-3.5-all/exhrs6ca08n232b14ue48lbye/gradle-3.5/lib/minlog-1.2.jar
7efc94002000-7efc94004000 r--s 0000f000 08:07 5251725                    /home/sadiq/.gradle/wrapper/dists/gradle-3.5-all/exhrs6ca08n232b14ue48lbye/gradle-3.5/lib/reflectasm-1.07-shaded.jar
7efc94004000-7efc94009000 r--s 00038000 08:07 5251693                    /home/sadiq/.gradle/wrapper/dists/gradle-3.5-all/exhrs6ca08n232b14ue48lbye/gradle-3.5/lib/asm-all-5.1.jar
7efc94009000-7efc94176000 rw-p 00000000 00:00 0 
7efc94176000-7efc942ee000 ---p 00000000 00:00 0 
7efc942ee000-7efc94308000 r-xp 00000000 08:07 2883943                    /opt/android-studio/jre/jre/lib/amd64/libzip.so
7efc94308000-7efc94508000 ---p 0001a000 08:07 2883943                    /opt/android-studio/jre/jre/lib/amd64/libzip.so
7efc94508000-7efc94509000 r--p 0001a000 08:07 2883943                    /opt/android-studio/jre/jre/lib/amd64/libzip.so
7efc94509000-7efc9450a000 rw-p 0001b000 08:07 2883943                    /opt/android-studio/jre/jre/lib/amd64/libzip.so
7efc9450a000-7efc94515000 r-xp 00000000 08:07 3801178                    /lib/x86_64-linux-gnu/libnss_files-2.23.so
7efc94515000-7efc94714000 ---p 0000b000 08:07 3801178                    /lib/x86_64-linux-gnu/libnss_files-2.23.so
7efc94714000-7efc94715000 r--p 0000a000 08:07 3801178                    /lib/x86_64-linux-gnu/libnss_files-2.23.so
7efc94715000-7efc94716000 rw-p 0000b000 08:07 3801178                    /lib/x86_64-linux-gnu/libnss_files-2.23.so
7efc94716000-7efc9471c000 rw-p 00000000 00:00 0 
7efc9471c000-7efc94727000 r-xp 00000000 08:07 3801171                    /lib/x86_64-linux-gnu/libnss_nis-2.23.so
7efc94727000-7efc94926000 ---p 0000b000 08:07 3801171                    /lib/x86_64-linux-gnu/libnss_nis-2.23.so
7efc94926000-7efc94927000 r--p 0000a000 08:07 3801171                    /lib/x86_64-linux-gnu/libnss_nis-2.23.so
7efc94927000-7efc94928000 rw-p 0000b000 08:07 3801171                    /lib/x86_64-linux-gnu/libnss_nis-2.23.so
7efc94928000-7efc9493e000 r-xp 00000000 08:07 3801173                    /lib/x86_64-linux-gnu/libnsl-2.23.so
7efc9493e000-7efc94b3d000 ---p 00016000 08:07 3801173                    /lib/x86_64-linux-gnu/libnsl-2.23.so
7efc94b3d000-7efc94b3e000 r--p 00015000 08:07 3801173                    /lib/x86_64-linux-gnu/libnsl-2.23.so
7efc94b3e000-7efc94b3f000 rw-p 00016000 08:07 3801173                    /lib/x86_64-linux-gnu/libnsl-2.23.so
7efc94b3f000-7efc94b41000 rw-p 00000000 00:00 0 
7efc94b41000-7efc94b49000 r-xp 00000000 08:07 3801180                    /lib/x86_64-linux-gnu/libnss_compat-2.23.so
7efc94b49000-7efc94d48000 ---p 00008000 08:07 3801180                    /lib/x86_64-linux-gnu/libnss_compat-2.23.so
7efc94d48000-7efc94d49000 r--p 00007000 08:07 3801180                    /lib/x86_64-linux-gnu/libnss_compat-2.23.so
7efc94d49000-7efc94d4a000 rw-p 00008000 08:07 3801180                    /lib/x86_64-linux-gnu/libnss_compat-2.23.so
7efc94d4a000-7efc94d77000 r-xp 00000000 08:07 2883953                    /opt/android-studio/jre/jre/lib/amd64/libjava.so
7efc94d77000-7efc94f76000 ---p 0002d000 08:07 2883953                    /opt/android-studio/jre/jre/lib/amd64/libjava.so
7efc94f76000-7efc94f77000 r--p 0002c000 08:07 2883953                    /opt/android-studio/jre/jre/lib/amd64/libjava.so
7efc94f77000-7efc94f79000 rw-p 0002d000 08:07 2883953                    /opt/android-studio/jre/jre/lib/amd64/libjava.so
7efc94f79000-7efc94f89000 r-xp 00000000 08:07 2883969                    /opt/android-studio/jre/jre/lib/amd64/libverify.so
7efc94f89000-7efc95188000 ---p 00010000 08:07 2883969                    /opt/android-studio/jre/jre/lib/amd64/libverify.so
7efc95188000-7efc9518a000 r--p 0000f000 08:07 2883969                    /opt/android-studio/jre/jre/lib/amd64/libverify.so
7efc9518a000-7efc9518b000 rw-p 00011000 08:07 2883969                    /opt/android-studio/jre/jre/lib/amd64/libverify.so
7efc9518b000-7efc95192000 r-xp 00000000 08:07 3801181                    /lib/x86_64-linux-gnu/librt-2.23.so
7efc95192000-7efc95391000 ---p 00007000 08:07 3801181                    /lib/x86_64-linux-gnu/librt-2.23.so
7efc95391000-7efc95392000 r--p 00006000 08:07 3801181                    /lib/x86_64-linux-gnu/librt-2.23.so
7efc95392000-7efc95393000 rw-p 00007000 08:07 3801181                    /lib/x86_64-linux-gnu/librt-2.23.so
7efc95393000-7efc9549b000 r-xp 00000000 08:07 3801172                    /lib/x86_64-linux-gnu/libm-2.23.so
7efc9549b000-7efc9569a000 ---p 00108000 08:07 3801172                    /lib/x86_64-linux-gnu/libm-2.23.so
7efc9569a000-7efc9569b000 r--p 00107000 08:07 3801172                    /lib/x86_64-linux-gnu/libm-2.23.so
7efc9569b000-7efc9569c000 rw-p 00108000 08:07 3801172                    /lib/x86_64-linux-gnu/libm-2.23.so
7efc9569c000-7efc9628d000 r-xp 00000000 08:07 2883973                    /opt/android-studio/jre/jre/lib/amd64/server/libjvm.so
7efc9628d000-7efc9648d000 ---p 00bf1000 08:07 2883973                    /opt/android-studio/jre/jre/lib/amd64/server/libjvm.so
7efc9648d000-7efc9652c000 r--p 00bf1000 08:07 2883973                    /opt/android-studio/jre/jre/lib/amd64/server/libjvm.so
7efc9652c000-7efc96555000 rw-p 00c90000 08:07 2883973                    /opt/android-studio/jre/jre/lib/amd64/server/libjvm.so
7efc96555000-7efc96599000 rw-p 00000000 00:00 0 
7efc96599000-7efc965b1000 r-xp 00000000 08:07 3801185                    /lib/x86_64-linux-gnu/libpthread-2.23.so
7efc965b1000-7efc967b0000 ---p 00018000 08:07 3801185                    /lib/x86_64-linux-gnu/libpthread-2.23.so
7efc967b0000-7efc967b1000 r--p 00017000 08:07 3801185                    /lib/x86_64-linux-gnu/libpthread-2.23.so
7efc967b1000-7efc967b2000 rw-p 00018000 08:07 3801185                    /lib/x86_64-linux-gnu/libpthread-2.23.so
7efc967b2000-7efc967b6000 rw-p 00000000 00:00 0 
7efc967b6000-7efc967b9000 r-xp 00000000 08:07 3801113                    /lib/x86_64-linux-gnu/libdl-2.23.so
7efc967b9000-7efc969b8000 ---p 00003000 08:07 3801113                    /lib/x86_64-linux-gnu/libdl-2.23.so
7efc969b8000-7efc969b9000 r--p 00002000 08:07 3801113                    /lib/x86_64-linux-gnu/libdl-2.23.so
7efc969b9000-7efc969ba000 rw-p 00003000 08:07 3801113                    /lib/x86_64-linux-gnu/libdl-2.23.so
7efc969ba000-7efc96b79000 r-xp 00000000 08:07 3801174                    /lib/x86_64-linux-gnu/libc-2.23.so
7efc96b79000-7efc96d79000 ---p 001bf000 08:07 3801174                    /lib/x86_64-linux-gnu/libc-2.23.so
7efc96d79000-7efc96d7d000 r--p 001bf000 08:07 3801174                    /lib/x86_64-linux-gnu/libc-2.23.so
7efc96d7d000-7efc96d7f000 rw-p 001c3000 08:07 3801174                    /lib/x86_64-linux-gnu/libc-2.23.so
7efc96d7f000-7efc96d83000 rw-p 00000000 00:00 0 
7efc96d83000-7efc96d99000 r-xp 00000000 08:07 2883833                    /opt/android-studio/jre/lib/amd64/jli/libjli.so
7efc96d99000-7efc96f98000 ---p 00016000 08:07 2883833                    /opt/android-studio/jre/lib/amd64/jli/libjli.so
7efc96f98000-7efc96f99000 r--p 00015000 08:07 2883833                    /opt/android-studio/jre/lib/amd64/jli/libjli.so
7efc96f99000-7efc96f9a000 rw-p 00016000 08:07 2883833                    /opt/android-studio/jre/lib/amd64/jli/libjli.so
7efc96f9a000-7efc96fc0000 r-xp 00000000 08:07 3801175                    /lib/x86_64-linux-gnu/ld-2.23.so
7efc96fc0000-7efc96fc1000 r--s 00004000 08:07 5251711                    /home/sadiq/.gradle/wrapper/dists/gradle-3.5-all/exhrs6ca08n232b14ue48lbye/gradle-3.5/lib/native-platform-freebsd-amd64-libcpp-0.14.jar
7efc96fc1000-7efc96fc5000 r--s 00026000 08:07 5251709                    /home/sadiq/.gradle/wrapper/dists/gradle-3.5-all/exhrs6ca08n232b14ue48lbye/gradle-3.5/lib/kryo-2.20.jar
7efc96fc5000-7efc96fcc000 r--s 0002a000 08:07 5251689                    /home/sadiq/.gradle/wrapper/dists/gradle-3.5-all/exhrs6ca08n232b14ue48lbye/gradle-3.5/lib/gradle-messaging-3.5.jar
7efc96fcc000-7efc96fce000 r--s 00006000 08:07 5251687                    /home/sadiq/.gradle/wrapper/dists/gradle-3.5-all/exhrs6ca08n232b14ue48lbye/gradle-3.5/lib/gradle-process-services-3.5.jar
7efc96fce000-7efc96fd0000 r--s 00000000 08:07 5251677                    /home/sadiq/.gradle/wrapper/dists/gradle-3.5-all/exhrs6ca08n232b14ue48lbye/gradle-3.5/lib/gradle-jvm-services-3.5.jar
7efc96fd0000-7efc96fd9000 r--s 00047000 08:07 5251676                    /home/sadiq/.gradle/wrapper/dists/gradle-3.5-all/exhrs6ca08n232b14ue48lbye/gradle-3.5/lib/gradle-base-services-3.5.jar
7efc96fd9000-7efc9709b000 rw-p 00000000 00:00 0 
7efc9709b000-7efc9709e000 ---p 00000000 00:00 0 
7efc9709e000-7efc971a0000 rw-p 00000000 00:00 0 
7efc971a0000-7efc971a1000 r--s 00000000 08:07 5251842                    /home/sadiq/.gradle/wrapper/dists/gradle-3.5-all/exhrs6ca08n232b14ue48lbye/gradle-3.5/lib/gradle-version-info-3.5.jar
7efc971a1000-7efc971a6000 r--s 00041000 08:07 5251686                    /home/sadiq/.gradle/wrapper/dists/gradle-3.5-all/exhrs6ca08n232b14ue48lbye/gradle-3.5/lib/commons-lang-2.6.jar
7efc971a6000-7efc971a7000 r--s 00007000 08:07 5251684                    /home/sadiq/.gradle/wrapper/dists/gradle-3.5-all/exhrs6ca08n232b14ue48lbye/gradle-3.5/lib/slf4j-api-1.7.10.jar
7efc971a7000-7efc971a8000 r--s 00004000 08:07 5251710                    /home/sadiq/.gradle/wrapper/dists/gradle-3.5-all/exhrs6ca08n232b14ue48lbye/gradle-3.5/lib/ant-launcher-1.9.6.jar
7efc971a8000-7efc971b3000 r--s 0005b000 08:07 5251672                    /home/sadiq/.gradle/wrapper/dists/gradle-3.5-all/exhrs6ca08n232b14ue48lbye/gradle-3.5/lib/gradle-launcher-3.5.jar
7efc971b3000-7efc971bb000 rw-s 00000000 08:07 3022735                    /tmp/hsperfdata_sadiq/28424
7efc971bb000-7efc971bc000 rw-p 00000000 00:00 0 
7efc971bc000-7efc971bd000 ---p 00000000 00:00 0 
7efc971bd000-7efc971bf000 rw-p 00000000 00:00 0 
7efc971bf000-7efc971c0000 r--p 00025000 08:07 3801175                    /lib/x86_64-linux-gnu/ld-2.23.so
7efc971c0000-7efc971c1000 rw-p 00026000 08:07 3801175                    /lib/x86_64-linux-gnu/ld-2.23.so
7efc971c1000-7efc971c2000 rw-p 00000000 00:00 0 
7fff81c56000-7fff81c77000 rw-p 00000000 00:00 0                          [stack]
7fff81c88000-7fff81c8a000 r--p 00000000 00:00 0                          [vvar]
7fff81c8a000-7fff81c8c000 r-xp 00000000 00:00 0                          [vdso]
ffffffffff600000-ffffffffff601000 r-xp 00000000 00:00 0                  [vsyscall]

VM Arguments:
jvm_args: -Xmx1536m -Dfile.encoding=UTF-8 -Duser.country=US -Duser.language=en -Duser.variant 
java_command: org.gradle.launcher.daemon.bootstrap.GradleDaemon 3.5
java_class_path (initial): /home/sadiq/.gradle/wrapper/dists/gradle-3.5-all/exhrs6ca08n232b14ue48lbye/gradle-3.5/lib/gradle-launcher-3.5.jar
Launcher Type: SUN_STANDARD

Environment Variables:
JAVA_HOME=/usr/lib/jvm/java-8-oracle
PATH=/home/sadiq/bin:/home/sadiq/.local/bin:/usr/local/sbin:/usr/local/bin:/usr/sbin:/usr/bin:/sbin:/bin:/usr/games:/usr/local/games:/snap/bin:/usr/lib/jvm/java-8-oracle/bin:/usr/lib/jvm/java-8-oracle/db/bin:/usr/lib/jvm/java-8-oracle/jre/bin
LD_LIBRARY_PATH=/opt/android-studio/bin:
SHELL=/bin/bash
DISPLAY=:0

Signal Handlers:
SIGSEGV: [libjvm.so+0x9e5150], sa_mask[0]=11111111011111111101111111111110, sa_flags=SA_RESTART|SA_SIGINFO
SIGBUS: [libjvm.so+0x9e5150], sa_mask[0]=11111111011111111101111111111110, sa_flags=SA_RESTART|SA_SIGINFO
SIGFPE: [libjvm.so+0x848450], sa_mask[0]=11111111011111111101111111111110, sa_flags=SA_RESTART|SA_SIGINFO
SIGPIPE: [libjvm.so+0x848450], sa_mask[0]=11111111011111111101111111111110, sa_flags=SA_RESTART|SA_SIGINFO
SIGXFSZ: [libjvm.so+0x848450], sa_mask[0]=11111111011111111101111111111110, sa_flags=SA_RESTART|SA_SIGINFO
SIGILL: [libjvm.so+0x848450], sa_mask[0]=11111111011111111101111111111110, sa_flags=SA_RESTART|SA_SIGINFO
SIGUSR1: SIG_DFL, sa_mask[0]=00000000000000000000000000000000, sa_flags=none
SIGUSR2: [libjvm.so+0x848320], sa_mask[0]=00100000000000000000000000000000, sa_flags=SA_RESTART|SA_SIGINFO
SIGHUP: [libjvm.so+0x848510], sa_mask[0]=11111111011111111101111111111110, sa_flags=SA_RESTART|SA_SIGINFO
SIGINT: [libjvm.so+0x848510], sa_mask[0]=11111111011111111101111111111110, sa_flags=SA_RESTART|SA_SIGINFO
SIGTERM: [libjvm.so+0x848510], sa_mask[0]=11111111011111111101111111111110, sa_flags=SA_RESTART|SA_SIGINFO
SIGQUIT: [libjvm.so+0x848510], sa_mask[0]=11111111011111111101111111111110, sa_flags=SA_RESTART|SA_SIGINFO


---------------  S Y S T E M  ---------------

OS:DISTRIB_ID=Ubuntu
DISTRIB_RELEASE=16.04
DISTRIB_CODENAME=xenial
DISTRIB_DESCRIPTION="Ubuntu 16.04.2 LTS"

uname:Linux 4.8.0-52-generic #55~16.04.1-Ubuntu SMP Fri Apr 28 14:36:29 UTC 2017 x86_64
libc:glibc 2.23 NPTL 2.23 
rlimit: STACK 8192k, CORE 0k, NPROC 15350, NOFILE 65536, AS infinity
load average:3.25 2.43 1.31

/proc/meminfo:
MemTotal:        3972364 kB
MemFree:          115444 kB
MemAvailable:      61984 kB
Buffers:            2608 kB
Cached:           249824 kB
SwapCached:            0 kB
Active:          3442784 kB
Inactive:         211380 kB
Active(anon):    3403044 kB
Inactive(anon):   172080 kB
Active(file):      39740 kB
Inactive(file):    39300 kB
Unevictable:          32 kB
Mlocked:              32 kB
SwapTotal:             0 kB
SwapFree:              0 kB
Dirty:               376 kB
Writeback:             0 kB
AnonPages:       3401808 kB
Mapped:            82544 kB
Shmem:            173348 kB
Slab:              96812 kB
SReclaimable:      58976 kB
SUnreclaim:        37836 kB
KernelStack:        9536 kB
PageTables:        34536 kB
NFS_Unstable:          0 kB
Bounce:                0 kB
WritebackTmp:          0 kB
CommitLimit:     1986180 kB
Committed_AS:    6695700 kB
VmallocTotal:   34359738367 kB
VmallocUsed:           0 kB
VmallocChunk:          0 kB
HardwareCorrupted:     0 kB
AnonHugePages:   2074624 kB
ShmemHugePages:        0 kB
ShmemPmdMapped:        0 kB
CmaTotal:              0 kB
CmaFree:               0 kB
HugePages_Total:       0
HugePages_Free:        0
HugePages_Rsvd:        0
HugePages_Surp:        0
Hugepagesize:       2048 kB
DirectMap4k:      162560 kB
DirectMap2M:     3958784 kB
DirectMap1G:     1048576 kB


CPU:total 4 (2 cores per cpu, 2 threads per core) family 6 model 61 stepping 4, cmov, cx8, fxsr, mmx, sse, sse2, sse3, ssse3, sse4.1, sse4.2, popcnt, avx, avx2, aes, clmul, erms, 3dnowpref, lzcnt, ht, tsc, tscinvbit, bmi1, bmi2, adx

/proc/cpuinfo:
processor	: 0
vendor_id	: GenuineIntel
cpu family	: 6
model		: 61
model name	: Intel(R) Core(TM) i5-5200U CPU @ 2.20GHz
stepping	: 4
microcode	: 0x12
cpu MHz		: 1990.124
cache size	: 3072 KB
physical id	: 0
siblings	: 4
core id		: 0
cpu cores	: 2
apicid		: 0
initial apicid	: 0
fpu		: yes
fpu_exception	: yes
cpuid level	: 20
wp		: yes
flags		: fpu vme de pse tsc msr pae mce cx8 apic sep mtrr pge mca cmov pat pse36 clflush dts acpi mmx fxsr sse sse2 ss ht tm pbe syscall nx pdpe1gb rdtscp lm constant_tsc arch_perfmon pebs bts rep_good nopl xtopology nonstop_tsc aperfmperf eagerfpu pni pclmulqdq dtes64 monitor ds_cpl vmx est tm2 ssse3 sdbg fma cx16 xtpr pdcm pcid sse4_1 sse4_2 x2apic movbe popcnt tsc_deadline_timer aes xsave avx f16c rdrand lahf_lm abm 3dnowprefetch epb intel_pt tpr_shadow vnmi flexpriority ept vpid fsgsbase tsc_adjust bmi1 avx2 smep bmi2 erms invpcid rdseed adx smap xsaveopt dtherm ida arat pln pts
bugs		:
bogomips	: 4389.65
clflush size	: 64
cache_alignment	: 64
address sizes	: 39 bits physical, 48 bits virtual
power management:

processor	: 1
vendor_id	: GenuineIntel
cpu family	: 6
model		: 61
model name	: Intel(R) Core(TM) i5-5200U CPU @ 2.20GHz
stepping	: 4
microcode	: 0x12
cpu MHz		: 1870.617
cache size	: 3072 KB
physical id	: 0
siblings	: 4
core id		: 1
cpu cores	: 2
apicid		: 2
initial apicid	: 2
fpu		: yes
fpu_exception	: yes
cpuid level	: 20
wp		: yes
flags		: fpu vme de pse tsc msr pae mce cx8 apic sep mtrr pge mca cmov pat pse36 clflush dts acpi mmx fxsr sse sse2 ss ht tm pbe syscall nx pdpe1gb rdtscp lm constant_tsc arch_perfmon pebs bts rep_good nopl xtopology nonstop_tsc aperfmperf eagerfpu pni pclmulqdq dtes64 monitor ds_cpl vmx est tm2 ssse3 sdbg fma cx16 xtpr pdcm pcid sse4_1 sse4_2 x2apic movbe popcnt tsc_deadline_timer aes xsave avx f16c rdrand lahf_lm abm 3dnowprefetch epb intel_pt tpr_shadow vnmi flexpriority ept vpid fsgsbase tsc_adjust bmi1 avx2 smep bmi2 erms invpcid rdseed adx smap xsaveopt dtherm ida arat pln pts
bugs		:
bogomips	: 4389.65
clflush size	: 64
cache_alignment	: 64
address sizes	: 39 bits physical, 48 bits virtual
power management:

processor	: 2
vendor_id	: GenuineIntel
cpu family	: 6
model		: 61
model name	: Intel(R) Core(TM) i5-5200U CPU @ 2.20GHz
stepping	: 4
microcode	: 0x12
cpu MHz		: 2268.347
cache size	: 3072 KB
physical id	: 0
siblings	: 4
core id		: 0
cpu cores	: 2
apicid		: 1
initial apicid	: 1
fpu		: yes
fpu_exception	: yes
cpuid level	: 20
wp		: yes
flags		: fpu vme de pse tsc msr pae mce cx8 apic sep mtrr pge mca cmov pat pse36 clflush dts acpi mmx fxsr sse sse2 ss ht tm pbe syscall nx pdpe1gb rdtscp lm constant_tsc arch_perfmon pebs bts rep_good nopl xtopology nonstop_tsc aperfmperf eagerfpu pni pclmulqdq dtes64 monitor ds_cpl vmx est tm2 ssse3 sdbg fma cx16 xtpr pdcm pcid sse4_1 sse4_2 x2apic movbe popcnt tsc_deadline_timer aes xsave avx f16c rdrand lahf_lm abm 3dnowprefetch epb intel_pt tpr_shadow vnmi flexpriority ept vpid fsgsbase tsc_adjust bmi1 avx2 smep bmi2 erms invpcid rdseed adx smap xsaveopt dtherm ida arat pln pts
bugs		:
bogomips	: 4389.65
clflush size	: 64
cache_alignment	: 64
address sizes	: 39 bits physical, 48 bits virtual
power management:

processor	: 3
vendor_id	: GenuineIntel
cpu family	: 6
model		: 61
model name	: Intel(R) Core(TM) i5-5200U CPU @ 2.20GHz
stepping	: 4
microcode	: 0x12
cpu MHz		: 2200.000
cache size	: 3072 KB
physical id	: 0
siblings	: 4
core id		: 1
cpu cores	: 2
apicid		: 3
initial apicid	: 3
fpu		: yes
fpu_exception	: yes
cpuid level	: 20
wp		: yes
flags		: fpu vme de pse tsc msr pae mce cx8 apic sep mtrr pge mca cmov pat pse36 clflush dts acpi mmx fxsr sse sse2 ss ht tm pbe syscall nx pdpe1gb rdtscp lm constant_tsc arch_perfmon pebs bts rep_good nopl xtopology nonstop_tsc aperfmperf eagerfpu pni pclmulqdq dtes64 monitor ds_cpl vmx est tm2 ssse3 sdbg fma cx16 xtpr pdcm pcid sse4_1 sse4_2 x2apic movbe popcnt tsc_deadline_timer aes xsave avx f16c rdrand lahf_lm abm 3dnowprefetch epb intel_pt tpr_shadow vnmi flexpriority ept vpid fsgsbase tsc_adjust bmi1 avx2 smep bmi2 erms invpcid rdseed adx smap xsaveopt dtherm ida arat pln pts
bugs		:
bogomips	: 4389.65
clflush size	: 64
cache_alignment	: 64
address sizes	: 39 bits physical, 48 bits virtual
power management:



Memory: 4k page, physical 3972364k(115444k free), swap 0k(0k free)

vm_info: OpenJDK 64-Bit Server VM (25.112-b06) for linux-amd64 JRE (1.8.0_112-release-b06), built on Dec  6 2016 12:11:18 by "builder" with gcc 4.8.4

time: Fri Jun  2 22:11:33 2017
elapsed time: 89 seconds (0d 0h 1m 29s)

